#
# There is insufficient memory for the Java Runtime Environment to continue.
# Native memory allocation (malloc) failed to allocate 32744 bytes for ChunkPool::allocate
# Possible reasons:
#   The system is out of physical RAM or swap space
#   In 32 bit mode, the process size limit was hit
# Possible solutions:
#   Reduce memory load on the system
#   Increase physical memory or swap space
#   Check if swap backing store is full
#   Use 64 bit Java on a 64 bit OS
#   Decrease Java heap size (-Xmx/-Xms)
#   Decrease number of Java threads
#   Decrease Java thread stack sizes (-Xss)
#   Set larger code cache with -XX:ReservedCodeCacheSize=
# This output file may be truncated or incomplete.
#
#  Out of Memory Error (allocation.cpp:273), pid=5192, tid=0x0000000000002a60
#
# JRE version: Java(TM) SE Runtime Environment (8.0_131-b11) (build 1.8.0_131-b11)
# Java VM: Java HotSpot(TM) 64-Bit Server VM (25.131-b11 mixed mode windows-amd64 compressed oops)
# Failed to write core dump. Minidumps are not enabled by default on client versions of Windows
#

---------------  T H R E A D  ---------------

Current thread (0x000000001ea6b000):  JavaThread "C2 CompilerThread4" daemon [_thread_in_native, id=10848, stack(0x0000000020940000,0x0000000020a40000)]

Stack: [0x0000000020940000,0x0000000020a40000]
[error occurred during error reporting (printing stack bounds), id 0xc0000005]

Native frames: (J=compiled Java code, j=interpreted, Vv=VM code, C=native code)


Current CompileTask:
C2:  16736 2859       4       org.apache.maven.repository.internal.ArtifactDescriptorReaderDelegate::convert (205 bytes)


---------------  P R O C E S S  ---------------

Java Threads: ( => current thread )
  0x000000001eb17800 JavaThread "Service Thread" daemon [_thread_blocked, id=11888, stack(0x0000000021240000,0x0000000021340000)]
  0x000000001eae4800 JavaThread "C1 CompilerThread11" daemon [_thread_blocked, id=19176, stack(0x0000000021140000,0x0000000021240000)]
  0x000000001eae2800 JavaThread "C1 CompilerThread10" daemon [_thread_blocked, id=19848, stack(0x0000000021040000,0x0000000021140000)]
  0x000000001eace000 JavaThread "C1 CompilerThread9" daemon [_thread_blocked, id=21172, stack(0x0000000020f40000,0x0000000021040000)]
  0x000000001eac5000 JavaThread "C1 CompilerThread8" daemon [_thread_blocked, id=4300, stack(0x0000000020d40000,0x0000000020e40000)]
  0x000000001eab9800 JavaThread "C2 CompilerThread7" daemon [_thread_blocked, id=20200, stack(0x0000000020c40000,0x0000000020d40000)]
  0x000000001ea9f000 JavaThread "C2 CompilerThread6" daemon [_thread_blocked, id=17948, stack(0x0000000020b40000,0x0000000020c40000)]
  0x000000001ea94000 JavaThread "C2 CompilerThread5" daemon [_thread_blocked, id=20628, stack(0x0000000020a40000,0x0000000020b40000)]
=>0x000000001ea6b000 JavaThread "C2 CompilerThread4" daemon [_thread_in_native, id=10848, stack(0x0000000020940000,0x0000000020a40000)]
  0x000000001ea3a800 JavaThread "C2 CompilerThread3" daemon [_thread_blocked, id=7112, stack(0x0000000020840000,0x0000000020940000)]
  0x000000001ea37800 JavaThread "C2 CompilerThread2" daemon [_thread_blocked, id=4092, stack(0x0000000020740000,0x0000000020840000)]
  0x000000001ea37000 JavaThread "C2 CompilerThread1" daemon [_thread_blocked, id=20988, stack(0x0000000020640000,0x0000000020740000)]
  0x000000001e9d8000 JavaThread "C2 CompilerThread0" daemon [_thread_blocked, id=21060, stack(0x0000000020540000,0x0000000020640000)]
  0x000000001e9d7000 JavaThread "Attach Listener" daemon [_thread_blocked, id=13444, stack(0x0000000020440000,0x0000000020540000)]
  0x000000001ea35800 JavaThread "Signal Dispatcher" daemon [_thread_blocked, id=16188, stack(0x0000000020340000,0x0000000020440000)]
  0x000000001cf68000 JavaThread "Finalizer" daemon [_thread_blocked, id=16648, stack(0x0000000020240000,0x0000000020340000)]
  0x000000001cf60000 JavaThread "Reference Handler" daemon [_thread_blocked, id=20976, stack(0x0000000020140000,0x0000000020240000)]
  0x0000000002fde000 JavaThread "main" [_thread_in_native, id=1556, stack(0x0000000002a00000,0x0000000002b00000)]

Other Threads:
  0x000000001e994800 VMThread [stack: 0x0000000020040000,0x0000000020140000] [id=17844]
  0x000000001eb04800 WatcherThread [stack: 0x0000000021340000,0x0000000021440000] [id=18244]

VM state:not at safepoint (normal execution)

VM Mutex/Monitor currently owned by a thread: None

Heap:
 PSYoungGen      total 141824K, used 35967K [0x000000076b000000, 0x0000000774500000, 0x00000007c0000000)
  eden space 131072K, 19% used [0x000000076b000000,0x000000076c8a7520,0x0000000773000000)
  from space 10752K, 99% used [0x0000000773a80000,0x00000007744f8940,0x0000000774500000)
  to   space 10752K, 0% used [0x0000000773000000,0x0000000773000000,0x0000000773a80000)
 ParOldGen       total 175104K, used 1667K [0x00000006c1000000, 0x00000006cbb00000, 0x000000076b000000)
  object space 175104K, 0% used [0x00000006c1000000,0x00000006c11a0c48,0x00000006cbb00000)
 Metaspace       used 16314K, capacity 16574K, committed 16896K, reserved 1064960K
  class space    used 1916K, capacity 2012K, committed 2048K, reserved 1048576K

Card table byte_map: [0x00000000123a0000,0x0000000012ba0000] byte_map_base: 0x000000000ed98000

Marking Bits: (ParMarkBitMap*) 0x00000000684cc720
 Begin Bits: [0x0000000013df0000, 0x0000000017db0000)
 End Bits:   [0x0000000017db0000, 0x000000001bd70000)

Polling page: 0x0000000000d60000

CodeCache: size=245760Kb used=11668Kb max_used=11668Kb free=234091Kb
 bounds [0x0000000002fe0000, 0x0000000003b50000, 0x0000000011fe0000]
 total_blobs=3266 nmethods=2889 adapters=286
 compilation: enabled

Compilation events (10 events):
Event: 15.660 Thread 0x000000001eae2800 2884       3       org.apache.maven.model.merge.ModelMerger::mergePlugin (64 bytes)
Event: 15.660 Thread 0x000000001eace000 2885       3       java.util.RegularEnumSet::contains (57 bytes)
Event: 15.660 Thread 0x000000001eace000 nmethod 2885 0x0000000003b389d0 code [0x0000000003b38b60, 0x0000000003b39108]
Event: 15.660 Thread 0x000000001eace000 2886       3       org.apache.maven.repository.internal.ArtifactDescriptorUtils::toRemoteRepository (49 bytes)
Event: 15.661 Thread 0x000000001eae4800 nmethod 2887 0x0000000003b38090 code [0x0000000003b38240, 0x0000000003b38838]
Event: 15.661 Thread 0x000000001eae4800 2888       1       org.eclipse.aether.internal.impl.collect.DataPool$GraphKey::hashCode (5 bytes)
Event: 15.661 Thread 0x000000001eae4800 nmethod 2888 0x0000000003b37dd0 code [0x0000000003b37f20, 0x0000000003b38030]
Event: 15.661 Thread 0x000000001eac5000 nmethod 2883 0x0000000003b3ed10 code [0x0000000003b3f180, 0x0000000003b41fe8]
Event: 15.661 Thread 0x000000001eace000 nmethod 2886 0x0000000003b43bd0 code [0x0000000003b43da0, 0x0000000003b44638]
Event: 15.662 Thread 0x000000001eae2800 nmethod 2884 0x0000000003b44850 code [0x0000000003b44ac0, 0x0000000003b45d18]

GC Heap History (4 events):
Event: 4.248 GC heap before
{Heap before GC invocations=1 (full 0):
 PSYoungGen      total 76288K, used 65536K [0x000000076b000000, 0x0000000770500000, 0x00000007c0000000)
  eden space 65536K, 100% used [0x000000076b000000,0x000000076f000000,0x000000076f000000)
  from space 10752K, 0% used [0x000000076fa80000,0x000000076fa80000,0x0000000770500000)
  to   space 10752K, 0% used [0x000000076f000000,0x000000076f000000,0x000000076fa80000)
 ParOldGen       total 175104K, used 0K [0x00000006c1000000, 0x00000006cbb00000, 0x000000076b000000)
  object space 175104K, 0% used [0x00000006c1000000,0x00000006c1000000,0x00000006cbb00000)
 Metaspace       used 11727K, capacity 11902K, committed 12160K, reserved 1060864K
  class space    used 1425K, capacity 1542K, committed 1664K, reserved 1048576K
Event: 4.340 GC heap after
Heap after GC invocations=1 (full 0):
 PSYoungGen      total 76288K, used 9897K [0x000000076b000000, 0x0000000774500000, 0x00000007c0000000)
  eden space 65536K, 0% used [0x000000076b000000,0x000000076b000000,0x000000076f000000)
  from space 10752K, 92% used [0x000000076f000000,0x000000076f9aa5d0,0x000000076fa80000)
  to   space 10752K, 0% used [0x0000000773a80000,0x0000000773a80000,0x0000000774500000)
 ParOldGen       total 175104K, used 8K [0x00000006c1000000, 0x00000006cbb00000, 0x000000076b000000)
  object space 175104K, 0% used [0x00000006c1000000,0x00000006c1002000,0x00000006cbb00000)
 Metaspace       used 11727K, capacity 11902K, committed 12160K, reserved 1060864K
  class space    used 1425K, capacity 1542K, committed 1664K, reserved 1048576K
}
Event: 11.446 GC heap before
{Heap before GC invocations=2 (full 0):
 PSYoungGen      total 76288K, used 75433K [0x000000076b000000, 0x0000000774500000, 0x00000007c0000000)
  eden space 65536K, 100% used [0x000000076b000000,0x000000076f000000,0x000000076f000000)
  from space 10752K, 92% used [0x000000076f000000,0x000000076f9aa5d0,0x000000076fa80000)
  to   space 10752K, 0% used [0x0000000773a80000,0x0000000773a80000,0x0000000774500000)
 ParOldGen       total 175104K, used 8K [0x00000006c1000000, 0x00000006cbb00000, 0x000000076b000000)
  object space 175104K, 0% used [0x00000006c1000000,0x00000006c1002000,0x00000006cbb00000)
 Metaspace       used 16131K, capacity 16434K, committed 16640K, reserved 1064960K
  class space    used 1914K, capacity 2010K, committed 2048K, reserved 1048576K
Event: 11.583 GC heap after
Heap after GC invocations=2 (full 0):
 PSYoungGen      total 141824K, used 10722K [0x000000076b000000, 0x0000000774500000, 0x00000007c0000000)
  eden space 131072K, 0% used [0x000000076b000000,0x000000076b000000,0x0000000773000000)
  from space 10752K, 99% used [0x0000000773a80000,0x00000007744f8940,0x0000000774500000)
  to   space 10752K, 0% used [0x0000000773000000,0x0000000773000000,0x0000000773a80000)
 ParOldGen       total 175104K, used 1667K [0x00000006c1000000, 0x00000006cbb00000, 0x000000076b000000)
  object space 175104K, 0% used [0x00000006c1000000,0x00000006c11a0c48,0x00000006cbb00000)
 Metaspace       used 16131K, capacity 16434K, committed 16640K, reserved 1064960K
  class space    used 1914K, capacity 2010K, committed 2048K, reserved 1048576K
}

Deoptimization events (10 events):
Event: 11.894 Thread 0x0000000002fde000 Uncommon trap: reason=class_check action=maybe_recompile pc=0x00000000037adbac method=java.util.regex.Pattern$7.isSatisfiedBy(I)Z @ 16
Event: 11.895 Thread 0x0000000002fde000 Uncommon trap: reason=class_check action=maybe_recompile pc=0x00000000037adbac method=java.util.regex.Pattern$7.isSatisfiedBy(I)Z @ 16
Event: 11.895 Thread 0x0000000002fde000 Uncommon trap: reason=class_check action=maybe_recompile pc=0x00000000037adbac method=java.util.regex.Pattern$7.isSatisfiedBy(I)Z @ 16
Event: 12.106 Thread 0x0000000002fde000 Uncommon trap: reason=unstable_if action=reinterpret pc=0x00000000039bc664 method=org.codehaus.plexus.util.xml.pull.MXParser.nextImpl()I @ 280
Event: 14.527 Thread 0x0000000002fde000 Uncommon trap: reason=unstable_if action=reinterpret pc=0x0000000003a94374 method=org.codehaus.plexus.interpolation.StringSearchInterpolator.interpolate(Ljava/lang/String;Lorg/codehaus/plexus/interpolation/RecursionInterceptor;Ljava/util/Set;)Ljava/lang/S
Event: 14.960 Thread 0x0000000002fde000 Uncommon trap: reason=null_check action=make_not_entrant pc=0x0000000003a621bc method=org.eclipse.aether.internal.impl.collect.CachingArtifactTypeRegistry.get(Ljava/lang/String;)Lorg/eclipse/aether/artifact/ArtifactType; @ 10
Event: 15.645 Thread 0x0000000002fde000 Uncommon trap: reason=unstable_if action=reinterpret pc=0x0000000003a74ffc method=java.util.regex.Pattern$Curly.match(Ljava/util/regex/Matcher;ILjava/lang/CharSequence;)Z @ 45
Event: 15.645 Thread 0x0000000002fde000 Uncommon trap: reason=class_check action=maybe_recompile pc=0x0000000003a48b74 method=org.codehaus.plexus.interpolation.MapBasedValueSource.getValue(Ljava/lang/String;)Ljava/lang/Object; @ 16
Event: 15.645 Thread 0x0000000002fde000 Uncommon trap: reason=class_check action=maybe_recompile pc=0x0000000003a48b74 method=org.codehaus.plexus.interpolation.MapBasedValueSource.getValue(Ljava/lang/String;)Ljava/lang/Object; @ 16
Event: 15.645 Thread 0x0000000002fde000 Uncommon trap: reason=class_check action=maybe_recompile pc=0x0000000003a48b74 method=org.codehaus.plexus.interpolation.MapBasedValueSource.getValue(Ljava/lang/String;)Ljava/lang/Object; @ 16

Internal exceptions (10 events):
Event: 6.010 Thread 0x0000000002fde000 Exception <a 'java/lang/NullPointerException'> (0x000000076c98a5f8) thrown at [C:\re\workspace\8-2-build-windows-amd64-cygwin\jdk8u131\8869\hotspot\src\share\vm\interpreter\linkResolver.cpp, line 1197]
Event: 6.010 Thread 0x0000000002fde000 Exception <a 'java/lang/NullPointerException'> (0x000000076c9924f0) thrown at [C:\re\workspace\8-2-build-windows-amd64-cygwin\jdk8u131\8869\hotspot\src\share\vm\interpreter\linkResolver.cpp, line 1197]
Event: 6.010 Thread 0x0000000002fde000 Exception <a 'java/lang/NullPointerException'> (0x000000076c992708) thrown at [C:\re\workspace\8-2-build-windows-amd64-cygwin\jdk8u131\8869\hotspot\src\share\vm\interpreter\linkResolver.cpp, line 1197]
Event: 6.011 Thread 0x0000000002fde000 Exception <a 'java/lang/NullPointerException'> (0x000000076c992920) thrown at [C:\re\workspace\8-2-build-windows-amd64-cygwin\jdk8u131\8869\hotspot\src\share\vm\interpreter\linkResolver.cpp, line 1197]
Event: 6.250 Thread 0x0000000002fde000 Implicit null exception at 0x00000000033e04d9 to 0x00000000033e0881
Event: 6.250 Thread 0x0000000002fde000 Implicit null exception at 0x00000000033949d6 to 0x0000000003394d71
Event: 6.717 Thread 0x0000000002fde000 Implicit null exception at 0x000000000382e4aa to 0x000000000382f795
Event: 7.346 Thread 0x0000000002fde000 Implicit null exception at 0x00000000038ecf7b to 0x00000000038ed1bd
Event: 10.893 Thread 0x0000000002fde000 Implicit null exception at 0x0000000003a102e0 to 0x0000000003a11ffd
Event: 14.960 Thread 0x0000000002fde000 Implicit null exception at 0x0000000003a5e566 to 0x0000000003a6219c

Events (10 events):
Event: 15.645 Thread 0x0000000002fde000 DEOPT UNPACKING pc=0x000000000302582a sp=0x0000000002afc9f0 mode 2
Event: 15.645 Thread 0x0000000002fde000 Uncommon trap: trap_request=0xffffffde fr.pc=0x0000000003a48b74
Event: 15.645 Thread 0x0000000002fde000 DEOPT PACKING pc=0x0000000003a48b74 sp=0x0000000002afcbf0
Event: 15.645 Thread 0x0000000002fde000 DEOPT UNPACKING pc=0x000000000302582a sp=0x0000000002afcbd0 mode 2
Event: 15.645 Thread 0x0000000002fde000 Uncommon trap: trap_request=0xffffffde fr.pc=0x0000000003a48b74
Event: 15.645 Thread 0x0000000002fde000 DEOPT PACKING pc=0x0000000003a48b74 sp=0x0000000002afcbf0
Event: 15.645 Thread 0x0000000002fde000 DEOPT UNPACKING pc=0x000000000302582a sp=0x0000000002afcbd0 mode 2
Event: 15.645 Thread 0x0000000002fde000 Uncommon trap: trap_request=0xffffffde fr.pc=0x0000000003a48b74
Event: 15.645 Thread 0x0000000002fde000 DEOPT PACKING pc=0x0000000003a48b74 sp=0x0000000002afcbf0
Event: 15.645 Thread 0x0000000002fde000 DEOPT UNPACKING pc=0x000000000302582a sp=0x0000000002afcbd0 mode 2


Dynamic libraries:
0x00007ff7b82c0000 - 0x00007ff7b82f7000 	E:\developer_tools\Java\jdk1.8.0_131\bin\java.exe
0x00007ffcf3aa0000 - 0x00007ffcf3c8d000 	C:\Windows\SYSTEM32\ntdll.dll
0x00007ffcf0cd0000 - 0x00007ffcf0d83000 	C:\Windows\System32\KERNEL32.DLL
0x00007ffcf0890000 - 0x00007ffcf0b23000 	C:\Windows\System32\KERNELBASE.dll
0x00007ffcf1790000 - 0x00007ffcf1833000 	C:\Windows\System32\ADVAPI32.DLL
0x00007ffcf2d30000 - 0x00007ffcf2dce000 	C:\Windows\System32\msvcrt.dll
0x00007ffcf0d90000 - 0x00007ffcf0e2e000 	C:\Windows\System32\sechost.dll
0x00007ffcf15b0000 - 0x00007ffcf16d3000 	C:\Windows\System32\RPCRT4.dll
0x00007ffcf1410000 - 0x00007ffcf15a7000 	C:\Windows\System32\USER32.dll
0x00007ffcefb70000 - 0x00007ffcefb90000 	C:\Windows\System32\win32u.dll
0x00007ffcf3410000 - 0x00007ffcf3439000 	C:\Windows\System32\GDI32.dll
0x00007ffcf0b30000 - 0x00007ffcf0cca000 	C:\Windows\System32\gdi32full.dll
0x00007ffcefbf0000 - 0x00007ffcefc90000 	C:\Windows\System32\msvcp_win.dll
0x00007ffcf06c0000 - 0x00007ffcf07bc000 	C:\Windows\System32\ucrtbase.dll
0x00007ffce6150000 - 0x00007ffce63c9000 	C:\Windows\WinSxS\amd64_microsoft.windows.common-controls_6595b64144ccf1df_6.0.17763.107_none_05b63884071e656e\COMCTL32.dll
0x00007ffcf10d0000 - 0x00007ffcf13fe000 	C:\Windows\System32\combase.dll
0x00007ffcf07c0000 - 0x00007ffcf083e000 	C:\Windows\System32\bcryptPrimitives.dll
0x00007ffcf16e0000 - 0x00007ffcf170e000 	C:\Windows\System32\IMM32.DLL
0x0000000068550000 - 0x0000000068622000 	E:\developer_tools\Java\jdk1.8.0_131\jre\bin\msvcr100.dll
0x0000000067cb0000 - 0x000000006854c000 	E:\developer_tools\Java\jdk1.8.0_131\jre\bin\server\jvm.dll
0x00007ffcf37f0000 - 0x00007ffcf37f8000 	C:\Windows\System32\PSAPI.DLL
0x00007ffceafe0000 - 0x00007ffceafea000 	C:\Windows\SYSTEM32\VERSION.dll
0x00007ffcedc90000 - 0x00007ffcedcb4000 	C:\Windows\SYSTEM32\WINMM.dll
0x00007ffce5010000 - 0x00007ffce5019000 	C:\Windows\SYSTEM32\WSOCK32.dll
0x00007ffcf1060000 - 0x00007ffcf10cd000 	C:\Windows\System32\WS2_32.dll
0x00007ffcedb40000 - 0x00007ffcedb6d000 	C:\Windows\SYSTEM32\winmmbase.dll
0x00007ffcf0670000 - 0x00007ffcf06ba000 	C:\Windows\System32\cfgmgr32.dll
0x0000000067ca0000 - 0x0000000067caf000 	E:\developer_tools\Java\jdk1.8.0_131\jre\bin\verify.dll
0x0000000067c70000 - 0x0000000067c99000 	E:\developer_tools\Java\jdk1.8.0_131\jre\bin\java.dll
0x0000000067c50000 - 0x0000000067c66000 	E:\developer_tools\Java\jdk1.8.0_131\jre\bin\zip.dll
0x00007ffcf1840000 - 0x00007ffcf2d2f000 	C:\Windows\System32\SHELL32.dll
0x00007ffcf2ee0000 - 0x00007ffcf2f88000 	C:\Windows\System32\shcore.dll
0x00007ffcefc90000 - 0x00007ffcf03d8000 	C:\Windows\System32\windows.storage.dll
0x00007ffcefac0000 - 0x00007ffcefae4000 	C:\Windows\System32\profapi.dll
0x00007ffcefb10000 - 0x00007ffcefb6d000 	C:\Windows\System32\powrprof.dll
0x00007ffcf3440000 - 0x00007ffcf3492000 	C:\Windows\System32\shlwapi.dll
0x00007ffcefaf0000 - 0x00007ffcefb01000 	C:\Windows\System32\kernel.appcore.dll
0x00007ffcf0870000 - 0x00007ffcf0887000 	C:\Windows\System32\cryptsp.dll
0x00007ffceee90000 - 0x00007ffceeec3000 	C:\Windows\system32\rsaenh.dll
0x00007ffcf0840000 - 0x00007ffcf0866000 	C:\Windows\System32\bcrypt.dll
0x00007ffcef9a0000 - 0x00007ffcef9c8000 	C:\Windows\SYSTEM32\USERENV.dll
0x00007ffcef500000 - 0x00007ffcef50c000 	C:\Windows\SYSTEM32\CRYPTBASE.dll
0x0000000067c30000 - 0x0000000067c4a000 	E:\developer_tools\Java\jdk1.8.0_131\jre\bin\net.dll
0x00007ffcef330000 - 0x00007ffcef397000 	C:\Windows\system32\mswsock.dll
0x00007ffcef090000 - 0x00007ffcef0cd000 	C:\Windows\SYSTEM32\IPHLPAPI.DLL
0x00007ffcf3a60000 - 0x00007ffcf3a68000 	C:\Windows\System32\NSI.dll
0x00007ffce9d70000 - 0x00007ffce9d86000 	C:\Windows\SYSTEM32\dhcpcsvc6.DLL
0x00007ffce9d50000 - 0x00007ffce9d6c000 	C:\Windows\SYSTEM32\dhcpcsvc.DLL
0x00007ffcef0d0000 - 0x00007ffcef196000 	C:\Windows\SYSTEM32\DNSAPI.dll
0x0000000067c10000 - 0x0000000067c21000 	E:\developer_tools\Java\jdk1.8.0_131\jre\bin\nio.dll
0x00007ffce1d60000 - 0x00007ffce1d6a000 	C:\Users\Administrator\AppData\Local\Temp\jansi-1.17.1-389595003529377614.dll
0x00007ffce1d50000 - 0x00007ffce1d5a000 	C:\Users\Administrator\AppData\Local\Temp\jansi-1.17.1-1860017418120768243.dll

VM Arguments:
jvm_args: -Dmaven.multiModuleProjectDirectory=F:\IdeaProjects\gmall20190311\gmall-list-web -Dmaven.home=E:\developer_tools\IntelliJ IDEA 2020.1.3\plugins\maven\lib\maven3 -Dclassworlds.conf=E:\developer_tools\IntelliJ IDEA 2020.1.3\plugins\maven\lib\maven3\bin\m2.conf -Dmaven.ext.class.path=E:\developer_tools\IntelliJ IDEA 2020.1.3\plugins\maven\lib\maven-event-listener.jar -Dfile.encoding=UTF-8 
java_command: org.codehaus.classworlds.Launcher -Didea.version=2020.2 -s E:\developer_tools\apache-maven\apache-maven-3.3.9\conf\settings.xml compile
java_class_path (initial): E:\developer_tools\IntelliJ IDEA 2020.1.3\plugins\maven\lib\maven3\boot\plexus-classworlds-2.6.0.jar;E:\developer_tools\IntelliJ IDEA 2020.1.3\plugins\maven\lib\maven3\boot\plexus-classworlds.license
Launcher Type: SUN_STANDARD

Environment Variables:
JAVA_HOME=E:\developer_tools\Java\jdk1.8.0_131
PATH=E:\developer_tools\Java\jdk1.8.0_131\bin;C:\Windows\system32;C:\Windows;C:\Windows\System32\Wbem;C:\Windows\System32\WindowsPowerShell\v1.0\;C:\Program Files\IDM Computer Solutions\UltraEdit;E:\developer_tools\apache-tomcat\apache-tomcat-8.5.24\bin;E:\developer_tools\apache-maven\apache-maven-3.3.9\bin;E:\developer_tools\MySQL\MySQLServer5.5\bin;E:\developer_tools\gradle\gradle-6.5.1\bin;E:\developer_tools\VisualSVNServer\\bin;E:\developer_tools\UltraEdit;E:\developer_tools\TortoiseGit\bin;C:\Program Files\nodejs\;E:\developer_tools\Git\bin;E:\developer_tools\Git\mingw64\libexec\git-core;C:\Users\Administrator\AppData\Local\Microsoft\WindowsApps;;E:\developer_tools\IntelliJ IDEA 2020.1.3\bin;;E:\developer_tools\Microsoft VS Code\bin;C:\Users\Administrator\AppData\Roaming\npm
USERNAME=Administrator
OS=Windows_NT
PROCESSOR_IDENTIFIER=Intel64 Family 6 Model 45 Stepping 7, GenuineIntel



---------------  S Y S T E M  ---------------

OS: Windows 10.0 , 64 bit Build 17763 (10.0.17763.1)

CPU:total 16 (initial active 16) (8 cores per cpu, 2 threads per core) family 6 model 45 stepping 7, cmov, cx8, fxsr, mmx, sse, sse2, sse3, ssse3, sse4.1, sse4.2, popcnt, avx, aes, clmul, ht, tsc, tscinvbit, tscinv

Memory: 4k page, physical 16708572k(3698356k free), swap 29816024k(52168k free)

vm_info: Java HotSpot(TM) 64-Bit Server VM (25.131-b11) for windows-amd64 JRE (1.8.0_131-b11), built on Mar 15 2017 01:23:53 by "java_re" with MS VC++ 10.0 (VS2010)

time: Mon Nov 02 12:01:11 2020
elapsed time: 16 seconds (0d 0h 0m 16s)

