#
# There is insufficient memory for the Java Runtime Environment to continue.
# Native memory allocation (malloc) failed to allocate 362256 bytes for Chunk::new
# Possible reasons:
#   The system is out of physical RAM or swap space
#   In 32 bit mode, the process size limit was hit
# Possible solutions:
#   Reduce memory load on the system
#   Increase physical memory or swap space
#   Check if swap backing store is full
#   Use 64 bit Java on a 64 bit OS
#   Decrease Java heap size (-Xmx/-Xms)
#   Decrease number of Java threads
#   Decrease Java thread stack sizes (-Xss)
#   Set larger code cache with -XX:ReservedCodeCacheSize=
# This output file may be truncated or incomplete.
#
#  Out of Memory Error (allocation.cpp:390), pid=14944, tid=0x0000000000004508
#
# JRE version: Java(TM) SE Runtime Environment (8.0_131-b11) (build 1.8.0_131-b11)
# Java VM: Java HotSpot(TM) 64-Bit Server VM (25.131-b11 mixed mode windows-amd64 compressed oops)
# Failed to write core dump. Minidumps are not enabled by default on client versions of Windows
#

---------------  T H R E A D  ---------------

Current thread (0x000000001e408000):  JavaThread "C2 CompilerThread0" daemon [_thread_in_native, id=17672, stack(0x000000001ff50000,0x0000000020050000)]

Stack: [0x000000001ff50000,0x0000000020050000]
[error occurred during error reporting (printing stack bounds), id 0xc0000005]

Native frames: (J=compiled Java code, j=interpreted, Vv=VM code, C=native code)


Current CompileTask:
C2:  16164 1950   !   4       java.net.URLClassLoader$1::run (63 bytes)


---------------  P R O C E S S  ---------------

Java Threads: ( => current thread )
  0x000000001e534800 JavaThread "Service Thread" daemon [_thread_blocked, id=20508, stack(0x0000000020b50000,0x0000000020c50000)]
  0x000000001e503800 JavaThread "C1 CompilerThread11" daemon [_thread_blocked, id=17680, stack(0x0000000020a50000,0x0000000020b50000)]
  0x000000001e4e9000 JavaThread "C1 CompilerThread10" daemon [_thread_blocked, id=18908, stack(0x0000000020950000,0x0000000020a50000)]
  0x000000001e4de800 JavaThread "C1 CompilerThread9" daemon [_thread_blocked, id=19940, stack(0x0000000020850000,0x0000000020950000)]
  0x000000001e4dd800 JavaThread "C1 CompilerThread8" daemon [_thread_blocked, id=8292, stack(0x0000000020750000,0x0000000020850000)]
  0x000000001e4ca000 JavaThread "C2 CompilerThread7" daemon [_thread_blocked, id=17640, stack(0x0000000020650000,0x0000000020750000)]
  0x000000001e4a4800 JavaThread "C2 CompilerThread6" daemon [_thread_blocked, id=17524, stack(0x0000000020550000,0x0000000020650000)]
  0x000000001e40c800 JavaThread "C2 CompilerThread5" daemon [_thread_blocked, id=15064, stack(0x0000000020450000,0x0000000020550000)]
  0x000000001e40b800 JavaThread "C2 CompilerThread4" daemon [_thread_blocked, id=896, stack(0x0000000020350000,0x0000000020450000)]
  0x000000001e468000 JavaThread "C2 CompilerThread3" daemon [_thread_blocked, id=6252, stack(0x0000000020250000,0x0000000020350000)]
  0x000000001e40b000 JavaThread "C2 CompilerThread2" daemon [_thread_blocked, id=21116, stack(0x0000000020150000,0x0000000020250000)]
  0x000000001e40a000 JavaThread "C2 CompilerThread1" daemon [_thread_blocked, id=17668, stack(0x0000000020050000,0x0000000020150000)]
=>0x000000001e408000 JavaThread "C2 CompilerThread0" daemon [_thread_in_native, id=17672, stack(0x000000001ff50000,0x0000000020050000)]
  0x000000001e407000 JavaThread "Attach Listener" daemon [_thread_blocked, id=19692, stack(0x000000001fe50000,0x000000001ff50000)]
  0x000000001e465800 JavaThread "Signal Dispatcher" daemon [_thread_blocked, id=17676, stack(0x000000001fd50000,0x000000001fe50000)]
  0x000000001c989000 JavaThread "Finalizer" daemon [_thread_blocked, id=17728, stack(0x000000001fc50000,0x000000001fd50000)]
  0x000000001c981800 JavaThread "Reference Handler" daemon [_thread_blocked, id=11576, stack(0x000000001fb50000,0x000000001fc50000)]
  0x000000000235e000 JavaThread "main" [_thread_in_native, id=17156, stack(0x0000000002800000,0x0000000002900000)]

Other Threads:
  0x000000001e3c4000 VMThread [stack: 0x000000001fa50000,0x000000001fb50000] [id=4204]
  0x000000001e59a800 WatcherThread [stack: 0x0000000020d50000,0x0000000020e50000] [id=15792]

VM state:not at safepoint (normal execution)

VM Mutex/Monitor currently owned by a thread: None

Heap:
 PSYoungGen      total 76288K, used 48152K [0x000000076b000000, 0x0000000774500000, 0x00000007c0000000)
  eden space 65536K, 58% used [0x000000076b000000,0x000000076d556458,0x000000076f000000)
  from space 10752K, 92% used [0x000000076f000000,0x000000076f9afd98,0x000000076fa80000)
  to   space 10752K, 0% used [0x0000000773a80000,0x0000000773a80000,0x0000000774500000)
 ParOldGen       total 175104K, used 8K [0x00000006c1000000, 0x00000006cbb00000, 0x000000076b000000)
  object space 175104K, 0% used [0x00000006c1000000,0x00000006c1002000,0x00000006cbb00000)
 Metaspace       used 15510K, capacity 15782K, committed 16128K, reserved 1062912K
  class space    used 1871K, capacity 1944K, committed 2048K, reserved 1048576K

Card table byte_map: [0x0000000011dc0000,0x00000000125c0000] byte_map_base: 0x000000000e7b8000

Marking Bits: (ParMarkBitMap*) 0x00000000684cc720
 Begin Bits: [0x0000000013810000, 0x00000000177d0000)
 End Bits:   [0x00000000177d0000, 0x000000001b790000)

Polling page: 0x00000000003f0000

CodeCache: size=245760Kb used=9016Kb max_used=9027Kb free=236743Kb
 bounds [0x0000000002a00000, 0x00000000032e0000, 0x0000000011a00000]
 total_blobs=2478 nmethods=2103 adapters=284
 compilation: enabled

Compilation events (10 events):
Event: 14.935 Thread 0x000000001e40b000 nmethod 2098 0x00000000032ca810 code [0x00000000032ca940, 0x00000000032ca9d8]
Event: 14.936 Thread 0x000000001e468000 nmethod 2099 0x00000000032d1e50 code [0x00000000032d1f80, 0x00000000032d2058]
Event: 14.940 Thread 0x000000001e40b800 nmethod 2100 0x00000000032d1810 code [0x00000000032d1960, 0x00000000032d1bd8]
Event: 14.969 Thread 0x000000001e40a000 nmethod 2087 0x00000000032d67d0 code [0x00000000032d69c0, 0x00000000032d7be8]
Event: 14.996 Thread 0x000000001e503800 2101       3       org.apache.maven.model.validation.DefaultModelValidator::isValidIdWithWildCards (34 bytes)
Event: 14.997 Thread 0x000000001e503800 nmethod 2101 0x00000000032d0c90 code [0x00000000032d0e40, 0x00000000032d1538]
Event: 14.997 Thread 0x000000001e503800 2102       1       org.apache.maven.model.RepositoryBase::getId (5 bytes)
Event: 14.997 Thread 0x000000001e503800 nmethod 2102 0x00000000032d09d0 code [0x00000000032d0b20, 0x00000000032d0c30]
Event: 14.998 Thread 0x000000001e4de800 2103       3       java.util.Collections::emptyList (4 bytes)
Event: 14.999 Thread 0x000000001e4de800 nmethod 2103 0x00000000032d64d0 code [0x00000000032d6620, 0x00000000032d6750]

GC Heap History (2 events):
Event: 9.982 GC heap before
{Heap before GC invocations=1 (full 0):
 PSYoungGen      total 76288K, used 65536K [0x000000076b000000, 0x0000000770500000, 0x00000007c0000000)
  eden space 65536K, 100% used [0x000000076b000000,0x000000076f000000,0x000000076f000000)
  from space 10752K, 0% used [0x000000076fa80000,0x000000076fa80000,0x0000000770500000)
  to   space 10752K, 0% used [0x000000076f000000,0x000000076f000000,0x000000076fa80000)
 ParOldGen       total 175104K, used 0K [0x00000006c1000000, 0x00000006cbb00000, 0x000000076b000000)
  object space 175104K, 0% used [0x00000006c1000000,0x00000006c1000000,0x00000006cbb00000)
 Metaspace       used 11748K, capacity 11902K, committed 12160K, reserved 1060864K
  class space    used 1427K, capacity 1542K, committed 1664K, reserved 1048576K
Event: 10.247 GC heap after
Heap after GC invocations=1 (full 0):
 PSYoungGen      total 76288K, used 9919K [0x000000076b000000, 0x0000000774500000, 0x00000007c0000000)
  eden space 65536K, 0% used [0x000000076b000000,0x000000076b000000,0x000000076f000000)
  from space 10752K, 92% used [0x000000076f000000,0x000000076f9afd98,0x000000076fa80000)
  to   space 10752K, 0% used [0x0000000773a80000,0x0000000773a80000,0x0000000774500000)
 ParOldGen       total 175104K, used 8K [0x00000006c1000000, 0x00000006cbb00000, 0x000000076b000000)
  object space 175104K, 0% used [0x00000006c1000000,0x00000006c1002000,0x00000006cbb00000)
 Metaspace       used 11748K, capacity 11902K, committed 12160K, reserved 1060864K
  class space    used 1427K, capacity 1542K, committed 1664K, reserved 1048576K
}

Deoptimization events (10 events):
Event: 13.049 Thread 0x000000000235e000 Uncommon trap: reason=unstable_if action=reinterpret pc=0x0000000002dd3b8c method=sun.misc.MetaIndex.mayContain(Ljava/lang/String;)Z @ 38
Event: 13.266 Thread 0x000000000235e000 Uncommon trap: reason=unstable_if action=reinterpret pc=0x0000000002ee92e8 method=org.codehaus.plexus.util.xml.pull.MXParser.nextImpl()I @ 1046
Event: 14.000 Thread 0x000000000235e000 Uncommon trap: reason=unstable_if action=reinterpret pc=0x0000000002e696f0 method=sun.nio.cs.UTF_8$Decoder.decodeArrayLoop(Ljava/nio/ByteBuffer;Ljava/nio/CharBuffer;)Ljava/nio/charset/CoderResult; @ 84
Event: 14.050 Thread 0x000000000235e000 Uncommon trap: reason=unstable_if action=reinterpret pc=0x0000000002f2c310 method=java.lang.AbstractStringBuilder.append(Ljava/lang/String;)Ljava/lang/AbstractStringBuilder; @ 1
Event: 14.050 Thread 0x000000000235e000 Uncommon trap: reason=unstable_if action=reinterpret pc=0x0000000002db2848 method=java.lang.AbstractStringBuilder.append(Ljava/lang/String;)Ljava/lang/AbstractStringBuilder; @ 1
Event: 14.080 Thread 0x000000000235e000 Uncommon trap: reason=unstable_if action=reinterpret pc=0x0000000002d8b2e4 method=java.lang.String.replace(CC)Ljava/lang/String; @ 2
Event: 14.401 Thread 0x000000000235e000 Uncommon trap: reason=predicate action=maybe_recompile pc=0x000000000320039c method=sun.misc.Resource.getBytes()[B @ 53
Event: 14.656 Thread 0x000000000235e000 Uncommon trap: reason=unstable_if action=reinterpret pc=0x00000000032276dc method=org.codehaus.plexus.util.xml.pull.MXParser.nextImpl()I @ 879
Event: 14.663 Thread 0x000000000235e000 Uncommon trap: reason=null_check action=make_not_entrant pc=0x000000000326a558 method=org.apache.maven.model.io.xpp3.MavenXpp3ReaderEx.checkFieldWithDuplicate(Lorg/codehaus/plexus/util/xml/pull/XmlPullParser;Ljava/lang/String;Ljava/lang/String;Ljava/util/
Event: 14.852 Thread 0x000000000235e000 Uncommon trap: reason=unstable_if action=reinterpret pc=0x0000000002f918e0 method=java.lang.String.regionMatches(ZILjava/lang/String;II)Z @ 25

Internal exceptions (10 events):
Event: 11.977 Thread 0x000000000235e000 Exception <a 'java/lang/NoClassDefFoundError': javax/annotation/Priority> (0x000000076c0330f8) thrown at [C:\re\workspace\8-2-build-windows-amd64-cygwin\jdk8u131\8869\hotspot\src\share\vm\classfile\systemDictionary.cpp, line 199]
Event: 13.627 Thread 0x000000000235e000 Exception <a 'java/lang/NullPointerException'> (0x000000076c942ac8) thrown at [C:\re\workspace\8-2-build-windows-amd64-cygwin\jdk8u131\8869\hotspot\src\share\vm\interpreter\linkResolver.cpp, line 1197]
Event: 13.627 Thread 0x000000000235e000 Exception <a 'java/lang/NullPointerException'> (0x000000076c942ce0) thrown at [C:\re\workspace\8-2-build-windows-amd64-cygwin\jdk8u131\8869\hotspot\src\share\vm\interpreter\linkResolver.cpp, line 1197]
Event: 13.627 Thread 0x000000000235e000 Exception <a 'java/lang/NullPointerException'> (0x000000076c942ef8) thrown at [C:\re\workspace\8-2-build-windows-amd64-cygwin\jdk8u131\8869\hotspot\src\share\vm\interpreter\linkResolver.cpp, line 1197]
Event: 13.628 Thread 0x000000000235e000 Exception <a 'java/lang/NullPointerException'> (0x000000076c94a7c8) thrown at [C:\re\workspace\8-2-build-windows-amd64-cygwin\jdk8u131\8869\hotspot\src\share\vm\interpreter\linkResolver.cpp, line 1197]
Event: 13.628 Thread 0x000000000235e000 Exception <a 'java/lang/NullPointerException'> (0x000000076c94a9e0) thrown at [C:\re\workspace\8-2-build-windows-amd64-cygwin\jdk8u131\8869\hotspot\src\share\vm\interpreter\linkResolver.cpp, line 1197]
Event: 13.628 Thread 0x000000000235e000 Exception <a 'java/lang/NullPointerException'> (0x000000076c94abf8) thrown at [C:\re\workspace\8-2-build-windows-amd64-cygwin\jdk8u131\8869\hotspot\src\share\vm\interpreter\linkResolver.cpp, line 1197]
Event: 14.050 Thread 0x000000000235e000 Implicit null exception at 0x0000000002f2bf56 to 0x0000000002f2c2f9
Event: 14.050 Thread 0x000000000235e000 Implicit null exception at 0x0000000002db2496 to 0x0000000002db2831
Event: 14.663 Thread 0x000000000235e000 Implicit null exception at 0x000000000326a2fb to 0x000000000326a53d

Events (10 events):
Event: 14.665 Thread 0x000000000235e000 DEOPT UNPACKING pc=0x0000000002a4787f sp=0x00000000028fd350 mode 0
Event: 14.713 loading class org/apache/maven/model/ActivationFile
Event: 14.713 loading class org/apache/maven/model/ActivationFile done
Event: 14.852 Thread 0x000000000235e000 Uncommon trap: trap_request=0xffffff65 fr.pc=0x0000000002f918e0
Event: 14.852 Thread 0x000000000235e000 DEOPT PACKING pc=0x0000000002f918e0 sp=0x00000000028fe0e0
Event: 14.852 Thread 0x000000000235e000 DEOPT UNPACKING pc=0x0000000002a4582a sp=0x00000000028fe068 mode 2
Event: 14.929 loading class org/apache/maven/lifecycle/mapping/DefaultLifecycleMapping
Event: 14.929 loading class org/apache/maven/lifecycle/mapping/DefaultLifecycleMapping done
Event: 14.932 loading class java/util/ArrayList$1
Event: 14.934 loading class java/util/ArrayList$1 done


Dynamic libraries:
0x00007ff7b82c0000 - 0x00007ff7b82f7000 	E:\developer_tools\Java\jdk1.8.0_131\bin\java.exe
0x00007ffcf3aa0000 - 0x00007ffcf3c8d000 	C:\Windows\SYSTEM32\ntdll.dll
0x00007ffcf0cd0000 - 0x00007ffcf0d83000 	C:\Windows\System32\KERNEL32.DLL
0x00007ffcf0890000 - 0x00007ffcf0b23000 	C:\Windows\System32\KERNELBASE.dll
0x00007ffcf1790000 - 0x00007ffcf1833000 	C:\Windows\System32\ADVAPI32.DLL
0x00007ffcf2d30000 - 0x00007ffcf2dce000 	C:\Windows\System32\msvcrt.dll
0x00007ffcf0d90000 - 0x00007ffcf0e2e000 	C:\Windows\System32\sechost.dll
0x00007ffcf15b0000 - 0x00007ffcf16d3000 	C:\Windows\System32\RPCRT4.dll
0x00007ffcf1410000 - 0x00007ffcf15a7000 	C:\Windows\System32\USER32.dll
0x00007ffcefb70000 - 0x00007ffcefb90000 	C:\Windows\System32\win32u.dll
0x00007ffcf3410000 - 0x00007ffcf3439000 	C:\Windows\System32\GDI32.dll
0x00007ffcf0b30000 - 0x00007ffcf0cca000 	C:\Windows\System32\gdi32full.dll
0x00007ffcefbf0000 - 0x00007ffcefc90000 	C:\Windows\System32\msvcp_win.dll
0x00007ffcf06c0000 - 0x00007ffcf07bc000 	C:\Windows\System32\ucrtbase.dll
0x00007ffce6150000 - 0x00007ffce63c9000 	C:\Windows\WinSxS\amd64_microsoft.windows.common-controls_6595b64144ccf1df_6.0.17763.107_none_05b63884071e656e\COMCTL32.dll
0x00007ffcf10d0000 - 0x00007ffcf13fe000 	C:\Windows\System32\combase.dll
0x00007ffcf07c0000 - 0x00007ffcf083e000 	C:\Windows\System32\bcryptPrimitives.dll
0x00007ffcf16e0000 - 0x00007ffcf170e000 	C:\Windows\System32\IMM32.DLL
0x0000000068550000 - 0x0000000068622000 	E:\developer_tools\Java\jdk1.8.0_131\jre\bin\msvcr100.dll
0x0000000067cb0000 - 0x000000006854c000 	E:\developer_tools\Java\jdk1.8.0_131\jre\bin\server\jvm.dll
0x00007ffcf37f0000 - 0x00007ffcf37f8000 	C:\Windows\System32\PSAPI.DLL
0x00007ffce5010000 - 0x00007ffce5019000 	C:\Windows\SYSTEM32\WSOCK32.dll
0x00007ffcf1060000 - 0x00007ffcf10cd000 	C:\Windows\System32\WS2_32.dll
0x00007ffcedc90000 - 0x00007ffcedcb4000 	C:\Windows\SYSTEM32\WINMM.dll
0x00007ffceafe0000 - 0x00007ffceafea000 	C:\Windows\SYSTEM32\VERSION.dll
0x00007ffcedb40000 - 0x00007ffcedb6d000 	C:\Windows\SYSTEM32\WINMMBASE.dll
0x00007ffcf0670000 - 0x00007ffcf06ba000 	C:\Windows\System32\cfgmgr32.dll
0x0000000067ca0000 - 0x0000000067caf000 	E:\developer_tools\Java\jdk1.8.0_131\jre\bin\verify.dll
0x0000000067c70000 - 0x0000000067c99000 	E:\developer_tools\Java\jdk1.8.0_131\jre\bin\java.dll
0x0000000067c50000 - 0x0000000067c66000 	E:\developer_tools\Java\jdk1.8.0_131\jre\bin\zip.dll
0x00007ffcf1840000 - 0x00007ffcf2d2f000 	C:\Windows\System32\SHELL32.dll
0x00007ffcf2ee0000 - 0x00007ffcf2f88000 	C:\Windows\System32\shcore.dll
0x00007ffcefc90000 - 0x00007ffcf03d8000 	C:\Windows\System32\windows.storage.dll
0x00007ffcefac0000 - 0x00007ffcefae4000 	C:\Windows\System32\profapi.dll
0x00007ffcefb10000 - 0x00007ffcefb6d000 	C:\Windows\System32\powrprof.dll
0x00007ffcf3440000 - 0x00007ffcf3492000 	C:\Windows\System32\shlwapi.dll
0x00007ffcefaf0000 - 0x00007ffcefb01000 	C:\Windows\System32\kernel.appcore.dll
0x00007ffcf0870000 - 0x00007ffcf0887000 	C:\Windows\System32\cryptsp.dll
0x00007ffceee90000 - 0x00007ffceeec3000 	C:\Windows\system32\rsaenh.dll
0x00007ffcf0840000 - 0x00007ffcf0866000 	C:\Windows\System32\bcrypt.dll
0x00007ffcef9a0000 - 0x00007ffcef9c8000 	C:\Windows\SYSTEM32\USERENV.dll
0x00007ffcef500000 - 0x00007ffcef50c000 	C:\Windows\SYSTEM32\CRYPTBASE.dll
0x0000000067c30000 - 0x0000000067c4a000 	E:\developer_tools\Java\jdk1.8.0_131\jre\bin\net.dll
0x00007ffcef330000 - 0x00007ffcef397000 	C:\Windows\system32\mswsock.dll
0x00007ffcef090000 - 0x00007ffcef0cd000 	C:\Windows\SYSTEM32\IPHLPAPI.DLL
0x00007ffcf3a60000 - 0x00007ffcf3a68000 	C:\Windows\System32\NSI.dll
0x00007ffce9d70000 - 0x00007ffce9d86000 	C:\Windows\SYSTEM32\dhcpcsvc6.DLL
0x00007ffce9d50000 - 0x00007ffce9d6c000 	C:\Windows\SYSTEM32\dhcpcsvc.DLL
0x00007ffcef0d0000 - 0x00007ffcef196000 	C:\Windows\SYSTEM32\DNSAPI.dll
0x0000000067c10000 - 0x0000000067c21000 	E:\developer_tools\Java\jdk1.8.0_131\jre\bin\nio.dll
0x00007ffcddc70000 - 0x00007ffcddc7a000 	C:\Users\Administrator\AppData\Local\Temp\jansi-1.17.1-652694622129398889.dll
0x00007ffcddc60000 - 0x00007ffcddc6a000 	C:\Users\Administrator\AppData\Local\Temp\jansi-1.17.1-2089482574530641683.dll

VM Arguments:
jvm_args: -Dmaven.multiModuleProjectDirectory=F:\IdeaProjects\gmall20190311\gmall-list-web -Dmaven.home=E:\developer_tools\IntelliJ IDEA 2020.1.3\plugins\maven\lib\maven3 -Dclassworlds.conf=E:\developer_tools\IntelliJ IDEA 2020.1.3\plugins\maven\lib\maven3\bin\m2.conf -Dmaven.ext.class.path=E:\developer_tools\IntelliJ IDEA 2020.1.3\plugins\maven\lib\maven-event-listener.jar -Dfile.encoding=UTF-8 
java_command: org.codehaus.classworlds.Launcher -Didea.version=2020.2 -s E:\developer_tools\apache-maven\apache-maven-3.3.9\conf\settings.xml compile
java_class_path (initial): E:\developer_tools\IntelliJ IDEA 2020.1.3\plugins\maven\lib\maven3\boot\plexus-classworlds-2.6.0.jar;E:\developer_tools\IntelliJ IDEA 2020.1.3\plugins\maven\lib\maven3\boot\plexus-classworlds.license
Launcher Type: SUN_STANDARD

Environment Variables:
JAVA_HOME=E:\developer_tools\Java\jdk1.8.0_131
PATH=E:\developer_tools\Java\jdk1.8.0_131\bin;C:\Windows\system32;C:\Windows;C:\Windows\System32\Wbem;C:\Windows\System32\WindowsPowerShell\v1.0\;C:\Program Files\IDM Computer Solutions\UltraEdit;E:\developer_tools\apache-tomcat\apache-tomcat-8.5.24\bin;E:\developer_tools\apache-maven\apache-maven-3.3.9\bin;E:\developer_tools\MySQL\MySQLServer5.5\bin;E:\developer_tools\gradle\gradle-6.5.1\bin;E:\developer_tools\VisualSVNServer\\bin;E:\developer_tools\UltraEdit;E:\developer_tools\TortoiseGit\bin;C:\Program Files\nodejs\;E:\developer_tools\Git\bin;E:\developer_tools\Git\mingw64\libexec\git-core;C:\Users\Administrator\AppData\Local\Microsoft\WindowsApps;;E:\developer_tools\IntelliJ IDEA 2020.1.3\bin;;E:\developer_tools\Microsoft VS Code\bin;C:\Users\Administrator\AppData\Roaming\npm
USERNAME=Administrator
OS=Windows_NT
PROCESSOR_IDENTIFIER=Intel64 Family 6 Model 45 Stepping 7, GenuineIntel



---------------  S Y S T E M  ---------------

OS: Windows 10.0 , 64 bit Build 17763 (10.0.17763.1)

CPU:total 16 (initial active 16) (8 cores per cpu, 2 threads per core) family 6 model 45 stepping 7, cmov, cx8, fxsr, mmx, sse, sse2, sse3, ssse3, sse4.1, sse4.2, popcnt, avx, aes, clmul, ht, tsc, tscinvbit, tscinv

Memory: 4k page, physical 16708572k(4511732k free), swap 29816024k(4492768k free)

vm_info: Java HotSpot(TM) 64-Bit Server VM (25.131-b11) for windows-amd64 JRE (1.8.0_131-b11), built on Mar 15 2017 01:23:53 by "java_re" with MS VC++ 10.0 (VS2010)

time: Mon Nov 02 12:01:12 2020
elapsed time: 16 seconds (0d 0h 0m 16s)

