#
# There is insufficient memory for the Java Runtime Environment to continue.
# Native memory allocation (malloc) failed to allocate 129008 bytes for Chunk::new
# Possible reasons:
#   The system is out of physical RAM or swap space
#   In 32 bit mode, the process size limit was hit
# Possible solutions:
#   Reduce memory load on the system
#   Increase physical memory or swap space
#   Check if swap backing store is full
#   Use 64 bit Java on a 64 bit OS
#   Decrease Java heap size (-Xmx/-Xms)
#   Decrease number of Java threads
#   Decrease Java thread stack sizes (-Xss)
#   Set larger code cache with -XX:ReservedCodeCacheSize=
# This output file may be truncated or incomplete.
#
#  Out of Memory Error (allocation.cpp:390), pid=1148, tid=0x0000000000002c5c
#
# JRE version: Java(TM) SE Runtime Environment (8.0_131-b11) (build 1.8.0_131-b11)
# Java VM: Java HotSpot(TM) 64-Bit Server VM (25.131-b11 mixed mode windows-amd64 compressed oops)
# Failed to write core dump. Minidumps are not enabled by default on client versions of Windows
#

---------------  T H R E A D  ---------------

Current thread (0x000000001efe9000):  JavaThread "C2 CompilerThread6" daemon [_thread_in_native, id=11356, stack(0x0000000021090000,0x0000000021190000)]

Stack: [0x0000000021090000,0x0000000021190000]
[error occurred during error reporting (printing stack bounds), id 0xc0000005]

Native frames: (J=compiled Java code, j=interpreted, Vv=VM code, C=native code)


Current CompileTask:
C2:  14511 1241   !   4       java.lang.ClassLoader::loadClass (122 bytes)


---------------  P R O C E S S  ---------------

Java Threads: ( => current thread )
  0x000000001eff3000 JavaThread "Service Thread" daemon [_thread_blocked, id=21124, stack(0x0000000021690000,0x0000000021790000)]
  0x000000001eff2000 JavaThread "C1 CompilerThread11" daemon [_thread_in_native, id=2684, stack(0x0000000021590000,0x0000000021690000)]
  0x000000001eff1800 JavaThread "C1 CompilerThread10" daemon [_thread_in_native, id=20592, stack(0x0000000021490000,0x0000000021590000)]
  0x000000001efee800 JavaThread "C1 CompilerThread9" daemon [_thread_in_vm, id=12316, stack(0x0000000021390000,0x0000000021490000)]
  0x000000001efee000 JavaThread "C1 CompilerThread8" daemon [_thread_in_native, id=6196, stack(0x0000000021290000,0x0000000021390000)]
  0x000000001efea000 JavaThread "C2 CompilerThread7" daemon [_thread_blocked, id=14116, stack(0x0000000021190000,0x0000000021290000)]
=>0x000000001efe9000 JavaThread "C2 CompilerThread6" daemon [_thread_in_native, id=11356, stack(0x0000000021090000,0x0000000021190000)]
  0x000000001efe8000 JavaThread "C2 CompilerThread5" daemon [_thread_blocked, id=13300, stack(0x0000000020f90000,0x0000000021090000)]
  0x000000001efe7800 JavaThread "C2 CompilerThread4" daemon [_thread_blocked, id=14256, stack(0x0000000020e90000,0x0000000020f90000)]
  0x000000001efe6800 JavaThread "C2 CompilerThread3" daemon [_thread_blocked, id=21360, stack(0x0000000020d90000,0x0000000020e90000)]
  0x000000001efe4000 JavaThread "C2 CompilerThread2" daemon [_thread_blocked, id=6344, stack(0x0000000020c90000,0x0000000020d90000)]
  0x000000001ef3b800 JavaThread "C2 CompilerThread1" daemon [_thread_in_native, id=6304, stack(0x0000000020b90000,0x0000000020c90000)]
  0x000000001ef38000 JavaThread "C2 CompilerThread0" daemon [_thread_blocked, id=18792, stack(0x0000000020a90000,0x0000000020b90000)]
  0x000000001ef37000 JavaThread "Attach Listener" daemon [_thread_blocked, id=9568, stack(0x0000000020990000,0x0000000020a90000)]
  0x000000001ef95800 JavaThread "Signal Dispatcher" daemon [_thread_blocked, id=20256, stack(0x0000000020890000,0x0000000020990000)]
  0x000000001d499000 JavaThread "Finalizer" daemon [_thread_blocked, id=9440, stack(0x0000000020790000,0x0000000020890000)]
  0x000000001d491800 JavaThread "Reference Handler" daemon [_thread_blocked, id=6124, stack(0x0000000020690000,0x0000000020790000)]
  0x000000000320e000 JavaThread "main" [_thread_in_vm, id=12960, stack(0x0000000003210000,0x0000000003310000)]

Other Threads:
  0x000000001eef4000 VMThread [stack: 0x0000000020590000,0x0000000020690000] [id=3388]
  0x000000001f040000 WatcherThread [stack: 0x0000000021790000,0x0000000021890000] [id=19788]

VM state:not at safepoint (normal execution)

VM Mutex/Monitor currently owned by a thread: None

Heap:
 PSYoungGen      total 76288K, used 22052K [0x000000076b000000, 0x0000000774500000, 0x00000007c0000000)
  eden space 65536K, 18% used [0x000000076b000000,0x000000076bbbffc8,0x000000076f000000)
  from space 10752K, 93% used [0x000000076f000000,0x000000076f9c9330,0x000000076fa80000)
  to   space 10752K, 0% used [0x0000000773a80000,0x0000000773a80000,0x0000000774500000)
 ParOldGen       total 175104K, used 8K [0x00000006c1000000, 0x00000006cbb00000, 0x000000076b000000)
  object space 175104K, 0% used [0x00000006c1000000,0x00000006c1002000,0x00000006cbb00000)
 Metaspace       used 12828K, capacity 13006K, committed 13312K, reserved 1060864K
  class space    used 1589K, capacity 1672K, committed 1792K, reserved 1048576K

Card table byte_map: [0x00000000128d0000,0x00000000130d0000] byte_map_base: 0x000000000f2c8000

Marking Bits: (ParMarkBitMap*) 0x00000000684cc720
 Begin Bits: [0x0000000014320000, 0x00000000182e0000)
 End Bits:   [0x00000000182e0000, 0x000000001c2a0000)

Polling page: 0x0000000000fd0000

CodeCache: size=245760Kb used=6397Kb max_used=6397Kb free=239362Kb
 bounds [0x0000000003510000, 0x0000000003b60000, 0x0000000012510000]
 total_blobs=1614 nmethods=1265 adapters=258
 compilation: enabled

Compilation events (10 events):
Event: 14.505 Thread 0x000000001eff1800 nmethod 1251 0x0000000003b4d7d0 code [0x0000000003b4d920, 0x0000000003b4da30]
Event: 14.506 Thread 0x000000001eff1800 1252       3       java.util.concurrent.locks.AbstractOwnableSynchronizer::setExclusiveOwnerThread (6 bytes)
Event: 14.506 Thread 0x000000001eff1800 nmethod 1252 0x0000000003b4d490 code [0x0000000003b4d5e0, 0x0000000003b4d750]
Event: 14.506 Thread 0x000000001eff1800 1253       3       java.util.concurrent.locks.ReentrantLock$Sync::tryRelease (45 bytes)
Event: 14.506 Thread 0x000000001eff1800 nmethod 1253 0x0000000003b4cc10 code [0x0000000003b4cda0, 0x0000000003b4d348]
Event: 14.506 Thread 0x000000001eff1800 1254       1       com.google.common.cache.LocalCache$1::get (2 bytes)
Event: 14.507 Thread 0x000000001eff1800 nmethod 1254 0x0000000003b4c950 code [0x0000000003b4caa0, 0x0000000003b4cbb0]
Event: 14.507 Thread 0x000000001eff1800 1255   !   3       com.google.common.cache.LocalCache$Segment::get (210 bytes)
Event: 14.509 Thread 0x000000001ef3b800 1260       4       com.google.common.base.Preconditions::checkNotNull (18 bytes)
Event: 14.509 Thread 0x000000001eff2000 1262       3       com.google.common.cache.LocalCache$Segment::getEntry (73 bytes)

GC Heap History (2 events):
Event: 12.527 GC heap before
{Heap before GC invocations=1 (full 0):
 PSYoungGen      total 76288K, used 65536K [0x000000076b000000, 0x0000000770500000, 0x00000007c0000000)
  eden space 65536K, 100% used [0x000000076b000000,0x000000076f000000,0x000000076f000000)
  from space 10752K, 0% used [0x000000076fa80000,0x000000076fa80000,0x0000000770500000)
  to   space 10752K, 0% used [0x000000076f000000,0x000000076f000000,0x000000076fa80000)
 ParOldGen       total 175104K, used 0K [0x00000006c1000000, 0x00000006cbb00000, 0x000000076b000000)
  object space 175104K, 0% used [0x00000006c1000000,0x00000006c1000000,0x00000006cbb00000)
 Metaspace       used 11775K, capacity 11966K, committed 12160K, reserved 1060864K
  class space    used 1432K, capacity 1542K, committed 1664K, reserved 1048576K
Event: 12.788 GC heap after
Heap after GC invocations=1 (full 0):
 PSYoungGen      total 76288K, used 10020K [0x000000076b000000, 0x0000000774500000, 0x00000007c0000000)
  eden space 65536K, 0% used [0x000000076b000000,0x000000076b000000,0x000000076f000000)
  from space 10752K, 93% used [0x000000076f000000,0x000000076f9c9330,0x000000076fa80000)
  to   space 10752K, 0% used [0x0000000773a80000,0x0000000773a80000,0x0000000774500000)
 ParOldGen       total 175104K, used 8K [0x00000006c1000000, 0x00000006cbb00000, 0x000000076b000000)
  object space 175104K, 0% used [0x00000006c1000000,0x00000006c1002000,0x00000006cbb00000)
 Metaspace       used 11775K, capacity 11966K, committed 12160K, reserved 1060864K
  class space    used 1432K, capacity 1542K, committed 1664K, reserved 1048576K
}

Deoptimization events (10 events):
Event: 6.357 Thread 0x000000000320e000 Uncommon trap: reason=unstable_if action=reinterpret pc=0x00000000039a2ea8 method=sun.nio.cs.StreamDecoder.implRead([CII)I @ 197
Event: 6.364 Thread 0x000000000320e000 Uncommon trap: reason=unstable_if action=reinterpret pc=0x00000000039c9950 method=org.codehaus.plexus.util.xml.pull.MXParser.nextImpl()I @ 241
Event: 6.366 Thread 0x000000000320e000 Uncommon trap: reason=unstable_if action=reinterpret pc=0x00000000039ad3e4 method=sun.nio.cs.StreamDecoder.implRead([CII)I @ 197
Event: 6.373 Thread 0x000000000320e000 Uncommon trap: reason=unstable_if action=reinterpret pc=0x00000000039cdd8c method=sun.nio.cs.StreamDecoder.implRead([CII)I @ 197
Event: 6.377 Thread 0x000000000320e000 Uncommon trap: reason=unstable_if action=reinterpret pc=0x0000000003998a70 method=sun.nio.cs.StreamDecoder.implRead([CII)I @ 71
Event: 6.378 Thread 0x000000000320e000 Uncommon trap: reason=unstable_if action=reinterpret pc=0x00000000039b7bdc method=sun.nio.cs.StreamDecoder.implRead([CII)I @ 197
Event: 6.380 Thread 0x000000000320e000 Uncommon trap: reason=unstable_if action=reinterpret pc=0x000000000398ebcc method=sun.nio.cs.StreamDecoder.implRead([CII)I @ 197
Event: 7.040 Thread 0x000000000320e000 Uncommon trap: reason=unstable_if action=reinterpret pc=0x000000000395dadc method=java.util.HashMap.getNode(ILjava/lang/Object;)Ljava/util/HashMap$Node; @ 129
Event: 7.040 Thread 0x000000000320e000 Uncommon trap: reason=unstable_if action=reinterpret pc=0x000000000395e1c4 method=java.util.HashMap.getNode(ILjava/lang/Object;)Ljava/util/HashMap$Node; @ 129
Event: 7.113 Thread 0x000000000320e000 Uncommon trap: reason=range_check action=make_not_entrant pc=0x00000000039e8568 method=sun.reflect.generics.parser.SignatureParser.current()C @ 34

Internal exceptions (10 events):
Event: 0.992 Thread 0x000000000320e000 Exception <a 'java/security/PrivilegedActionException'> (0x000000076b71da18) thrown at [C:\re\workspace\8-2-build-windows-amd64-cygwin\jdk8u131\8869\hotspot\src\share\vm\prims\jvm.cpp, line 1390]
Event: 0.992 Thread 0x000000000320e000 Exception <a 'java/security/PrivilegedActionException'> (0x000000076b71de10) thrown at [C:\re\workspace\8-2-build-windows-amd64-cygwin\jdk8u131\8869\hotspot\src\share\vm\prims\jvm.cpp, line 1390]
Event: 0.993 Thread 0x000000000320e000 Exception <a 'java/security/PrivilegedActionException'> (0x000000076b720f58) thrown at [C:\re\workspace\8-2-build-windows-amd64-cygwin\jdk8u131\8869\hotspot\src\share\vm\prims\jvm.cpp, line 1390]
Event: 0.993 Thread 0x000000000320e000 Exception <a 'java/security/PrivilegedActionException'> (0x000000076b721350) thrown at [C:\re\workspace\8-2-build-windows-amd64-cygwin\jdk8u131\8869\hotspot\src\share\vm\prims\jvm.cpp, line 1390]
Event: 6.015 Thread 0x000000000320e000 Exception <a 'java/lang/ArrayIndexOutOfBoundsException'> (0x000000076c9239a0) thrown at [C:\re\workspace\8-2-build-windows-amd64-cygwin\jdk8u131\8869\hotspot\src\share\vm\runtime\sharedRuntime.cpp, line 605]
Event: 6.022 Thread 0x000000000320e000 Exception <a 'java/lang/ArrayIndexOutOfBoundsException'> (0x000000076c93f380) thrown at [C:\re\workspace\8-2-build-windows-amd64-cygwin\jdk8u131\8869\hotspot\src\share\vm\runtime\sharedRuntime.cpp, line 605]
Event: 6.044 Thread 0x000000000320e000 Exception <a 'java/lang/ArrayIndexOutOfBoundsException'> (0x000000076c981520) thrown at [C:\re\workspace\8-2-build-windows-amd64-cygwin\jdk8u131\8869\hotspot\src\share\vm\runtime\sharedRuntime.cpp, line 605]
Event: 6.592 Thread 0x000000000320e000 Exception <a 'java/lang/ArrayIndexOutOfBoundsException'> (0x000000076d1c7340) thrown at [C:\re\workspace\8-2-build-windows-amd64-cygwin\jdk8u131\8869\hotspot\src\share\vm\runtime\sharedRuntime.cpp, line 605]
Event: 6.597 Thread 0x000000000320e000 Exception <a 'java/lang/ArrayIndexOutOfBoundsException'> (0x000000076d1c8ed0) thrown at [C:\re\workspace\8-2-build-windows-amd64-cygwin\jdk8u131\8869\hotspot\src\share\vm\runtime\sharedRuntime.cpp, line 605]
Event: 7.113 Thread 0x000000000320e000 Exception <a 'java/lang/ArrayIndexOutOfBoundsException': 66> (0x000000076d4f3330) thrown at [C:\re\workspace\8-2-build-windows-amd64-cygwin\jdk8u131\8869\hotspot\src\share\vm\interpreter\interpreterRuntime.cpp, line 366]

Events (10 events):
Event: 14.491 loading class com/google/inject/internal/InternalFactoryToProviderAdapter
Event: 14.491 loading class com/google/inject/internal/InternalFactoryToProviderAdapter done
Event: 14.495 loading class com/google/inject/internal/FactoryProxy
Event: 14.495 loading class com/google/inject/internal/FactoryProxy done
Event: 14.497 loading class com/google/inject/internal/InternalProviderInstanceBindingImpl$Factory
Event: 14.497 loading class com/google/inject/internal/InternalProviderInstanceBindingImpl$Factory done
Event: 14.497 loading class com/google/inject/internal/InternalFactoryToInitializableAdapter
Event: 14.497 loading class com/google/inject/internal/InternalFactoryToInitializableAdapter done
Event: 14.498 loading class com/google/inject/internal/ProviderInternalFactory
Event: 14.498 loading class com/google/inject/internal/ProviderInternalFactory done


Dynamic libraries:
0x00007ff7b82c0000 - 0x00007ff7b82f7000 	E:\developer_tools\Java\jdk1.8.0_131\bin\java.exe
0x00007ffcf3aa0000 - 0x00007ffcf3c8d000 	C:\Windows\SYSTEM32\ntdll.dll
0x00007ffcf0cd0000 - 0x00007ffcf0d83000 	C:\Windows\System32\KERNEL32.DLL
0x00007ffcf0890000 - 0x00007ffcf0b23000 	C:\Windows\System32\KERNELBASE.dll
0x00007ffcf1790000 - 0x00007ffcf1833000 	C:\Windows\System32\ADVAPI32.DLL
0x00007ffcf2d30000 - 0x00007ffcf2dce000 	C:\Windows\System32\msvcrt.dll
0x00007ffcf0d90000 - 0x00007ffcf0e2e000 	C:\Windows\System32\sechost.dll
0x00007ffcf15b0000 - 0x00007ffcf16d3000 	C:\Windows\System32\RPCRT4.dll
0x00007ffcf1410000 - 0x00007ffcf15a7000 	C:\Windows\System32\USER32.dll
0x00007ffcefb70000 - 0x00007ffcefb90000 	C:\Windows\System32\win32u.dll
0x00007ffcf3410000 - 0x00007ffcf3439000 	C:\Windows\System32\GDI32.dll
0x00007ffcf0b30000 - 0x00007ffcf0cca000 	C:\Windows\System32\gdi32full.dll
0x00007ffcefbf0000 - 0x00007ffcefc90000 	C:\Windows\System32\msvcp_win.dll
0x00007ffcf06c0000 - 0x00007ffcf07bc000 	C:\Windows\System32\ucrtbase.dll
0x00007ffce6150000 - 0x00007ffce63c9000 	C:\Windows\WinSxS\amd64_microsoft.windows.common-controls_6595b64144ccf1df_6.0.17763.107_none_05b63884071e656e\COMCTL32.dll
0x00007ffcf10d0000 - 0x00007ffcf13fe000 	C:\Windows\System32\combase.dll
0x00007ffcf07c0000 - 0x00007ffcf083e000 	C:\Windows\System32\bcryptPrimitives.dll
0x00007ffcf16e0000 - 0x00007ffcf170e000 	C:\Windows\System32\IMM32.DLL
0x0000000068550000 - 0x0000000068622000 	E:\developer_tools\Java\jdk1.8.0_131\jre\bin\msvcr100.dll
0x0000000067cb0000 - 0x000000006854c000 	E:\developer_tools\Java\jdk1.8.0_131\jre\bin\server\jvm.dll
0x00007ffcf37f0000 - 0x00007ffcf37f8000 	C:\Windows\System32\PSAPI.DLL
0x00007ffce5010000 - 0x00007ffce5019000 	C:\Windows\SYSTEM32\WSOCK32.dll
0x00007ffcf1060000 - 0x00007ffcf10cd000 	C:\Windows\System32\WS2_32.dll
0x00007ffcedc90000 - 0x00007ffcedcb4000 	C:\Windows\SYSTEM32\WINMM.dll
0x00007ffceafe0000 - 0x00007ffceafea000 	C:\Windows\SYSTEM32\VERSION.dll
0x00007ffcedb40000 - 0x00007ffcedb6d000 	C:\Windows\SYSTEM32\WINMMBASE.dll
0x00007ffcf0670000 - 0x00007ffcf06ba000 	C:\Windows\System32\cfgmgr32.dll
0x0000000067ca0000 - 0x0000000067caf000 	E:\developer_tools\Java\jdk1.8.0_131\jre\bin\verify.dll
0x0000000067c70000 - 0x0000000067c99000 	E:\developer_tools\Java\jdk1.8.0_131\jre\bin\java.dll
0x0000000067c50000 - 0x0000000067c66000 	E:\developer_tools\Java\jdk1.8.0_131\jre\bin\zip.dll
0x00007ffcf1840000 - 0x00007ffcf2d2f000 	C:\Windows\System32\SHELL32.dll
0x00007ffcf2ee0000 - 0x00007ffcf2f88000 	C:\Windows\System32\shcore.dll
0x00007ffcefc90000 - 0x00007ffcf03d8000 	C:\Windows\System32\windows.storage.dll
0x00007ffcefac0000 - 0x00007ffcefae4000 	C:\Windows\System32\profapi.dll
0x00007ffcefb10000 - 0x00007ffcefb6d000 	C:\Windows\System32\powrprof.dll
0x00007ffcf3440000 - 0x00007ffcf3492000 	C:\Windows\System32\shlwapi.dll
0x00007ffcefaf0000 - 0x00007ffcefb01000 	C:\Windows\System32\kernel.appcore.dll
0x00007ffcf0870000 - 0x00007ffcf0887000 	C:\Windows\System32\cryptsp.dll
0x00007ffceee90000 - 0x00007ffceeec3000 	C:\Windows\system32\rsaenh.dll
0x00007ffcf0840000 - 0x00007ffcf0866000 	C:\Windows\System32\bcrypt.dll
0x00007ffcef9a0000 - 0x00007ffcef9c8000 	C:\Windows\SYSTEM32\USERENV.dll
0x00007ffcef500000 - 0x00007ffcef50c000 	C:\Windows\SYSTEM32\CRYPTBASE.dll
0x0000000067c30000 - 0x0000000067c4a000 	E:\developer_tools\Java\jdk1.8.0_131\jre\bin\net.dll
0x00007ffcef330000 - 0x00007ffcef397000 	C:\Windows\system32\mswsock.dll
0x00007ffcef090000 - 0x00007ffcef0cd000 	C:\Windows\SYSTEM32\IPHLPAPI.DLL
0x00007ffcf3a60000 - 0x00007ffcf3a68000 	C:\Windows\System32\NSI.dll
0x00007ffce9d70000 - 0x00007ffce9d86000 	C:\Windows\SYSTEM32\dhcpcsvc6.DLL
0x00007ffce9d50000 - 0x00007ffce9d6c000 	C:\Windows\SYSTEM32\dhcpcsvc.DLL
0x00007ffcef0d0000 - 0x00007ffcef196000 	C:\Windows\SYSTEM32\DNSAPI.dll
0x0000000067c10000 - 0x0000000067c21000 	E:\developer_tools\Java\jdk1.8.0_131\jre\bin\nio.dll
0x00007ffcdb970000 - 0x00007ffcdb97a000 	C:\Users\Administrator\AppData\Local\Temp\jansi-1.17.1-1141424613457679013.dll
0x00007ffcdb960000 - 0x00007ffcdb96a000 	C:\Users\Administrator\AppData\Local\Temp\jansi-1.17.1-5656603979154691893.dll

VM Arguments:
jvm_args: -Dmaven.multiModuleProjectDirectory=F:\IdeaProjects\gmall20190311\gmall-list-web -Dmaven.home=E:\developer_tools\IntelliJ IDEA 2020.1.3\plugins\maven\lib\maven3 -Dclassworlds.conf=E:\developer_tools\IntelliJ IDEA 2020.1.3\plugins\maven\lib\maven3\bin\m2.conf -Dmaven.ext.class.path=E:\developer_tools\IntelliJ IDEA 2020.1.3\plugins\maven\lib\maven-event-listener.jar -Dfile.encoding=UTF-8 
java_command: org.codehaus.classworlds.Launcher -Didea.version=2020.2 -s E:\developer_tools\apache-maven\apache-maven-3.3.9\conf\settings.xml compile
java_class_path (initial): E:\developer_tools\IntelliJ IDEA 2020.1.3\plugins\maven\lib\maven3\boot\plexus-classworlds-2.6.0.jar;E:\developer_tools\IntelliJ IDEA 2020.1.3\plugins\maven\lib\maven3\boot\plexus-classworlds.license
Launcher Type: SUN_STANDARD

Environment Variables:
JAVA_HOME=E:\developer_tools\Java\jdk1.8.0_131
PATH=E:\developer_tools\Java\jdk1.8.0_131\bin;C:\Windows\system32;C:\Windows;C:\Windows\System32\Wbem;C:\Windows\System32\WindowsPowerShell\v1.0\;C:\Program Files\IDM Computer Solutions\UltraEdit;E:\developer_tools\apache-tomcat\apache-tomcat-8.5.24\bin;E:\developer_tools\apache-maven\apache-maven-3.3.9\bin;E:\developer_tools\MySQL\MySQLServer5.5\bin;E:\developer_tools\gradle\gradle-6.5.1\bin;E:\developer_tools\VisualSVNServer\\bin;E:\developer_tools\UltraEdit;E:\developer_tools\TortoiseGit\bin;C:\Program Files\nodejs\;E:\developer_tools\Git\bin;E:\developer_tools\Git\mingw64\libexec\git-core;C:\Users\Administrator\AppData\Local\Microsoft\WindowsApps;;E:\developer_tools\IntelliJ IDEA 2020.1.3\bin;;E:\developer_tools\Microsoft VS Code\bin;C:\Users\Administrator\AppData\Roaming\npm
USERNAME=Administrator
OS=Windows_NT
PROCESSOR_IDENTIFIER=Intel64 Family 6 Model 45 Stepping 7, GenuineIntel



---------------  S Y S T E M  ---------------

OS: Windows 10.0 , 64 bit Build 17763 (10.0.17763.1)

CPU:total 16 (initial active 16) (8 cores per cpu, 2 threads per core) family 6 model 45 stepping 7, cmov, cx8, fxsr, mmx, sse, sse2, sse3, ssse3, sse4.1, sse4.2, popcnt, avx, aes, clmul, ht, tsc, tscinvbit, tscinv

Memory: 4k page, physical 16708572k(3655200k free), swap 29816024k(5176k free)

vm_info: Java HotSpot(TM) 64-Bit Server VM (25.131-b11) for windows-amd64 JRE (1.8.0_131-b11), built on Mar 15 2017 01:23:53 by "java_re" with MS VC++ 10.0 (VS2010)

time: Mon Nov 02 12:01:11 2020
elapsed time: 14 seconds (0d 0h 0m 14s)

