#
# There is insufficient memory for the Java Runtime Environment to continue.
# Native memory allocation (malloc) failed to allocate 32744 bytes for ChunkPool::allocate
# Possible reasons:
#   The system is out of physical RAM or swap space
#   In 32 bit mode, the process size limit was hit
# Possible solutions:
#   Reduce memory load on the system
#   Increase physical memory or swap space
#   Check if swap backing store is full
#   Use 64 bit Java on a 64 bit OS
#   Decrease Java heap size (-Xmx/-Xms)
#   Decrease number of Java threads
#   Decrease Java thread stack sizes (-Xss)
#   Set larger code cache with -XX:ReservedCodeCacheSize=
# This output file may be truncated or incomplete.
#
#  Out of Memory Error (allocation.cpp:273), pid=13684, tid=0x00000000000052bc
#
# JRE version: Java(TM) SE Runtime Environment (8.0_131-b11) (build 1.8.0_131-b11)
# Java VM: Java HotSpot(TM) 64-Bit Server VM (25.131-b11 mixed mode windows-amd64 compressed oops)
# Failed to write core dump. Minidumps are not enabled by default on client versions of Windows
#

---------------  T H R E A D  ---------------

Current thread (0x000000001e863000):  JavaThread "C1 CompilerThread9" daemon [_thread_in_native, id=21180, stack(0x0000000020c20000,0x0000000020d20000)]

Stack: [0x0000000020c20000,0x0000000020d20000]
[error occurred during error reporting (printing stack bounds), id 0xc0000005]

Native frames: (J=compiled Java code, j=interpreted, Vv=VM code, C=native code)


Current CompileTask:
C1:  11821  599       3       sun.misc.ProxyGenerator$ConstantPool$ValueEntry::write (190 bytes)


---------------  P R O C E S S  ---------------

Java Threads: ( => current thread )
  0x000000001e8d7800 JavaThread "Service Thread" daemon [_thread_blocked, id=19812, stack(0x0000000020f20000,0x0000000021020000)]
  0x000000001e860000 JavaThread "C1 CompilerThread11" daemon [_thread_blocked, id=20184, stack(0x0000000020e20000,0x0000000020f20000)]
  0x000000001e85d800 JavaThread "C1 CompilerThread10" daemon [_thread_blocked, id=15688, stack(0x0000000020d20000,0x0000000020e20000)]
=>0x000000001e863000 JavaThread "C1 CompilerThread9" daemon [_thread_in_native, id=21180, stack(0x0000000020c20000,0x0000000020d20000)]
  0x000000001e85e800 JavaThread "C1 CompilerThread8" daemon [_thread_blocked, id=12696, stack(0x0000000020b20000,0x0000000020c20000)]
  0x000000001e861800 JavaThread "C2 CompilerThread7" daemon [_thread_blocked, id=9408, stack(0x0000000020a20000,0x0000000020b20000)]
  0x000000001e85d000 JavaThread "C2 CompilerThread6" daemon [_thread_blocked, id=5044, stack(0x0000000020920000,0x0000000020a20000)]
  0x000000001e7cc000 JavaThread "C2 CompilerThread5" daemon [_thread_blocked, id=10588, stack(0x0000000020820000,0x0000000020920000)]
  0x000000001e7cb800 JavaThread "C2 CompilerThread4" daemon [_thread_blocked, id=7500, stack(0x0000000020720000,0x0000000020820000)]
  0x000000001e828000 JavaThread "C2 CompilerThread3" daemon [_thread_blocked, id=6012, stack(0x0000000020620000,0x0000000020720000)]
  0x000000001e7ca800 JavaThread "C2 CompilerThread2" daemon [_thread_blocked, id=13692, stack(0x0000000020520000,0x0000000020620000)]
  0x000000001e7ca000 JavaThread "C2 CompilerThread1" daemon [_thread_blocked, id=12296, stack(0x0000000020420000,0x0000000020520000)]
  0x000000001e7c8000 JavaThread "C2 CompilerThread0" daemon [_thread_blocked, id=19712, stack(0x0000000020320000,0x0000000020420000)]
  0x000000001e7c7000 JavaThread "Attach Listener" daemon [_thread_blocked, id=18484, stack(0x0000000020220000,0x0000000020320000)]
  0x000000001e825800 JavaThread "Signal Dispatcher" daemon [_thread_blocked, id=12760, stack(0x0000000020120000,0x0000000020220000)]
  0x000000001cd53800 JavaThread "Finalizer" daemon [_thread_blocked, id=20644, stack(0x0000000020020000,0x0000000020120000)]
  0x000000001cd4e000 JavaThread "Reference Handler" daemon [_thread_blocked, id=924, stack(0x000000001ff20000,0x0000000020020000)]
  0x0000000002dce000 JavaThread "main" [_thread_in_vm, id=14100, stack(0x00000000027b0000,0x00000000028b0000)]

Other Threads:
  0x000000001e784000 VMThread [stack: 0x000000001fe20000,0x000000001ff20000] [id=5564]
  0x000000001e95b800 WatcherThread [stack: 0x0000000021120000,0x0000000021220000] [id=10332]

VM state:not at safepoint (normal execution)

VM Mutex/Monitor currently owned by a thread: None

Heap:
 PSYoungGen      total 76288K, used 24905K [0x000000076b000000, 0x0000000770500000, 0x00000007c0000000)
  eden space 65536K, 38% used [0x000000076b000000,0x000000076c8525b0,0x000000076f000000)
  from space 10752K, 0% used [0x000000076fa80000,0x000000076fa80000,0x0000000770500000)
  to   space 10752K, 0% used [0x000000076f000000,0x000000076f000000,0x000000076fa80000)
 ParOldGen       total 175104K, used 0K [0x00000006c1000000, 0x00000006cbb00000, 0x000000076b000000)
  object space 175104K, 0% used [0x00000006c1000000,0x00000006c1000000,0x00000006cbb00000)
 Metaspace       used 8126K, capacity 8268K, committed 8448K, reserved 1056768K
  class space    used 946K, capacity 1016K, committed 1024K, reserved 1048576K

Card table byte_map: [0x0000000012190000,0x0000000012990000] byte_map_base: 0x000000000eb88000

Marking Bits: (ParMarkBitMap*) 0x00000000684cc720
 Begin Bits: [0x0000000013be0000, 0x0000000017ba0000)
 End Bits:   [0x0000000017ba0000, 0x000000001bb60000)

Polling page: 0x0000000000a30000

CodeCache: size=245760Kb used=4419Kb max_used=4430Kb free=241341Kb
 bounds [0x0000000002dd0000, 0x0000000003230000, 0x0000000011dd0000]
 total_blobs=929 nmethods=600 adapters=239
 compilation: enabled

Compilation events (10 events):
Event: 11.797 Thread 0x000000001e860000  596  s    1       java.io.ByteArrayOutputStream::size (5 bytes)
Event: 11.797 Thread 0x000000001e828000  597       4       java.util.HashMap::getNode (148 bytes)
Event: 11.797 Thread 0x000000001e860000 nmethod 596 0x0000000003220110 code [0x0000000003220260, 0x00000000032204d0]
Event: 11.797 Thread 0x000000001e85e800  598  s    3       java.io.ByteArrayOutputStream::write (66 bytes)
Event: 11.797 Thread 0x000000001e863000  599       3       sun.misc.ProxyGenerator$ConstantPool$ValueEntry::write (190 bytes)
Event: 11.797 Thread 0x000000001e85d800  600       3       java.io.DataOutputStream::writeUTF (7 bytes)
Event: 11.797 Thread 0x000000001e860000  601       3       sun.misc.ProxyGenerator$ConstantPool$IndirectEntry::write (61 bytes)
Event: 11.797 Thread 0x000000001e85d800 nmethod 600 0x0000000003220550 code [0x00000000032206c0, 0x0000000003220848]
Event: 11.798 Thread 0x000000001e85e800 nmethod 598 0x00000000032208d0 code [0x0000000003220a80, 0x00000000032210e8]
Event: 11.798 Thread 0x000000001e860000 nmethod 601 0x0000000003221350 code [0x0000000003221540, 0x0000000003222068]

GC Heap History (0 events):
No events

Deoptimization events (1 events):
Event: 7.151 Thread 0x0000000002dce000 Uncommon trap: reason=unstable_if action=reinterpret pc=0x000000000310b55c method=sun.nio.cs.UTF_8$Encoder.encode([CII[B)I @ 33

Internal exceptions (9 events):
Event: 0.454 Thread 0x0000000002dce000 Exception <a 'java/lang/NoSuchMethodError': Method sun.misc.Unsafe.defineClass(Ljava/lang/String;[BII)Ljava/lang/Class; name or signature does not match> (0x000000076b007ca8) thrown at [C:\re\workspace\8-2-build-windows-amd64-cygwin\jdk8u131\8869\hotspot\
Event: 0.454 Thread 0x0000000002dce000 Exception <a 'java/lang/NoSuchMethodError': Method sun.misc.Unsafe.prefetchRead(Ljava/lang/Object;J)V name or signature does not match> (0x000000076b007f90) thrown at [C:\re\workspace\8-2-build-windows-amd64-cygwin\jdk8u131\8869\hotspot\src\share\vm\prims
Event: 1.511 Thread 0x0000000002dce000 Exception <a 'java/util/zip/ZipException'> (0x000000076b2a2c90) thrown at [C:\re\workspace\8-2-build-windows-amd64-cygwin\jdk8u131\8869\hotspot\src\share\vm\prims\jni.cpp, line 709]
Event: 1.511 Thread 0x0000000002dce000 Exception <a 'java/security/PrivilegedActionException'> (0x000000076b2a3118) thrown at [C:\re\workspace\8-2-build-windows-amd64-cygwin\jdk8u131\8869\hotspot\src\share\vm\prims\jvm.cpp, line 1390]
Event: 1.511 Thread 0x0000000002dce000 Exception <a 'java/security/PrivilegedActionException'> (0x000000076b2a3328) thrown at [C:\re\workspace\8-2-build-windows-amd64-cygwin\jdk8u131\8869\hotspot\src\share\vm\prims\jvm.cpp, line 1390]
Event: 2.086 Thread 0x0000000002dce000 Exception <a 'java/security/PrivilegedActionException'> (0x000000076b71dc08) thrown at [C:\re\workspace\8-2-build-windows-amd64-cygwin\jdk8u131\8869\hotspot\src\share\vm\prims\jvm.cpp, line 1390]
Event: 2.086 Thread 0x0000000002dce000 Exception <a 'java/security/PrivilegedActionException'> (0x000000076b71e000) thrown at [C:\re\workspace\8-2-build-windows-amd64-cygwin\jdk8u131\8869\hotspot\src\share\vm\prims\jvm.cpp, line 1390]
Event: 2.087 Thread 0x0000000002dce000 Exception <a 'java/security/PrivilegedActionException'> (0x000000076b721148) thrown at [C:\re\workspace\8-2-build-windows-amd64-cygwin\jdk8u131\8869\hotspot\src\share\vm\prims\jvm.cpp, line 1390]
Event: 2.087 Thread 0x0000000002dce000 Exception <a 'java/security/PrivilegedActionException'> (0x000000076b721540) thrown at [C:\re\workspace\8-2-build-windows-amd64-cygwin\jdk8u131\8869\hotspot\src\share\vm\prims\jvm.cpp, line 1390]

Events (10 events):
Event: 11.789 loading class javax/inject/Qualifier
Event: 11.789 loading class javax/inject/Qualifier done
Event: 11.790 loading class javax/inject/Named
Event: 11.790 loading class javax/inject/Named done
Event: 11.790 loading class java/lang/annotation/Target
Event: 11.790 loading class java/lang/annotation/Target done
Event: 11.790 loading class java/lang/annotation/ElementType
Event: 11.790 loading class java/lang/annotation/ElementType done
Event: 11.791 loading class java/lang/annotation/Documented
Event: 11.791 loading class java/lang/annotation/Documented done


Dynamic libraries:
0x00007ff7b82c0000 - 0x00007ff7b82f7000 	E:\developer_tools\Java\jdk1.8.0_131\bin\java.exe
0x00007ffcf3aa0000 - 0x00007ffcf3c8d000 	C:\Windows\SYSTEM32\ntdll.dll
0x00007ffcf0cd0000 - 0x00007ffcf0d83000 	C:\Windows\System32\KERNEL32.DLL
0x00007ffcf0890000 - 0x00007ffcf0b23000 	C:\Windows\System32\KERNELBASE.dll
0x00007ffcf1790000 - 0x00007ffcf1833000 	C:\Windows\System32\ADVAPI32.DLL
0x00007ffcf2d30000 - 0x00007ffcf2dce000 	C:\Windows\System32\msvcrt.dll
0x00007ffcf0d90000 - 0x00007ffcf0e2e000 	C:\Windows\System32\sechost.dll
0x00007ffcf15b0000 - 0x00007ffcf16d3000 	C:\Windows\System32\RPCRT4.dll
0x00007ffcf1410000 - 0x00007ffcf15a7000 	C:\Windows\System32\USER32.dll
0x00007ffcefb70000 - 0x00007ffcefb90000 	C:\Windows\System32\win32u.dll
0x00007ffcf3410000 - 0x00007ffcf3439000 	C:\Windows\System32\GDI32.dll
0x00007ffcf0b30000 - 0x00007ffcf0cca000 	C:\Windows\System32\gdi32full.dll
0x00007ffcefbf0000 - 0x00007ffcefc90000 	C:\Windows\System32\msvcp_win.dll
0x00007ffcf06c0000 - 0x00007ffcf07bc000 	C:\Windows\System32\ucrtbase.dll
0x00007ffce6150000 - 0x00007ffce63c9000 	C:\Windows\WinSxS\amd64_microsoft.windows.common-controls_6595b64144ccf1df_6.0.17763.107_none_05b63884071e656e\COMCTL32.dll
0x00007ffcf10d0000 - 0x00007ffcf13fe000 	C:\Windows\System32\combase.dll
0x00007ffcf07c0000 - 0x00007ffcf083e000 	C:\Windows\System32\bcryptPrimitives.dll
0x00007ffcf16e0000 - 0x00007ffcf170e000 	C:\Windows\System32\IMM32.DLL
0x0000000068550000 - 0x0000000068622000 	E:\developer_tools\Java\jdk1.8.0_131\jre\bin\msvcr100.dll
0x0000000067cb0000 - 0x000000006854c000 	E:\developer_tools\Java\jdk1.8.0_131\jre\bin\server\jvm.dll
0x00007ffcf37f0000 - 0x00007ffcf37f8000 	C:\Windows\System32\PSAPI.DLL
0x00007ffce5010000 - 0x00007ffce5019000 	C:\Windows\SYSTEM32\WSOCK32.dll
0x00007ffcf1060000 - 0x00007ffcf10cd000 	C:\Windows\System32\WS2_32.dll
0x00007ffcedc90000 - 0x00007ffcedcb4000 	C:\Windows\SYSTEM32\WINMM.dll
0x00007ffceafe0000 - 0x00007ffceafea000 	C:\Windows\SYSTEM32\VERSION.dll
0x00007ffcedb40000 - 0x00007ffcedb6d000 	C:\Windows\SYSTEM32\WINMMBASE.dll
0x00007ffcf0670000 - 0x00007ffcf06ba000 	C:\Windows\System32\cfgmgr32.dll
0x0000000067ca0000 - 0x0000000067caf000 	E:\developer_tools\Java\jdk1.8.0_131\jre\bin\verify.dll
0x0000000067c70000 - 0x0000000067c99000 	E:\developer_tools\Java\jdk1.8.0_131\jre\bin\java.dll
0x0000000067c50000 - 0x0000000067c66000 	E:\developer_tools\Java\jdk1.8.0_131\jre\bin\zip.dll
0x00007ffcf1840000 - 0x00007ffcf2d2f000 	C:\Windows\System32\SHELL32.dll
0x00007ffcf2ee0000 - 0x00007ffcf2f88000 	C:\Windows\System32\shcore.dll
0x00007ffcefc90000 - 0x00007ffcf03d8000 	C:\Windows\System32\windows.storage.dll
0x00007ffcefac0000 - 0x00007ffcefae4000 	C:\Windows\System32\profapi.dll
0x00007ffcefb10000 - 0x00007ffcefb6d000 	C:\Windows\System32\powrprof.dll
0x00007ffcf3440000 - 0x00007ffcf3492000 	C:\Windows\System32\shlwapi.dll
0x00007ffcefaf0000 - 0x00007ffcefb01000 	C:\Windows\System32\kernel.appcore.dll
0x00007ffcf0870000 - 0x00007ffcf0887000 	C:\Windows\System32\cryptsp.dll
0x00007ffceee90000 - 0x00007ffceeec3000 	C:\Windows\system32\rsaenh.dll
0x00007ffcf0840000 - 0x00007ffcf0866000 	C:\Windows\System32\bcrypt.dll
0x00007ffcef9a0000 - 0x00007ffcef9c8000 	C:\Windows\SYSTEM32\USERENV.dll
0x00007ffcef500000 - 0x00007ffcef50c000 	C:\Windows\SYSTEM32\CRYPTBASE.dll
0x0000000067c30000 - 0x0000000067c4a000 	E:\developer_tools\Java\jdk1.8.0_131\jre\bin\net.dll
0x00007ffcef330000 - 0x00007ffcef397000 	C:\Windows\system32\mswsock.dll
0x00007ffcef090000 - 0x00007ffcef0cd000 	C:\Windows\SYSTEM32\IPHLPAPI.DLL
0x00007ffcf3a60000 - 0x00007ffcf3a68000 	C:\Windows\System32\NSI.dll
0x00007ffce9d70000 - 0x00007ffce9d86000 	C:\Windows\SYSTEM32\dhcpcsvc6.DLL
0x00007ffce9d50000 - 0x00007ffce9d6c000 	C:\Windows\SYSTEM32\dhcpcsvc.DLL
0x00007ffcef0d0000 - 0x00007ffcef196000 	C:\Windows\SYSTEM32\DNSAPI.dll
0x0000000067c10000 - 0x0000000067c21000 	E:\developer_tools\Java\jdk1.8.0_131\jre\bin\nio.dll
0x00007ffcd7750000 - 0x00007ffcd775a000 	C:\Users\Administrator\AppData\Local\Temp\jansi-1.17.1-5577491341411377474.dll
0x00007ffcd7740000 - 0x00007ffcd774a000 	C:\Users\Administrator\AppData\Local\Temp\jansi-1.17.1-5000392913330400180.dll

VM Arguments:
jvm_args: -Dmaven.multiModuleProjectDirectory=F:\IdeaProjects\gmall20190311\gmall-list-web -Dmaven.home=E:\developer_tools\IntelliJ IDEA 2020.1.3\plugins\maven\lib\maven3 -Dclassworlds.conf=E:\developer_tools\IntelliJ IDEA 2020.1.3\plugins\maven\lib\maven3\bin\m2.conf -Dmaven.ext.class.path=E:\developer_tools\IntelliJ IDEA 2020.1.3\plugins\maven\lib\maven-event-listener.jar -Dfile.encoding=UTF-8 
java_command: org.codehaus.classworlds.Launcher -Didea.version=2020.2 -s E:\developer_tools\apache-maven\apache-maven-3.3.9\conf\settings.xml compile
java_class_path (initial): E:\developer_tools\IntelliJ IDEA 2020.1.3\plugins\maven\lib\maven3\boot\plexus-classworlds-2.6.0.jar;E:\developer_tools\IntelliJ IDEA 2020.1.3\plugins\maven\lib\maven3\boot\plexus-classworlds.license
Launcher Type: SUN_STANDARD

Environment Variables:
JAVA_HOME=E:\developer_tools\Java\jdk1.8.0_131
PATH=E:\developer_tools\Java\jdk1.8.0_131\bin;C:\Windows\system32;C:\Windows;C:\Windows\System32\Wbem;C:\Windows\System32\WindowsPowerShell\v1.0\;C:\Program Files\IDM Computer Solutions\UltraEdit;E:\developer_tools\apache-tomcat\apache-tomcat-8.5.24\bin;E:\developer_tools\apache-maven\apache-maven-3.3.9\bin;E:\developer_tools\MySQL\MySQLServer5.5\bin;E:\developer_tools\gradle\gradle-6.5.1\bin;E:\developer_tools\VisualSVNServer\\bin;E:\developer_tools\UltraEdit;E:\developer_tools\TortoiseGit\bin;C:\Program Files\nodejs\;E:\developer_tools\Git\bin;E:\developer_tools\Git\mingw64\libexec\git-core;C:\Users\Administrator\AppData\Local\Microsoft\WindowsApps;;E:\developer_tools\IntelliJ IDEA 2020.1.3\bin;;E:\developer_tools\Microsoft VS Code\bin;C:\Users\Administrator\AppData\Roaming\npm
USERNAME=Administrator
OS=Windows_NT
PROCESSOR_IDENTIFIER=Intel64 Family 6 Model 45 Stepping 7, GenuineIntel



---------------  S Y S T E M  ---------------

OS: Windows 10.0 , 64 bit Build 17763 (10.0.17763.1)

CPU:total 16 (initial active 16) (8 cores per cpu, 2 threads per core) family 6 model 45 stepping 7, cmov, cx8, fxsr, mmx, sse, sse2, sse3, ssse3, sse4.1, sse4.2, popcnt, avx, aes, clmul, ht, tsc, tscinvbit, tscinv

Memory: 4k page, physical 16708572k(3698356k free), swap 29816024k(52168k free)

vm_info: Java HotSpot(TM) 64-Bit Server VM (25.131-b11) for windows-amd64 JRE (1.8.0_131-b11), built on Mar 15 2017 01:23:53 by "java_re" with MS VC++ 10.0 (VS2010)

time: Mon Nov 02 12:01:11 2020
elapsed time: 11 seconds (0d 0h 0m 11s)

