#
# There is insufficient memory for the Java Runtime Environment to continue.
# Native memory allocation (malloc) failed to allocate 784336 bytes for Chunk::new
# Possible reasons:
#   The system is out of physical RAM or swap space
#   In 32 bit mode, the process size limit was hit
# Possible solutions:
#   Reduce memory load on the system
#   Increase physical memory or swap space
#   Check if swap backing store is full
#   Use 64 bit Java on a 64 bit OS
#   Decrease Java heap size (-Xmx/-Xms)
#   Decrease number of Java threads
#   Decrease Java thread stack sizes (-Xss)
#   Set larger code cache with -XX:ReservedCodeCacheSize=
# This output file may be truncated or incomplete.
#
#  Out of Memory Error (allocation.cpp:390), pid=15432, tid=0x0000000000003508
#
# JRE version: Java(TM) SE Runtime Environment (8.0_131-b11) (build 1.8.0_131-b11)
# Java VM: Java HotSpot(TM) 64-Bit Server VM (25.131-b11 mixed mode windows-amd64 compressed oops)
# Failed to write core dump. Minidumps are not enabled by default on client versions of Windows
#

---------------  T H R E A D  ---------------

Current thread (0x000000001e7bb800):  JavaThread "C2 CompilerThread2" daemon [_thread_in_native, id=13576, stack(0x00000000204c0000,0x00000000205c0000)]

Stack: [0x00000000204c0000,0x00000000205c0000]
[error occurred during error reporting (printing stack bounds), id 0xc0000005]

Native frames: (J=compiled Java code, j=interpreted, Vv=VM code, C=native code)


Current CompileTask:
C2:  15385 1660       4       java.net.URLClassLoader$1::run (5 bytes)


---------------  P R O C E S S  ---------------

Java Threads: ( => current thread )
  0x000000001e7d7000 JavaThread "Service Thread" daemon [_thread_blocked, id=20156, stack(0x0000000020ec0000,0x0000000020fc0000)]
  0x000000001e7d4000 JavaThread "C1 CompilerThread11" daemon [_thread_blocked, id=20120, stack(0x0000000020dc0000,0x0000000020ec0000)]
  0x000000001e7d3800 JavaThread "C1 CompilerThread10" daemon [_thread_blocked, id=18936, stack(0x0000000020cc0000,0x0000000020dc0000)]
  0x000000001e7d0800 JavaThread "C1 CompilerThread9" daemon [_thread_blocked, id=628, stack(0x0000000020bc0000,0x0000000020cc0000)]
  0x000000001e7d0000 JavaThread "C1 CompilerThread8" daemon [_thread_blocked, id=15168, stack(0x0000000020ac0000,0x0000000020bc0000)]
  0x000000001e7cc000 JavaThread "C2 CompilerThread7" daemon [_thread_blocked, id=19464, stack(0x00000000209c0000,0x0000000020ac0000)]
  0x000000001e7cb000 JavaThread "C2 CompilerThread6" daemon [_thread_blocked, id=1516, stack(0x00000000208c0000,0x00000000209c0000)]
  0x000000001e7c8000 JavaThread "C2 CompilerThread5" daemon [_thread_blocked, id=6132, stack(0x00000000207c0000,0x00000000208c0000)]
  0x000000001e7bf800 JavaThread "C2 CompilerThread4" daemon [_thread_blocked, id=11924, stack(0x00000000206c0000,0x00000000207c0000)]
  0x000000001e7be800 JavaThread "C2 CompilerThread3" daemon [_thread_blocked, id=20112, stack(0x00000000205c0000,0x00000000206c0000)]
=>0x000000001e7bb800 JavaThread "C2 CompilerThread2" daemon [_thread_in_native, id=13576, stack(0x00000000204c0000,0x00000000205c0000)]
  0x000000001e784800 JavaThread "C2 CompilerThread1" daemon [_thread_blocked, id=16844, stack(0x00000000203c0000,0x00000000204c0000)]
  0x000000001e717800 JavaThread "C2 CompilerThread0" daemon [_thread_in_native, id=13548, stack(0x00000000202c0000,0x00000000203c0000)]
  0x000000001e773000 JavaThread "Attach Listener" daemon [_thread_blocked, id=2540, stack(0x00000000201c0000,0x00000000202c0000)]
  0x000000001e76d800 JavaThread "Signal Dispatcher" daemon [_thread_blocked, id=15540, stack(0x00000000200c0000,0x00000000201c0000)]
  0x000000001cc89000 JavaThread "Finalizer" daemon [_thread_blocked, id=21484, stack(0x000000001ff60000,0x0000000020060000)]
  0x000000001cc81800 JavaThread "Reference Handler" daemon [_thread_blocked, id=9988, stack(0x000000001fe60000,0x000000001ff60000)]
  0x0000000002afe000 JavaThread "main" [_thread_blocked, id=18620, stack(0x0000000002990000,0x0000000002a90000)]

Other Threads:
  0x000000001e6d4000 VMThread [stack: 0x000000001fd60000,0x000000001fe60000] [id=15184]
  0x000000001e7dc800 WatcherThread [stack: 0x0000000020fc0000,0x00000000210c0000] [id=20140]

VM state:at safepoint (normal execution)

VM Mutex/Monitor currently owned by a thread:  ([mutex/lock_event])
[0x0000000002afcd50] Threads_lock - owner thread: 0x000000001e6d4000
[0x0000000002afd9d0] Heap_lock - owner thread: 0x0000000002afe000

Heap:
 PSYoungGen      total 76288K, used 40357K [0x000000076b000000, 0x0000000774500000, 0x00000007c0000000)
  eden space 65536K, 46% used [0x000000076b000000,0x000000076cdf60c0,0x000000076f000000)
  from space 10752K, 90% used [0x000000076f000000,0x000000076f9736b0,0x000000076fa80000)
  to   space 10752K, 32% used [0x0000000773a80000,0x0000000773dea080,0x0000000774500000)
 ParOldGen       total 175104K, used 8K [0x00000006c1000000, 0x00000006cbb00000, 0x000000076b000000)
  object space 175104K, 0% used [0x00000006c1000000,0x00000006c1002000,0x00000006cbb00000)
 Metaspace       used 14661K, capacity 14904K, committed 14976K, reserved 1067008K
  class space    used 1798K, capacity 1908K, committed 1920K, reserved 1048576K

Card table byte_map: [0x00000000120c0000,0x00000000128c0000] byte_map_base: 0x000000000eab8000

Marking Bits: (ParMarkBitMap*) 0x00000000684cc720
 Begin Bits: [0x0000000013b10000, 0x0000000017ad0000)
 End Bits:   [0x0000000017ad0000, 0x000000001ba90000)

Polling page: 0x0000000000b40000

CodeCache: size=245760Kb used=7976Kb max_used=7976Kb free=237784Kb
 bounds [0x0000000002d00000, 0x00000000034d0000, 0x0000000011d00000]
 total_blobs=2189 nmethods=1830 adapters=268
 compilation: enabled

Compilation events (10 events):
Event: 15.301 Thread 0x000000001e7d3800 1828       1       sun.misc.URLClassPath$JarLoader$2::getURL (5 bytes)
Event: 15.301 Thread 0x000000001e7d3800 nmethod 1828 0x00000000034b5550 code [0x00000000034b56a0, 0x00000000034b57b0]
Event: 15.333 Thread 0x000000001e7d4000 1829       3       org.apache.maven.model.io.xpp3.MavenXpp3ReaderEx::checkFieldWithDuplicate (75 bytes)
Event: 15.335 Thread 0x000000001e7d4000 nmethod 1829 0x00000000034bf1d0 code [0x00000000034bf420, 0x00000000034c0198]
Event: 15.345 Thread 0x000000001e7d0800 1830       3       java.util.ArrayList::remove (69 bytes)
Event: 15.346 Thread 0x000000001e7d0800 nmethod 1830 0x00000000034be690 code [0x00000000034be840, 0x00000000034beec8]
Event: 15.353 Thread 0x000000001e7d0000 1831       1       org.codehaus.plexus.util.xml.pull.MXParser::getLineNumber (5 bytes)
Event: 15.353 Thread 0x000000001e7d3800 1832       1       org.codehaus.plexus.util.xml.pull.MXParser::getColumnNumber (5 bytes)
Event: 15.353 Thread 0x000000001e7d3800 nmethod 1832 0x00000000034be3d0 code [0x00000000034be520, 0x00000000034be630]
Event: 15.353 Thread 0x000000001e7d0000 nmethod 1831 0x00000000034be110 code [0x00000000034be260, 0x00000000034be370]

GC Heap History (2 events):
Event: 10.950 GC heap before
{Heap before GC invocations=1 (full 0):
 PSYoungGen      total 76288K, used 65536K [0x000000076b000000, 0x0000000770500000, 0x00000007c0000000)
  eden space 65536K, 100% used [0x000000076b000000,0x000000076f000000,0x000000076f000000)
  from space 10752K, 0% used [0x000000076fa80000,0x000000076fa80000,0x0000000770500000)
  to   space 10752K, 0% used [0x000000076f000000,0x000000076f000000,0x000000076fa80000)
 ParOldGen       total 175104K, used 0K [0x00000006c1000000, 0x00000006cbb00000, 0x000000076b000000)
  object space 175104K, 0% used [0x00000006c1000000,0x00000006c1000000,0x00000006cbb00000)
 Metaspace       used 11608K, capacity 11742K, committed 12032K, reserved 1060864K
  class space    used 1410K, capacity 1510K, committed 1536K, reserved 1048576K
Event: 11.400 GC heap after
Heap after GC invocations=1 (full 0):
 PSYoungGen      total 76288K, used 9677K [0x000000076b000000, 0x0000000774500000, 0x00000007c0000000)
  eden space 65536K, 0% used [0x000000076b000000,0x000000076b000000,0x000000076f000000)
  from space 10752K, 90% used [0x000000076f000000,0x000000076f9736b0,0x000000076fa80000)
  to   space 10752K, 0% used [0x0000000773a80000,0x0000000773a80000,0x0000000774500000)
 ParOldGen       total 175104K, used 8K [0x00000006c1000000, 0x00000006cbb00000, 0x000000076b000000)
  object space 175104K, 0% used [0x00000006c1000000,0x00000006c1002000,0x00000006cbb00000)
 Metaspace       used 11608K, capacity 11742K, committed 12032K, reserved 1060864K
  class space    used 1410K, capacity 1510K, committed 1536K, reserved 1048576K
}

Deoptimization events (10 events):
Event: 14.570 Thread 0x0000000002afe000 Uncommon trap: reason=class_check action=maybe_recompile pc=0x0000000003403e3c method=com.google.inject.TypeLiteral.<init>(Ljava/lang/reflect/Type;)V @ 11
Event: 14.571 Thread 0x0000000002afe000 Uncommon trap: reason=class_check action=maybe_recompile pc=0x0000000003403e3c method=com.google.inject.TypeLiteral.<init>(Ljava/lang/reflect/Type;)V @ 11
Event: 14.646 Thread 0x0000000002afe000 Uncommon trap: reason=class_check action=maybe_recompile pc=0x0000000003403e3c method=com.google.inject.TypeLiteral.<init>(Ljava/lang/reflect/Type;)V @ 11
Event: 14.646 Thread 0x0000000002afe000 Uncommon trap: reason=class_check action=maybe_recompile pc=0x0000000003403e3c method=com.google.inject.TypeLiteral.<init>(Ljava/lang/reflect/Type;)V @ 11
Event: 14.665 Thread 0x0000000002afe000 Uncommon trap: reason=unstable_if action=reinterpret pc=0x0000000003444e60 method=org.eclipse.sisu.inject.InjectorBindings.isAssignableFrom(Lcom/google/inject/TypeLiteral;Lcom/google/inject/Binding;)Z @ 14
Event: 14.684 Thread 0x0000000002afe000 Uncommon trap: reason=unstable_if action=reinterpret pc=0x00000000030da20c method=sun.misc.MetaIndex.mayContain(Ljava/lang/String;)Z @ 38
Event: 15.245 Thread 0x0000000002afe000 Uncommon trap: reason=unstable_if action=reinterpret pc=0x000000000316d6f0 method=sun.nio.cs.UTF_8$Decoder.decodeArrayLoop(Ljava/nio/ByteBuffer;Ljava/nio/CharBuffer;)Ljava/nio/charset/CoderResult; @ 84
Event: 15.293 Thread 0x0000000002afe000 Uncommon trap: reason=unstable_if action=reinterpret pc=0x00000000030f7f14 method=java.lang.AbstractStringBuilder.append(Ljava/lang/String;)Ljava/lang/AbstractStringBuilder; @ 1
Event: 15.293 Thread 0x0000000002afe000 Uncommon trap: reason=unstable_if action=reinterpret pc=0x00000000030ad788 method=java.lang.AbstractStringBuilder.append(Ljava/lang/String;)Ljava/lang/AbstractStringBuilder; @ 1
Event: 15.351 Thread 0x0000000002afe000 Uncommon trap: reason=unstable_if action=reinterpret pc=0x00000000030855a4 method=java.lang.String.replace(CC)Ljava/lang/String; @ 2

Internal exceptions (10 events):
Event: 14.143 Thread 0x0000000002afe000 Exception <a 'java/lang/NoClassDefFoundError'> (0x000000076c169d90) thrown at [C:\re\workspace\8-2-build-windows-amd64-cygwin\jdk8u131\8869\hotspot\src\share\vm\prims\jvm.cpp, line 1394]
Event: 14.144 Thread 0x0000000002afe000 Exception <a 'java/lang/NoClassDefFoundError': javax/annotation/Priority> (0x000000076c16e9f8) thrown at [C:\re\workspace\8-2-build-windows-amd64-cygwin\jdk8u131\8869\hotspot\src\share\vm\classfile\systemDictionary.cpp, line 199]
Event: 15.022 Thread 0x0000000002afe000 Exception <a 'java/lang/NullPointerException'> (0x000000076cb22440) thrown at [C:\re\workspace\8-2-build-windows-amd64-cygwin\jdk8u131\8869\hotspot\src\share\vm\interpreter\linkResolver.cpp, line 1197]
Event: 15.023 Thread 0x0000000002afe000 Exception <a 'java/lang/NullPointerException'> (0x000000076cb22658) thrown at [C:\re\workspace\8-2-build-windows-amd64-cygwin\jdk8u131\8869\hotspot\src\share\vm\interpreter\linkResolver.cpp, line 1197]
Event: 15.023 Thread 0x0000000002afe000 Exception <a 'java/lang/NullPointerException'> (0x000000076cb22870) thrown at [C:\re\workspace\8-2-build-windows-amd64-cygwin\jdk8u131\8869\hotspot\src\share\vm\interpreter\linkResolver.cpp, line 1197]
Event: 15.024 Thread 0x0000000002afe000 Exception <a 'java/lang/NullPointerException'> (0x000000076cb2a140) thrown at [C:\re\workspace\8-2-build-windows-amd64-cygwin\jdk8u131\8869\hotspot\src\share\vm\interpreter\linkResolver.cpp, line 1197]
Event: 15.024 Thread 0x0000000002afe000 Exception <a 'java/lang/NullPointerException'> (0x000000076cb2a358) thrown at [C:\re\workspace\8-2-build-windows-amd64-cygwin\jdk8u131\8869\hotspot\src\share\vm\interpreter\linkResolver.cpp, line 1197]
Event: 15.024 Thread 0x0000000002afe000 Exception <a 'java/lang/NullPointerException'> (0x000000076cb2a570) thrown at [C:\re\workspace\8-2-build-windows-amd64-cygwin\jdk8u131\8869\hotspot\src\share\vm\interpreter\linkResolver.cpp, line 1197]
Event: 15.293 Thread 0x0000000002afe000 Implicit null exception at 0x00000000030f7b56 to 0x00000000030f7ef9
Event: 15.293 Thread 0x0000000002afe000 Implicit null exception at 0x00000000030ad3d6 to 0x00000000030ad771

Events (10 events):
Event: 15.348 loading class org/apache/maven/model/building/ModelCacheTag$1 done
Event: 15.349 loading class org/apache/maven/model/building/ModelCacheTag$2
Event: 15.349 loading class org/apache/maven/model/building/ModelCacheTag$2 done
Event: 15.351 loading class org/apache/maven/project/ReactorModelCache$CacheKey
Event: 15.351 loading class org/apache/maven/project/ReactorModelCache$CacheKey done
Event: 15.351 Thread 0x0000000002afe000 Uncommon trap: trap_request=0xffffff65 fr.pc=0x00000000030855a4
Event: 15.351 Thread 0x0000000002afe000 DEOPT PACKING pc=0x00000000030855a4 sp=0x0000000002a8dc30
Event: 15.351 Thread 0x0000000002afe000 DEOPT UNPACKING pc=0x0000000002d4582a sp=0x0000000002a8dbb8 mode 2
Event: 15.353 loading class org/apache/maven/model/DependencyManagement
Event: 15.353 loading class org/apache/maven/model/DependencyManagement done


Dynamic libraries:
0x00007ff7b82c0000 - 0x00007ff7b82f7000 	E:\developer_tools\Java\jdk1.8.0_131\bin\java.exe
0x00007ffcf3aa0000 - 0x00007ffcf3c8d000 	C:\Windows\SYSTEM32\ntdll.dll
0x00007ffcf0cd0000 - 0x00007ffcf0d83000 	C:\Windows\System32\KERNEL32.DLL
0x00007ffcf0890000 - 0x00007ffcf0b23000 	C:\Windows\System32\KERNELBASE.dll
0x00007ffcf1790000 - 0x00007ffcf1833000 	C:\Windows\System32\ADVAPI32.DLL
0x00007ffcf2d30000 - 0x00007ffcf2dce000 	C:\Windows\System32\msvcrt.dll
0x00007ffcf0d90000 - 0x00007ffcf0e2e000 	C:\Windows\System32\sechost.dll
0x00007ffcf15b0000 - 0x00007ffcf16d3000 	C:\Windows\System32\RPCRT4.dll
0x00007ffcf1410000 - 0x00007ffcf15a7000 	C:\Windows\System32\USER32.dll
0x00007ffcefb70000 - 0x00007ffcefb90000 	C:\Windows\System32\win32u.dll
0x00007ffcf3410000 - 0x00007ffcf3439000 	C:\Windows\System32\GDI32.dll
0x00007ffcf0b30000 - 0x00007ffcf0cca000 	C:\Windows\System32\gdi32full.dll
0x00007ffcefbf0000 - 0x00007ffcefc90000 	C:\Windows\System32\msvcp_win.dll
0x00007ffcf06c0000 - 0x00007ffcf07bc000 	C:\Windows\System32\ucrtbase.dll
0x00007ffce6150000 - 0x00007ffce63c9000 	C:\Windows\WinSxS\amd64_microsoft.windows.common-controls_6595b64144ccf1df_6.0.17763.107_none_05b63884071e656e\COMCTL32.dll
0x00007ffcf10d0000 - 0x00007ffcf13fe000 	C:\Windows\System32\combase.dll
0x00007ffcf07c0000 - 0x00007ffcf083e000 	C:\Windows\System32\bcryptPrimitives.dll
0x00007ffcf16e0000 - 0x00007ffcf170e000 	C:\Windows\System32\IMM32.DLL
0x0000000068550000 - 0x0000000068622000 	E:\developer_tools\Java\jdk1.8.0_131\jre\bin\msvcr100.dll
0x0000000067cb0000 - 0x000000006854c000 	E:\developer_tools\Java\jdk1.8.0_131\jre\bin\server\jvm.dll
0x00007ffcf37f0000 - 0x00007ffcf37f8000 	C:\Windows\System32\PSAPI.DLL
0x00007ffce5010000 - 0x00007ffce5019000 	C:\Windows\SYSTEM32\WSOCK32.dll
0x00007ffcf1060000 - 0x00007ffcf10cd000 	C:\Windows\System32\WS2_32.dll
0x00007ffcedc90000 - 0x00007ffcedcb4000 	C:\Windows\SYSTEM32\WINMM.dll
0x00007ffceafe0000 - 0x00007ffceafea000 	C:\Windows\SYSTEM32\VERSION.dll
0x00007ffcedb40000 - 0x00007ffcedb6d000 	C:\Windows\SYSTEM32\WINMMBASE.dll
0x00007ffcf0670000 - 0x00007ffcf06ba000 	C:\Windows\System32\cfgmgr32.dll
0x0000000067ca0000 - 0x0000000067caf000 	E:\developer_tools\Java\jdk1.8.0_131\jre\bin\verify.dll
0x0000000067c70000 - 0x0000000067c99000 	E:\developer_tools\Java\jdk1.8.0_131\jre\bin\java.dll
0x0000000067c50000 - 0x0000000067c66000 	E:\developer_tools\Java\jdk1.8.0_131\jre\bin\zip.dll
0x00007ffcf1840000 - 0x00007ffcf2d2f000 	C:\Windows\System32\SHELL32.dll
0x00007ffcf2ee0000 - 0x00007ffcf2f88000 	C:\Windows\System32\shcore.dll
0x00007ffcefc90000 - 0x00007ffcf03d8000 	C:\Windows\System32\windows.storage.dll
0x00007ffcefac0000 - 0x00007ffcefae4000 	C:\Windows\System32\profapi.dll
0x00007ffcefb10000 - 0x00007ffcefb6d000 	C:\Windows\System32\powrprof.dll
0x00007ffcf3440000 - 0x00007ffcf3492000 	C:\Windows\System32\shlwapi.dll
0x00007ffcefaf0000 - 0x00007ffcefb01000 	C:\Windows\System32\kernel.appcore.dll
0x00007ffcf0870000 - 0x00007ffcf0887000 	C:\Windows\System32\cryptsp.dll
0x00007ffceee90000 - 0x00007ffceeec3000 	C:\Windows\system32\rsaenh.dll
0x00007ffcf0840000 - 0x00007ffcf0866000 	C:\Windows\System32\bcrypt.dll
0x00007ffcef9a0000 - 0x00007ffcef9c8000 	C:\Windows\SYSTEM32\USERENV.dll
0x00007ffcef500000 - 0x00007ffcef50c000 	C:\Windows\SYSTEM32\CRYPTBASE.dll
0x0000000067c30000 - 0x0000000067c4a000 	E:\developer_tools\Java\jdk1.8.0_131\jre\bin\net.dll
0x00007ffcef330000 - 0x00007ffcef397000 	C:\Windows\system32\mswsock.dll
0x00007ffcef090000 - 0x00007ffcef0cd000 	C:\Windows\SYSTEM32\IPHLPAPI.DLL
0x00007ffcf3a60000 - 0x00007ffcf3a68000 	C:\Windows\System32\NSI.dll
0x00007ffce9d70000 - 0x00007ffce9d86000 	C:\Windows\SYSTEM32\dhcpcsvc6.DLL
0x00007ffce9d50000 - 0x00007ffce9d6c000 	C:\Windows\SYSTEM32\dhcpcsvc.DLL
0x00007ffcef0d0000 - 0x00007ffcef196000 	C:\Windows\SYSTEM32\DNSAPI.dll
0x0000000067c10000 - 0x0000000067c21000 	E:\developer_tools\Java\jdk1.8.0_131\jre\bin\nio.dll
0x00007ffcdd740000 - 0x00007ffcdd74a000 	C:\Users\Administrator\AppData\Local\Temp\jansi-1.17.1-5819650645379266879.dll
0x00007ffcdb980000 - 0x00007ffcdb98a000 	C:\Users\Administrator\AppData\Local\Temp\jansi-1.17.1-3112941573927316359.dll

VM Arguments:
jvm_args: -Dmaven.multiModuleProjectDirectory=F:\IdeaProjects\gmall20190311\gmall-list-web -Dmaven.home=E:\developer_tools\IntelliJ IDEA 2020.1.3\plugins\maven\lib\maven3 -Dclassworlds.conf=E:\developer_tools\IntelliJ IDEA 2020.1.3\plugins\maven\lib\maven3\bin\m2.conf -Dmaven.ext.class.path=E:\developer_tools\IntelliJ IDEA 2020.1.3\plugins\maven\lib\maven-event-listener.jar -Dfile.encoding=UTF-8 
java_command: org.codehaus.classworlds.Launcher -Didea.version=2020.2 -s E:\developer_tools\apache-maven\apache-maven-3.3.9\conf\settings.xml compile
java_class_path (initial): E:\developer_tools\IntelliJ IDEA 2020.1.3\plugins\maven\lib\maven3\boot\plexus-classworlds-2.6.0.jar;E:\developer_tools\IntelliJ IDEA 2020.1.3\plugins\maven\lib\maven3\boot\plexus-classworlds.license
Launcher Type: SUN_STANDARD

Environment Variables:
JAVA_HOME=E:\developer_tools\Java\jdk1.8.0_131
PATH=E:\developer_tools\Java\jdk1.8.0_131\bin;C:\Windows\system32;C:\Windows;C:\Windows\System32\Wbem;C:\Windows\System32\WindowsPowerShell\v1.0\;C:\Program Files\IDM Computer Solutions\UltraEdit;E:\developer_tools\apache-tomcat\apache-tomcat-8.5.24\bin;E:\developer_tools\apache-maven\apache-maven-3.3.9\bin;E:\developer_tools\MySQL\MySQLServer5.5\bin;E:\developer_tools\gradle\gradle-6.5.1\bin;E:\developer_tools\VisualSVNServer\\bin;E:\developer_tools\UltraEdit;E:\developer_tools\TortoiseGit\bin;C:\Program Files\nodejs\;E:\developer_tools\Git\bin;E:\developer_tools\Git\mingw64\libexec\git-core;C:\Users\Administrator\AppData\Local\Microsoft\WindowsApps;;E:\developer_tools\IntelliJ IDEA 2020.1.3\bin;;E:\developer_tools\Microsoft VS Code\bin;C:\Users\Administrator\AppData\Roaming\npm
USERNAME=Administrator
OS=Windows_NT
PROCESSOR_IDENTIFIER=Intel64 Family 6 Model 45 Stepping 7, GenuineIntel



---------------  S Y S T E M  ---------------

OS: Windows 10.0 , 64 bit Build 17763 (10.0.17763.1)

CPU:total 16 (initial active 16) (8 cores per cpu, 2 threads per core) family 6 model 45 stepping 7, cmov, cx8, fxsr, mmx, sse, sse2, sse3, ssse3, sse4.1, sse4.2, popcnt, avx, aes, clmul, ht, tsc, tscinvbit, tscinv

Memory: 4k page, physical 16708572k(3698572k free), swap 29816024k(52168k free)

vm_info: Java HotSpot(TM) 64-Bit Server VM (25.131-b11) for windows-amd64 JRE (1.8.0_131-b11), built on Mar 15 2017 01:23:53 by "java_re" with MS VC++ 10.0 (VS2010)

time: Mon Nov 02 12:01:11 2020
elapsed time: 15 seconds (0d 0h 0m 15s)

