#
# There is insufficient memory for the Java Runtime Environment to continue.
# Native memory allocation (malloc) failed to allocate 390112 bytes for Chunk::new
# Possible reasons:
#   The system is out of physical RAM or swap space
#   In 32 bit mode, the process size limit was hit
# Possible solutions:
#   Reduce memory load on the system
#   Increase physical memory or swap space
#   Check if swap backing store is full
#   Use 64 bit Java on a 64 bit OS
#   Decrease Java heap size (-Xmx/-Xms)
#   Decrease number of Java threads
#   Decrease Java thread stack sizes (-Xss)
#   Set larger code cache with -XX:ReservedCodeCacheSize=
# This output file may be truncated or incomplete.
#
#  Out of Memory Error (allocation.cpp:390), pid=18964, tid=0x0000000000003ba8
#
# JRE version: Java(TM) SE Runtime Environment (8.0_131-b11) (build 1.8.0_131-b11)
# Java VM: Java HotSpot(TM) 64-Bit Server VM (25.131-b11 mixed mode windows-amd64 compressed oops)
# Failed to write core dump. Minidumps are not enabled by default on client versions of Windows
#

---------------  T H R E A D  ---------------

Current thread (0x000000001ebe8000):  JavaThread "C2 CompilerThread5" daemon [_thread_in_native, id=15272, stack(0x0000000020c40000,0x0000000020d40000)]

Stack: [0x0000000020c40000,0x0000000020d40000]
[error occurred during error reporting (printing stack bounds), id 0xc0000005]

Native frames: (J=compiled Java code, j=interpreted, Vv=VM code, C=native code)


Current CompileTask:
C2:   3345  384       4       java.io.WinNTFileSystem::normalize (143 bytes)


---------------  P R O C E S S  ---------------

Java Threads: ( => current thread )
  0x000000001ec53000 JavaThread "Service Thread" daemon [_thread_blocked, id=13808, stack(0x0000000021440000,0x0000000021540000)]
  0x000000001ec51000 JavaThread "C1 CompilerThread11" daemon [_thread_blocked, id=10132, stack(0x0000000021340000,0x0000000021440000)]
  0x000000001ec50000 JavaThread "C1 CompilerThread10" daemon [_thread_blocked, id=12252, stack(0x0000000021240000,0x0000000021340000)]
  0x000000001ec4d800 JavaThread "C1 CompilerThread9" daemon [_thread_blocked, id=3588, stack(0x0000000021140000,0x0000000021240000)]
  0x000000001ec49000 JavaThread "C1 CompilerThread8" daemon [_thread_blocked, id=19460, stack(0x0000000020f40000,0x0000000021040000)]
  0x000000001ec44800 JavaThread "C2 CompilerThread7" daemon [_thread_blocked, id=11152, stack(0x0000000020e40000,0x0000000020f40000)]
  0x000000001ec43800 JavaThread "C2 CompilerThread6" daemon [_thread_blocked, id=19788, stack(0x0000000020d40000,0x0000000020e40000)]
=>0x000000001ebe8000 JavaThread "C2 CompilerThread5" daemon [_thread_in_native, id=15272, stack(0x0000000020c40000,0x0000000020d40000)]
  0x000000001ebe7800 JavaThread "C2 CompilerThread4" daemon [_thread_blocked, id=18748, stack(0x0000000020b40000,0x0000000020c40000)]
  0x000000001ebe6800 JavaThread "C2 CompilerThread3" daemon [_thread_blocked, id=20116, stack(0x0000000020a40000,0x0000000020b40000)]
  0x000000001ebe4000 JavaThread "C2 CompilerThread2" daemon [_thread_blocked, id=9448, stack(0x0000000020940000,0x0000000020a40000)]
  0x000000001ebe1800 JavaThread "C2 CompilerThread1" daemon [_thread_blocked, id=1168, stack(0x0000000020840000,0x0000000020940000)]
  0x000000001ebe0000 JavaThread "C2 CompilerThread0" daemon [_thread_blocked, id=3892, stack(0x0000000020740000,0x0000000020840000)]
  0x000000001ebdf800 JavaThread "Attach Listener" daemon [_thread_blocked, id=1884, stack(0x0000000020640000,0x0000000020740000)]
  0x000000001eb86000 JavaThread "Signal Dispatcher" daemon [_thread_blocked, id=16224, stack(0x0000000020540000,0x0000000020640000)]
  0x000000001d116800 JavaThread "Finalizer" daemon [_thread_blocked, id=6940, stack(0x00000000203e0000,0x00000000204e0000)]
  0x000000001d10f800 JavaThread "Reference Handler" daemon [_thread_blocked, id=1276, stack(0x00000000202e0000,0x00000000203e0000)]
  0x0000000003043000 JavaThread "main" [_thread_in_vm, id=18016, stack(0x0000000002f40000,0x0000000003040000)]

Other Threads:
  0x000000001eb42000 VMThread [stack: 0x00000000201e0000,0x00000000202e0000] [id=7192]
  0x000000001ec94800 WatcherThread [stack: 0x0000000021540000,0x0000000021640000] [id=17012]

VM state:not at safepoint (normal execution)

VM Mutex/Monitor currently owned by a thread:  ([mutex/lock_event])
[0x000000000299be80] Patching_lock - owner thread: 0x0000000000000000

Heap:
 PSYoungGen      total 76288K, used 17057K [0x000000076b000000, 0x0000000770500000, 0x00000007c0000000)
  eden space 65536K, 26% used [0x000000076b000000,0x000000076c0a8650,0x000000076f000000)
  from space 10752K, 0% used [0x000000076fa80000,0x000000076fa80000,0x0000000770500000)
  to   space 10752K, 0% used [0x000000076f000000,0x000000076f000000,0x000000076fa80000)
 ParOldGen       total 175104K, used 0K [0x00000006c1000000, 0x00000006cbb00000, 0x000000076b000000)
  object space 175104K, 0% used [0x00000006c1000000,0x00000006c1000000,0x00000006cbb00000)
 Metaspace       used 5727K, capacity 5858K, committed 6144K, reserved 1056768K
  class space    used 662K, capacity 693K, committed 768K, reserved 1048576K

Card table byte_map: [0x0000000012500000,0x0000000012d00000] byte_map_base: 0x000000000eef8000

Marking Bits: (ParMarkBitMap*) 0x000000006da4c720
 Begin Bits: [0x0000000013f50000, 0x0000000017f10000)
 End Bits:   [0x0000000017f10000, 0x000000001bed0000)

Polling page: 0x0000000000fe0000

CodeCache: size=245760Kb used=3867Kb max_used=3875Kb free=241892Kb
 bounds [0x0000000003140000, 0x0000000003510000, 0x0000000012140000]
 total_blobs=684 nmethods=403 adapters=191
 compilation: enabled

Compilation events (10 events):
Event: 3.306 Thread 0x000000001ec51000  400       3       sun.util.locale.LocaleUtils::isUpper (18 bytes)
Event: 3.306 Thread 0x000000001ec51000 nmethod 400 0x0000000003504c10 code [0x0000000003504d60, 0x0000000003504f30]
Event: 3.322 Thread 0x000000001ec4d800  401       3       java.util.StringTokenizer::hasMoreTokens (29 bytes)
Event: 3.322 Thread 0x000000001ec49000  402       3       java.util.StringTokenizer::nextToken (92 bytes)
Event: 3.322 Thread 0x000000001ec4d800 nmethod 401 0x0000000003504f90 code [0x0000000003505100, 0x0000000003505308]
Event: 3.323 Thread 0x000000001ec49000 nmethod 402 0x0000000003505390 code [0x0000000003505540, 0x0000000003505938]
Event: 3.334 Thread 0x000000001ec44800  403  s    4       java.io.BufferedInputStream::read (49 bytes)
Event: 3.334 Thread 0x000000001ec49000  404       3       java.io.DataInputStream::readInt (72 bytes)
Event: 3.335 Thread 0x000000001ec49000 nmethod 404 0x0000000003505a90 code [0x0000000003505c40, 0x00000000035061a8]
Event: 3.337 Thread 0x000000001ec44800 nmethod 403 0x00000000035093d0 code [0x0000000003509520, 0x0000000003509928]

GC Heap History (0 events):
No events

Deoptimization events (3 events):
Event: 3.064 Thread 0x0000000003043000 Uncommon trap: reason=unstable_if action=reinterpret pc=0x00000000034b2c44 method=java.lang.String.indexOf([CII[CIII)I @ 123
Event: 3.065 Thread 0x0000000003043000 Uncommon trap: reason=unstable_if action=reinterpret pc=0x00000000034a8184 method=java.lang.String.indexOf([CII[CIII)I @ 123
Event: 3.196 Thread 0x0000000003043000 Uncommon trap: reason=unstable_if action=reinterpret pc=0x00000000034d400c method=sun.misc.MetaIndex.mayContain(Ljava/lang/String;)Z @ 13

Internal exceptions (7 events):
Event: 0.861 Thread 0x0000000003043000 Exception <a 'java/lang/NoSuchMethodError': Method sun.misc.Unsafe.defineClass(Ljava/lang/String;[BII)Ljava/lang/Class; name or signature does not match> (0x000000076b007ca8) thrown at [C:\re\workspace\8-2-build-windows-amd64-cygwin\jdk8u131\8869\hotspot\
Event: 0.861 Thread 0x0000000003043000 Exception <a 'java/lang/NoSuchMethodError': Method sun.misc.Unsafe.prefetchRead(Ljava/lang/Object;J)V name or signature does not match> (0x000000076b007f90) thrown at [C:\re\workspace\8-2-build-windows-amd64-cygwin\jdk8u131\8869\hotspot\src\share\vm\prims
Event: 3.083 Thread 0x0000000003043000 Exception <a 'java/security/PrivilegedActionException'> (0x000000076bdc2e68) thrown at [C:\re\workspace\8-2-build-windows-amd64-cygwin\jdk8u131\8869\hotspot\src\share\vm\prims\jvm.cpp, line 1390]
Event: 3.083 Thread 0x0000000003043000 Exception <a 'java/security/PrivilegedActionException'> (0x000000076bdc3260) thrown at [C:\re\workspace\8-2-build-windows-amd64-cygwin\jdk8u131\8869\hotspot\src\share\vm\prims\jvm.cpp, line 1390]
Event: 3.084 Thread 0x0000000003043000 Exception <a 'java/security/PrivilegedActionException'> (0x000000076bdc6590) thrown at [C:\re\workspace\8-2-build-windows-amd64-cygwin\jdk8u131\8869\hotspot\src\share\vm\prims\jvm.cpp, line 1390]
Event: 3.084 Thread 0x0000000003043000 Exception <a 'java/security/PrivilegedActionException'> (0x000000076bdc6988) thrown at [C:\re\workspace\8-2-build-windows-amd64-cygwin\jdk8u131\8869\hotspot\src\share\vm\prims\jvm.cpp, line 1390]
Event: 3.192 Thread 0x0000000003043000 Exception <a 'java/io/FileNotFoundException'> (0x000000076bf28a70) thrown at [C:\re\workspace\8-2-build-windows-amd64-cygwin\jdk8u131\8869\hotspot\src\share\vm\prims\jni.cpp, line 709]

Events (10 events):
Event: 3.333 loading class java/util/Currency$1
Event: 3.333 loading class java/util/Currency$1 done
Event: 3.335 loading class sun/util/locale/provider/CurrencyNameProviderImpl
Event: 3.335 loading class sun/util/locale/provider/CurrencyNameProviderImpl done
Event: 3.336 loading class java/util/Currency$CurrencyNameGetter
Event: 3.336 loading class java/util/Currency$CurrencyNameGetter done
Event: 3.336 loading class sun/util/resources/CurrencyNames
Event: 3.337 loading class sun/util/resources/CurrencyNames done
Event: 3.337 loading class sun/util/resources/zh/CurrencyNames_zh_CN
Event: 3.337 loading class sun/util/resources/zh/CurrencyNames_zh_CN done


Dynamic libraries:
0x00007ff762340000 - 0x00007ff762377000 	E:\developer_tools\Java\jdk1.8.0_131\jre\bin\java.exe
0x00007ffc3d9e0000 - 0x00007ffc3dbcd000 	C:\Windows\SYSTEM32\ntdll.dll
0x00007ffc3be70000 - 0x00007ffc3bf23000 	C:\Windows\System32\KERNEL32.DLL
0x00007ffc3a7c0000 - 0x00007ffc3aa53000 	C:\Windows\System32\KERNELBASE.dll
0x00007ffc3b160000 - 0x00007ffc3b203000 	C:\Windows\System32\ADVAPI32.DLL
0x00007ffc3b570000 - 0x00007ffc3b60e000 	C:\Windows\System32\msvcrt.dll
0x00007ffc3bc30000 - 0x00007ffc3bcce000 	C:\Windows\System32\sechost.dll
0x00007ffc3acf0000 - 0x00007ffc3ae13000 	C:\Windows\System32\RPCRT4.dll
0x00007ffc3b610000 - 0x00007ffc3b7a7000 	C:\Windows\System32\USER32.dll
0x00007ffc3a680000 - 0x00007ffc3a6a0000 	C:\Windows\System32\win32u.dll
0x00007ffc3c060000 - 0x00007ffc3c089000 	C:\Windows\System32\GDI32.dll
0x00007ffc39ab0000 - 0x00007ffc39c4a000 	C:\Windows\System32\gdi32full.dll
0x00007ffc3aa60000 - 0x00007ffc3ab00000 	C:\Windows\System32\msvcp_win.dll
0x00007ffc3a6a0000 - 0x00007ffc3a79c000 	C:\Windows\System32\ucrtbase.dll
0x00007ffc300f0000 - 0x00007ffc30369000 	C:\Windows\WinSxS\amd64_microsoft.windows.common-controls_6595b64144ccf1df_6.0.17763.107_none_05b63884071e656e\COMCTL32.dll
0x00007ffc3c190000 - 0x00007ffc3c4be000 	C:\Windows\System32\combase.dll
0x00007ffc3ab00000 - 0x00007ffc3ab7e000 	C:\Windows\System32\bcryptPrimitives.dll
0x00007ffc3be30000 - 0x00007ffc3be5e000 	C:\Windows\System32\IMM32.DLL
0x000000006dad0000 - 0x000000006dba2000 	E:\developer_tools\Java\jdk1.8.0_131\jre\bin\msvcr100.dll
0x000000006d230000 - 0x000000006dacc000 	E:\developer_tools\Java\jdk1.8.0_131\jre\bin\server\jvm.dll
0x00007ffc3ae20000 - 0x00007ffc3ae28000 	C:\Windows\System32\PSAPI.DLL
0x00007ffc2af70000 - 0x00007ffc2af79000 	C:\Windows\SYSTEM32\WSOCK32.dll
0x00007ffc3ac10000 - 0x00007ffc3ac7d000 	C:\Windows\System32\WS2_32.dll
0x00007ffc37650000 - 0x00007ffc37674000 	C:\Windows\SYSTEM32\WINMM.dll
0x00007ffc34e90000 - 0x00007ffc34e9a000 	C:\Windows\SYSTEM32\VERSION.dll
0x00007ffc36e90000 - 0x00007ffc36ebd000 	C:\Windows\SYSTEM32\WINMMBASE.dll
0x00007ffc3a630000 - 0x00007ffc3a67a000 	C:\Windows\System32\cfgmgr32.dll
0x000000006d220000 - 0x000000006d22f000 	E:\developer_tools\Java\jdk1.8.0_131\jre\bin\verify.dll
0x000000006d1f0000 - 0x000000006d219000 	E:\developer_tools\Java\jdk1.8.0_131\jre\bin\java.dll
0x000000006d1d0000 - 0x000000006d1e6000 	E:\developer_tools\Java\jdk1.8.0_131\jre\bin\zip.dll
0x00007ffc3c4c0000 - 0x00007ffc3d9af000 	C:\Windows\System32\SHELL32.dll
0x00007ffc3b0b0000 - 0x00007ffc3b158000 	C:\Windows\System32\shcore.dll
0x00007ffc39c50000 - 0x00007ffc3a398000 	C:\Windows\System32\windows.storage.dll
0x00007ffc39a20000 - 0x00007ffc39a44000 	C:\Windows\System32\profapi.dll
0x00007ffc39a50000 - 0x00007ffc39aad000 	C:\Windows\System32\powrprof.dll
0x00007ffc3b210000 - 0x00007ffc3b262000 	C:\Windows\System32\shlwapi.dll
0x00007ffc39a00000 - 0x00007ffc39a11000 	C:\Windows\System32\kernel.appcore.dll
0x00007ffc3a7a0000 - 0x00007ffc3a7b7000 	C:\Windows\System32\cryptsp.dll

VM Arguments:
java_command: F:\IdeaProjects\gmall20190311\gware-manage\target\surefire\surefirebooter660360739611265572.jar F:\IdeaProjects\gmall20190311\gware-manage\target\surefire\surefire3670841041641363046tmp F:\IdeaProjects\gmall20190311\gware-manage\target\surefire\surefire_01929337337256561344tmp
java_class_path (initial): F:\IdeaProjects\gmall20190311\gware-manage\target\surefire\surefirebooter660360739611265572.jar
Launcher Type: SUN_STANDARD

Environment Variables:
JAVA_HOME=E:\developer_tools\Java\jdk1.8.0_131
PATH=E:\developer_tools\Java\jdk1.8.0_131\bin;C:\Windows\system32;C:\Windows;C:\Windows\System32\Wbem;C:\Windows\System32\WindowsPowerShell\v1.0\;C:\Program Files\IDM Computer Solutions\UltraEdit;E:\developer_tools\apache-tomcat\apache-tomcat-8.5.24\bin;E:\developer_tools\apache-maven\apache-maven-3.3.9\bin;E:\developer_tools\MySQL\MySQLServer5.5\bin;E:\developer_tools\gradle\gradle-6.5.1\bin;E:\developer_tools\VisualSVNServer\\bin;E:\developer_tools\UltraEdit;E:\developer_tools\TortoiseGit\bin;C:\Program Files\nodejs\;E:\developer_tools\Git\bin;E:\developer_tools\Git\mingw64\libexec\git-core;C:\Users\Administrator\AppData\Local\Microsoft\WindowsApps;;E:\developer_tools\IntelliJ IDEA 2020.1.3\bin;;E:\developer_tools\Microsoft VS Code\bin;C:\Users\Administrator\AppData\Roaming\npm
USERNAME=Administrator
OS=Windows_NT
PROCESSOR_IDENTIFIER=Intel64 Family 6 Model 45 Stepping 7, GenuineIntel



---------------  S Y S T E M  ---------------

OS: Windows 10.0 , 64 bit Build 17763 (10.0.17763.1)

CPU:total 16 (initial active 16) (8 cores per cpu, 2 threads per core) family 6 model 45 stepping 7, cmov, cx8, fxsr, mmx, sse, sse2, sse3, ssse3, sse4.1, sse4.2, popcnt, avx, aes, clmul, ht, tsc, tscinvbit, tscinv

Memory: 4k page, physical 16708572k(3975588k free), swap 29816024k(8496k free)

vm_info: Java HotSpot(TM) 64-Bit Server VM (25.131-b11) for windows-amd64 JRE (1.8.0_131-b11), built on Mar 15 2017 01:23:53 by "java_re" with MS VC++ 10.0 (VS2010)

time: Fri Nov 13 09:17:07 2020
elapsed time: 3 seconds (0d 0h 0m 3s)

