#
# There is insufficient memory for the Java Runtime Environment to continue.
# Native memory allocation (malloc) failed to allocate 56256 bytes for Chunk::new
# Possible reasons:
#   The system is out of physical RAM or swap space
#   In 32 bit mode, the process size limit was hit
# Possible solutions:
#   Reduce memory load on the system
#   Increase physical memory or swap space
#   Check if swap backing store is full
#   Use 64 bit Java on a 64 bit OS
#   Decrease Java heap size (-Xmx/-Xms)
#   Decrease number of Java threads
#   Decrease Java thread stack sizes (-Xss)
#   Set larger code cache with -XX:ReservedCodeCacheSize=
# This output file may be truncated or incomplete.
#
#  Out of Memory Error (allocation.cpp:390), pid=2520, tid=0x0000000000002a30
#
# JRE version: Java(TM) SE Runtime Environment (8.0_131-b11) (build 1.8.0_131-b11)
# Java VM: Java HotSpot(TM) 64-Bit Server VM (25.131-b11 mixed mode windows-amd64 compressed oops)
# Failed to write core dump. Minidumps are not enabled by default on client versions of Windows
#

---------------  T H R E A D  ---------------

Current thread (0x000000001eb31000):  JavaThread "C2 CompilerThread2" daemon [_thread_in_native, id=10800, stack(0x0000000020820000,0x0000000020920000)]

Stack: [0x0000000020820000,0x0000000020920000]
[error occurred during error reporting (printing stack bounds), id 0xc0000005]

Native frames: (J=compiled Java code, j=interpreted, Vv=VM code, C=native code)


Current CompileTask:
C2:  16916 2747       4       org.eclipse.sisu.inject.LocatedBeans$Itr::hasNext (161 bytes)


---------------  P R O C E S S  ---------------

Java Threads: ( => current thread )
  0x000000001eb49800 JavaThread "Service Thread" daemon [_thread_blocked, id=11356, stack(0x0000000021220000,0x0000000021320000)]
  0x000000001eb49000 JavaThread "C1 CompilerThread11" daemon [_thread_blocked, id=3712, stack(0x0000000021120000,0x0000000021220000)]
  0x000000001eb48000 JavaThread "C1 CompilerThread10" daemon [_thread_blocked, id=11840, stack(0x0000000021020000,0x0000000021120000)]
  0x000000001eb45800 JavaThread "C1 CompilerThread9" daemon [_thread_blocked, id=11772, stack(0x0000000020f20000,0x0000000021020000)]
  0x000000001eb44800 JavaThread "C1 CompilerThread8" daemon [_thread_blocked, id=16288, stack(0x0000000020e20000,0x0000000020f20000)]
  0x000000001eb3d000 JavaThread "C2 CompilerThread7" daemon [_thread_blocked, id=9524, stack(0x0000000020d20000,0x0000000020e20000)]
  0x000000001eb36000 JavaThread "C2 CompilerThread6" daemon [_thread_blocked, id=6484, stack(0x0000000020c20000,0x0000000020d20000)]
  0x000000001eb35800 JavaThread "C2 CompilerThread5" daemon [_thread_blocked, id=16332, stack(0x0000000020b20000,0x0000000020c20000)]
  0x000000001eb34800 JavaThread "C2 CompilerThread4" daemon [_thread_blocked, id=15460, stack(0x0000000020a20000,0x0000000020b20000)]
  0x000000001eb34000 JavaThread "C2 CompilerThread3" daemon [_thread_blocked, id=4860, stack(0x0000000020920000,0x0000000020a20000)]
=>0x000000001eb31000 JavaThread "C2 CompilerThread2" daemon [_thread_in_native, id=10800, stack(0x0000000020820000,0x0000000020920000)]
  0x000000001eb30800 JavaThread "C2 CompilerThread1" daemon [_thread_blocked, id=14252, stack(0x0000000020720000,0x0000000020820000)]
  0x000000001eb2e000 JavaThread "C2 CompilerThread0" daemon [_thread_blocked, id=4796, stack(0x0000000020620000,0x0000000020720000)]
  0x000000001ead5800 JavaThread "Attach Listener" daemon [_thread_blocked, id=5192, stack(0x0000000020520000,0x0000000020620000)]
  0x000000001eb2b800 JavaThread "Signal Dispatcher" daemon [_thread_blocked, id=9228, stack(0x0000000020420000,0x0000000020520000)]
  0x000000001eab6000 JavaThread "Finalizer" daemon [_thread_blocked, id=5388, stack(0x0000000020320000,0x0000000020420000)]
  0x000000001d05c000 JavaThread "Reference Handler" daemon [_thread_blocked, id=10392, stack(0x0000000020220000,0x0000000020320000)]
  0x0000000002ede000 JavaThread "main" [_thread_in_native, id=11088, stack(0x0000000002ee0000,0x0000000002fe0000)]

Other Threads:
  0x000000001ea94000 VMThread [stack: 0x0000000020120000,0x0000000020220000] [id=6872]
  0x000000001eb4f800 WatcherThread [stack: 0x0000000021320000,0x0000000021420000] [id=9620]

VM state:not at safepoint (normal execution)

VM Mutex/Monitor currently owned by a thread: None

Heap:
 PSYoungGen      total 76288K, used 28007K [0x000000076b000000, 0x0000000774500000, 0x00000007c0000000)
  eden space 65536K, 26% used [0x000000076b000000,0x000000076c0dc1a8,0x000000076f000000)
  from space 10752K, 99% used [0x000000076fa80000,0x00000007704fdc60,0x0000000770500000)
  to   space 10752K, 0% used [0x000000076f000000,0x000000076f000000,0x000000076fa80000)
 ParOldGen       total 175104K, used 2081K [0x00000006c1000000, 0x00000006cbb00000, 0x000000076b000000)
  object space 175104K, 1% used [0x00000006c1000000,0x00000006c12085e0,0x00000006cbb00000)
 Metaspace       used 16232K, capacity 16498K, committed 16640K, reserved 1064960K
  class space    used 1915K, capacity 2010K, committed 2048K, reserved 1048576K

Card table byte_map: [0x00000000124a0000,0x0000000012ca0000] byte_map_base: 0x000000000ee98000

Marking Bits: (ParMarkBitMap*) 0x00000000684cc720
 Begin Bits: [0x0000000013ef0000, 0x0000000017eb0000)
 End Bits:   [0x0000000017eb0000, 0x000000001be70000)

Polling page: 0x0000000000d60000

CodeCache: size=245760Kb used=11217Kb max_used=11217Kb free=234542Kb
 bounds [0x00000000030e0000, 0x0000000003be0000, 0x00000000120e0000]
 total_blobs=3142 nmethods=2765 adapters=286
 compilation: enabled

Compilation events (10 events):
Event: 16.894 Thread 0x000000001eb44800 nmethod 2757 0x0000000003bd2950 code [0x0000000003bd2aa0, 0x0000000003bd2c30]
Event: 16.894 Thread 0x000000001eb49000 nmethod 2756 0x0000000003bd2450 code [0x0000000003bd25c0, 0x0000000003bd2868]
Event: 16.896 Thread 0x000000001eb45800 2758       3       java.lang.Long::stringSize (38 bytes)
Event: 16.896 Thread 0x000000001eb48000 2759       3       java.lang.Long::getChars (221 bytes)
Event: 16.897 Thread 0x000000001eb45800 nmethod 2758 0x0000000003bd1fd0 code [0x0000000003bd2140, 0x0000000003bd2390]
Event: 16.897 Thread 0x000000001eb48000 nmethod 2759 0x0000000003bd5390 code [0x0000000003bd5560, 0x0000000003bd5bd0]
Event: 16.906 Thread 0x000000001eb44800 2760       3       java.lang.Integer::parseInt (7 bytes)
Event: 16.906 Thread 0x000000001eb44800 nmethod 2760 0x0000000003bd6350 code [0x0000000003bd64c0, 0x0000000003bd6628]
Event: 16.906 Thread 0x000000001eb49000 2761       3       org.apache.maven.model.merge.ModelMerger::mergePluginContainer (10 bytes)
Event: 16.906 Thread 0x000000001eb49000 nmethod 2761 0x0000000003bd66d0 code [0x0000000003bd6840, 0x0000000003bd6a48]

GC Heap History (4 events):
Event: 5.266 GC heap before
{Heap before GC invocations=1 (full 0):
 PSYoungGen      total 76288K, used 65536K [0x000000076b000000, 0x0000000770500000, 0x00000007c0000000)
  eden space 65536K, 100% used [0x000000076b000000,0x000000076f000000,0x000000076f000000)
  from space 10752K, 0% used [0x000000076fa80000,0x000000076fa80000,0x0000000770500000)
  to   space 10752K, 0% used [0x000000076f000000,0x000000076f000000,0x000000076fa80000)
 ParOldGen       total 175104K, used 0K [0x00000006c1000000, 0x00000006cbb00000, 0x000000076b000000)
  object space 175104K, 0% used [0x00000006c1000000,0x00000006c1000000,0x00000006cbb00000)
 Metaspace       used 11647K, capacity 11806K, committed 12032K, reserved 1060864K
  class space    used 1417K, capacity 1510K, committed 1536K, reserved 1048576K
Event: 5.318 GC heap after
Heap after GC invocations=1 (full 0):
 PSYoungGen      total 76288K, used 9779K [0x000000076b000000, 0x0000000770500000, 0x00000007c0000000)
  eden space 65536K, 0% used [0x000000076b000000,0x000000076b000000,0x000000076f000000)
  from space 10752K, 90% used [0x000000076f000000,0x000000076f98cf48,0x000000076fa80000)
  to   space 10752K, 0% used [0x000000076fa80000,0x000000076fa80000,0x0000000770500000)
 ParOldGen       total 175104K, used 16K [0x00000006c1000000, 0x00000006cbb00000, 0x000000076b000000)
  object space 175104K, 0% used [0x00000006c1000000,0x00000006c1004000,0x00000006cbb00000)
 Metaspace       used 11647K, capacity 11806K, committed 12032K, reserved 1060864K
  class space    used 1417K, capacity 1510K, committed 1536K, reserved 1048576K
}
Event: 13.137 GC heap before
{Heap before GC invocations=2 (full 0):
 PSYoungGen      total 76288K, used 75315K [0x000000076b000000, 0x0000000770500000, 0x00000007c0000000)
  eden space 65536K, 100% used [0x000000076b000000,0x000000076f000000,0x000000076f000000)
  from space 10752K, 90% used [0x000000076f000000,0x000000076f98cf48,0x000000076fa80000)
  to   space 10752K, 0% used [0x000000076fa80000,0x000000076fa80000,0x0000000770500000)
 ParOldGen       total 175104K, used 16K [0x00000006c1000000, 0x00000006cbb00000, 0x000000076b000000)
  object space 175104K, 0% used [0x00000006c1000000,0x00000006c1004000,0x00000006cbb00000)
 Metaspace       used 16092K, capacity 16306K, committed 16640K, reserved 1064960K
  class space    used 1914K, capacity 2010K, committed 2048K, reserved 1048576K
Event: 13.237 GC heap after
Heap after GC invocations=2 (full 0):
 PSYoungGen      total 76288K, used 10743K [0x000000076b000000, 0x0000000774500000, 0x00000007c0000000)
  eden space 65536K, 0% used [0x000000076b000000,0x000000076b000000,0x000000076f000000)
  from space 10752K, 99% used [0x000000076fa80000,0x00000007704fdc60,0x0000000770500000)
  to   space 10752K, 0% used [0x000000076f000000,0x000000076f000000,0x000000076fa80000)
 ParOldGen       total 175104K, used 2081K [0x00000006c1000000, 0x00000006cbb00000, 0x000000076b000000)
  object space 175104K, 1% used [0x00000006c1000000,0x00000006c12085e0,0x00000006cbb00000)
 Metaspace       used 16092K, capacity 16306K, committed 16640K, reserved 1064960K
  class space    used 1914K, capacity 2010K, committed 2048K, reserved 1048576K
}

Deoptimization events (10 events):
Event: 13.508 Thread 0x0000000002ede000 Uncommon trap: reason=class_check action=maybe_recompile pc=0x0000000003af4c74 method=java.util.regex.Pattern$Start.match(Ljava/util/regex/Matcher;ILjava/lang/CharSequence;)Z @ 44
Event: 13.508 Thread 0x0000000002ede000 Uncommon trap: reason=unstable_if action=reinterpret pc=0x0000000003af4d74 method=java.util.regex.Matcher.search(I)Z @ 30
Event: 13.508 Thread 0x0000000002ede000 Uncommon trap: reason=class_check action=maybe_recompile pc=0x0000000003ad14a4 method=java.util.regex.Pattern$Start.match(Ljava/util/regex/Matcher;ILjava/lang/CharSequence;)Z @ 44
Event: 13.509 Thread 0x0000000002ede000 Uncommon trap: reason=class_check action=maybe_recompile pc=0x0000000003ad14a4 method=java.util.regex.Pattern$Start.match(Ljava/util/regex/Matcher;ILjava/lang/CharSequence;)Z @ 44
Event: 13.509 Thread 0x0000000002ede000 Uncommon trap: reason=class_check action=maybe_recompile pc=0x0000000003ad14a4 method=java.util.regex.Pattern$Start.match(Ljava/util/regex/Matcher;ILjava/lang/CharSequence;)Z @ 44
Event: 13.509 Thread 0x0000000002ede000 Uncommon trap: reason=class_check action=maybe_recompile pc=0x000000000388406c method=java.util.regex.Pattern$7.isSatisfiedBy(I)Z @ 16
Event: 13.509 Thread 0x0000000002ede000 Uncommon trap: reason=class_check action=maybe_recompile pc=0x000000000388406c method=java.util.regex.Pattern$7.isSatisfiedBy(I)Z @ 16
Event: 13.509 Thread 0x0000000002ede000 Uncommon trap: reason=class_check action=maybe_recompile pc=0x000000000388406c method=java.util.regex.Pattern$7.isSatisfiedBy(I)Z @ 16
Event: 13.509 Thread 0x0000000002ede000 Uncommon trap: reason=class_check action=maybe_recompile pc=0x000000000388406c method=java.util.regex.Pattern$7.isSatisfiedBy(I)Z @ 16
Event: 16.891 Thread 0x0000000002ede000 Uncommon trap: reason=unstable_if action=reinterpret pc=0x0000000003b1ba04 method=org.apache.maven.model.interpolation.StringVisitorModelInterpolator$ModelVisitor.visit(Lorg/apache/maven/model/Dependency;)V @ 17

Internal exceptions (10 events):
Event: 7.517 Thread 0x0000000002ede000 Exception <a 'java/lang/NullPointerException'> (0x000000076c9753f8) thrown at [C:\re\workspace\8-2-build-windows-amd64-cygwin\jdk8u131\8869\hotspot\src\share\vm\interpreter\linkResolver.cpp, line 1197]
Event: 7.517 Thread 0x0000000002ede000 Exception <a 'java/lang/NullPointerException'> (0x000000076c975610) thrown at [C:\re\workspace\8-2-build-windows-amd64-cygwin\jdk8u131\8869\hotspot\src\share\vm\interpreter\linkResolver.cpp, line 1197]
Event: 7.517 Thread 0x0000000002ede000 Exception <a 'java/lang/NullPointerException'> (0x000000076c97cee0) thrown at [C:\re\workspace\8-2-build-windows-amd64-cygwin\jdk8u131\8869\hotspot\src\share\vm\interpreter\linkResolver.cpp, line 1197]
Event: 7.518 Thread 0x0000000002ede000 Exception <a 'java/lang/NullPointerException'> (0x000000076c97d0f8) thrown at [C:\re\workspace\8-2-build-windows-amd64-cygwin\jdk8u131\8869\hotspot\src\share\vm\interpreter\linkResolver.cpp, line 1197]
Event: 7.518 Thread 0x0000000002ede000 Exception <a 'java/lang/NullPointerException'> (0x000000076c97d310) thrown at [C:\re\workspace\8-2-build-windows-amd64-cygwin\jdk8u131\8869\hotspot\src\share\vm\interpreter\linkResolver.cpp, line 1197]
Event: 8.036 Thread 0x0000000002ede000 Implicit null exception at 0x000000000352dad4 to 0x000000000352de85
Event: 8.036 Thread 0x0000000002ede000 Implicit null exception at 0x00000000034b17d6 to 0x00000000034b1b71
Event: 8.919 Thread 0x0000000002ede000 Implicit null exception at 0x000000000394abfb to 0x000000000394ae3d
Event: 10.056 Thread 0x0000000002ede000 Implicit null exception at 0x00000000039d817b to 0x00000000039d83bd
Event: 13.104 Thread 0x0000000002ede000 Implicit null exception at 0x0000000003b21070 to 0x0000000003b22a51

Events (10 events):
Event: 13.509 Thread 0x0000000002ede000 Uncommon trap: trap_request=0xffffffde fr.pc=0x000000000388406c
Event: 13.509 Thread 0x0000000002ede000 DEOPT PACKING pc=0x000000000388406c sp=0x0000000002fdc330
Event: 13.509 Thread 0x0000000002ede000 DEOPT UNPACKING pc=0x000000000312582a sp=0x0000000002fdc298 mode 2
Event: 13.910 loading class java/util/Collections$UnmodifiableList$1
Event: 13.910 loading class java/util/Collections$UnmodifiableList$1 done
Event: 14.843 loading class sun/nio/cs/ISO_8859_1$Decoder
Event: 14.843 loading class sun/nio/cs/ISO_8859_1$Decoder done
Event: 16.891 Thread 0x0000000002ede000 Uncommon trap: trap_request=0xffffff65 fr.pc=0x0000000003b1ba04
Event: 16.891 Thread 0x0000000002ede000 DEOPT PACKING pc=0x0000000003b1ba04 sp=0x0000000002fdb790
Event: 16.891 Thread 0x0000000002ede000 DEOPT UNPACKING pc=0x000000000312582a sp=0x0000000002fdb740 mode 2


Dynamic libraries:
0x00007ff7b82c0000 - 0x00007ff7b82f7000 	E:\developer_tools\Java\jdk1.8.0_131\bin\java.exe
0x00007ffcf3aa0000 - 0x00007ffcf3c8d000 	C:\Windows\SYSTEM32\ntdll.dll
0x00007ffcf0cd0000 - 0x00007ffcf0d83000 	C:\Windows\System32\KERNEL32.DLL
0x00007ffcf0890000 - 0x00007ffcf0b23000 	C:\Windows\System32\KERNELBASE.dll
0x00007ffcf1790000 - 0x00007ffcf1833000 	C:\Windows\System32\ADVAPI32.DLL
0x00007ffcf2d30000 - 0x00007ffcf2dce000 	C:\Windows\System32\msvcrt.dll
0x00007ffcf0d90000 - 0x00007ffcf0e2e000 	C:\Windows\System32\sechost.dll
0x00007ffcf15b0000 - 0x00007ffcf16d3000 	C:\Windows\System32\RPCRT4.dll
0x00007ffcf1410000 - 0x00007ffcf15a7000 	C:\Windows\System32\USER32.dll
0x00007ffcefb70000 - 0x00007ffcefb90000 	C:\Windows\System32\win32u.dll
0x00007ffcf3410000 - 0x00007ffcf3439000 	C:\Windows\System32\GDI32.dll
0x00007ffcf0b30000 - 0x00007ffcf0cca000 	C:\Windows\System32\gdi32full.dll
0x00007ffcefbf0000 - 0x00007ffcefc90000 	C:\Windows\System32\msvcp_win.dll
0x00007ffcf06c0000 - 0x00007ffcf07bc000 	C:\Windows\System32\ucrtbase.dll
0x00007ffce6150000 - 0x00007ffce63c9000 	C:\Windows\WinSxS\amd64_microsoft.windows.common-controls_6595b64144ccf1df_6.0.17763.107_none_05b63884071e656e\COMCTL32.dll
0x00007ffcf10d0000 - 0x00007ffcf13fe000 	C:\Windows\System32\combase.dll
0x00007ffcf07c0000 - 0x00007ffcf083e000 	C:\Windows\System32\bcryptPrimitives.dll
0x00007ffcf16e0000 - 0x00007ffcf170e000 	C:\Windows\System32\IMM32.DLL
0x0000000068550000 - 0x0000000068622000 	E:\developer_tools\Java\jdk1.8.0_131\jre\bin\msvcr100.dll
0x0000000067cb0000 - 0x000000006854c000 	E:\developer_tools\Java\jdk1.8.0_131\jre\bin\server\jvm.dll
0x00007ffcf37f0000 - 0x00007ffcf37f8000 	C:\Windows\System32\PSAPI.DLL
0x00007ffcedc90000 - 0x00007ffcedcb4000 	C:\Windows\SYSTEM32\WINMM.dll
0x00007ffceafe0000 - 0x00007ffceafea000 	C:\Windows\SYSTEM32\VERSION.dll
0x00007ffcedb40000 - 0x00007ffcedb6d000 	C:\Windows\SYSTEM32\winmmbase.dll
0x00007ffcf0670000 - 0x00007ffcf06ba000 	C:\Windows\System32\cfgmgr32.dll
0x00007ffce5010000 - 0x00007ffce5019000 	C:\Windows\SYSTEM32\WSOCK32.dll
0x00007ffcf1060000 - 0x00007ffcf10cd000 	C:\Windows\System32\WS2_32.dll
0x0000000067ca0000 - 0x0000000067caf000 	E:\developer_tools\Java\jdk1.8.0_131\jre\bin\verify.dll
0x0000000067c70000 - 0x0000000067c99000 	E:\developer_tools\Java\jdk1.8.0_131\jre\bin\java.dll
0x0000000067c50000 - 0x0000000067c66000 	E:\developer_tools\Java\jdk1.8.0_131\jre\bin\zip.dll
0x00007ffcf1840000 - 0x00007ffcf2d2f000 	C:\Windows\System32\SHELL32.dll
0x00007ffcf2ee0000 - 0x00007ffcf2f88000 	C:\Windows\System32\shcore.dll
0x00007ffcefc90000 - 0x00007ffcf03d8000 	C:\Windows\System32\windows.storage.dll
0x00007ffcefac0000 - 0x00007ffcefae4000 	C:\Windows\System32\profapi.dll
0x00007ffcefb10000 - 0x00007ffcefb6d000 	C:\Windows\System32\powrprof.dll
0x00007ffcf3440000 - 0x00007ffcf3492000 	C:\Windows\System32\shlwapi.dll
0x00007ffcefaf0000 - 0x00007ffcefb01000 	C:\Windows\System32\kernel.appcore.dll
0x00007ffcf0870000 - 0x00007ffcf0887000 	C:\Windows\System32\cryptsp.dll
0x00007ffceee90000 - 0x00007ffceeec3000 	C:\Windows\system32\rsaenh.dll
0x00007ffcf0840000 - 0x00007ffcf0866000 	C:\Windows\System32\bcrypt.dll
0x00007ffcef9a0000 - 0x00007ffcef9c8000 	C:\Windows\SYSTEM32\USERENV.dll
0x00007ffcef500000 - 0x00007ffcef50c000 	C:\Windows\SYSTEM32\CRYPTBASE.dll
0x0000000067c30000 - 0x0000000067c4a000 	E:\developer_tools\Java\jdk1.8.0_131\jre\bin\net.dll
0x00007ffcef330000 - 0x00007ffcef397000 	C:\Windows\system32\mswsock.dll
0x00007ffcef090000 - 0x00007ffcef0cd000 	C:\Windows\SYSTEM32\IPHLPAPI.DLL
0x00007ffcf3a60000 - 0x00007ffcf3a68000 	C:\Windows\System32\NSI.dll
0x00007ffce9d70000 - 0x00007ffce9d86000 	C:\Windows\SYSTEM32\dhcpcsvc6.DLL
0x00007ffce9d50000 - 0x00007ffce9d6c000 	C:\Windows\SYSTEM32\dhcpcsvc.DLL
0x00007ffcef0d0000 - 0x00007ffcef196000 	C:\Windows\SYSTEM32\DNSAPI.dll
0x0000000067c10000 - 0x0000000067c21000 	E:\developer_tools\Java\jdk1.8.0_131\jre\bin\nio.dll
0x00007ffce1940000 - 0x00007ffce194a000 	C:\Users\Administrator\AppData\Local\Temp\jansi-1.17.1-2151058841483816408.dll
0x00007ffce1930000 - 0x00007ffce193a000 	C:\Users\Administrator\AppData\Local\Temp\jansi-1.17.1-7093459179409163354.dll

VM Arguments:
jvm_args: -Dmaven.multiModuleProjectDirectory=F:\IdeaProjects\gmall20190311\gmall-item-web -Dmaven.home=E:\developer_tools\IntelliJ IDEA 2020.1.3\plugins\maven\lib\maven3 -Dclassworlds.conf=E:\developer_tools\IntelliJ IDEA 2020.1.3\plugins\maven\lib\maven3\bin\m2.conf -Dmaven.ext.class.path=E:\developer_tools\IntelliJ IDEA 2020.1.3\plugins\maven\lib\maven-event-listener.jar -Dfile.encoding=UTF-8 
java_command: org.codehaus.classworlds.Launcher -Didea.version=2020.2 -s E:\developer_tools\apache-maven\apache-maven-3.3.9\conf\settings.xml compile
java_class_path (initial): E:\developer_tools\IntelliJ IDEA 2020.1.3\plugins\maven\lib\maven3\boot\plexus-classworlds-2.6.0.jar;E:\developer_tools\IntelliJ IDEA 2020.1.3\plugins\maven\lib\maven3\boot\plexus-classworlds.license
Launcher Type: SUN_STANDARD

Environment Variables:
JAVA_HOME=E:\developer_tools\Java\jdk1.8.0_131
PATH=E:\developer_tools\Java\jdk1.8.0_131\bin;C:\Windows\system32;C:\Windows;C:\Windows\System32\Wbem;C:\Windows\System32\WindowsPowerShell\v1.0\;C:\Program Files\IDM Computer Solutions\UltraEdit;E:\developer_tools\apache-tomcat\apache-tomcat-8.5.24\bin;E:\developer_tools\apache-maven\apache-maven-3.3.9\bin;E:\developer_tools\MySQL\MySQLServer5.5\bin;E:\developer_tools\gradle\gradle-6.5.1\bin;E:\developer_tools\VisualSVNServer\\bin;E:\developer_tools\UltraEdit;E:\developer_tools\TortoiseGit\bin;C:\Program Files\nodejs\;E:\developer_tools\Git\bin;E:\developer_tools\Git\mingw64\libexec\git-core;C:\Users\Administrator\AppData\Local\Microsoft\WindowsApps;;E:\developer_tools\IntelliJ IDEA 2020.1.3\bin;;E:\developer_tools\Microsoft VS Code\bin;C:\Users\Administrator\AppData\Roaming\npm
USERNAME=Administrator
OS=Windows_NT
PROCESSOR_IDENTIFIER=Intel64 Family 6 Model 45 Stepping 7, GenuineIntel



---------------  S Y S T E M  ---------------

OS: Windows 10.0 , 64 bit Build 17763 (10.0.17763.1)

CPU:total 16 (initial active 16) (8 cores per cpu, 2 threads per core) family 6 model 45 stepping 7, cmov, cx8, fxsr, mmx, sse, sse2, sse3, ssse3, sse4.1, sse4.2, popcnt, avx, aes, clmul, ht, tsc, tscinvbit, tscinv

Memory: 4k page, physical 16708572k(4823096k free), swap 29816024k(2044k free)

vm_info: Java HotSpot(TM) 64-Bit Server VM (25.131-b11) for windows-amd64 JRE (1.8.0_131-b11), built on Mar 15 2017 01:23:53 by "java_re" with MS VC++ 10.0 (VS2010)

time: Mon Nov 02 11:36:54 2020
elapsed time: 16 seconds (0d 0h 0m 16s)

