#
# There is insufficient memory for the Java Runtime Environment to continue.
# Native memory allocation (malloc) failed to allocate 2694896 bytes for Chunk::new
# Possible reasons:
#   The system is out of physical RAM or swap space
#   In 32 bit mode, the process size limit was hit
# Possible solutions:
#   Reduce memory load on the system
#   Increase physical memory or swap space
#   Check if swap backing store is full
#   Use 64 bit Java on a 64 bit OS
#   Decrease Java heap size (-Xmx/-Xms)
#   Decrease number of Java threads
#   Decrease Java thread stack sizes (-Xss)
#   Set larger code cache with -XX:ReservedCodeCacheSize=
# This output file may be truncated or incomplete.
#
#  Out of Memory Error (allocation.cpp:390), pid=18348, tid=0x0000000000004bf8
#
# JRE version: Java(TM) SE Runtime Environment (8.0_131-b11) (build 1.8.0_131-b11)
# Java VM: Java HotSpot(TM) 64-Bit Server VM (25.131-b11 mixed mode windows-amd64 compressed oops)
# Failed to write core dump. Minidumps are not enabled by default on client versions of Windows
#

---------------  T H R E A D  ---------------

Current thread (0x000000001e787000):  JavaThread "C2 CompilerThread4" daemon [_thread_in_native, id=19448, stack(0x0000000020610000,0x0000000020710000)]

Stack: [0x0000000020610000,0x0000000020710000]
[error occurred during error reporting (printing stack bounds), id 0xc0000005]

Native frames: (J=compiled Java code, j=interpreted, Vv=VM code, C=native code)


Current CompileTask:
C2:  14537 1385       4       java.net.URLClassLoader$1::run (5 bytes)


---------------  P R O C E S S  ---------------

Java Threads: ( => current thread )
  0x000000001e797800 JavaThread "Service Thread" daemon [_thread_blocked, id=19500, stack(0x0000000020e10000,0x0000000020f10000)]
  0x000000001e795800 JavaThread "C1 CompilerThread11" daemon [_thread_blocked, id=19484, stack(0x0000000020d10000,0x0000000020e10000)]
  0x000000001e795000 JavaThread "C1 CompilerThread10" daemon [_thread_blocked, id=19480, stack(0x0000000020c10000,0x0000000020d10000)]
  0x000000001e792000 JavaThread "C1 CompilerThread9" daemon [_thread_blocked, id=19476, stack(0x0000000020b10000,0x0000000020c10000)]
  0x000000001e791800 JavaThread "C1 CompilerThread8" daemon [_thread_blocked, id=19472, stack(0x0000000020a10000,0x0000000020b10000)]
  0x000000001e78d800 JavaThread "C2 CompilerThread7" daemon [_thread_blocked, id=19464, stack(0x0000000020910000,0x0000000020a10000)]
  0x000000001e78c000 JavaThread "C2 CompilerThread6" daemon [_thread_blocked, id=18656, stack(0x0000000020810000,0x0000000020910000)]
  0x000000001e78b000 JavaThread "C2 CompilerThread5" daemon [_thread_blocked, id=18496, stack(0x0000000020710000,0x0000000020810000)]
=>0x000000001e787000 JavaThread "C2 CompilerThread4" daemon [_thread_in_native, id=19448, stack(0x0000000020610000,0x0000000020710000)]
  0x000000001e786000 JavaThread "C2 CompilerThread3" daemon [_thread_blocked, id=19436, stack(0x0000000020510000,0x0000000020610000)]
  0x000000001e785800 JavaThread "C2 CompilerThread2" daemon [_thread_blocked, id=19416, stack(0x0000000020410000,0x0000000020510000)]
  0x000000001e6da000 JavaThread "C2 CompilerThread1" daemon [_thread_blocked, id=19336, stack(0x0000000020310000,0x0000000020410000)]
  0x000000001e6d8000 JavaThread "C2 CompilerThread0" daemon [_thread_blocked, id=19332, stack(0x0000000020210000,0x0000000020310000)]
  0x000000001e6d7000 JavaThread "Attach Listener" daemon [_thread_blocked, id=19328, stack(0x0000000020110000,0x0000000020210000)]
  0x000000001e735800 JavaThread "Signal Dispatcher" daemon [_thread_blocked, id=19324, stack(0x0000000020010000,0x0000000020110000)]
  0x000000001cc49000 JavaThread "Finalizer" daemon [_thread_blocked, id=18940, stack(0x000000001ff10000,0x0000000020010000)]
  0x000000001cc3d800 JavaThread "Reference Handler" daemon [_thread_blocked, id=18936, stack(0x000000001fe10000,0x000000001ff10000)]
  0x0000000002bbe000 JavaThread "main" [_thread_in_native, id=18628, stack(0x0000000002aa0000,0x0000000002ba0000)]

Other Threads:
  0x000000001e694000 VMThread [stack: 0x000000001fd10000,0x000000001fe10000] [id=18792]
  0x000000001e854000 WatcherThread [stack: 0x0000000021010000,0x0000000021110000] [id=19512]

VM state:not at safepoint (normal execution)

VM Mutex/Monitor currently owned by a thread: None

Heap:
 PSYoungGen      total 76288K, used 38516K [0x000000076b000000, 0x0000000774500000, 0x00000007c0000000)
  eden space 65536K, 43% used [0x000000076b000000,0x000000076cbd40d8,0x000000076f000000)
  from space 10752K, 93% used [0x000000076f000000,0x000000076f9c92f8,0x000000076fa80000)
  to   space 10752K, 0% used [0x0000000773a80000,0x0000000773a80000,0x0000000774500000)
 ParOldGen       total 175104K, used 16K [0x00000006c1000000, 0x00000006cbb00000, 0x000000076b000000)
  object space 175104K, 0% used [0x00000006c1000000,0x00000006c1004000,0x00000006cbb00000)
 Metaspace       used 14680K, capacity 14968K, committed 15232K, reserved 1062912K
  class space    used 1811K, capacity 1908K, committed 1920K, reserved 1048576K

Card table byte_map: [0x0000000012080000,0x0000000012880000] byte_map_base: 0x000000000ea78000

Marking Bits: (ParMarkBitMap*) 0x00000000684cc720
 Begin Bits: [0x0000000013ad0000, 0x0000000017a90000)
 End Bits:   [0x0000000017a90000, 0x000000001ba50000)

Polling page: 0x0000000000970000

CodeCache: size=245760Kb used=7167Kb max_used=7181Kb free=238592Kb
 bounds [0x0000000002cc0000, 0x00000000033d0000, 0x0000000011cc0000]
 total_blobs=1953 nmethods=1593 adapters=268
 compilation: enabled

Compilation events (10 events):
Event: 14.424 Thread 0x000000001e78b000 1602       4       java.lang.ReflectiveOperationException::<init> (7 bytes)
Event: 14.424 Thread 0x000000001e78c000 1603       4       java.lang.Throwable::<init> (39 bytes)
Event: 14.426 Thread 0x000000001e6da000 1604   !   4       sun.misc.URLClassPath$JarLoader::getResource (85 bytes)
Event: 14.427 Thread 0x000000001e78c000 nmethod 1603 0x00000000033be650 code [0x00000000033be7a0, 0x00000000033beb08]
Event: 14.427 Thread 0x000000001e78b000 nmethod 1602 0x00000000033bcf90 code [0x00000000033bd0e0, 0x00000000033bd448]
Event: 14.432 Thread 0x000000001e786000 1605       4       java.util.regex.Pattern$BitClass::isSatisfiedBy (22 bytes)
Event: 14.432 Thread 0x000000001e792000 1606       3       java.util.regex.Pattern$GroupHead::match (47 bytes)
Event: 14.433 Thread 0x000000001e792000 nmethod 1606 0x00000000033c1910 code [0x00000000033c1a80, 0x00000000033c1d28]
Event: 14.433 Thread 0x000000001e786000 nmethod 1605 0x00000000033bccd0 code [0x00000000033bce00, 0x00000000033bceb8]
Event: 14.454 Thread 0x000000001e6da000 nmethod 1604 0x00000000033c9350 code [0x00000000033c9560, 0x00000000033c9e80]

GC Heap History (2 events):
Event: 10.455 GC heap before
{Heap before GC invocations=1 (full 0):
 PSYoungGen      total 76288K, used 65536K [0x000000076b000000, 0x0000000770500000, 0x00000007c0000000)
  eden space 65536K, 100% used [0x000000076b000000,0x000000076f000000,0x000000076f000000)
  from space 10752K, 0% used [0x000000076fa80000,0x000000076fa80000,0x0000000770500000)
  to   space 10752K, 0% used [0x000000076f000000,0x000000076f000000,0x000000076fa80000)
 ParOldGen       total 175104K, used 0K [0x00000006c1000000, 0x00000006cbb00000, 0x000000076b000000)
  object space 175104K, 0% used [0x00000006c1000000,0x00000006c1000000,0x00000006cbb00000)
 Metaspace       used 11749K, capacity 11902K, committed 12160K, reserved 1060864K
  class space    used 1435K, capacity 1542K, committed 1664K, reserved 1048576K
Event: 10.586 GC heap after
Heap after GC invocations=1 (full 0):
 PSYoungGen      total 76288K, used 10020K [0x000000076b000000, 0x0000000774500000, 0x00000007c0000000)
  eden space 65536K, 0% used [0x000000076b000000,0x000000076b000000,0x000000076f000000)
  from space 10752K, 93% used [0x000000076f000000,0x000000076f9c92f8,0x000000076fa80000)
  to   space 10752K, 0% used [0x0000000773a80000,0x0000000773a80000,0x0000000774500000)
 ParOldGen       total 175104K, used 16K [0x00000006c1000000, 0x00000006cbb00000, 0x000000076b000000)
  object space 175104K, 0% used [0x00000006c1000000,0x00000006c1004000,0x00000006cbb00000)
 Metaspace       used 11749K, capacity 11902K, committed 12160K, reserved 1060864K
  class space    used 1435K, capacity 1542K, committed 1664K, reserved 1048576K
}

Deoptimization events (10 events):
Event: 12.774 Thread 0x0000000002bbe000 Uncommon trap: reason=class_check action=maybe_recompile pc=0x00000000032c71fc method=com.google.inject.TypeLiteral.<init>(Ljava/lang/reflect/Type;)V @ 11
Event: 12.774 Thread 0x0000000002bbe000 Uncommon trap: reason=class_check action=maybe_recompile pc=0x00000000032c71fc method=com.google.inject.TypeLiteral.<init>(Ljava/lang/reflect/Type;)V @ 11
Event: 13.257 Thread 0x0000000002bbe000 Uncommon trap: reason=class_check action=maybe_recompile pc=0x00000000032c71fc method=com.google.inject.TypeLiteral.<init>(Ljava/lang/reflect/Type;)V @ 11
Event: 13.257 Thread 0x0000000002bbe000 Uncommon trap: reason=class_check action=maybe_recompile pc=0x00000000032c71fc method=com.google.inject.TypeLiteral.<init>(Ljava/lang/reflect/Type;)V @ 11
Event: 13.441 Thread 0x0000000002bbe000 Uncommon trap: reason=unstable_if action=reinterpret pc=0x0000000003334420 method=org.eclipse.sisu.inject.InjectorBindings.isAssignableFrom(Lcom/google/inject/TypeLiteral;Lcom/google/inject/Binding;)Z @ 14
Event: 13.473 Thread 0x0000000002bbe000 Uncommon trap: reason=unstable_if action=reinterpret pc=0x000000000309e10c method=sun.misc.MetaIndex.mayContain(Ljava/lang/String;)Z @ 38
Event: 14.153 Thread 0x0000000002bbe000 Uncommon trap: reason=unstable_if action=reinterpret pc=0x000000000312f4f0 method=sun.nio.cs.UTF_8$Decoder.decodeArrayLoop(Ljava/nio/ByteBuffer;Ljava/nio/CharBuffer;)Ljava/nio/charset/CoderResult; @ 84
Event: 14.162 Thread 0x0000000002bbe000 Uncommon trap: reason=unstable_if action=reinterpret pc=0x0000000003107254 method=java.lang.AbstractStringBuilder.append(Ljava/lang/String;)Ljava/lang/AbstractStringBuilder; @ 1
Event: 14.163 Thread 0x0000000002bbe000 Uncommon trap: reason=unstable_if action=reinterpret pc=0x0000000003084748 method=java.lang.AbstractStringBuilder.append(Ljava/lang/String;)Ljava/lang/AbstractStringBuilder; @ 1
Event: 14.409 Thread 0x0000000002bbe000 Uncommon trap: reason=unstable_if action=reinterpret pc=0x00000000030424e4 method=java.lang.String.replace(CC)Ljava/lang/String; @ 2

Internal exceptions (10 events):
Event: 12.333 Thread 0x0000000002bbe000 Exception <a 'java/lang/NoClassDefFoundError'> (0x000000076bd40768) thrown at [C:\re\workspace\8-2-build-windows-amd64-cygwin\jdk8u131\8869\hotspot\src\share\vm\prims\jvm.cpp, line 1394]
Event: 12.334 Thread 0x0000000002bbe000 Exception <a 'java/lang/NoClassDefFoundError': javax/annotation/Priority> (0x000000076bd453d0) thrown at [C:\re\workspace\8-2-build-windows-amd64-cygwin\jdk8u131\8869\hotspot\src\share\vm\classfile\systemDictionary.cpp, line 199]
Event: 13.935 Thread 0x0000000002bbe000 Exception <a 'java/lang/NullPointerException'> (0x000000076c907428) thrown at [C:\re\workspace\8-2-build-windows-amd64-cygwin\jdk8u131\8869\hotspot\src\share\vm\interpreter\linkResolver.cpp, line 1197]
Event: 13.935 Thread 0x0000000002bbe000 Exception <a 'java/lang/NullPointerException'> (0x000000076c907640) thrown at [C:\re\workspace\8-2-build-windows-amd64-cygwin\jdk8u131\8869\hotspot\src\share\vm\interpreter\linkResolver.cpp, line 1197]
Event: 13.935 Thread 0x0000000002bbe000 Exception <a 'java/lang/NullPointerException'> (0x000000076c907858) thrown at [C:\re\workspace\8-2-build-windows-amd64-cygwin\jdk8u131\8869\hotspot\src\share\vm\interpreter\linkResolver.cpp, line 1197]
Event: 13.936 Thread 0x0000000002bbe000 Exception <a 'java/lang/NullPointerException'> (0x000000076c90f750) thrown at [C:\re\workspace\8-2-build-windows-amd64-cygwin\jdk8u131\8869\hotspot\src\share\vm\interpreter\linkResolver.cpp, line 1197]
Event: 13.936 Thread 0x0000000002bbe000 Exception <a 'java/lang/NullPointerException'> (0x000000076c90f968) thrown at [C:\re\workspace\8-2-build-windows-amd64-cygwin\jdk8u131\8869\hotspot\src\share\vm\interpreter\linkResolver.cpp, line 1197]
Event: 13.937 Thread 0x0000000002bbe000 Exception <a 'java/lang/NullPointerException'> (0x000000076c90fb80) thrown at [C:\re\workspace\8-2-build-windows-amd64-cygwin\jdk8u131\8869\hotspot\src\share\vm\interpreter\linkResolver.cpp, line 1197]
Event: 14.162 Thread 0x0000000002bbe000 Implicit null exception at 0x0000000003106e96 to 0x0000000003107239
Event: 14.162 Thread 0x0000000002bbe000 Implicit null exception at 0x0000000003084396 to 0x0000000003084731

Events (10 events):
Event: 14.429 loading class org/eclipse/aether/RepositoryEvent$Builder
Event: 14.429 loading class org/eclipse/aether/RepositoryEvent$Builder done
Event: 14.429 loading class org/eclipse/aether/RepositoryEvent$EventType
Event: 14.429 loading class org/eclipse/aether/RepositoryEvent$EventType done
Event: 14.431 loading class org/eclipse/aether/internal/impl/DefaultRepositoryEventDispatcher$1
Event: 14.431 loading class org/eclipse/aether/internal/impl/DefaultRepositoryEventDispatcher$1 done
Event: 14.434 loading class org/apache/maven/repository/internal/DefaultVersionResolver$Key
Event: 14.434 loading class org/apache/maven/repository/internal/DefaultVersionResolver$Key done
Event: 14.436 loading class org/eclipse/aether/repository/LocalArtifactRequest
Event: 14.436 loading class org/eclipse/aether/repository/LocalArtifactRequest done


Dynamic libraries:
0x00007ff7b82c0000 - 0x00007ff7b82f7000 	E:\developer_tools\Java\jdk1.8.0_131\bin\java.exe
0x00007ffcf3aa0000 - 0x00007ffcf3c8d000 	C:\Windows\SYSTEM32\ntdll.dll
0x00007ffcf0cd0000 - 0x00007ffcf0d83000 	C:\Windows\System32\KERNEL32.DLL
0x00007ffcf0890000 - 0x00007ffcf0b23000 	C:\Windows\System32\KERNELBASE.dll
0x00007ffcf1790000 - 0x00007ffcf1833000 	C:\Windows\System32\ADVAPI32.DLL
0x00007ffcf2d30000 - 0x00007ffcf2dce000 	C:\Windows\System32\msvcrt.dll
0x00007ffcf0d90000 - 0x00007ffcf0e2e000 	C:\Windows\System32\sechost.dll
0x00007ffcf15b0000 - 0x00007ffcf16d3000 	C:\Windows\System32\RPCRT4.dll
0x00007ffcf1410000 - 0x00007ffcf15a7000 	C:\Windows\System32\USER32.dll
0x00007ffcefb70000 - 0x00007ffcefb90000 	C:\Windows\System32\win32u.dll
0x00007ffcf3410000 - 0x00007ffcf3439000 	C:\Windows\System32\GDI32.dll
0x00007ffcf0b30000 - 0x00007ffcf0cca000 	C:\Windows\System32\gdi32full.dll
0x00007ffcefbf0000 - 0x00007ffcefc90000 	C:\Windows\System32\msvcp_win.dll
0x00007ffcf06c0000 - 0x00007ffcf07bc000 	C:\Windows\System32\ucrtbase.dll
0x00007ffce6150000 - 0x00007ffce63c9000 	C:\Windows\WinSxS\amd64_microsoft.windows.common-controls_6595b64144ccf1df_6.0.17763.107_none_05b63884071e656e\COMCTL32.dll
0x00007ffcf10d0000 - 0x00007ffcf13fe000 	C:\Windows\System32\combase.dll
0x00007ffcf07c0000 - 0x00007ffcf083e000 	C:\Windows\System32\bcryptPrimitives.dll
0x00007ffcf16e0000 - 0x00007ffcf170e000 	C:\Windows\System32\IMM32.DLL
0x0000000068550000 - 0x0000000068622000 	E:\developer_tools\Java\jdk1.8.0_131\jre\bin\msvcr100.dll
0x0000000067cb0000 - 0x000000006854c000 	E:\developer_tools\Java\jdk1.8.0_131\jre\bin\server\jvm.dll
0x00007ffcf37f0000 - 0x00007ffcf37f8000 	C:\Windows\System32\PSAPI.DLL
0x00007ffce5010000 - 0x00007ffce5019000 	C:\Windows\SYSTEM32\WSOCK32.dll
0x00007ffcf1060000 - 0x00007ffcf10cd000 	C:\Windows\System32\WS2_32.dll
0x00007ffcedc90000 - 0x00007ffcedcb4000 	C:\Windows\SYSTEM32\WINMM.dll
0x00007ffceafe0000 - 0x00007ffceafea000 	C:\Windows\SYSTEM32\VERSION.dll
0x00007ffcedb40000 - 0x00007ffcedb6d000 	C:\Windows\SYSTEM32\WINMMBASE.dll
0x00007ffcf0670000 - 0x00007ffcf06ba000 	C:\Windows\System32\cfgmgr32.dll
0x0000000067ca0000 - 0x0000000067caf000 	E:\developer_tools\Java\jdk1.8.0_131\jre\bin\verify.dll
0x0000000067c70000 - 0x0000000067c99000 	E:\developer_tools\Java\jdk1.8.0_131\jre\bin\java.dll
0x0000000067c50000 - 0x0000000067c66000 	E:\developer_tools\Java\jdk1.8.0_131\jre\bin\zip.dll
0x00007ffcf1840000 - 0x00007ffcf2d2f000 	C:\Windows\System32\SHELL32.dll
0x00007ffcf2ee0000 - 0x00007ffcf2f88000 	C:\Windows\System32\shcore.dll
0x00007ffcefc90000 - 0x00007ffcf03d8000 	C:\Windows\System32\windows.storage.dll
0x00007ffcefac0000 - 0x00007ffcefae4000 	C:\Windows\System32\profapi.dll
0x00007ffcefb10000 - 0x00007ffcefb6d000 	C:\Windows\System32\powrprof.dll
0x00007ffcf3440000 - 0x00007ffcf3492000 	C:\Windows\System32\shlwapi.dll
0x00007ffcefaf0000 - 0x00007ffcefb01000 	C:\Windows\System32\kernel.appcore.dll
0x00007ffcf0870000 - 0x00007ffcf0887000 	C:\Windows\System32\cryptsp.dll
0x00007ffceee90000 - 0x00007ffceeec3000 	C:\Windows\system32\rsaenh.dll
0x00007ffcf0840000 - 0x00007ffcf0866000 	C:\Windows\System32\bcrypt.dll
0x00007ffcef9a0000 - 0x00007ffcef9c8000 	C:\Windows\SYSTEM32\USERENV.dll
0x00007ffcef500000 - 0x00007ffcef50c000 	C:\Windows\SYSTEM32\CRYPTBASE.dll
0x0000000067c30000 - 0x0000000067c4a000 	E:\developer_tools\Java\jdk1.8.0_131\jre\bin\net.dll
0x00007ffcef330000 - 0x00007ffcef397000 	C:\Windows\system32\mswsock.dll
0x00007ffcef090000 - 0x00007ffcef0cd000 	C:\Windows\SYSTEM32\IPHLPAPI.DLL
0x00007ffcf3a60000 - 0x00007ffcf3a68000 	C:\Windows\System32\NSI.dll
0x00007ffce9d70000 - 0x00007ffce9d86000 	C:\Windows\SYSTEM32\dhcpcsvc6.DLL
0x00007ffce9d50000 - 0x00007ffce9d6c000 	C:\Windows\SYSTEM32\dhcpcsvc.DLL
0x00007ffcef0d0000 - 0x00007ffcef196000 	C:\Windows\SYSTEM32\DNSAPI.dll
0x0000000067c10000 - 0x0000000067c21000 	E:\developer_tools\Java\jdk1.8.0_131\jre\bin\nio.dll
0x00007ffcd4850000 - 0x00007ffcd485a000 	C:\Users\Administrator\AppData\Local\Temp\jansi-1.17.1-6336360479564078919.dll
0x00007ffcd34b0000 - 0x00007ffcd34ba000 	C:\Users\Administrator\AppData\Local\Temp\jansi-1.17.1-1066238551530973729.dll

VM Arguments:
jvm_args: -Dmaven.multiModuleProjectDirectory=F:\IdeaProjects\gmall20190311\gmall-item-web -Dmaven.home=E:\developer_tools\IntelliJ IDEA 2020.1.3\plugins\maven\lib\maven3 -Dclassworlds.conf=E:\developer_tools\IntelliJ IDEA 2020.1.3\plugins\maven\lib\maven3\bin\m2.conf -Dmaven.ext.class.path=E:\developer_tools\IntelliJ IDEA 2020.1.3\plugins\maven\lib\maven-event-listener.jar -Dfile.encoding=UTF-8 
java_command: org.codehaus.classworlds.Launcher -Didea.version=2020.2 -s E:\developer_tools\apache-maven\apache-maven-3.3.9\conf\settings.xml compile
java_class_path (initial): E:\developer_tools\IntelliJ IDEA 2020.1.3\plugins\maven\lib\maven3\boot\plexus-classworlds-2.6.0.jar;E:\developer_tools\IntelliJ IDEA 2020.1.3\plugins\maven\lib\maven3\boot\plexus-classworlds.license
Launcher Type: SUN_STANDARD

Environment Variables:
JAVA_HOME=E:\developer_tools\Java\jdk1.8.0_131
PATH=E:\developer_tools\Java\jdk1.8.0_131\bin;C:\Windows\system32;C:\Windows;C:\Windows\System32\Wbem;C:\Windows\System32\WindowsPowerShell\v1.0\;C:\Program Files\IDM Computer Solutions\UltraEdit;E:\developer_tools\apache-tomcat\apache-tomcat-8.5.24\bin;E:\developer_tools\apache-maven\apache-maven-3.3.9\bin;E:\developer_tools\MySQL\MySQLServer5.5\bin;E:\developer_tools\gradle\gradle-6.5.1\bin;E:\developer_tools\VisualSVNServer\\bin;E:\developer_tools\UltraEdit;E:\developer_tools\TortoiseGit\bin;C:\Program Files\nodejs\;E:\developer_tools\Git\bin;E:\developer_tools\Git\mingw64\libexec\git-core;C:\Users\Administrator\AppData\Local\Microsoft\WindowsApps;;E:\developer_tools\IntelliJ IDEA 2020.1.3\bin;;E:\developer_tools\Microsoft VS Code\bin;C:\Users\Administrator\AppData\Roaming\npm
USERNAME=Administrator
OS=Windows_NT
PROCESSOR_IDENTIFIER=Intel64 Family 6 Model 45 Stepping 7, GenuineIntel



---------------  S Y S T E M  ---------------

OS: Windows 10.0 , 64 bit Build 17763 (10.0.17763.1)

CPU:total 16 (initial active 16) (8 cores per cpu, 2 threads per core) family 6 model 45 stepping 7, cmov, cx8, fxsr, mmx, sse, sse2, sse3, ssse3, sse4.1, sse4.2, popcnt, avx, aes, clmul, ht, tsc, tscinvbit, tscinv

Memory: 4k page, physical 16708572k(4822940k free), swap 29816024k(4460k free)

vm_info: Java HotSpot(TM) 64-Bit Server VM (25.131-b11) for windows-amd64 JRE (1.8.0_131-b11), built on Mar 15 2017 01:23:53 by "java_re" with MS VC++ 10.0 (VS2010)

time: Mon Nov 02 11:36:54 2020
elapsed time: 14 seconds (0d 0h 0m 14s)

