#
# There is insufficient memory for the Java Runtime Environment to continue.
# Native memory allocation (malloc) failed to allocate 677936 bytes for Chunk::new
# Possible reasons:
#   The system is out of physical RAM or swap space
#   In 32 bit mode, the process size limit was hit
# Possible solutions:
#   Reduce memory load on the system
#   Increase physical memory or swap space
#   Check if swap backing store is full
#   Use 64 bit Java on a 64 bit OS
#   Decrease Java heap size (-Xmx/-Xms)
#   Decrease number of Java threads
#   Decrease Java thread stack sizes (-Xss)
#   Set larger code cache with -XX:ReservedCodeCacheSize=
# This output file may be truncated or incomplete.
#
#  Out of Memory Error (allocation.cpp:390), pid=20040, tid=0x00000000000016c4
#
# JRE version: Java(TM) SE Runtime Environment (8.0_131-b11) (build 1.8.0_131-b11)
# Java VM: Java HotSpot(TM) 64-Bit Server VM (25.131-b11 mixed mode windows-amd64 compressed oops)
# Failed to write core dump. Minidumps are not enabled by default on client versions of Windows
#

---------------  T H R E A D  ---------------

Current thread (0x000000001e359800):  JavaThread "C2 CompilerThread5" daemon [_thread_in_native, id=5828, stack(0x0000000020390000,0x0000000020490000)]

Stack: [0x0000000020390000,0x0000000020490000]
[error occurred during error reporting (printing stack bounds), id 0xc0000005]

Native frames: (J=compiled Java code, j=interpreted, Vv=VM code, C=native code)


Current CompileTask:
C2:   9435 1536   !   4       java.net.URL::<init> (543 bytes)


---------------  P R O C E S S  ---------------

Java Threads: ( => current thread )
  0x000000001e369800 JavaThread "Service Thread" daemon [_thread_blocked, id=17272, stack(0x0000000020a90000,0x0000000020b90000)]
  0x000000001e368800 JavaThread "C1 CompilerThread11" daemon [_thread_blocked, id=9044, stack(0x0000000020990000,0x0000000020a90000)]
  0x000000001e368000 JavaThread "C1 CompilerThread10" daemon [_thread_blocked, id=15736, stack(0x0000000020890000,0x0000000020990000)]
  0x000000001e365000 JavaThread "C1 CompilerThread9" daemon [_thread_blocked, id=15436, stack(0x0000000020790000,0x0000000020890000)]
  0x000000001e364800 JavaThread "C1 CompilerThread8" daemon [_thread_blocked, id=8284, stack(0x0000000020690000,0x0000000020790000)]
  0x000000001e360800 JavaThread "C2 CompilerThread7" daemon [_thread_blocked, id=8292, stack(0x0000000020590000,0x0000000020690000)]
  0x000000001e35a800 JavaThread "C2 CompilerThread6" daemon [_thread_blocked, id=776, stack(0x0000000020490000,0x0000000020590000)]
=>0x000000001e359800 JavaThread "C2 CompilerThread5" daemon [_thread_in_native, id=5828, stack(0x0000000020390000,0x0000000020490000)]
  0x000000001e359000 JavaThread "C2 CompilerThread4" daemon [_thread_blocked, id=9276, stack(0x0000000020290000,0x0000000020390000)]
  0x000000001e358000 JavaThread "C2 CompilerThread3" daemon [_thread_blocked, id=12048, stack(0x0000000020190000,0x0000000020290000)]
  0x000000001e355800 JavaThread "C2 CompilerThread2" daemon [_thread_blocked, id=10988, stack(0x0000000020090000,0x0000000020190000)]
  0x000000001e354800 JavaThread "C2 CompilerThread1" daemon [_thread_blocked, id=8688, stack(0x000000001ff90000,0x0000000020090000)]
  0x000000001e2f7800 JavaThread "C2 CompilerThread0" daemon [_thread_in_native, id=13136, stack(0x000000001fe90000,0x000000001ff90000)]
  0x000000001e353000 JavaThread "Attach Listener" daemon [_thread_blocked, id=14168, stack(0x000000001fd90000,0x000000001fe90000)]
  0x000000001e34d800 JavaThread "Signal Dispatcher" daemon [_thread_blocked, id=1940, stack(0x000000001fc90000,0x000000001fd90000)]
  0x000000001c863800 JavaThread "Finalizer" daemon [_thread_blocked, id=20376, stack(0x000000001fb30000,0x000000001fc30000)]
  0x000000001c861800 JavaThread "Reference Handler" daemon [_thread_blocked, id=20232, stack(0x000000001fa30000,0x000000001fb30000)]
  0x00000000022fe000 JavaThread "main" [_thread_in_vm, id=20300, stack(0x00000000021c0000,0x00000000022c0000)]

Other Threads:
  0x000000001e2b4000 VMThread [stack: 0x000000001f930000,0x000000001fa30000] [id=20384]
  0x000000001e3cb000 WatcherThread [stack: 0x0000000020b90000,0x0000000020c90000] [id=16720]

VM state:not at safepoint (normal execution)

VM Mutex/Monitor currently owned by a thread: None

Heap:
 PSYoungGen      total 76288K, used 30256K [0x000000076b000000, 0x0000000774500000, 0x00000007c0000000)
  eden space 65536K, 31% used [0x000000076b000000,0x000000076c3f0ac0,0x000000076f000000)
  from space 10752K, 91% used [0x000000076f000000,0x000000076f99b630,0x000000076fa80000)
  to   space 10752K, 0% used [0x0000000773a80000,0x0000000773a80000,0x0000000774500000)
 ParOldGen       total 175104K, used 16K [0x00000006c1000000, 0x00000006cbb00000, 0x000000076b000000)
  object space 175104K, 0% used [0x00000006c1000000,0x00000006c1004000,0x00000006cbb00000)
 Metaspace       used 13541K, capacity 13684K, committed 13824K, reserved 1060864K
  class space    used 1688K, capacity 1769K, committed 1792K, reserved 1048576K

Card table byte_map: [0x0000000011c50000,0x0000000012450000] byte_map_base: 0x000000000e648000

Marking Bits: (ParMarkBitMap*) 0x00000000684cc720
 Begin Bits: [0x00000000136a0000, 0x0000000017660000)
 End Bits:   [0x0000000017660000, 0x000000001b620000)

Polling page: 0x00000000003c0000

CodeCache: size=245760Kb used=7254Kb max_used=7254Kb free=238505Kb
 bounds [0x0000000002890000, 0x0000000002fb0000, 0x0000000011890000]
 total_blobs=1947 nmethods=1595 adapters=261
 compilation: enabled

Compilation events (10 events):
Event: 9.425 Thread 0x000000001e365000 nmethod 1590 0x0000000002fa5550 code [0x0000000002fa5700, 0x0000000002fa5d28]
Event: 9.426 Thread 0x000000001e368800 nmethod 1591 0x0000000002fa5f90 code [0x0000000002fa6160, 0x0000000002fa6b30]
Event: 9.428 Thread 0x000000001e364800 1593       3       com.google.inject.internal.ConstructionContext::<init> (5 bytes)
Event: 9.429 Thread 0x000000001e364800 nmethod 1593 0x0000000002fa2b90 code [0x0000000002fa2ce0, 0x0000000002fa2e90]
Event: 9.429 Thread 0x000000001e368000 1594       1       com.google.inject.spi.TypeListenerBinding::getListener (5 bytes)
Event: 9.429 Thread 0x000000001e365000 1595       1       com.google.inject.spi.TypeListenerBinding::getTypeMatcher (5 bytes)
Event: 9.429 Thread 0x000000001e368000 nmethod 1594 0x0000000002fa28d0 code [0x0000000002fa2a20, 0x0000000002fa2b30]
Event: 9.429 Thread 0x000000001e365000 nmethod 1595 0x0000000002fa2550 code [0x0000000002fa26a0, 0x0000000002fa27b0]
Event: 9.429 Thread 0x000000001e368800 1596       3       com.google.inject.internal.InternalContext::popStateAndSetDependency (10 bytes)
Event: 9.430 Thread 0x000000001e368800 nmethod 1596 0x0000000002fa6e90 code [0x0000000002fa6fe0, 0x0000000002fa7230]

GC Heap History (2 events):
Event: 8.226 GC heap before
{Heap before GC invocations=1 (full 0):
 PSYoungGen      total 76288K, used 65536K [0x000000076b000000, 0x0000000770500000, 0x00000007c0000000)
  eden space 65536K, 100% used [0x000000076b000000,0x000000076f000000,0x000000076f000000)
  from space 10752K, 0% used [0x000000076fa80000,0x000000076fa80000,0x0000000770500000)
  to   space 10752K, 0% used [0x000000076f000000,0x000000076f000000,0x000000076fa80000)
 ParOldGen       total 175104K, used 0K [0x00000006c1000000, 0x00000006cbb00000, 0x000000076b000000)
  object space 175104K, 0% used [0x00000006c1000000,0x00000006c1000000,0x00000006cbb00000)
 Metaspace       used 11639K, capacity 11806K, committed 12032K, reserved 1060864K
  class space    used 1416K, capacity 1510K, committed 1536K, reserved 1048576K
Event: 8.314 GC heap after
Heap after GC invocations=1 (full 0):
 PSYoungGen      total 76288K, used 9837K [0x000000076b000000, 0x0000000774500000, 0x00000007c0000000)
  eden space 65536K, 0% used [0x000000076b000000,0x000000076b000000,0x000000076f000000)
  from space 10752K, 91% used [0x000000076f000000,0x000000076f99b630,0x000000076fa80000)
  to   space 10752K, 0% used [0x0000000773a80000,0x0000000773a80000,0x0000000774500000)
 ParOldGen       total 175104K, used 16K [0x00000006c1000000, 0x00000006cbb00000, 0x000000076b000000)
  object space 175104K, 0% used [0x00000006c1000000,0x00000006c1004000,0x00000006cbb00000)
 Metaspace       used 11639K, capacity 11806K, committed 12032K, reserved 1060864K
  class space    used 1416K, capacity 1510K, committed 1536K, reserved 1048576K
}

Deoptimization events (10 events):
Event: 6.486 Thread 0x00000000022fe000 Uncommon trap: reason=unstable_if action=reinterpret pc=0x0000000002d318e8 method=sun.nio.cs.StreamDecoder.implRead([CII)I @ 197
Event: 6.498 Thread 0x00000000022fe000 Uncommon trap: reason=unstable_if action=reinterpret pc=0x0000000002d2c870 method=sun.nio.cs.StreamDecoder.implRead([CII)I @ 71
Event: 6.502 Thread 0x00000000022fe000 Uncommon trap: reason=unstable_if action=reinterpret pc=0x0000000002d115ac method=sun.nio.cs.StreamDecoder.implRead([CII)I @ 71
Event: 6.531 Thread 0x00000000022fe000 Uncommon trap: reason=unstable_if action=reinterpret pc=0x0000000002d3dccc method=org.codehaus.plexus.util.xml.pull.MXParser.nextImpl()I @ 200
Event: 6.634 Thread 0x00000000022fe000 Uncommon trap: reason=unstable_if action=reinterpret pc=0x0000000002cfc010 method=java.io.Reader.read()I @ 12
Event: 6.639 Thread 0x00000000022fe000 Uncommon trap: reason=unstable_if action=reinterpret pc=0x0000000002d5cff8 method=org.codehaus.plexus.util.xml.pull.MXParser.nextImpl()I @ 241
Event: 6.752 Thread 0x00000000022fe000 Uncommon trap: reason=unstable_if action=reinterpret pc=0x0000000002ce43dc method=java.util.HashMap.getNode(ILjava/lang/Object;)Ljava/util/HashMap$Node; @ 129
Event: 6.753 Thread 0x00000000022fe000 Uncommon trap: reason=unstable_if action=reinterpret pc=0x0000000002ce5fc4 method=java.util.HashMap.getNode(ILjava/lang/Object;)Ljava/util/HashMap$Node; @ 129
Event: 6.807 Thread 0x00000000022fe000 Uncommon trap: reason=range_check action=make_not_entrant pc=0x0000000002da4268 method=sun.reflect.generics.parser.SignatureParser.current()C @ 34
Event: 9.346 Thread 0x00000000022fe000 Uncommon trap: reason=unstable_if action=reinterpret pc=0x0000000002f606dc method=java.lang.ref.ReferenceQueue.poll()Ljava/lang/ref/Reference; @ 4

Internal exceptions (10 events):
Event: 2.301 Thread 0x00000000022fe000 Exception <a 'java/security/PrivilegedActionException'> (0x000000076b5d9858) thrown at [C:\re\workspace\8-2-build-windows-amd64-cygwin\jdk8u131\8869\hotspot\src\share\vm\prims\jvm.cpp, line 1390]
Event: 6.175 Thread 0x00000000022fe000 Exception <a 'java/lang/ArrayIndexOutOfBoundsException'> (0x000000076c90cb48) thrown at [C:\re\workspace\8-2-build-windows-amd64-cygwin\jdk8u131\8869\hotspot\src\share\vm\runtime\sharedRuntime.cpp, line 605]
Event: 6.186 Thread 0x00000000022fe000 Exception <a 'java/lang/ArrayIndexOutOfBoundsException'> (0x000000076c928528) thrown at [C:\re\workspace\8-2-build-windows-amd64-cygwin\jdk8u131\8869\hotspot\src\share\vm\runtime\sharedRuntime.cpp, line 605]
Event: 6.201 Thread 0x00000000022fe000 Exception <a 'java/lang/ArrayIndexOutOfBoundsException'> (0x000000076c96a5f8) thrown at [C:\re\workspace\8-2-build-windows-amd64-cygwin\jdk8u131\8869\hotspot\src\share\vm\runtime\sharedRuntime.cpp, line 605]
Event: 6.655 Thread 0x00000000022fe000 Exception <a 'java/lang/ArrayIndexOutOfBoundsException'> (0x000000076d2ea9d8) thrown at [C:\re\workspace\8-2-build-windows-amd64-cygwin\jdk8u131\8869\hotspot\src\share\vm\runtime\sharedRuntime.cpp, line 605]
Event: 6.656 Thread 0x00000000022fe000 Exception <a 'java/lang/ArrayIndexOutOfBoundsException'> (0x000000076d2ec568) thrown at [C:\re\workspace\8-2-build-windows-amd64-cygwin\jdk8u131\8869\hotspot\src\share\vm\runtime\sharedRuntime.cpp, line 605]
Event: 6.807 Thread 0x00000000022fe000 Exception <a 'java/lang/ArrayIndexOutOfBoundsException': 66> (0x000000076d615df0) thrown at [C:\re\workspace\8-2-build-windows-amd64-cygwin\jdk8u131\8869\hotspot\src\share\vm\interpreter\interpreterRuntime.cpp, line 366]
Event: 9.325 Thread 0x00000000022fe000 Exception <a 'java/lang/NoClassDefFoundError': com/google/inject/servlet/ServletModuleTargetVisitor> (0x000000076c1077a0) thrown at [C:\re\workspace\8-2-build-windows-amd64-cygwin\jdk8u131\8869\hotspot\src\share\vm\classfile\systemDictionary.cpp, line 199
Event: 9.325 Thread 0x00000000022fe000 Exception <a 'java/lang/NoClassDefFoundError'> (0x000000076c1077a0) thrown at [C:\re\workspace\8-2-build-windows-amd64-cygwin\jdk8u131\8869\hotspot\src\share\vm\prims\jvm.cpp, line 1394]
Event: 9.325 Thread 0x00000000022fe000 Exception <a 'java/lang/NoClassDefFoundError': javax/annotation/Priority> (0x000000076c10c408) thrown at [C:\re\workspace\8-2-build-windows-amd64-cygwin\jdk8u131\8869\hotspot\src\share\vm\classfile\systemDictionary.cpp, line 199]

Events (10 events):
Event: 9.431 loading class org/apache/maven/project/artifact/MavenMetadataSource
Event: 9.431 loading class org/apache/maven/project/artifact/MavenMetadataSource done
Event: 9.431 loading class org/apache/maven/project/artifact/MavenMetadataSource
Event: 9.431 loading class org/apache/maven/project/artifact/MavenMetadataSource done
Event: 9.431 loading class org/apache/maven/project/artifact/DefaultMetadataSource
Event: 9.431 loading class org/apache/maven/project/artifact/DefaultMetadataSource done
Event: 9.432 loading class org/apache/maven/project/artifact/DefaultMetadataSource
Event: 9.432 loading class org/apache/maven/project/artifact/DefaultMetadataSource done
Event: 9.432 loading class org/apache/maven/project/artifact/DefaultMetadataSource
Event: 9.432 loading class org/apache/maven/project/artifact/DefaultMetadataSource done


Dynamic libraries:
0x00007ff7b82c0000 - 0x00007ff7b82f7000 	E:\developer_tools\Java\jdk1.8.0_131\bin\java.exe
0x00007ffcf3aa0000 - 0x00007ffcf3c8d000 	C:\Windows\SYSTEM32\ntdll.dll
0x00007ffcf0cd0000 - 0x00007ffcf0d83000 	C:\Windows\System32\KERNEL32.DLL
0x00007ffcf0890000 - 0x00007ffcf0b23000 	C:\Windows\System32\KERNELBASE.dll
0x00007ffcf1790000 - 0x00007ffcf1833000 	C:\Windows\System32\ADVAPI32.DLL
0x00007ffcf2d30000 - 0x00007ffcf2dce000 	C:\Windows\System32\msvcrt.dll
0x00007ffcf0d90000 - 0x00007ffcf0e2e000 	C:\Windows\System32\sechost.dll
0x00007ffcf15b0000 - 0x00007ffcf16d3000 	C:\Windows\System32\RPCRT4.dll
0x00007ffcf1410000 - 0x00007ffcf15a7000 	C:\Windows\System32\USER32.dll
0x00007ffcefb70000 - 0x00007ffcefb90000 	C:\Windows\System32\win32u.dll
0x00007ffcf3410000 - 0x00007ffcf3439000 	C:\Windows\System32\GDI32.dll
0x00007ffcf0b30000 - 0x00007ffcf0cca000 	C:\Windows\System32\gdi32full.dll
0x00007ffcefbf0000 - 0x00007ffcefc90000 	C:\Windows\System32\msvcp_win.dll
0x00007ffcf06c0000 - 0x00007ffcf07bc000 	C:\Windows\System32\ucrtbase.dll
0x00007ffce6150000 - 0x00007ffce63c9000 	C:\Windows\WinSxS\amd64_microsoft.windows.common-controls_6595b64144ccf1df_6.0.17763.107_none_05b63884071e656e\COMCTL32.dll
0x00007ffcf10d0000 - 0x00007ffcf13fe000 	C:\Windows\System32\combase.dll
0x00007ffcf07c0000 - 0x00007ffcf083e000 	C:\Windows\System32\bcryptPrimitives.dll
0x00007ffcf16e0000 - 0x00007ffcf170e000 	C:\Windows\System32\IMM32.DLL
0x0000000068550000 - 0x0000000068622000 	E:\developer_tools\Java\jdk1.8.0_131\jre\bin\msvcr100.dll
0x0000000067cb0000 - 0x000000006854c000 	E:\developer_tools\Java\jdk1.8.0_131\jre\bin\server\jvm.dll
0x00007ffcf37f0000 - 0x00007ffcf37f8000 	C:\Windows\System32\PSAPI.DLL
0x00007ffce5010000 - 0x00007ffce5019000 	C:\Windows\SYSTEM32\WSOCK32.dll
0x00007ffcf1060000 - 0x00007ffcf10cd000 	C:\Windows\System32\WS2_32.dll
0x00007ffcedc90000 - 0x00007ffcedcb4000 	C:\Windows\SYSTEM32\WINMM.dll
0x00007ffceafe0000 - 0x00007ffceafea000 	C:\Windows\SYSTEM32\VERSION.dll
0x00007ffcedb40000 - 0x00007ffcedb6d000 	C:\Windows\SYSTEM32\WINMMBASE.dll
0x00007ffcf0670000 - 0x00007ffcf06ba000 	C:\Windows\System32\cfgmgr32.dll
0x0000000067ca0000 - 0x0000000067caf000 	E:\developer_tools\Java\jdk1.8.0_131\jre\bin\verify.dll
0x0000000067c70000 - 0x0000000067c99000 	E:\developer_tools\Java\jdk1.8.0_131\jre\bin\java.dll
0x0000000067c50000 - 0x0000000067c66000 	E:\developer_tools\Java\jdk1.8.0_131\jre\bin\zip.dll
0x00007ffcf1840000 - 0x00007ffcf2d2f000 	C:\Windows\System32\SHELL32.dll
0x00007ffcf2ee0000 - 0x00007ffcf2f88000 	C:\Windows\System32\shcore.dll
0x00007ffcefc90000 - 0x00007ffcf03d8000 	C:\Windows\System32\windows.storage.dll
0x00007ffcefac0000 - 0x00007ffcefae4000 	C:\Windows\System32\profapi.dll
0x00007ffcefb10000 - 0x00007ffcefb6d000 	C:\Windows\System32\powrprof.dll
0x00007ffcf3440000 - 0x00007ffcf3492000 	C:\Windows\System32\shlwapi.dll
0x00007ffcefaf0000 - 0x00007ffcefb01000 	C:\Windows\System32\kernel.appcore.dll
0x00007ffcf0870000 - 0x00007ffcf0887000 	C:\Windows\System32\cryptsp.dll
0x00007ffceee90000 - 0x00007ffceeec3000 	C:\Windows\system32\rsaenh.dll
0x00007ffcf0840000 - 0x00007ffcf0866000 	C:\Windows\System32\bcrypt.dll
0x00007ffcef9a0000 - 0x00007ffcef9c8000 	C:\Windows\SYSTEM32\USERENV.dll
0x00007ffcef500000 - 0x00007ffcef50c000 	C:\Windows\SYSTEM32\CRYPTBASE.dll
0x0000000067c30000 - 0x0000000067c4a000 	E:\developer_tools\Java\jdk1.8.0_131\jre\bin\net.dll
0x00007ffcef330000 - 0x00007ffcef397000 	C:\Windows\system32\mswsock.dll
0x00007ffcef090000 - 0x00007ffcef0cd000 	C:\Windows\SYSTEM32\IPHLPAPI.DLL
0x00007ffcf3a60000 - 0x00007ffcf3a68000 	C:\Windows\System32\NSI.dll
0x00007ffce9d70000 - 0x00007ffce9d86000 	C:\Windows\SYSTEM32\dhcpcsvc6.DLL
0x00007ffce9d50000 - 0x00007ffce9d6c000 	C:\Windows\SYSTEM32\dhcpcsvc.DLL
0x00007ffcef0d0000 - 0x00007ffcef196000 	C:\Windows\SYSTEM32\DNSAPI.dll
0x0000000067c10000 - 0x0000000067c21000 	E:\developer_tools\Java\jdk1.8.0_131\jre\bin\nio.dll
0x00007ffce9ea0000 - 0x00007ffce9eaa000 	C:\Users\Administrator\AppData\Local\Temp\jansi-1.17.1-2873812170664668963.dll
0x00007ffce6090000 - 0x00007ffce609a000 	C:\Users\Administrator\AppData\Local\Temp\jansi-1.17.1-2717343190327516527.dll

VM Arguments:
jvm_args: -Dmaven.multiModuleProjectDirectory=F:\IdeaProjects\gmall20190311\gmall-item-web -Dmaven.home=E:\developer_tools\IntelliJ IDEA 2020.1.3\plugins\maven\lib\maven3 -Dclassworlds.conf=E:\developer_tools\IntelliJ IDEA 2020.1.3\plugins\maven\lib\maven3\bin\m2.conf -Dmaven.ext.class.path=E:\developer_tools\IntelliJ IDEA 2020.1.3\plugins\maven\lib\maven-event-listener.jar -Dfile.encoding=UTF-8 
java_command: org.codehaus.classworlds.Launcher -Didea.version=2020.2 -s E:\developer_tools\apache-maven\apache-maven-3.3.9\conf\settings.xml compile
java_class_path (initial): E:\developer_tools\IntelliJ IDEA 2020.1.3\plugins\maven\lib\maven3\boot\plexus-classworlds-2.6.0.jar;E:\developer_tools\IntelliJ IDEA 2020.1.3\plugins\maven\lib\maven3\boot\plexus-classworlds.license
Launcher Type: SUN_STANDARD

Environment Variables:
JAVA_HOME=E:\developer_tools\Java\jdk1.8.0_131
PATH=E:\developer_tools\Java\jdk1.8.0_131\bin;C:\Windows\system32;C:\Windows;C:\Windows\System32\Wbem;C:\Windows\System32\WindowsPowerShell\v1.0\;C:\Program Files\IDM Computer Solutions\UltraEdit;E:\developer_tools\apache-tomcat\apache-tomcat-8.5.24\bin;E:\developer_tools\apache-maven\apache-maven-3.3.9\bin;E:\developer_tools\MySQL\MySQLServer5.5\bin;E:\developer_tools\gradle\gradle-6.5.1\bin;E:\developer_tools\VisualSVNServer\\bin;E:\developer_tools\UltraEdit;E:\developer_tools\TortoiseGit\bin;C:\Program Files\nodejs\;E:\developer_tools\Git\bin;E:\developer_tools\Git\mingw64\libexec\git-core;C:\Users\Administrator\AppData\Local\Microsoft\WindowsApps;;E:\developer_tools\IntelliJ IDEA 2020.1.3\bin;;E:\developer_tools\Microsoft VS Code\bin;C:\Users\Administrator\AppData\Roaming\npm
USERNAME=Administrator
OS=Windows_NT
PROCESSOR_IDENTIFIER=Intel64 Family 6 Model 45 Stepping 7, GenuineIntel



---------------  S Y S T E M  ---------------

OS: Windows 10.0 , 64 bit Build 17763 (10.0.17763.1)

CPU:total 16 (initial active 16) (8 cores per cpu, 2 threads per core) family 6 model 45 stepping 7, cmov, cx8, fxsr, mmx, sse, sse2, sse3, ssse3, sse4.1, sse4.2, popcnt, avx, aes, clmul, ht, tsc, tscinvbit, tscinv

Memory: 4k page, physical 16708572k(4793296k free), swap 29816024k(3672k free)

vm_info: Java HotSpot(TM) 64-Bit Server VM (25.131-b11) for windows-amd64 JRE (1.8.0_131-b11), built on Mar 15 2017 01:23:53 by "java_re" with MS VC++ 10.0 (VS2010)

time: Mon Nov 02 11:36:54 2020
elapsed time: 9 seconds (0d 0h 0m 9s)

