#
# There is insufficient memory for the Java Runtime Environment to continue.
# Native memory allocation (malloc) failed to allocate 192176 bytes for Chunk::new
# Possible reasons:
#   The system is out of physical RAM or swap space
#   In 32 bit mode, the process size limit was hit
# Possible solutions:
#   Reduce memory load on the system
#   Increase physical memory or swap space
#   Check if swap backing store is full
#   Use 64 bit Java on a 64 bit OS
#   Decrease Java heap size (-Xmx/-Xms)
#   Decrease number of Java threads
#   Decrease Java thread stack sizes (-Xss)
#   Set larger code cache with -XX:ReservedCodeCacheSize=
# This output file may be truncated or incomplete.
#
#  Out of Memory Error (allocation.cpp:390), pid=17840, tid=0x00000000000049dc
#
# JRE version: Java(TM) SE Runtime Environment (8.0_131-b11) (build 1.8.0_131-b11)
# Java VM: Java HotSpot(TM) 64-Bit Server VM (25.131-b11 mixed mode windows-amd64 compressed oops)
# Failed to write core dump. Minidumps are not enabled by default on client versions of Windows
#

---------------  T H R E A D  ---------------

Current thread (0x000000001f0aa000):  JavaThread "C2 CompilerThread1" daemon [_thread_in_native, id=18908, stack(0x0000000020d50000,0x0000000020e50000)]

Stack: [0x0000000020d50000,0x0000000020e50000]
[error occurred during error reporting (printing stack bounds), id 0xc0000005]

Native frames: (J=compiled Java code, j=interpreted, Vv=VM code, C=native code)


Current CompileTask:
C2:  10544  759       4       sun.misc.URLClassPath::getResource (83 bytes)


---------------  P R O C E S S  ---------------

Java Threads: ( => current thread )
  0x000000001f167800 JavaThread "Service Thread" daemon [_thread_blocked, id=19148, stack(0x0000000021850000,0x0000000021950000)]
  0x000000001f162800 JavaThread "C1 CompilerThread11" daemon [_thread_blocked, id=19080, stack(0x0000000021750000,0x0000000021850000)]
  0x000000001f161800 JavaThread "C1 CompilerThread10" daemon [_thread_blocked, id=19072, stack(0x0000000021650000,0x0000000021750000)]
  0x000000001f15f000 JavaThread "C1 CompilerThread9" daemon [_thread_blocked, id=19064, stack(0x0000000021550000,0x0000000021650000)]
  0x000000001f15e000 JavaThread "C1 CompilerThread8" daemon [_thread_in_native, id=19056, stack(0x0000000021450000,0x0000000021550000)]
  0x000000001f15a000 JavaThread "C2 CompilerThread7" daemon [_thread_blocked, id=19048, stack(0x0000000021350000,0x0000000021450000)]
  0x000000001f158800 JavaThread "C2 CompilerThread6" daemon [_thread_blocked, id=19040, stack(0x0000000021250000,0x0000000021350000)]
  0x000000001f157800 JavaThread "C2 CompilerThread5" daemon [_thread_blocked, id=19032, stack(0x0000000021150000,0x0000000021250000)]
  0x000000001f157000 JavaThread "C2 CompilerThread4" daemon [_thread_blocked, id=19024, stack(0x0000000021050000,0x0000000021150000)]
  0x000000001f156000 JavaThread "C2 CompilerThread3" daemon [_thread_blocked, id=19012, stack(0x0000000020f50000,0x0000000021050000)]
  0x000000001f155800 JavaThread "C2 CompilerThread2" daemon [_thread_blocked, id=18960, stack(0x0000000020e50000,0x0000000020f50000)]
=>0x000000001f0aa000 JavaThread "C2 CompilerThread1" daemon [_thread_in_native, id=18908, stack(0x0000000020d50000,0x0000000020e50000)]
  0x000000001f0a8000 JavaThread "C2 CompilerThread0" daemon [_thread_blocked, id=18852, stack(0x0000000020c50000,0x0000000020d50000)]
  0x000000001f0a7000 JavaThread "Attach Listener" daemon [_thread_blocked, id=18848, stack(0x0000000020b50000,0x0000000020c50000)]
  0x000000001f105800 JavaThread "Signal Dispatcher" daemon [_thread_blocked, id=18844, stack(0x0000000020a50000,0x0000000020b50000)]
  0x000000001d5ef800 JavaThread "Finalizer" daemon [_thread_blocked, id=18668, stack(0x00000000208f0000,0x00000000209f0000)]
  0x000000001d5ed800 JavaThread "Reference Handler" daemon [_thread_blocked, id=18660, stack(0x00000000207f0000,0x00000000208f0000)]
  0x0000000002f5e000 JavaThread "main" [_thread_in_vm, id=18244, stack(0x0000000003420000,0x0000000003520000)]

Other Threads:
  0x000000001f064000 VMThread [stack: 0x00000000206f0000,0x00000000207f0000] [id=18412]
  0x000000001f1b4800 WatcherThread [stack: 0x0000000021950000,0x0000000021a50000] [id=19208]

VM state:not at safepoint (normal execution)

VM Mutex/Monitor currently owned by a thread:  ([mutex/lock_event])
[0x0000000003521ed0] MethodData_lock - owner thread: 0x0000000000000000

Heap:
 PSYoungGen      total 76288K, used 35409K [0x000000076b000000, 0x0000000770500000, 0x00000007c0000000)
  eden space 65536K, 54% used [0x000000076b000000,0x000000076d294668,0x000000076f000000)
  from space 10752K, 0% used [0x000000076fa80000,0x000000076fa80000,0x0000000770500000)
  to   space 10752K, 0% used [0x000000076f000000,0x000000076f000000,0x000000076fa80000)
 ParOldGen       total 175104K, used 0K [0x00000006c1000000, 0x00000006cbb00000, 0x000000076b000000)
  object space 175104K, 0% used [0x00000006c1000000,0x00000006c1000000,0x00000006cbb00000)
 Metaspace       used 8785K, capacity 8940K, committed 9088K, reserved 1056768K
  class space    used 1060K, capacity 1112K, committed 1152K, reserved 1048576K

Card table byte_map: [0x00000000129e0000,0x00000000131e0000] byte_map_base: 0x000000000f3d8000

Marking Bits: (ParMarkBitMap*) 0x00000000684cc720
 Begin Bits: [0x0000000014430000, 0x00000000183f0000)
 End Bits:   [0x00000000183f0000, 0x000000001c3b0000)

Polling page: 0x0000000002f10000

CodeCache: size=245760Kb used=5147Kb max_used=5147Kb free=240612Kb
 bounds [0x0000000003620000, 0x0000000003b30000, 0x0000000012620000]
 total_blobs=1108 nmethods=778 adapters=240
 compilation: enabled

Compilation events (10 events):
Event: 10.513 Thread 0x000000001f15e000  758       3       com.google.inject.TypeLiteral::<init> (43 bytes)
Event: 10.514 Thread 0x000000001f15e000 nmethod 758 0x0000000003b1dc90 code [0x0000000003b1de60, 0x0000000003b1e3b8]
Event: 10.515 Thread 0x000000001f161800 nmethod 757 0x0000000003b1e650 code [0x0000000003b1e980, 0x0000000003b20728]
Event: 10.534 Thread 0x000000001f0aa000  759       4       sun.misc.URLClassPath::getResource (83 bytes)
Event: 10.539 Thread 0x000000001f15f000  760       3       java.lang.reflect.Field::getAnnotation (23 bytes)
Event: 10.540 Thread 0x000000001f15f000 nmethod 760 0x0000000003b20f10 code [0x0000000003b210e0, 0x0000000003b21888]
Event: 10.540 Thread 0x000000001f15f000  762       3       java.lang.String::compareTo (9 bytes)
Event: 10.540 Thread 0x000000001f162800  761       3       com.google.common.collect.ComparisonChain$1::compare (12 bytes)
Event: 10.540 Thread 0x000000001f15f000 nmethod 762 0x0000000003b21b50 code [0x0000000003b21cc0, 0x0000000003b21fa8]
Event: 10.540 Thread 0x000000001f162800 nmethod 761 0x0000000003b22050 code [0x0000000003b221e0, 0x0000000003b226c8]

GC Heap History (0 events):
No events

Deoptimization events (9 events):
Event: 9.364 Thread 0x0000000002f5e000 Uncommon trap: reason=unstable_if action=reinterpret pc=0x00000000039c52e8 method=org.codehaus.plexus.util.xml.pull.MXParser.more()C @ 8
Event: 9.535 Thread 0x0000000002f5e000 Uncommon trap: reason=unstable_if action=reinterpret pc=0x0000000003aafda0 method=sun.nio.cs.StreamDecoder.implRead([CII)I @ 71
Event: 9.549 Thread 0x0000000002f5e000 Uncommon trap: reason=unstable_if action=reinterpret pc=0x0000000003aab178 method=sun.nio.cs.StreamDecoder.implRead([CII)I @ 71
Event: 9.549 Thread 0x0000000002f5e000 Uncommon trap: reason=unstable_if action=reinterpret pc=0x0000000003aa5f34 method=sun.nio.cs.StreamDecoder.implRead([CII)I @ 71
Event: 9.554 Thread 0x0000000002f5e000 Uncommon trap: reason=unstable_if action=reinterpret pc=0x0000000003ab5494 method=sun.nio.cs.StreamDecoder.implRead([CII)I @ 71
Event: 9.554 Thread 0x0000000002f5e000 Uncommon trap: reason=unstable_if action=reinterpret pc=0x0000000003a9b0ac method=sun.nio.cs.StreamDecoder.implRead([CII)I @ 71
Event: 9.554 Thread 0x0000000002f5e000 Uncommon trap: reason=unstable_if action=reinterpret pc=0x0000000003ac7334 method=java.io.Reader.read()I @ 12
Event: 9.852 Thread 0x0000000002f5e000 Uncommon trap: reason=unstable_if action=reinterpret pc=0x0000000003ad7dc4 method=org.codehaus.plexus.util.xml.pull.MXParser.nextImpl()I @ 200
Event: 10.469 Thread 0x0000000002f5e000 Uncommon trap: reason=unstable_if action=reinterpret pc=0x0000000003b04238 method=org.codehaus.plexus.util.xml.pull.MXParser.nextImpl()I @ 241

Internal exceptions (10 events):
Event: 1.109 Thread 0x0000000002f5e000 Exception <a 'java/security/PrivilegedActionException'> (0x000000076b2a3338) thrown at [C:\re\workspace\8-2-build-windows-amd64-cygwin\jdk8u131\8869\hotspot\src\share\vm\prims\jvm.cpp, line 1390]
Event: 1.481 Thread 0x0000000002f5e000 Exception <a 'java/security/PrivilegedActionException'> (0x000000076b5d61a0) thrown at [C:\re\workspace\8-2-build-windows-amd64-cygwin\jdk8u131\8869\hotspot\src\share\vm\prims\jvm.cpp, line 1390]
Event: 1.482 Thread 0x0000000002f5e000 Exception <a 'java/security/PrivilegedActionException'> (0x000000076b5d6598) thrown at [C:\re\workspace\8-2-build-windows-amd64-cygwin\jdk8u131\8869\hotspot\src\share\vm\prims\jvm.cpp, line 1390]
Event: 1.482 Thread 0x0000000002f5e000 Exception <a 'java/security/PrivilegedActionException'> (0x000000076b5d96e0) thrown at [C:\re\workspace\8-2-build-windows-amd64-cygwin\jdk8u131\8869\hotspot\src\share\vm\prims\jvm.cpp, line 1390]
Event: 1.482 Thread 0x0000000002f5e000 Exception <a 'java/security/PrivilegedActionException'> (0x000000076b5d9ad8) thrown at [C:\re\workspace\8-2-build-windows-amd64-cygwin\jdk8u131\8869\hotspot\src\share\vm\prims\jvm.cpp, line 1390]
Event: 9.288 Thread 0x0000000002f5e000 Exception <a 'java/lang/ArrayIndexOutOfBoundsException'> (0x000000076c906a10) thrown at [C:\re\workspace\8-2-build-windows-amd64-cygwin\jdk8u131\8869\hotspot\src\share\vm\runtime\sharedRuntime.cpp, line 605]
Event: 9.296 Thread 0x0000000002f5e000 Exception <a 'java/lang/ArrayIndexOutOfBoundsException'> (0x000000076c9223f0) thrown at [C:\re\workspace\8-2-build-windows-amd64-cygwin\jdk8u131\8869\hotspot\src\share\vm\runtime\sharedRuntime.cpp, line 605]
Event: 9.338 Thread 0x0000000002f5e000 Exception <a 'java/lang/ArrayIndexOutOfBoundsException'> (0x000000076c964518) thrown at [C:\re\workspace\8-2-build-windows-amd64-cygwin\jdk8u131\8869\hotspot\src\share\vm\runtime\sharedRuntime.cpp, line 605]
Event: 10.498 Thread 0x0000000002f5e000 Exception <a 'java/lang/ArrayIndexOutOfBoundsException'> (0x000000076d229b40) thrown at [C:\re\workspace\8-2-build-windows-amd64-cygwin\jdk8u131\8869\hotspot\src\share\vm\runtime\sharedRuntime.cpp, line 605]
Event: 10.500 Thread 0x0000000002f5e000 Exception <a 'java/lang/ArrayIndexOutOfBoundsException'> (0x000000076d22b6d0) thrown at [C:\re\workspace\8-2-build-windows-amd64-cygwin\jdk8u131\8869\hotspot\src\share\vm\runtime\sharedRuntime.cpp, line 605]

Events (10 events):
Event: 10.515 loading class org/eclipse/sisu/Description
Event: 10.515 loading class org/eclipse/sisu/Description done
Event: 10.515 loading class org/eclipse/sisu/Priority
Event: 10.515 loading class org/eclipse/sisu/Priority done
Event: 10.534 loading class org/eclipse/sisu/Hidden
Event: 10.534 loading class org/eclipse/sisu/Hidden done
Event: 10.535 loading class org/eclipse/sisu/inject/DescriptionSource
Event: 10.535 loading class org/eclipse/sisu/inject/DescriptionSource done
Event: 10.535 loading class org/eclipse/sisu/inject/AnnotatedSource
Event: 10.535 loading class org/eclipse/sisu/inject/AnnotatedSource done


Dynamic libraries:
0x00007ff7b82c0000 - 0x00007ff7b82f7000 	E:\developer_tools\Java\jdk1.8.0_131\bin\java.exe
0x00007ffcf3aa0000 - 0x00007ffcf3c8d000 	C:\Windows\SYSTEM32\ntdll.dll
0x00007ffcf0cd0000 - 0x00007ffcf0d83000 	C:\Windows\System32\KERNEL32.DLL
0x00007ffcf0890000 - 0x00007ffcf0b23000 	C:\Windows\System32\KERNELBASE.dll
0x00007ffcf1790000 - 0x00007ffcf1833000 	C:\Windows\System32\ADVAPI32.DLL
0x00007ffcf2d30000 - 0x00007ffcf2dce000 	C:\Windows\System32\msvcrt.dll
0x00007ffcf0d90000 - 0x00007ffcf0e2e000 	C:\Windows\System32\sechost.dll
0x00007ffcf15b0000 - 0x00007ffcf16d3000 	C:\Windows\System32\RPCRT4.dll
0x00007ffcf1410000 - 0x00007ffcf15a7000 	C:\Windows\System32\USER32.dll
0x00007ffcefb70000 - 0x00007ffcefb90000 	C:\Windows\System32\win32u.dll
0x00007ffcf3410000 - 0x00007ffcf3439000 	C:\Windows\System32\GDI32.dll
0x00007ffcf0b30000 - 0x00007ffcf0cca000 	C:\Windows\System32\gdi32full.dll
0x00007ffcefbf0000 - 0x00007ffcefc90000 	C:\Windows\System32\msvcp_win.dll
0x00007ffcf06c0000 - 0x00007ffcf07bc000 	C:\Windows\System32\ucrtbase.dll
0x00007ffce6150000 - 0x00007ffce63c9000 	C:\Windows\WinSxS\amd64_microsoft.windows.common-controls_6595b64144ccf1df_6.0.17763.107_none_05b63884071e656e\COMCTL32.dll
0x00007ffcf10d0000 - 0x00007ffcf13fe000 	C:\Windows\System32\combase.dll
0x00007ffcf07c0000 - 0x00007ffcf083e000 	C:\Windows\System32\bcryptPrimitives.dll
0x00007ffcf16e0000 - 0x00007ffcf170e000 	C:\Windows\System32\IMM32.DLL
0x0000000068550000 - 0x0000000068622000 	E:\developer_tools\Java\jdk1.8.0_131\jre\bin\msvcr100.dll
0x0000000067cb0000 - 0x000000006854c000 	E:\developer_tools\Java\jdk1.8.0_131\jre\bin\server\jvm.dll
0x00007ffcf37f0000 - 0x00007ffcf37f8000 	C:\Windows\System32\PSAPI.DLL
0x00007ffce5010000 - 0x00007ffce5019000 	C:\Windows\SYSTEM32\WSOCK32.dll
0x00007ffcf1060000 - 0x00007ffcf10cd000 	C:\Windows\System32\WS2_32.dll
0x00007ffcedc90000 - 0x00007ffcedcb4000 	C:\Windows\SYSTEM32\WINMM.dll
0x00007ffcedb40000 - 0x00007ffcedb6d000 	C:\Windows\SYSTEM32\WINMMBASE.dll
0x00007ffceafe0000 - 0x00007ffceafea000 	C:\Windows\SYSTEM32\VERSION.dll
0x00007ffcf0670000 - 0x00007ffcf06ba000 	C:\Windows\System32\cfgmgr32.dll
0x0000000067ca0000 - 0x0000000067caf000 	E:\developer_tools\Java\jdk1.8.0_131\jre\bin\verify.dll
0x0000000067c70000 - 0x0000000067c99000 	E:\developer_tools\Java\jdk1.8.0_131\jre\bin\java.dll
0x0000000067c50000 - 0x0000000067c66000 	E:\developer_tools\Java\jdk1.8.0_131\jre\bin\zip.dll
0x00007ffcf1840000 - 0x00007ffcf2d2f000 	C:\Windows\System32\SHELL32.dll
0x00007ffcf2ee0000 - 0x00007ffcf2f88000 	C:\Windows\System32\shcore.dll
0x00007ffcefc90000 - 0x00007ffcf03d8000 	C:\Windows\System32\windows.storage.dll
0x00007ffcefac0000 - 0x00007ffcefae4000 	C:\Windows\System32\profapi.dll
0x00007ffcefb10000 - 0x00007ffcefb6d000 	C:\Windows\System32\powrprof.dll
0x00007ffcf3440000 - 0x00007ffcf3492000 	C:\Windows\System32\shlwapi.dll
0x00007ffcefaf0000 - 0x00007ffcefb01000 	C:\Windows\System32\kernel.appcore.dll
0x00007ffcf0870000 - 0x00007ffcf0887000 	C:\Windows\System32\cryptsp.dll
0x00007ffceee90000 - 0x00007ffceeec3000 	C:\Windows\system32\rsaenh.dll
0x00007ffcf0840000 - 0x00007ffcf0866000 	C:\Windows\System32\bcrypt.dll
0x00007ffcef9a0000 - 0x00007ffcef9c8000 	C:\Windows\SYSTEM32\USERENV.dll
0x00007ffcef500000 - 0x00007ffcef50c000 	C:\Windows\SYSTEM32\CRYPTBASE.dll
0x0000000067c30000 - 0x0000000067c4a000 	E:\developer_tools\Java\jdk1.8.0_131\jre\bin\net.dll
0x00007ffcef330000 - 0x00007ffcef397000 	C:\Windows\system32\mswsock.dll
0x00007ffcef090000 - 0x00007ffcef0cd000 	C:\Windows\SYSTEM32\IPHLPAPI.DLL
0x00007ffcf3a60000 - 0x00007ffcf3a68000 	C:\Windows\System32\NSI.dll
0x00007ffce9d70000 - 0x00007ffce9d86000 	C:\Windows\SYSTEM32\dhcpcsvc6.DLL
0x00007ffce9d50000 - 0x00007ffce9d6c000 	C:\Windows\SYSTEM32\dhcpcsvc.DLL
0x00007ffcef0d0000 - 0x00007ffcef196000 	C:\Windows\SYSTEM32\DNSAPI.dll
0x0000000067c10000 - 0x0000000067c21000 	E:\developer_tools\Java\jdk1.8.0_131\jre\bin\nio.dll
0x00007ffcd7e10000 - 0x00007ffcd7e1a000 	C:\Users\Administrator\AppData\Local\Temp\jansi-1.17.1-805656699012260292.dll
0x00007ffcd6af0000 - 0x00007ffcd6afa000 	C:\Users\Administrator\AppData\Local\Temp\jansi-1.17.1-4353216197774259810.dll

VM Arguments:
jvm_args: -Dmaven.multiModuleProjectDirectory=F:\IdeaProjects\gmall20190311\gmall-item-web -Dmaven.home=E:\developer_tools\IntelliJ IDEA 2020.1.3\plugins\maven\lib\maven3 -Dclassworlds.conf=E:\developer_tools\IntelliJ IDEA 2020.1.3\plugins\maven\lib\maven3\bin\m2.conf -Dmaven.ext.class.path=E:\developer_tools\IntelliJ IDEA 2020.1.3\plugins\maven\lib\maven-event-listener.jar -Dfile.encoding=UTF-8 
java_command: org.codehaus.classworlds.Launcher -Didea.version=2020.2 -s E:\developer_tools\apache-maven\apache-maven-3.3.9\conf\settings.xml compile
java_class_path (initial): E:\developer_tools\IntelliJ IDEA 2020.1.3\plugins\maven\lib\maven3\boot\plexus-classworlds-2.6.0.jar;E:\developer_tools\IntelliJ IDEA 2020.1.3\plugins\maven\lib\maven3\boot\plexus-classworlds.license
Launcher Type: SUN_STANDARD

Environment Variables:
JAVA_HOME=E:\developer_tools\Java\jdk1.8.0_131
PATH=E:\developer_tools\Java\jdk1.8.0_131\bin;C:\Windows\system32;C:\Windows;C:\Windows\System32\Wbem;C:\Windows\System32\WindowsPowerShell\v1.0\;C:\Program Files\IDM Computer Solutions\UltraEdit;E:\developer_tools\apache-tomcat\apache-tomcat-8.5.24\bin;E:\developer_tools\apache-maven\apache-maven-3.3.9\bin;E:\developer_tools\MySQL\MySQLServer5.5\bin;E:\developer_tools\gradle\gradle-6.5.1\bin;E:\developer_tools\VisualSVNServer\\bin;E:\developer_tools\UltraEdit;E:\developer_tools\TortoiseGit\bin;C:\Program Files\nodejs\;E:\developer_tools\Git\bin;E:\developer_tools\Git\mingw64\libexec\git-core;C:\Users\Administrator\AppData\Local\Microsoft\WindowsApps;;E:\developer_tools\IntelliJ IDEA 2020.1.3\bin;;E:\developer_tools\Microsoft VS Code\bin;C:\Users\Administrator\AppData\Roaming\npm
USERNAME=Administrator
OS=Windows_NT
PROCESSOR_IDENTIFIER=Intel64 Family 6 Model 45 Stepping 7, GenuineIntel



---------------  S Y S T E M  ---------------

OS: Windows 10.0 , 64 bit Build 17763 (10.0.17763.1)

CPU:total 16 (initial active 16) (8 cores per cpu, 2 threads per core) family 6 model 45 stepping 7, cmov, cx8, fxsr, mmx, sse, sse2, sse3, ssse3, sse4.1, sse4.2, popcnt, avx, aes, clmul, ht, tsc, tscinvbit, tscinv

Memory: 4k page, physical 16708572k(4236908k free), swap 29816024k(4156k free)

vm_info: Java HotSpot(TM) 64-Bit Server VM (25.131-b11) for windows-amd64 JRE (1.8.0_131-b11), built on Mar 15 2017 01:23:53 by "java_re" with MS VC++ 10.0 (VS2010)

time: Mon Nov 02 11:36:50 2020
elapsed time: 10 seconds (0d 0h 0m 10s)

