#
# There is insufficient memory for the Java Runtime Environment to continue.
# Native memory allocation (malloc) failed to allocate 57472 bytes for Chunk::new
# Possible reasons:
#   The system is out of physical RAM or swap space
#   In 32 bit mode, the process size limit was hit
# Possible solutions:
#   Reduce memory load on the system
#   Increase physical memory or swap space
#   Check if swap backing store is full
#   Use 64 bit Java on a 64 bit OS
#   Decrease Java heap size (-Xmx/-Xms)
#   Decrease number of Java threads
#   Decrease Java thread stack sizes (-Xss)
#   Set larger code cache with -XX:ReservedCodeCacheSize=
# This output file may be truncated or incomplete.
#
#  Out of Memory Error (allocation.cpp:390), pid=19964, tid=0x0000000000001984
#
# JRE version: Java(TM) SE Runtime Environment (8.0_131-b11) (build 1.8.0_131-b11)
# Java VM: Java HotSpot(TM) 64-Bit Server VM (25.131-b11 mixed mode windows-amd64 compressed oops)
# Failed to write core dump. Minidumps are not enabled by default on client versions of Windows
#

---------------  T H R E A D  ---------------

Current thread (0x000000001e4fd800):  JavaThread "C2 CompilerThread7" daemon [_thread_in_native, id=6532, stack(0x0000000020680000,0x0000000020780000)]

Stack: [0x0000000020680000,0x0000000020780000]
[error occurred during error reporting (printing stack bounds), id 0xc0000005]

Native frames: (J=compiled Java code, j=interpreted, Vv=VM code, C=native code)


Current CompileTask:
C2:  11128  688       4       org.codehaus.plexus.util.xml.pull.MXParser::parseEndTag (434 bytes)


---------------  P R O C E S S  ---------------

Java Threads: ( => current thread )
  0x000000001e50c800 JavaThread "Service Thread" daemon [_thread_blocked, id=13032, stack(0x0000000020c80000,0x0000000020d80000)]
  0x000000001e505800 JavaThread "C1 CompilerThread11" daemon [_thread_blocked, id=5064, stack(0x0000000020a80000,0x0000000020b80000)]
  0x000000001e505000 JavaThread "C1 CompilerThread10" daemon [_thread_blocked, id=14864, stack(0x0000000020980000,0x0000000020a80000)]
  0x000000001e502000 JavaThread "C1 CompilerThread9" daemon [_thread_blocked, id=17052, stack(0x0000000020880000,0x0000000020980000)]
  0x000000001e501800 JavaThread "C1 CompilerThread8" daemon [_thread_blocked, id=10332, stack(0x0000000020780000,0x0000000020880000)]
=>0x000000001e4fd800 JavaThread "C2 CompilerThread7" daemon [_thread_in_native, id=6532, stack(0x0000000020680000,0x0000000020780000)]
  0x000000001e4fc000 JavaThread "C2 CompilerThread6" daemon [_thread_blocked, id=6504, stack(0x0000000020580000,0x0000000020680000)]
  0x000000001e4fb000 JavaThread "C2 CompilerThread5" daemon [_thread_blocked, id=8408, stack(0x0000000020480000,0x0000000020580000)]
  0x000000001e4f7000 JavaThread "C2 CompilerThread4" daemon [_thread_blocked, id=20380, stack(0x0000000020380000,0x0000000020480000)]
  0x000000001e4f6000 JavaThread "C2 CompilerThread3" daemon [_thread_blocked, id=6200, stack(0x0000000020280000,0x0000000020380000)]
  0x000000001e4f5800 JavaThread "C2 CompilerThread2" daemon [_thread_blocked, id=20472, stack(0x0000000020180000,0x0000000020280000)]
  0x000000001e44a000 JavaThread "C2 CompilerThread1" daemon [_thread_blocked, id=20416, stack(0x0000000020080000,0x0000000020180000)]
  0x000000001e448000 JavaThread "C2 CompilerThread0" daemon [_thread_blocked, id=20412, stack(0x000000001ff80000,0x0000000020080000)]
  0x000000001e447000 JavaThread "Attach Listener" daemon [_thread_blocked, id=20408, stack(0x000000001fe80000,0x000000001ff80000)]
  0x000000001e4a5800 JavaThread "Signal Dispatcher" daemon [_thread_blocked, id=20404, stack(0x000000001fd80000,0x000000001fe80000)]
  0x000000001c9b3800 JavaThread "Finalizer" daemon [_thread_blocked, id=20208, stack(0x000000001fc80000,0x000000001fd80000)]
  0x000000001c9b1800 JavaThread "Reference Handler" daemon [_thread_blocked, id=20204, stack(0x000000001fb80000,0x000000001fc80000)]
  0x0000000000a2e000 JavaThread "main" [_thread_in_Java, id=20016, stack(0x0000000002830000,0x0000000002930000)]

Other Threads:
  0x000000001e404000 VMThread [stack: 0x000000001fa80000,0x000000001fb80000] [id=20100]
  0x000000001e5ac000 WatcherThread [stack: 0x0000000020d80000,0x0000000020e80000] [id=1832]

VM state:not at safepoint (normal execution)

VM Mutex/Monitor currently owned by a thread: None

Heap:
 PSYoungGen      total 76288K, used 32775K [0x000000076b000000, 0x0000000770500000, 0x00000007c0000000)
  eden space 65536K, 50% used [0x000000076b000000,0x000000076d001c48,0x000000076f000000)
  from space 10752K, 0% used [0x000000076fa80000,0x000000076fa80000,0x0000000770500000)
  to   space 10752K, 0% used [0x000000076f000000,0x000000076f000000,0x000000076fa80000)
 ParOldGen       total 175104K, used 0K [0x00000006c1000000, 0x00000006cbb00000, 0x000000076b000000)
  object space 175104K, 0% used [0x00000006c1000000,0x00000006c1000000,0x00000006cbb00000)
 Metaspace       used 8662K, capacity 8780K, committed 9088K, reserved 1056768K
  class space    used 1038K, capacity 1080K, committed 1152K, reserved 1048576K

Card table byte_map: [0x0000000011df0000,0x00000000125f0000] byte_map_base: 0x000000000e7e8000

Marking Bits: (ParMarkBitMap*) 0x00000000684cc720
 Begin Bits: [0x0000000013840000, 0x0000000017800000)
 End Bits:   [0x0000000017800000, 0x000000001b7c0000)

Polling page: 0x00000000003e0000

CodeCache: size=245760Kb used=4845Kb max_used=4845Kb free=240914Kb
 bounds [0x0000000002a30000, 0x0000000002ef0000, 0x0000000011a30000]
 total_blobs=1021 nmethods=691 adapters=240
 compilation: enabled

Compilation events (10 events):
Event: 11.085 Thread 0x000000001e501800  687       3       org.codehaus.plexus.util.xml.pull.MXParser::nextImpl (1202 bytes)
Event: 11.090 Thread 0x000000001e501800 nmethod 687 0x0000000002ee2290 code [0x0000000002ee2860, 0x0000000002ee5f68]
Event: 11.103 Thread 0x000000001e4fd800  688       4       org.codehaus.plexus.util.xml.pull.MXParser::parseEndTag (434 bytes)
Event: 11.112 Thread 0x000000001e502000  689       3       java.util.HashMap::isEmpty (13 bytes)
Event: 11.112 Thread 0x000000001e502000 nmethod 689 0x0000000002ea9f90 code [0x0000000002eaa0e0, 0x0000000002eaa290]
Event: 11.114 Thread 0x000000001e505800  690 %     3       org.codehaus.plexus.util.InterpolationFilterReader::read @ 3 (48 bytes)
Event: 11.115 Thread 0x000000001e505800 nmethod 690% 0x0000000002ead690 code [0x0000000002ead820, 0x0000000002eadbe8]
Event: 11.115 Thread 0x000000001e505000  691       3       org.codehaus.plexus.util.InterpolationFilterReader::read (48 bytes)
Event: 11.115 Thread 0x000000001e505000 nmethod 691 0x0000000002ead050 code [0x0000000002ead1e0, 0x0000000002ead508]
Event: 11.122 Thread 0x000000001e501800  692       3       org.codehaus.plexus.util.xml.pull.MXParser::require (443 bytes)

GC Heap History (0 events):
No events

Deoptimization events (3 events):
Event: 10.736 Thread 0x0000000000a2e000 Uncommon trap: reason=unstable_if action=reinterpret pc=0x0000000002de2928 method=org.codehaus.plexus.util.xml.pull.MXParser.more()C @ 8
Event: 11.018 Thread 0x0000000000a2e000 Uncommon trap: reason=unstable_if action=reinterpret pc=0x0000000002ebd5d0 method=sun.nio.cs.StreamDecoder.implRead([CII)I @ 197
Event: 11.082 Thread 0x0000000000a2e000 Uncommon trap: reason=unstable_if action=reinterpret pc=0x0000000002eaba04 method=org.codehaus.plexus.util.xml.pull.MXParser.nextImpl()I @ 200

Internal exceptions (10 events):
Event: 3.879 Thread 0x0000000000a2e000 Exception <a 'java/util/zip/ZipException'> (0x000000076b2a2cd8) thrown at [C:\re\workspace\8-2-build-windows-amd64-cygwin\jdk8u131\8869\hotspot\src\share\vm\prims\jni.cpp, line 709]
Event: 3.879 Thread 0x0000000000a2e000 Exception <a 'java/security/PrivilegedActionException'> (0x000000076b2a3160) thrown at [C:\re\workspace\8-2-build-windows-amd64-cygwin\jdk8u131\8869\hotspot\src\share\vm\prims\jvm.cpp, line 1390]
Event: 3.879 Thread 0x0000000000a2e000 Exception <a 'java/security/PrivilegedActionException'> (0x000000076b2a3370) thrown at [C:\re\workspace\8-2-build-windows-amd64-cygwin\jdk8u131\8869\hotspot\src\share\vm\prims\jvm.cpp, line 1390]
Event: 5.190 Thread 0x0000000000a2e000 Exception <a 'java/security/PrivilegedActionException'> (0x000000076b71d988) thrown at [C:\re\workspace\8-2-build-windows-amd64-cygwin\jdk8u131\8869\hotspot\src\share\vm\prims\jvm.cpp, line 1390]
Event: 5.190 Thread 0x0000000000a2e000 Exception <a 'java/security/PrivilegedActionException'> (0x000000076b71dd80) thrown at [C:\re\workspace\8-2-build-windows-amd64-cygwin\jdk8u131\8869\hotspot\src\share\vm\prims\jvm.cpp, line 1390]
Event: 5.190 Thread 0x0000000000a2e000 Exception <a 'java/security/PrivilegedActionException'> (0x000000076b720ec8) thrown at [C:\re\workspace\8-2-build-windows-amd64-cygwin\jdk8u131\8869\hotspot\src\share\vm\prims\jvm.cpp, line 1390]
Event: 5.190 Thread 0x0000000000a2e000 Exception <a 'java/security/PrivilegedActionException'> (0x000000076b7212c0) thrown at [C:\re\workspace\8-2-build-windows-amd64-cygwin\jdk8u131\8869\hotspot\src\share\vm\prims\jvm.cpp, line 1390]
Event: 10.574 Thread 0x0000000000a2e000 Exception <a 'java/lang/ArrayIndexOutOfBoundsException'> (0x000000076c90e160) thrown at [C:\re\workspace\8-2-build-windows-amd64-cygwin\jdk8u131\8869\hotspot\src\share\vm\runtime\sharedRuntime.cpp, line 605]
Event: 10.581 Thread 0x0000000000a2e000 Exception <a 'java/lang/ArrayIndexOutOfBoundsException'> (0x000000076c929b40) thrown at [C:\re\workspace\8-2-build-windows-amd64-cygwin\jdk8u131\8869\hotspot\src\share\vm\runtime\sharedRuntime.cpp, line 605]
Event: 10.605 Thread 0x0000000000a2e000 Exception <a 'java/lang/ArrayIndexOutOfBoundsException'> (0x000000076c96bd18) thrown at [C:\re\workspace\8-2-build-windows-amd64-cygwin\jdk8u131\8869\hotspot\src\share\vm\runtime\sharedRuntime.cpp, line 605]

Events (10 events):
Event: 11.116 loading class org/apache/maven/lifecycle/internal/LifecycleDebugLogger
Event: 11.116 loading class org/apache/maven/lifecycle/internal/LifecycleDebugLogger done
Event: 11.117 loading class org/apache/maven/lifecycle/internal/LifecycleExecutionPlanCalculator
Event: 11.117 loading class org/apache/maven/lifecycle/internal/LifecycleExecutionPlanCalculator done
Event: 11.117 loading class org/apache/maven/lifecycle/internal/LifecycleExecutionPlanCalculator
Event: 11.117 loading class org/apache/maven/lifecycle/internal/LifecycleExecutionPlanCalculator done
Event: 11.118 loading class org/apache/maven/lifecycle/internal/LifecycleModuleBuilder
Event: 11.118 loading class org/apache/maven/lifecycle/internal/LifecycleModuleBuilder done
Event: 11.118 loading class org/apache/maven/lifecycle/internal/LifecycleModuleBuilder
Event: 11.118 loading class org/apache/maven/lifecycle/internal/LifecycleModuleBuilder done


Dynamic libraries:
0x00007ff7b82c0000 - 0x00007ff7b82f7000 	E:\developer_tools\Java\jdk1.8.0_131\bin\java.exe
0x00007ffcf3aa0000 - 0x00007ffcf3c8d000 	C:\Windows\SYSTEM32\ntdll.dll
0x00007ffcf0cd0000 - 0x00007ffcf0d83000 	C:\Windows\System32\KERNEL32.DLL
0x00007ffcf0890000 - 0x00007ffcf0b23000 	C:\Windows\System32\KERNELBASE.dll
0x00007ffcf1790000 - 0x00007ffcf1833000 	C:\Windows\System32\ADVAPI32.DLL
0x00007ffcf2d30000 - 0x00007ffcf2dce000 	C:\Windows\System32\msvcrt.dll
0x00007ffcf0d90000 - 0x00007ffcf0e2e000 	C:\Windows\System32\sechost.dll
0x00007ffcf15b0000 - 0x00007ffcf16d3000 	C:\Windows\System32\RPCRT4.dll
0x00007ffcf1410000 - 0x00007ffcf15a7000 	C:\Windows\System32\USER32.dll
0x00007ffcefb70000 - 0x00007ffcefb90000 	C:\Windows\System32\win32u.dll
0x00007ffcf3410000 - 0x00007ffcf3439000 	C:\Windows\System32\GDI32.dll
0x00007ffcf0b30000 - 0x00007ffcf0cca000 	C:\Windows\System32\gdi32full.dll
0x00007ffcefbf0000 - 0x00007ffcefc90000 	C:\Windows\System32\msvcp_win.dll
0x00007ffcf06c0000 - 0x00007ffcf07bc000 	C:\Windows\System32\ucrtbase.dll
0x00007ffce6150000 - 0x00007ffce63c9000 	C:\Windows\WinSxS\amd64_microsoft.windows.common-controls_6595b64144ccf1df_6.0.17763.107_none_05b63884071e656e\COMCTL32.dll
0x00007ffcf10d0000 - 0x00007ffcf13fe000 	C:\Windows\System32\combase.dll
0x00007ffcf07c0000 - 0x00007ffcf083e000 	C:\Windows\System32\bcryptPrimitives.dll
0x00007ffcf16e0000 - 0x00007ffcf170e000 	C:\Windows\System32\IMM32.DLL
0x0000000068550000 - 0x0000000068622000 	E:\developer_tools\Java\jdk1.8.0_131\jre\bin\msvcr100.dll
0x0000000067cb0000 - 0x000000006854c000 	E:\developer_tools\Java\jdk1.8.0_131\jre\bin\server\jvm.dll
0x00007ffcf37f0000 - 0x00007ffcf37f8000 	C:\Windows\System32\PSAPI.DLL
0x00007ffce5010000 - 0x00007ffce5019000 	C:\Windows\SYSTEM32\WSOCK32.dll
0x00007ffcf1060000 - 0x00007ffcf10cd000 	C:\Windows\System32\WS2_32.dll
0x00007ffcedc90000 - 0x00007ffcedcb4000 	C:\Windows\SYSTEM32\WINMM.dll
0x00007ffceafe0000 - 0x00007ffceafea000 	C:\Windows\SYSTEM32\VERSION.dll
0x00007ffcedb40000 - 0x00007ffcedb6d000 	C:\Windows\SYSTEM32\WINMMBASE.dll
0x00007ffcf0670000 - 0x00007ffcf06ba000 	C:\Windows\System32\cfgmgr32.dll
0x0000000067ca0000 - 0x0000000067caf000 	E:\developer_tools\Java\jdk1.8.0_131\jre\bin\verify.dll
0x0000000067c70000 - 0x0000000067c99000 	E:\developer_tools\Java\jdk1.8.0_131\jre\bin\java.dll
0x0000000067c50000 - 0x0000000067c66000 	E:\developer_tools\Java\jdk1.8.0_131\jre\bin\zip.dll
0x00007ffcf1840000 - 0x00007ffcf2d2f000 	C:\Windows\System32\SHELL32.dll
0x00007ffcf2ee0000 - 0x00007ffcf2f88000 	C:\Windows\System32\shcore.dll
0x00007ffcefc90000 - 0x00007ffcf03d8000 	C:\Windows\System32\windows.storage.dll
0x00007ffcefac0000 - 0x00007ffcefae4000 	C:\Windows\System32\profapi.dll
0x00007ffcefb10000 - 0x00007ffcefb6d000 	C:\Windows\System32\powrprof.dll
0x00007ffcf3440000 - 0x00007ffcf3492000 	C:\Windows\System32\shlwapi.dll
0x00007ffcefaf0000 - 0x00007ffcefb01000 	C:\Windows\System32\kernel.appcore.dll
0x00007ffcf0870000 - 0x00007ffcf0887000 	C:\Windows\System32\cryptsp.dll
0x00007ffceee90000 - 0x00007ffceeec3000 	C:\Windows\system32\rsaenh.dll
0x00007ffcf0840000 - 0x00007ffcf0866000 	C:\Windows\System32\bcrypt.dll
0x00007ffcef9a0000 - 0x00007ffcef9c8000 	C:\Windows\SYSTEM32\USERENV.dll
0x00007ffcef500000 - 0x00007ffcef50c000 	C:\Windows\SYSTEM32\CRYPTBASE.dll
0x0000000067c30000 - 0x0000000067c4a000 	E:\developer_tools\Java\jdk1.8.0_131\jre\bin\net.dll
0x00007ffcef330000 - 0x00007ffcef397000 	C:\Windows\system32\mswsock.dll
0x00007ffcef090000 - 0x00007ffcef0cd000 	C:\Windows\SYSTEM32\IPHLPAPI.DLL
0x00007ffcf3a60000 - 0x00007ffcf3a68000 	C:\Windows\System32\NSI.dll
0x00007ffce9d70000 - 0x00007ffce9d86000 	C:\Windows\SYSTEM32\dhcpcsvc6.DLL
0x00007ffce9d50000 - 0x00007ffce9d6c000 	C:\Windows\SYSTEM32\dhcpcsvc.DLL
0x00007ffcef0d0000 - 0x00007ffcef196000 	C:\Windows\SYSTEM32\DNSAPI.dll
0x0000000067c10000 - 0x0000000067c21000 	E:\developer_tools\Java\jdk1.8.0_131\jre\bin\nio.dll
0x00007ffce4f00000 - 0x00007ffce4f0a000 	C:\Users\Administrator\AppData\Local\Temp\jansi-1.17.1-304280831220103552.dll
0x00007ffce1d50000 - 0x00007ffce1d5a000 	C:\Users\Administrator\AppData\Local\Temp\jansi-1.17.1-6700390762321049842.dll

VM Arguments:
jvm_args: -Dmaven.multiModuleProjectDirectory=F:\IdeaProjects\gmall20190311\gmall-item-web -Dmaven.home=E:\developer_tools\IntelliJ IDEA 2020.1.3\plugins\maven\lib\maven3 -Dclassworlds.conf=E:\developer_tools\IntelliJ IDEA 2020.1.3\plugins\maven\lib\maven3\bin\m2.conf -Dmaven.ext.class.path=E:\developer_tools\IntelliJ IDEA 2020.1.3\plugins\maven\lib\maven-event-listener.jar -Dfile.encoding=UTF-8 
java_command: org.codehaus.classworlds.Launcher -Didea.version=2020.2 -s E:\developer_tools\apache-maven\apache-maven-3.3.9\conf\settings.xml compile
java_class_path (initial): E:\developer_tools\IntelliJ IDEA 2020.1.3\plugins\maven\lib\maven3\boot\plexus-classworlds-2.6.0.jar;E:\developer_tools\IntelliJ IDEA 2020.1.3\plugins\maven\lib\maven3\boot\plexus-classworlds.license
Launcher Type: SUN_STANDARD

Environment Variables:
JAVA_HOME=E:\developer_tools\Java\jdk1.8.0_131
PATH=E:\developer_tools\Java\jdk1.8.0_131\bin;C:\Windows\system32;C:\Windows;C:\Windows\System32\Wbem;C:\Windows\System32\WindowsPowerShell\v1.0\;C:\Program Files\IDM Computer Solutions\UltraEdit;E:\developer_tools\apache-tomcat\apache-tomcat-8.5.24\bin;E:\developer_tools\apache-maven\apache-maven-3.3.9\bin;E:\developer_tools\MySQL\MySQLServer5.5\bin;E:\developer_tools\gradle\gradle-6.5.1\bin;E:\developer_tools\VisualSVNServer\\bin;E:\developer_tools\UltraEdit;E:\developer_tools\TortoiseGit\bin;C:\Program Files\nodejs\;E:\developer_tools\Git\bin;E:\developer_tools\Git\mingw64\libexec\git-core;C:\Users\Administrator\AppData\Local\Microsoft\WindowsApps;;E:\developer_tools\IntelliJ IDEA 2020.1.3\bin;;E:\developer_tools\Microsoft VS Code\bin;C:\Users\Administrator\AppData\Roaming\npm
USERNAME=Administrator
OS=Windows_NT
PROCESSOR_IDENTIFIER=Intel64 Family 6 Model 45 Stepping 7, GenuineIntel



---------------  S Y S T E M  ---------------

OS: Windows 10.0 , 64 bit Build 17763 (10.0.17763.1)

CPU:total 16 (initial active 16) (8 cores per cpu, 2 threads per core) family 6 model 45 stepping 7, cmov, cx8, fxsr, mmx, sse, sse2, sse3, ssse3, sse4.1, sse4.2, popcnt, avx, aes, clmul, ht, tsc, tscinvbit, tscinv

Memory: 4k page, physical 16708572k(4787880k free), swap 29816024k(108k free)

vm_info: Java HotSpot(TM) 64-Bit Server VM (25.131-b11) for windows-amd64 JRE (1.8.0_131-b11), built on Mar 15 2017 01:23:53 by "java_re" with MS VC++ 10.0 (VS2010)

time: Mon Nov 02 11:36:54 2020
elapsed time: 11 seconds (0d 0h 0m 11s)

