#
# There is insufficient memory for the Java Runtime Environment to continue.
# Native memory allocation (malloc) failed to allocate 1208496 bytes for Chunk::new
# Possible reasons:
#   The system is out of physical RAM or swap space
#   In 32 bit mode, the process size limit was hit
# Possible solutions:
#   Reduce memory load on the system
#   Increase physical memory or swap space
#   Check if swap backing store is full
#   Use 64 bit Java on a 64 bit OS
#   Decrease Java heap size (-Xmx/-Xms)
#   Decrease number of Java threads
#   Decrease Java thread stack sizes (-Xss)
#   Set larger code cache with -XX:ReservedCodeCacheSize=
# This output file may be truncated or incomplete.
#
#  Out of Memory Error (allocation.cpp:390), pid=16976, tid=0x00000000000044fc
#
# JRE version: Java(TM) SE Runtime Environment (8.0_131-b11) (build 1.8.0_131-b11)
# Java VM: Java HotSpot(TM) 64-Bit Server VM (25.131-b11 mixed mode windows-amd64 compressed oops)
# Failed to write core dump. Minidumps are not enabled by default on client versions of Windows
#

---------------  T H R E A D  ---------------

Current thread (0x000000001ee9e800):  JavaThread "C2 CompilerThread7" daemon [_thread_in_native, id=17660, stack(0x0000000021170000,0x0000000021270000)]

Stack: [0x0000000021170000,0x0000000021270000]
[error occurred during error reporting (printing stack bounds), id 0xc0000005]

Native frames: (J=compiled Java code, j=interpreted, Vv=VM code, C=native code)


Current CompileTask:
C2:  11396 1650       4       java.net.URLClassLoader$1::run (5 bytes)


---------------  P R O C E S S  ---------------

Java Threads: ( => current thread )
  0x000000001eeab800 JavaThread "Service Thread" daemon [_thread_blocked, id=17680, stack(0x0000000021670000,0x0000000021770000)]
  0x000000001eeaa800 JavaThread "C1 CompilerThread11" daemon [_thread_blocked, id=17676, stack(0x0000000021570000,0x0000000021670000)]
  0x000000001eeaa000 JavaThread "C1 CompilerThread10" daemon [_thread_blocked, id=17672, stack(0x0000000021470000,0x0000000021570000)]
  0x000000001eea7000 JavaThread "C1 CompilerThread9" daemon [_thread_blocked, id=17668, stack(0x0000000021370000,0x0000000021470000)]
  0x000000001eea6800 JavaThread "C1 CompilerThread8" daemon [_thread_blocked, id=17664, stack(0x0000000021270000,0x0000000021370000)]
=>0x000000001ee9e800 JavaThread "C2 CompilerThread7" daemon [_thread_in_native, id=17660, stack(0x0000000021170000,0x0000000021270000)]
  0x000000001ee98000 JavaThread "C2 CompilerThread6" daemon [_thread_blocked, id=17656, stack(0x0000000021070000,0x0000000021170000)]
  0x000000001ee97000 JavaThread "C2 CompilerThread5" daemon [_thread_blocked, id=17652, stack(0x0000000020f70000,0x0000000021070000)]
  0x000000001ee96800 JavaThread "C2 CompilerThread4" daemon [_thread_blocked, id=17648, stack(0x0000000020e70000,0x0000000020f70000)]
  0x000000001ee95800 JavaThread "C2 CompilerThread3" daemon [_thread_blocked, id=17644, stack(0x0000000020d70000,0x0000000020e70000)]
  0x000000001ee93000 JavaThread "C2 CompilerThread2" daemon [_thread_blocked, id=17640, stack(0x0000000020c70000,0x0000000020d70000)]
  0x000000001ee92000 JavaThread "C2 CompilerThread1" daemon [_thread_blocked, id=17636, stack(0x0000000020b70000,0x0000000020c70000)]
  0x000000001ee90000 JavaThread "C2 CompilerThread0" daemon [_thread_blocked, id=17632, stack(0x0000000020a70000,0x0000000020b70000)]
  0x000000001ee36800 JavaThread "Attach Listener" daemon [_thread_blocked, id=17628, stack(0x0000000020970000,0x0000000020a70000)]
  0x000000001ee8d800 JavaThread "Signal Dispatcher" daemon [_thread_blocked, id=17624, stack(0x0000000020870000,0x0000000020970000)]
  0x000000001ee16000 JavaThread "Finalizer" daemon [_thread_blocked, id=17484, stack(0x0000000020670000,0x0000000020770000)]
  0x000000001d3bc000 JavaThread "Reference Handler" daemon [_thread_blocked, id=17480, stack(0x0000000020570000,0x0000000020670000)]
  0x000000000323e000 JavaThread "main" [_thread_in_native, id=6024, stack(0x0000000003240000,0x0000000003340000)]

Other Threads:
  0x000000001edf4000 VMThread [stack: 0x0000000020470000,0x0000000020570000] [id=17464]
  0x000000001ef0d000 WatcherThread [stack: 0x0000000021770000,0x0000000021870000] [id=17700]

VM state:not at safepoint (normal execution)

VM Mutex/Monitor currently owned by a thread: None

Heap:
 PSYoungGen      total 76288K, used 34101K [0x000000076b000000, 0x0000000774500000, 0x00000007c0000000)
  eden space 65536K, 36% used [0x000000076b000000,0x000000076c78f120,0x000000076f000000)
  from space 10752K, 92% used [0x000000076f000000,0x000000076f9be540,0x000000076fa80000)
  to   space 10752K, 0% used [0x0000000773a80000,0x0000000773a80000,0x0000000774500000)
 ParOldGen       total 175104K, used 16K [0x00000006c1000000, 0x00000006cbb00000, 0x000000076b000000)
  object space 175104K, 0% used [0x00000006c1000000,0x00000006c1004000,0x00000006cbb00000)
 Metaspace       used 14020K, capacity 14232K, committed 14464K, reserved 1062912K
  class space    used 1728K, capacity 1812K, committed 1920K, reserved 1048576K

Card table byte_map: [0x0000000012800000,0x0000000013000000] byte_map_base: 0x000000000f1f8000

Marking Bits: (ParMarkBitMap*) 0x00000000684cc720
 Begin Bits: [0x0000000014250000, 0x0000000018210000)
 End Bits:   [0x0000000018210000, 0x000000001c1d0000)

Polling page: 0x0000000000de0000

CodeCache: size=245760Kb used=7673Kb max_used=7689Kb free=238086Kb
 bounds [0x0000000003440000, 0x0000000003bd0000, 0x0000000012440000]
 total_blobs=2128 nmethods=1771 adapters=266
 compilation: enabled

Compilation events (10 events):
Event: 11.322 Thread 0x000000001eea7000 nmethod 1751 0x0000000003bb3590 code [0x0000000003bb3740, 0x0000000003bb3c58]
Event: 11.323 Thread 0x000000001eeaa000 nmethod 1755 0x0000000003bbb5d0 code [0x0000000003bbb760, 0x0000000003bbbbf0]
Event: 11.323 Thread 0x000000001eea6800 1756       3       java.lang.String::getBytes (27 bytes)
Event: 11.323 Thread 0x000000001eea6800 nmethod 1756 0x0000000003bbb0d0 code [0x0000000003bbb240, 0x0000000003bbb4d8]
Event: 11.335 Thread 0x000000001eeaa800 1757       3       java.nio.CharBuffer::array (35 bytes)
Event: 11.335 Thread 0x000000001eeaa800 nmethod 1757 0x0000000003bba690 code [0x0000000003bba820, 0x0000000003bbab38]
Event: 11.335 Thread 0x000000001eeaa800 1759       3       sun.nio.cs.UTF_8::updatePositions (23 bytes)
Event: 11.335 Thread 0x000000001eea7000 1758       3       sun.nio.cs.UTF_8::access$200 (8 bytes)
Event: 11.336 Thread 0x000000001eeaa800 nmethod 1759 0x0000000003bb9f50 code [0x0000000003bba0e0, 0x0000000003bba518]
Event: 11.336 Thread 0x000000001eea7000 nmethod 1758 0x0000000003bb9710 code [0x0000000003bb98a0, 0x0000000003bb9d38]

GC Heap History (2 events):
Event: 8.779 GC heap before
{Heap before GC invocations=1 (full 0):
 PSYoungGen      total 76288K, used 65536K [0x000000076b000000, 0x0000000770500000, 0x00000007c0000000)
  eden space 65536K, 100% used [0x000000076b000000,0x000000076f000000,0x000000076f000000)
  from space 10752K, 0% used [0x000000076fa80000,0x000000076fa80000,0x0000000770500000)
  to   space 10752K, 0% used [0x000000076f000000,0x000000076f000000,0x000000076fa80000)
 ParOldGen       total 175104K, used 0K [0x00000006c1000000, 0x00000006cbb00000, 0x000000076b000000)
  object space 175104K, 0% used [0x00000006c1000000,0x00000006c1000000,0x00000006cbb00000)
 Metaspace       used 11805K, capacity 11966K, committed 12160K, reserved 1060864K
  class space    used 1436K, capacity 1542K, committed 1664K, reserved 1048576K
Event: 9.032 GC heap after
Heap after GC invocations=1 (full 0):
 PSYoungGen      total 76288K, used 9977K [0x000000076b000000, 0x0000000774500000, 0x00000007c0000000)
  eden space 65536K, 0% used [0x000000076b000000,0x000000076b000000,0x000000076f000000)
  from space 10752K, 92% used [0x000000076f000000,0x000000076f9be540,0x000000076fa80000)
  to   space 10752K, 0% used [0x0000000773a80000,0x0000000773a80000,0x0000000774500000)
 ParOldGen       total 175104K, used 16K [0x00000006c1000000, 0x00000006cbb00000, 0x000000076b000000)
  object space 175104K, 0% used [0x00000006c1000000,0x00000006c1004000,0x00000006cbb00000)
 Metaspace       used 11805K, capacity 11966K, committed 12160K, reserved 1060864K
  class space    used 1436K, capacity 1542K, committed 1664K, reserved 1048576K
}

Deoptimization events (10 events):
Event: 5.546 Thread 0x000000000323e000 Uncommon trap: reason=unstable_if action=reinterpret pc=0x00000000038908dc method=java.util.HashMap.getNode(ILjava/lang/Object;)Ljava/util/HashMap$Node; @ 129
Event: 5.546 Thread 0x000000000323e000 Uncommon trap: reason=unstable_if action=reinterpret pc=0x00000000038924c4 method=java.util.HashMap.getNode(ILjava/lang/Object;)Ljava/util/HashMap$Node; @ 129
Event: 5.784 Thread 0x000000000323e000 Uncommon trap: reason=range_check action=make_not_entrant pc=0x000000000394c3e8 method=sun.reflect.generics.parser.SignatureParser.current()C @ 34
Event: 10.642 Thread 0x000000000323e000 Uncommon trap: reason=unstable_if action=reinterpret pc=0x0000000003af8c5c method=java.lang.ref.ReferenceQueue.poll()Ljava/lang/ref/Reference; @ 4
Event: 11.014 Thread 0x000000000323e000 Uncommon trap: reason=class_check action=maybe_recompile pc=0x0000000003b3773c method=com.google.inject.TypeLiteral.<init>(Ljava/lang/reflect/Type;)V @ 11
Event: 11.015 Thread 0x000000000323e000 Uncommon trap: reason=class_check action=maybe_recompile pc=0x0000000003b3773c method=com.google.inject.TypeLiteral.<init>(Ljava/lang/reflect/Type;)V @ 11
Event: 11.246 Thread 0x000000000323e000 Uncommon trap: reason=class_check action=maybe_recompile pc=0x0000000003b3773c method=com.google.inject.TypeLiteral.<init>(Ljava/lang/reflect/Type;)V @ 11
Event: 11.246 Thread 0x000000000323e000 Uncommon trap: reason=class_check action=maybe_recompile pc=0x0000000003b3773c method=com.google.inject.TypeLiteral.<init>(Ljava/lang/reflect/Type;)V @ 11
Event: 11.301 Thread 0x000000000323e000 Uncommon trap: reason=unstable_if action=reinterpret pc=0x0000000003bb2620 method=org.eclipse.sisu.inject.InjectorBindings.isAssignableFrom(Lcom/google/inject/TypeLiteral;Lcom/google/inject/Binding;)Z @ 14
Event: 11.322 Thread 0x000000000323e000 Uncommon trap: reason=unstable_if action=reinterpret pc=0x000000000381b72c method=sun.misc.MetaIndex.mayContain(Ljava/lang/String;)Z @ 38

Internal exceptions (10 events):
Event: 0.840 Thread 0x000000000323e000 Exception <a 'java/security/PrivilegedActionException'> (0x000000076b5d9858) thrown at [C:\re\workspace\8-2-build-windows-amd64-cygwin\jdk8u131\8869\hotspot\src\share\vm\prims\jvm.cpp, line 1390]
Event: 4.702 Thread 0x000000000323e000 Exception <a 'java/lang/ArrayIndexOutOfBoundsException'> (0x000000076c904ce0) thrown at [C:\re\workspace\8-2-build-windows-amd64-cygwin\jdk8u131\8869\hotspot\src\share\vm\runtime\sharedRuntime.cpp, line 605]
Event: 4.749 Thread 0x000000000323e000 Exception <a 'java/lang/ArrayIndexOutOfBoundsException'> (0x000000076c9206c0) thrown at [C:\re\workspace\8-2-build-windows-amd64-cygwin\jdk8u131\8869\hotspot\src\share\vm\runtime\sharedRuntime.cpp, line 605]
Event: 4.772 Thread 0x000000000323e000 Exception <a 'java/lang/ArrayIndexOutOfBoundsException'> (0x000000076c962778) thrown at [C:\re\workspace\8-2-build-windows-amd64-cygwin\jdk8u131\8869\hotspot\src\share\vm\runtime\sharedRuntime.cpp, line 605]
Event: 5.155 Thread 0x000000000323e000 Exception <a 'java/lang/ArrayIndexOutOfBoundsException'> (0x000000076d17c218) thrown at [C:\re\workspace\8-2-build-windows-amd64-cygwin\jdk8u131\8869\hotspot\src\share\vm\runtime\sharedRuntime.cpp, line 605]
Event: 5.206 Thread 0x000000000323e000 Exception <a 'java/lang/ArrayIndexOutOfBoundsException'> (0x000000076d17dda8) thrown at [C:\re\workspace\8-2-build-windows-amd64-cygwin\jdk8u131\8869\hotspot\src\share\vm\runtime\sharedRuntime.cpp, line 605]
Event: 5.784 Thread 0x000000000323e000 Exception <a 'java/lang/ArrayIndexOutOfBoundsException': 66> (0x000000076d4a83f0) thrown at [C:\re\workspace\8-2-build-windows-amd64-cygwin\jdk8u131\8869\hotspot\src\share\vm\interpreter\interpreterRuntime.cpp, line 366]
Event: 10.633 Thread 0x000000000323e000 Exception <a 'java/lang/NoClassDefFoundError': com/google/inject/servlet/ServletModuleTargetVisitor> (0x000000076bf9a328) thrown at [C:\re\workspace\8-2-build-windows-amd64-cygwin\jdk8u131\8869\hotspot\src\share\vm\classfile\systemDictionary.cpp, line 199
Event: 10.633 Thread 0x000000000323e000 Exception <a 'java/lang/NoClassDefFoundError'> (0x000000076bf9a328) thrown at [C:\re\workspace\8-2-build-windows-amd64-cygwin\jdk8u131\8869\hotspot\src\share\vm\prims\jvm.cpp, line 1394]
Event: 10.633 Thread 0x000000000323e000 Exception <a 'java/lang/NoClassDefFoundError': javax/annotation/Priority> (0x000000076bf9ef90) thrown at [C:\re\workspace\8-2-build-windows-amd64-cygwin\jdk8u131\8869\hotspot\src\share\vm\classfile\systemDictionary.cpp, line 199]

Events (10 events):
Event: 11.328 loading class java/util/Formatter$FormatString done
Event: 11.328 loading class java/util/Formatter$FixedString done
Event: 11.329 loading class java/util/Formatter$FormatSpecifier
Event: 11.329 loading class java/util/Formatter$FormatSpecifier done
Event: 11.330 loading class java/util/Formatter$Flags
Event: 11.330 loading class java/util/Formatter$Flags done
Event: 11.330 loading class java/util/Formatter$Conversion
Event: 11.330 loading class java/util/Formatter$Conversion done
Event: 11.334 loading class java/util/Formattable
Event: 11.334 loading class java/util/Formattable done


Dynamic libraries:
0x00007ff7b82c0000 - 0x00007ff7b82f7000 	E:\developer_tools\Java\jdk1.8.0_131\bin\java.exe
0x00007ffcf3aa0000 - 0x00007ffcf3c8d000 	C:\Windows\SYSTEM32\ntdll.dll
0x00007ffcf0cd0000 - 0x00007ffcf0d83000 	C:\Windows\System32\KERNEL32.DLL
0x00007ffcf0890000 - 0x00007ffcf0b23000 	C:\Windows\System32\KERNELBASE.dll
0x00007ffcf1790000 - 0x00007ffcf1833000 	C:\Windows\System32\ADVAPI32.DLL
0x00007ffcf2d30000 - 0x00007ffcf2dce000 	C:\Windows\System32\msvcrt.dll
0x00007ffcf0d90000 - 0x00007ffcf0e2e000 	C:\Windows\System32\sechost.dll
0x00007ffcf15b0000 - 0x00007ffcf16d3000 	C:\Windows\System32\RPCRT4.dll
0x00007ffcf1410000 - 0x00007ffcf15a7000 	C:\Windows\System32\USER32.dll
0x00007ffcefb70000 - 0x00007ffcefb90000 	C:\Windows\System32\win32u.dll
0x00007ffcf3410000 - 0x00007ffcf3439000 	C:\Windows\System32\GDI32.dll
0x00007ffcf0b30000 - 0x00007ffcf0cca000 	C:\Windows\System32\gdi32full.dll
0x00007ffcefbf0000 - 0x00007ffcefc90000 	C:\Windows\System32\msvcp_win.dll
0x00007ffcf06c0000 - 0x00007ffcf07bc000 	C:\Windows\System32\ucrtbase.dll
0x00007ffce6150000 - 0x00007ffce63c9000 	C:\Windows\WinSxS\amd64_microsoft.windows.common-controls_6595b64144ccf1df_6.0.17763.107_none_05b63884071e656e\COMCTL32.dll
0x00007ffcf10d0000 - 0x00007ffcf13fe000 	C:\Windows\System32\combase.dll
0x00007ffcf07c0000 - 0x00007ffcf083e000 	C:\Windows\System32\bcryptPrimitives.dll
0x00007ffcf16e0000 - 0x00007ffcf170e000 	C:\Windows\System32\IMM32.DLL
0x0000000068550000 - 0x0000000068622000 	E:\developer_tools\Java\jdk1.8.0_131\jre\bin\msvcr100.dll
0x0000000067cb0000 - 0x000000006854c000 	E:\developer_tools\Java\jdk1.8.0_131\jre\bin\server\jvm.dll
0x00007ffcf37f0000 - 0x00007ffcf37f8000 	C:\Windows\System32\PSAPI.DLL
0x00007ffce5010000 - 0x00007ffce5019000 	C:\Windows\SYSTEM32\WSOCK32.dll
0x00007ffcf1060000 - 0x00007ffcf10cd000 	C:\Windows\System32\WS2_32.dll
0x00007ffcedc90000 - 0x00007ffcedcb4000 	C:\Windows\SYSTEM32\WINMM.dll
0x00007ffceafe0000 - 0x00007ffceafea000 	C:\Windows\SYSTEM32\VERSION.dll
0x00007ffcedb40000 - 0x00007ffcedb6d000 	C:\Windows\SYSTEM32\WINMMBASE.dll
0x00007ffcf0670000 - 0x00007ffcf06ba000 	C:\Windows\System32\cfgmgr32.dll
0x0000000067ca0000 - 0x0000000067caf000 	E:\developer_tools\Java\jdk1.8.0_131\jre\bin\verify.dll
0x0000000067c70000 - 0x0000000067c99000 	E:\developer_tools\Java\jdk1.8.0_131\jre\bin\java.dll
0x0000000067c50000 - 0x0000000067c66000 	E:\developer_tools\Java\jdk1.8.0_131\jre\bin\zip.dll
0x00007ffcf1840000 - 0x00007ffcf2d2f000 	C:\Windows\System32\SHELL32.dll
0x00007ffcf2ee0000 - 0x00007ffcf2f88000 	C:\Windows\System32\shcore.dll
0x00007ffcefc90000 - 0x00007ffcf03d8000 	C:\Windows\System32\windows.storage.dll
0x00007ffcefac0000 - 0x00007ffcefae4000 	C:\Windows\System32\profapi.dll
0x00007ffcefb10000 - 0x00007ffcefb6d000 	C:\Windows\System32\powrprof.dll
0x00007ffcf3440000 - 0x00007ffcf3492000 	C:\Windows\System32\shlwapi.dll
0x00007ffcefaf0000 - 0x00007ffcefb01000 	C:\Windows\System32\kernel.appcore.dll
0x00007ffcf0870000 - 0x00007ffcf0887000 	C:\Windows\System32\cryptsp.dll
0x00007ffceee90000 - 0x00007ffceeec3000 	C:\Windows\system32\rsaenh.dll
0x00007ffcf0840000 - 0x00007ffcf0866000 	C:\Windows\System32\bcrypt.dll
0x00007ffcef9a0000 - 0x00007ffcef9c8000 	C:\Windows\SYSTEM32\USERENV.dll
0x00007ffcef500000 - 0x00007ffcef50c000 	C:\Windows\SYSTEM32\CRYPTBASE.dll
0x0000000067c30000 - 0x0000000067c4a000 	E:\developer_tools\Java\jdk1.8.0_131\jre\bin\net.dll
0x00007ffcef330000 - 0x00007ffcef397000 	C:\Windows\system32\mswsock.dll
0x00007ffcef090000 - 0x00007ffcef0cd000 	C:\Windows\SYSTEM32\IPHLPAPI.DLL
0x00007ffcf3a60000 - 0x00007ffcf3a68000 	C:\Windows\System32\NSI.dll
0x00007ffce9d70000 - 0x00007ffce9d86000 	C:\Windows\SYSTEM32\dhcpcsvc6.DLL
0x00007ffce9d50000 - 0x00007ffce9d6c000 	C:\Windows\SYSTEM32\dhcpcsvc.DLL
0x00007ffcef0d0000 - 0x00007ffcef196000 	C:\Windows\SYSTEM32\DNSAPI.dll
0x0000000067c10000 - 0x0000000067c21000 	E:\developer_tools\Java\jdk1.8.0_131\jre\bin\nio.dll
0x00007ffcdb780000 - 0x00007ffcdb78a000 	C:\Users\Administrator\AppData\Local\Temp\jansi-1.17.1-4980189445997387524.dll
0x00007ffcda860000 - 0x00007ffcda86a000 	C:\Users\Administrator\AppData\Local\Temp\jansi-1.17.1-8970687598831852527.dll

VM Arguments:
jvm_args: -Dmaven.multiModuleProjectDirectory=F:\IdeaProjects\gmall20190311\gmall-item-web -Dmaven.home=E:\developer_tools\IntelliJ IDEA 2020.1.3\plugins\maven\lib\maven3 -Dclassworlds.conf=E:\developer_tools\IntelliJ IDEA 2020.1.3\plugins\maven\lib\maven3\bin\m2.conf -Dmaven.ext.class.path=E:\developer_tools\IntelliJ IDEA 2020.1.3\plugins\maven\lib\maven-event-listener.jar -Dfile.encoding=UTF-8 
java_command: org.codehaus.classworlds.Launcher -Didea.version=2020.2 -s E:\developer_tools\apache-maven\apache-maven-3.3.9\conf\settings.xml compile
java_class_path (initial): E:\developer_tools\IntelliJ IDEA 2020.1.3\plugins\maven\lib\maven3\boot\plexus-classworlds-2.6.0.jar;E:\developer_tools\IntelliJ IDEA 2020.1.3\plugins\maven\lib\maven3\boot\plexus-classworlds.license
Launcher Type: SUN_STANDARD

Environment Variables:
JAVA_HOME=E:\developer_tools\Java\jdk1.8.0_131
PATH=E:\developer_tools\Java\jdk1.8.0_131\bin;C:\Windows\system32;C:\Windows;C:\Windows\System32\Wbem;C:\Windows\System32\WindowsPowerShell\v1.0\;C:\Program Files\IDM Computer Solutions\UltraEdit;E:\developer_tools\apache-tomcat\apache-tomcat-8.5.24\bin;E:\developer_tools\apache-maven\apache-maven-3.3.9\bin;E:\developer_tools\MySQL\MySQLServer5.5\bin;E:\developer_tools\gradle\gradle-6.5.1\bin;E:\developer_tools\VisualSVNServer\\bin;E:\developer_tools\UltraEdit;E:\developer_tools\TortoiseGit\bin;C:\Program Files\nodejs\;E:\developer_tools\Git\bin;E:\developer_tools\Git\mingw64\libexec\git-core;C:\Users\Administrator\AppData\Local\Microsoft\WindowsApps;;E:\developer_tools\IntelliJ IDEA 2020.1.3\bin;;E:\developer_tools\Microsoft VS Code\bin;C:\Users\Administrator\AppData\Roaming\npm
USERNAME=Administrator
OS=Windows_NT
PROCESSOR_IDENTIFIER=Intel64 Family 6 Model 45 Stepping 7, GenuineIntel



---------------  S Y S T E M  ---------------

OS: Windows 10.0 , 64 bit Build 17763 (10.0.17763.1)

CPU:total 16 (initial active 16) (8 cores per cpu, 2 threads per core) family 6 model 45 stepping 7, cmov, cx8, fxsr, mmx, sse, sse2, sse3, ssse3, sse4.1, sse4.2, popcnt, avx, aes, clmul, ht, tsc, tscinvbit, tscinv

Memory: 4k page, physical 16708572k(4259888k free), swap 29816024k(5296k free)

vm_info: Java HotSpot(TM) 64-Bit Server VM (25.131-b11) for windows-amd64 JRE (1.8.0_131-b11), built on Mar 15 2017 01:23:53 by "java_re" with MS VC++ 10.0 (VS2010)

time: Mon Nov 02 11:36:50 2020
elapsed time: 11 seconds (0d 0h 0m 11s)

