#
# There is insufficient memory for the Java Runtime Environment to continue.
# Native memory allocation (malloc) failed to allocate 32744 bytes for ChunkPool::allocate
# Possible reasons:
#   The system is out of physical RAM or swap space
#   In 32 bit mode, the process size limit was hit
# Possible solutions:
#   Reduce memory load on the system
#   Increase physical memory or swap space
#   Check if swap backing store is full
#   Use 64 bit Java on a 64 bit OS
#   Decrease Java heap size (-Xmx/-Xms)
#   Decrease number of Java threads
#   Decrease Java thread stack sizes (-Xss)
#   Set larger code cache with -XX:ReservedCodeCacheSize=
# This output file may be truncated or incomplete.
#
#  Out of Memory Error (allocation.cpp:273), pid=2388, tid=0x00000000000045f4
#
# JRE version: Java(TM) SE Runtime Environment (8.0_131-b11) (build 1.8.0_131-b11)
# Java VM: Java HotSpot(TM) 64-Bit Server VM (25.131-b11 mixed mode windows-amd64 compressed oops)
# Failed to write core dump. Minidumps are not enabled by default on client versions of Windows
#

---------------  T H R E A D  ---------------

Current thread (0x000000001e89b000):  JavaThread "C1 CompilerThread9" daemon [_thread_in_vm, id=17908, stack(0x0000000020c70000,0x0000000020d70000)]

Stack: [0x0000000020c70000,0x0000000020d70000]
[error occurred during error reporting (printing stack bounds), id 0xc0000005]

Native frames: (J=compiled Java code, j=interpreted, Vv=VM code, C=native code)


Current CompileTask:
C1:  16003 2162       1       org.apache.maven.model.building.ModelData::getModel (5 bytes)


---------------  P R O C E S S  ---------------

Java Threads: ( => current thread )
  0x000000001e905000 JavaThread "Service Thread" daemon [_thread_blocked, id=17924, stack(0x0000000021070000,0x0000000021170000)]
  0x000000001e89d800 JavaThread "C1 CompilerThread11" daemon [_thread_blocked, id=17916, stack(0x0000000020e70000,0x0000000020f70000)]
  0x000000001e89a800 JavaThread "C1 CompilerThread10" daemon [_thread_blocked, id=17912, stack(0x0000000020d70000,0x0000000020e70000)]
=>0x000000001e89b000 JavaThread "C1 CompilerThread9" daemon [_thread_in_vm, id=17908, stack(0x0000000020c70000,0x0000000020d70000)]
  0x000000001e89c000 JavaThread "C1 CompilerThread8" daemon [_thread_blocked, id=17904, stack(0x0000000020b70000,0x0000000020c70000)]
  0x000000001e89c800 JavaThread "C2 CompilerThread7" daemon [_thread_blocked, id=17900, stack(0x0000000020a70000,0x0000000020b70000)]
  0x000000001e87d800 JavaThread "C2 CompilerThread6" daemon [_thread_blocked, id=17896, stack(0x0000000020970000,0x0000000020a70000)]
  0x000000001e85c800 JavaThread "C2 CompilerThread5" daemon [_thread_blocked, id=17892, stack(0x0000000020870000,0x0000000020970000)]
  0x000000001e838000 JavaThread "C2 CompilerThread4" daemon [_thread_blocked, id=17888, stack(0x0000000020770000,0x0000000020870000)]
  0x000000001e837000 JavaThread "C2 CompilerThread3" daemon [_thread_blocked, id=17884, stack(0x0000000020670000,0x0000000020770000)]
  0x000000001e834800 JavaThread "C2 CompilerThread2" daemon [_thread_blocked, id=17880, stack(0x0000000020570000,0x0000000020670000)]
  0x000000001e830800 JavaThread "C2 CompilerThread1" daemon [_thread_in_native, id=17876, stack(0x0000000020470000,0x0000000020570000)]
  0x000000001e82e000 JavaThread "C2 CompilerThread0" daemon [_thread_blocked, id=17872, stack(0x0000000020370000,0x0000000020470000)]
  0x000000001e7d5800 JavaThread "Attach Listener" daemon [_thread_blocked, id=17868, stack(0x0000000020270000,0x0000000020370000)]
  0x000000001e82b800 JavaThread "Signal Dispatcher" daemon [_thread_blocked, id=17864, stack(0x0000000020170000,0x0000000020270000)]
  0x000000001e7b6000 JavaThread "Finalizer" daemon [_thread_blocked, id=17708, stack(0x0000000020010000,0x0000000020110000)]
  0x000000001cd4c000 JavaThread "Reference Handler" daemon [_thread_blocked, id=17704, stack(0x000000001ff10000,0x0000000020010000)]
  0x00000000028ee000 JavaThread "main" [_thread_in_Java, id=17556, stack(0x00000000027b0000,0x00000000028b0000)]

Other Threads:
  0x000000001e794000 VMThread [stack: 0x000000001fe10000,0x000000001ff10000] [id=17688]
  0x000000001e930800 WatcherThread [stack: 0x0000000021170000,0x0000000021270000] [id=17928]

VM state:not at safepoint (normal execution)

VM Mutex/Monitor currently owned by a thread: None

Heap:
 PSYoungGen      total 76288K, used 38901K [0x000000076b000000, 0x0000000770500000, 0x00000007c0000000)
  eden space 65536K, 59% used [0x000000076b000000,0x000000076d5fd5f8,0x000000076f000000)
  from space 10752K, 0% used [0x000000076f000000,0x000000076f000000,0x000000076fa80000)
  to   space 10752K, 0% used [0x000000076fa80000,0x000000076fa80000,0x0000000770500000)
 ParOldGen       total 123392K, used 9494K [0x00000006c1000000, 0x00000006c8880000, 0x000000076b000000)
  object space 123392K, 7% used [0x00000006c1000000,0x00000006c19459f8,0x00000006c8880000)
 Metaspace       used 15680K, capacity 15942K, committed 16128K, reserved 1064960K
  class space    used 1883K, capacity 1976K, committed 2048K, reserved 1048576K

Card table byte_map: [0x0000000012140000,0x0000000012940000] byte_map_base: 0x000000000eb38000

Marking Bits: (ParMarkBitMap*) 0x00000000684cc720
 Begin Bits: [0x0000000013b90000, 0x0000000017b50000)
 End Bits:   [0x0000000017b50000, 0x000000001bb10000)

Polling page: 0x0000000000bd0000

CodeCache: size=245760Kb used=8928Kb max_used=8934Kb free=236831Kb
 bounds [0x0000000002d80000, 0x0000000003640000, 0x0000000011d80000]
 total_blobs=2536 nmethods=2160 adapters=285
 compilation: enabled

Compilation events (10 events):
Event: 15.975 Thread 0x000000001e89d800 nmethod 2157 0x000000000363abd0 code [0x000000000363ad20, 0x000000000363aef0]
Event: 15.975 Thread 0x000000001e89b000 nmethod 2156 0x000000000363af50 code [0x000000000363b0c0, 0x000000000363b2f0]
Event: 15.975 Thread 0x000000001e89a800 nmethod 2155 0x000000000363b390 code [0x000000000363b500, 0x000000000363b7b0]
Event: 15.978 Thread 0x000000001e89c000 2158       3       java.util.Formatter$FormatSpecifier::checkBadFlags (39 bytes)
Event: 15.979 Thread 0x000000001e89c000 nmethod 2158 0x000000000363b890 code [0x000000000363ba40, 0x000000000363bed8]
Event: 15.981 Thread 0x000000001e89c800 2159       4       java.util.Hashtable$Enumerator::hasMoreElements (53 bytes)
Event: 15.984 Thread 0x000000001e89c800 nmethod 2159 0x000000000363eed0 code [0x000000000363f000, 0x000000000363f178]
Event: 15.998 Thread 0x000000001e830800 2160       4       java.lang.String::replace (127 bytes)
Event: 16.000 Thread 0x000000001e89d800 2161       3       org.apache.maven.model.io.xpp3.MavenXpp3Reader::checkFieldWithDuplicate (75 bytes)
Event: 16.001 Thread 0x000000001e89b000 2162       1       org.apache.maven.model.building.ModelData::getModel (5 bytes)

GC Heap History (4 events):
Event: 11.546 GC heap before
{Heap before GC invocations=1 (full 0):
 PSYoungGen      total 76288K, used 65536K [0x000000076b000000, 0x0000000770500000, 0x00000007c0000000)
  eden space 65536K, 100% used [0x000000076b000000,0x000000076f000000,0x000000076f000000)
  from space 10752K, 0% used [0x000000076fa80000,0x000000076fa80000,0x0000000770500000)
  to   space 10752K, 0% used [0x000000076f000000,0x000000076f000000,0x000000076fa80000)
 ParOldGen       total 175104K, used 0K [0x00000006c1000000, 0x00000006cbb00000, 0x000000076b000000)
  object space 175104K, 0% used [0x00000006c1000000,0x00000006c1000000,0x00000006cbb00000)
 Metaspace       used 11773K, capacity 11966K, committed 12160K, reserved 1064960K
  class space    used 1431K, capacity 1542K, committed 1664K, reserved 1048576K
Event: 11.613 GC heap after
Heap after GC invocations=1 (full 0):
 PSYoungGen      total 76288K, used 9998K [0x000000076b000000, 0x0000000770500000, 0x00000007c0000000)
  eden space 65536K, 0% used [0x000000076b000000,0x000000076b000000,0x000000076f000000)
  from space 10752K, 92% used [0x000000076f000000,0x000000076f9c3af0,0x000000076fa80000)
  to   space 10752K, 0% used [0x000000076fa80000,0x000000076fa80000,0x0000000770500000)
 ParOldGen       total 175104K, used 16K [0x00000006c1000000, 0x00000006cbb00000, 0x000000076b000000)
  object space 175104K, 0% used [0x00000006c1000000,0x00000006c1004000,0x00000006cbb00000)
 Metaspace       used 11773K, capacity 11966K, committed 12160K, reserved 1064960K
  class space    used 1431K, capacity 1542K, committed 1664K, reserved 1048576K
}
Event: 11.613 GC heap before
{Heap before GC invocations=2 (full 1):
 PSYoungGen      total 76288K, used 9998K [0x000000076b000000, 0x0000000770500000, 0x00000007c0000000)
  eden space 65536K, 0% used [0x000000076b000000,0x000000076b000000,0x000000076f000000)
  from space 10752K, 92% used [0x000000076f000000,0x000000076f9c3af0,0x000000076fa80000)
  to   space 10752K, 0% used [0x000000076fa80000,0x000000076fa80000,0x0000000770500000)
 ParOldGen       total 175104K, used 16K [0x00000006c1000000, 0x00000006cbb00000, 0x000000076b000000)
  object space 175104K, 0% used [0x00000006c1000000,0x00000006c1004000,0x00000006cbb00000)
 Metaspace       used 11773K, capacity 11966K, committed 12160K, reserved 1064960K
  class space    used 1431K, capacity 1542K, committed 1664K, reserved 1048576K
Event: 11.794 GC heap after
Heap after GC invocations=2 (full 1):
 PSYoungGen      total 76288K, used 0K [0x000000076b000000, 0x0000000770500000, 0x00000007c0000000)
  eden space 65536K, 0% used [0x000000076b000000,0x000000076b000000,0x000000076f000000)
  from space 10752K, 0% used [0x000000076f000000,0x000000076f000000,0x000000076fa80000)
  to   space 10752K, 0% used [0x000000076fa80000,0x000000076fa80000,0x0000000770500000)
 ParOldGen       total 123392K, used 9494K [0x00000006c1000000, 0x00000006c8880000, 0x000000076b000000)
  object space 123392K, 7% used [0x00000006c1000000,0x00000006c19459f8,0x00000006c8880000)
 Metaspace       used 11773K, capacity 11966K, committed 12160K, reserved 1062912K
  class space    used 1431K, capacity 1542K, committed 1664K, reserved 1048576K
}

Deoptimization events (10 events):
Event: 13.334 Thread 0x00000000028ee000 Uncommon trap: reason=unstable_if action=reinterpret pc=0x000000000344031c method=java.lang.ref.ReferenceQueue.poll()Ljava/lang/ref/Reference; @ 4
Event: 13.714 Thread 0x00000000028ee000 Uncommon trap: reason=unstable_if action=reinterpret pc=0x00000000034c8718 method=org.eclipse.sisu.inject.InjectorBindings.isAssignableFrom(Lcom/google/inject/TypeLiteral;Lcom/google/inject/Binding;)Z @ 14
Event: 13.734 Thread 0x00000000028ee000 Uncommon trap: reason=unstable_if action=reinterpret pc=0x0000000003158c8c method=sun.misc.MetaIndex.mayContain(Ljava/lang/String;)Z @ 38
Event: 14.171 Thread 0x00000000028ee000 Uncommon trap: reason=unstable_if action=reinterpret pc=0x00000000031ee930 method=sun.nio.cs.UTF_8$Decoder.decodeArrayLoop(Ljava/nio/ByteBuffer;Ljava/nio/CharBuffer;)Ljava/nio/charset/CoderResult; @ 84
Event: 14.178 Thread 0x00000000028ee000 Uncommon trap: reason=unstable_if action=reinterpret pc=0x000000000317d694 method=java.lang.AbstractStringBuilder.append(Ljava/lang/String;)Ljava/lang/AbstractStringBuilder; @ 1
Event: 14.178 Thread 0x00000000028ee000 Uncommon trap: reason=unstable_if action=reinterpret pc=0x000000000313f888 method=java.lang.AbstractStringBuilder.append(Ljava/lang/String;)Ljava/lang/AbstractStringBuilder; @ 1
Event: 14.237 Thread 0x00000000028ee000 Uncommon trap: reason=unstable_if action=reinterpret pc=0x00000000030feda4 method=java.lang.String.replace(CC)Ljava/lang/String; @ 2
Event: 14.921 Thread 0x00000000028ee000 Uncommon trap: reason=unstable_if action=reinterpret pc=0x000000000356cf5c method=org.codehaus.plexus.util.xml.pull.MXParser.nextImpl()I @ 879
Event: 14.930 Thread 0x00000000028ee000 Uncommon trap: reason=null_check action=make_not_entrant pc=0x00000000035afb98 method=org.apache.maven.model.io.xpp3.MavenXpp3ReaderEx.checkFieldWithDuplicate(Lorg/codehaus/plexus/util/xml/pull/XmlPullParser;Ljava/lang/String;Ljava/lang/String;Ljava/util/
Event: 15.222 Thread 0x00000000028ee000 Uncommon trap: reason=unstable_if action=reinterpret pc=0x0000000003308960 method=java.lang.String.regionMatches(ZILjava/lang/String;II)Z @ 25

Internal exceptions (10 events):
Event: 13.305 Thread 0x00000000028ee000 Exception <a 'java/lang/NoClassDefFoundError': javax/annotation/Priority> (0x000000076c0066b0) thrown at [C:\re\workspace\8-2-build-windows-amd64-cygwin\jdk8u131\8869\hotspot\src\share\vm\classfile\systemDictionary.cpp, line 199]
Event: 13.986 Thread 0x00000000028ee000 Exception <a 'java/lang/NullPointerException'> (0x000000076c732690) thrown at [C:\re\workspace\8-2-build-windows-amd64-cygwin\jdk8u131\8869\hotspot\src\share\vm\interpreter\linkResolver.cpp, line 1197]
Event: 13.986 Thread 0x00000000028ee000 Exception <a 'java/lang/NullPointerException'> (0x000000076c7328a8) thrown at [C:\re\workspace\8-2-build-windows-amd64-cygwin\jdk8u131\8869\hotspot\src\share\vm\interpreter\linkResolver.cpp, line 1197]
Event: 13.986 Thread 0x00000000028ee000 Exception <a 'java/lang/NullPointerException'> (0x000000076c732ac0) thrown at [C:\re\workspace\8-2-build-windows-amd64-cygwin\jdk8u131\8869\hotspot\src\share\vm\interpreter\linkResolver.cpp, line 1197]
Event: 13.990 Thread 0x00000000028ee000 Exception <a 'java/lang/NullPointerException'> (0x000000076c73a3a0) thrown at [C:\re\workspace\8-2-build-windows-amd64-cygwin\jdk8u131\8869\hotspot\src\share\vm\interpreter\linkResolver.cpp, line 1197]
Event: 13.990 Thread 0x00000000028ee000 Exception <a 'java/lang/NullPointerException'> (0x000000076c73a5b8) thrown at [C:\re\workspace\8-2-build-windows-amd64-cygwin\jdk8u131\8869\hotspot\src\share\vm\interpreter\linkResolver.cpp, line 1197]
Event: 13.990 Thread 0x00000000028ee000 Exception <a 'java/lang/NullPointerException'> (0x000000076c73a7d0) thrown at [C:\re\workspace\8-2-build-windows-amd64-cygwin\jdk8u131\8869\hotspot\src\share\vm\interpreter\linkResolver.cpp, line 1197]
Event: 14.178 Thread 0x00000000028ee000 Implicit null exception at 0x000000000317d2d6 to 0x000000000317d679
Event: 14.178 Thread 0x00000000028ee000 Implicit null exception at 0x000000000313f4d6 to 0x000000000313f871
Event: 14.930 Thread 0x00000000028ee000 Implicit null exception at 0x00000000035af93b to 0x00000000035afb7d

Events (10 events):
Event: 15.981 loading class org/apache/maven/repository/internal/DefaultModelCache
Event: 15.981 loading class org/apache/maven/repository/internal/DefaultModelCache done
Event: 15.982 loading class org/apache/maven/repository/internal/DefaultModelResolver
Event: 15.982 loading class org/apache/maven/repository/internal/DefaultModelResolver done
Event: 15.985 loading class org/apache/maven/model/io/xpp3/MavenXpp3Reader
Event: 15.985 loading class org/apache/maven/model/io/xpp3/MavenXpp3Reader done
Event: 15.990 loading class org/apache/maven/model/io/xpp3/MavenXpp3Reader$ContentTransformer
Event: 15.990 loading class org/apache/maven/model/io/xpp3/MavenXpp3Reader$ContentTransformer done
Event: 15.998 loading class org/apache/maven/model/io/xpp3/MavenXpp3Reader$1
Event: 15.998 loading class org/apache/maven/model/io/xpp3/MavenXpp3Reader$1 done


Dynamic libraries:
0x00007ff7b82c0000 - 0x00007ff7b82f7000 	E:\developer_tools\Java\jdk1.8.0_131\bin\java.exe
0x00007ffcf3aa0000 - 0x00007ffcf3c8d000 	C:\Windows\SYSTEM32\ntdll.dll
0x00007ffcf0cd0000 - 0x00007ffcf0d83000 	C:\Windows\System32\KERNEL32.DLL
0x00007ffcf0890000 - 0x00007ffcf0b23000 	C:\Windows\System32\KERNELBASE.dll
0x00007ffcf1790000 - 0x00007ffcf1833000 	C:\Windows\System32\ADVAPI32.DLL
0x00007ffcf2d30000 - 0x00007ffcf2dce000 	C:\Windows\System32\msvcrt.dll
0x00007ffcf0d90000 - 0x00007ffcf0e2e000 	C:\Windows\System32\sechost.dll
0x00007ffcf15b0000 - 0x00007ffcf16d3000 	C:\Windows\System32\RPCRT4.dll
0x00007ffcf1410000 - 0x00007ffcf15a7000 	C:\Windows\System32\USER32.dll
0x00007ffcefb70000 - 0x00007ffcefb90000 	C:\Windows\System32\win32u.dll
0x00007ffcf3410000 - 0x00007ffcf3439000 	C:\Windows\System32\GDI32.dll
0x00007ffcf0b30000 - 0x00007ffcf0cca000 	C:\Windows\System32\gdi32full.dll
0x00007ffcefbf0000 - 0x00007ffcefc90000 	C:\Windows\System32\msvcp_win.dll
0x00007ffcf06c0000 - 0x00007ffcf07bc000 	C:\Windows\System32\ucrtbase.dll
0x00007ffce6150000 - 0x00007ffce63c9000 	C:\Windows\WinSxS\amd64_microsoft.windows.common-controls_6595b64144ccf1df_6.0.17763.107_none_05b63884071e656e\COMCTL32.dll
0x00007ffcf10d0000 - 0x00007ffcf13fe000 	C:\Windows\System32\combase.dll
0x00007ffcf07c0000 - 0x00007ffcf083e000 	C:\Windows\System32\bcryptPrimitives.dll
0x00007ffcf16e0000 - 0x00007ffcf170e000 	C:\Windows\System32\IMM32.DLL
0x0000000068550000 - 0x0000000068622000 	E:\developer_tools\Java\jdk1.8.0_131\jre\bin\msvcr100.dll
0x0000000067cb0000 - 0x000000006854c000 	E:\developer_tools\Java\jdk1.8.0_131\jre\bin\server\jvm.dll
0x00007ffcf37f0000 - 0x00007ffcf37f8000 	C:\Windows\System32\PSAPI.DLL
0x00007ffce5010000 - 0x00007ffce5019000 	C:\Windows\SYSTEM32\WSOCK32.dll
0x00007ffcf1060000 - 0x00007ffcf10cd000 	C:\Windows\System32\WS2_32.dll
0x00007ffcedc90000 - 0x00007ffcedcb4000 	C:\Windows\SYSTEM32\WINMM.dll
0x00007ffcedb40000 - 0x00007ffcedb6d000 	C:\Windows\SYSTEM32\WINMMBASE.dll
0x00007ffcf0670000 - 0x00007ffcf06ba000 	C:\Windows\System32\cfgmgr32.dll
0x00007ffceafe0000 - 0x00007ffceafea000 	C:\Windows\SYSTEM32\VERSION.dll
0x0000000067ca0000 - 0x0000000067caf000 	E:\developer_tools\Java\jdk1.8.0_131\jre\bin\verify.dll
0x0000000067c70000 - 0x0000000067c99000 	E:\developer_tools\Java\jdk1.8.0_131\jre\bin\java.dll
0x0000000067c50000 - 0x0000000067c66000 	E:\developer_tools\Java\jdk1.8.0_131\jre\bin\zip.dll
0x00007ffcf1840000 - 0x00007ffcf2d2f000 	C:\Windows\System32\SHELL32.dll
0x00007ffcf2ee0000 - 0x00007ffcf2f88000 	C:\Windows\System32\shcore.dll
0x00007ffcefc90000 - 0x00007ffcf03d8000 	C:\Windows\System32\windows.storage.dll
0x00007ffcefac0000 - 0x00007ffcefae4000 	C:\Windows\System32\profapi.dll
0x00007ffcefb10000 - 0x00007ffcefb6d000 	C:\Windows\System32\powrprof.dll
0x00007ffcf3440000 - 0x00007ffcf3492000 	C:\Windows\System32\shlwapi.dll
0x00007ffcefaf0000 - 0x00007ffcefb01000 	C:\Windows\System32\kernel.appcore.dll
0x00007ffcf0870000 - 0x00007ffcf0887000 	C:\Windows\System32\cryptsp.dll
0x00007ffceee90000 - 0x00007ffceeec3000 	C:\Windows\system32\rsaenh.dll
0x00007ffcf0840000 - 0x00007ffcf0866000 	C:\Windows\System32\bcrypt.dll
0x00007ffcef9a0000 - 0x00007ffcef9c8000 	C:\Windows\SYSTEM32\USERENV.dll
0x00007ffcef500000 - 0x00007ffcef50c000 	C:\Windows\SYSTEM32\CRYPTBASE.dll
0x0000000067c30000 - 0x0000000067c4a000 	E:\developer_tools\Java\jdk1.8.0_131\jre\bin\net.dll
0x00007ffcef330000 - 0x00007ffcef397000 	C:\Windows\system32\mswsock.dll
0x00007ffcef090000 - 0x00007ffcef0cd000 	C:\Windows\SYSTEM32\IPHLPAPI.DLL
0x00007ffcf3a60000 - 0x00007ffcf3a68000 	C:\Windows\System32\NSI.dll
0x00007ffce9d70000 - 0x00007ffce9d86000 	C:\Windows\SYSTEM32\dhcpcsvc6.DLL
0x00007ffce9d50000 - 0x00007ffce9d6c000 	C:\Windows\SYSTEM32\dhcpcsvc.DLL
0x00007ffcef0d0000 - 0x00007ffcef196000 	C:\Windows\SYSTEM32\DNSAPI.dll
0x0000000067c10000 - 0x0000000067c21000 	E:\developer_tools\Java\jdk1.8.0_131\jre\bin\nio.dll
0x00007ffcda850000 - 0x00007ffcda85a000 	C:\Users\Administrator\AppData\Local\Temp\jansi-1.17.1-934138038312399023.dll
0x00007ffcda840000 - 0x00007ffcda84a000 	C:\Users\Administrator\AppData\Local\Temp\jansi-1.17.1-6507210585688469478.dll

VM Arguments:
jvm_args: -Dmaven.multiModuleProjectDirectory=F:\IdeaProjects\gmall20190311\gmall-item-web -Dmaven.home=E:\developer_tools\IntelliJ IDEA 2020.1.3\plugins\maven\lib\maven3 -Dclassworlds.conf=E:\developer_tools\IntelliJ IDEA 2020.1.3\plugins\maven\lib\maven3\bin\m2.conf -Dmaven.ext.class.path=E:\developer_tools\IntelliJ IDEA 2020.1.3\plugins\maven\lib\maven-event-listener.jar -Dfile.encoding=UTF-8 
java_command: org.codehaus.classworlds.Launcher -Didea.version=2020.2 -s E:\developer_tools\apache-maven\apache-maven-3.3.9\conf\settings.xml compile
java_class_path (initial): E:\developer_tools\IntelliJ IDEA 2020.1.3\plugins\maven\lib\maven3\boot\plexus-classworlds-2.6.0.jar;E:\developer_tools\IntelliJ IDEA 2020.1.3\plugins\maven\lib\maven3\boot\plexus-classworlds.license
Launcher Type: SUN_STANDARD

Environment Variables:
JAVA_HOME=E:\developer_tools\Java\jdk1.8.0_131
PATH=E:\developer_tools\Java\jdk1.8.0_131\bin;C:\Windows\system32;C:\Windows;C:\Windows\System32\Wbem;C:\Windows\System32\WindowsPowerShell\v1.0\;C:\Program Files\IDM Computer Solutions\UltraEdit;E:\developer_tools\apache-tomcat\apache-tomcat-8.5.24\bin;E:\developer_tools\apache-maven\apache-maven-3.3.9\bin;E:\developer_tools\MySQL\MySQLServer5.5\bin;E:\developer_tools\gradle\gradle-6.5.1\bin;E:\developer_tools\VisualSVNServer\\bin;E:\developer_tools\UltraEdit;E:\developer_tools\TortoiseGit\bin;C:\Program Files\nodejs\;E:\developer_tools\Git\bin;E:\developer_tools\Git\mingw64\libexec\git-core;C:\Users\Administrator\AppData\Local\Microsoft\WindowsApps;;E:\developer_tools\IntelliJ IDEA 2020.1.3\bin;;E:\developer_tools\Microsoft VS Code\bin;C:\Users\Administrator\AppData\Roaming\npm
USERNAME=Administrator
OS=Windows_NT
PROCESSOR_IDENTIFIER=Intel64 Family 6 Model 45 Stepping 7, GenuineIntel



---------------  S Y S T E M  ---------------

OS: Windows 10.0 , 64 bit Build 17763 (10.0.17763.1)

CPU:total 16 (initial active 16) (8 cores per cpu, 2 threads per core) family 6 model 45 stepping 7, cmov, cx8, fxsr, mmx, sse, sse2, sse3, ssse3, sse4.1, sse4.2, popcnt, avx, aes, clmul, ht, tsc, tscinvbit, tscinv

Memory: 4k page, physical 16708572k(4812352k free), swap 29816024k(5200k free)

vm_info: Java HotSpot(TM) 64-Bit Server VM (25.131-b11) for windows-amd64 JRE (1.8.0_131-b11), built on Mar 15 2017 01:23:53 by "java_re" with MS VC++ 10.0 (VS2010)

time: Mon Nov 02 11:36:54 2020
elapsed time: 16 seconds (0d 0h 0m 16s)

