#
# There is insufficient memory for the Java Runtime Environment to continue.
# Native memory allocation (malloc) failed to allocate 32744 bytes for ChunkPool::allocate
# Possible reasons:
#   The system is out of physical RAM or swap space
#   In 32 bit mode, the process size limit was hit
# Possible solutions:
#   Reduce memory load on the system
#   Increase physical memory or swap space
#   Check if swap backing store is full
#   Use 64 bit Java on a 64 bit OS
#   Decrease Java heap size (-Xmx/-Xms)
#   Decrease number of Java threads
#   Decrease Java thread stack sizes (-Xss)
#   Set larger code cache with -XX:ReservedCodeCacheSize=
# This output file may be truncated or incomplete.
#
#  Out of Memory Error (allocation.cpp:273), pid=20216, tid=0x000000000000227c
#
# JRE version: Java(TM) SE Runtime Environment (8.0_131-b11) (build 1.8.0_131-b11)
# Java VM: Java HotSpot(TM) 64-Bit Server VM (25.131-b11 mixed mode windows-amd64 compressed oops)
# Failed to write core dump. Minidumps are not enabled by default on client versions of Windows
#

---------------  T H R E A D  ---------------

Current thread (0x000000001e5c8000):  JavaThread "C2 CompilerThread0" daemon [_thread_in_native, id=8828, stack(0x0000000020260000,0x0000000020360000)]

Stack: [0x0000000020260000,0x0000000020360000]
[error occurred during error reporting (printing stack bounds), id 0xc0000005]

Native frames: (J=compiled Java code, j=interpreted, Vv=VM code, C=native code)


Current CompileTask:
C2:   9091  647       4       org.codehaus.plexus.util.xml.XmlReader::read (11 bytes)


---------------  P R O C E S S  ---------------

Java Threads: ( => current thread )
  0x000000001e69b000 JavaThread "Service Thread" daemon [_thread_blocked, id=14144, stack(0x0000000020e60000,0x0000000020f60000)]
  0x000000001e637800 JavaThread "C1 CompilerThread11" daemon [_thread_blocked, id=13152, stack(0x0000000020d60000,0x0000000020e60000)]
  0x000000001e637000 JavaThread "C1 CompilerThread10" daemon [_thread_blocked, id=3612, stack(0x0000000020c60000,0x0000000020d60000)]
  0x000000001e634000 JavaThread "C1 CompilerThread9" daemon [_thread_blocked, id=8096, stack(0x0000000020b60000,0x0000000020c60000)]
  0x000000001e633800 JavaThread "C1 CompilerThread8" daemon [_thread_blocked, id=10796, stack(0x0000000020a60000,0x0000000020b60000)]
  0x000000001e62f800 JavaThread "C2 CompilerThread7" daemon [_thread_in_vm, id=19632, stack(0x0000000020960000,0x0000000020a60000)]
  0x000000001e629000 JavaThread "C2 CompilerThread6" daemon [_thread_blocked, id=18704, stack(0x0000000020860000,0x0000000020960000)]
  0x000000001e5cc800 JavaThread "C2 CompilerThread5" daemon [_thread_blocked, id=8312, stack(0x0000000020760000,0x0000000020860000)]
  0x000000001e5cb800 JavaThread "C2 CompilerThread4" daemon [_thread_blocked, id=1464, stack(0x0000000020660000,0x0000000020760000)]
  0x000000001e628000 JavaThread "C2 CompilerThread3" daemon [_thread_in_native, id=6260, stack(0x0000000020560000,0x0000000020660000)]
  0x000000001e5cb000 JavaThread "C2 CompilerThread2" daemon [_thread_in_native, id=1260, stack(0x0000000020460000,0x0000000020560000)]
  0x000000001e5ca000 JavaThread "C2 CompilerThread1" daemon [_thread_in_native, id=5404, stack(0x0000000020360000,0x0000000020460000)]
=>0x000000001e5c8000 JavaThread "C2 CompilerThread0" daemon [_thread_in_native, id=8828, stack(0x0000000020260000,0x0000000020360000)]
  0x000000001e5c7000 JavaThread "Attach Listener" daemon [_thread_blocked, id=1868, stack(0x0000000020160000,0x0000000020260000)]
  0x000000001e625800 JavaThread "Signal Dispatcher" daemon [_thread_blocked, id=14520, stack(0x0000000020060000,0x0000000020160000)]
  0x000000001cb49000 JavaThread "Finalizer" daemon [_thread_blocked, id=20180, stack(0x000000001fe00000,0x000000001ff00000)]
  0x000000001cb3d800 JavaThread "Reference Handler" daemon [_thread_blocked, id=20176, stack(0x000000001fd00000,0x000000001fe00000)]
  0x0000000000c3e000 JavaThread "main" [_thread_in_vm, id=20312, stack(0x0000000002610000,0x0000000002710000)]

Other Threads:
  0x000000001e584000 VMThread [stack: 0x000000001fc00000,0x000000001fd00000] [id=20476]
  0x000000001e6a1800 WatcherThread [stack: 0x0000000020f60000,0x0000000021060000] [id=9624]

VM state:not at safepoint (normal execution)

VM Mutex/Monitor currently owned by a thread: None

Heap:
 PSYoungGen      total 76288K, used 27526K [0x000000076b000000, 0x0000000770500000, 0x00000007c0000000)
  eden space 65536K, 42% used [0x000000076b000000,0x000000076cae1ab0,0x000000076f000000)
  from space 10752K, 0% used [0x000000076fa80000,0x000000076fa80000,0x0000000770500000)
  to   space 10752K, 0% used [0x000000076f000000,0x000000076f000000,0x000000076fa80000)
 ParOldGen       total 175104K, used 0K [0x00000006c1000000, 0x00000006cbb00000, 0x000000076b000000)
  object space 175104K, 0% used [0x00000006c1000000,0x00000006c1000000,0x00000006cbb00000)
 Metaspace       used 8459K, capacity 8556K, committed 8832K, reserved 1058816K
  class space    used 1003K, capacity 1048K, committed 1152K, reserved 1048576K

Card table byte_map: [0x0000000011f30000,0x0000000012730000] byte_map_base: 0x000000000e928000

Marking Bits: (ParMarkBitMap*) 0x00000000684cc720
 Begin Bits: [0x0000000013980000, 0x0000000017940000)
 End Bits:   [0x0000000017940000, 0x000000001b900000)

Polling page: 0x00000000005e0000

CodeCache: size=245760Kb used=4491Kb max_used=4500Kb free=241268Kb
 bounds [0x0000000002b70000, 0x0000000002fe0000, 0x0000000011b70000]
 total_blobs=975 nmethods=644 adapters=240
 compilation: enabled

Compilation events (10 events):
Event: 9.087 Thread 0x000000001e628000 nmethod 641 0x0000000002fd5150 code [0x0000000002fd5280, 0x0000000002fd5338]
Event: 9.087 Thread 0x000000001e628000  644   !   4       sun.nio.cs.StreamDecoder::read (196 bytes)
Event: 9.087 Thread 0x000000001e5ca000  648       4       org.codehaus.plexus.util.InterpolationFilterReader::read (477 bytes)
Event: 9.087 Thread 0x000000001e62f800  646       4       java.io.InputStreamReader::read (11 bytes)
Event: 9.087 Thread 0x000000001e5c8000  647       4       org.codehaus.plexus.util.xml.XmlReader::read (11 bytes)
Event: 9.087 Thread 0x000000001e633800  650       3       org.codehaus.plexus.util.xml.pull.MXParser::more (79 bytes)
Event: 9.087 Thread 0x000000001e5cc800 nmethod 645 0x0000000002fd4ed0 code [0x0000000002fd5000, 0x0000000002fd5098]
Event: 9.087 Thread 0x000000001e633800 nmethod 650 0x0000000002fd4990 code [0x0000000002fd4b00, 0x0000000002fd4dc8]
Event: 9.087 Thread 0x000000001e633800  649       3       org.codehaus.plexus.util.xml.pull.MXParser::isS (30 bytes)
Event: 9.088 Thread 0x000000001e633800 nmethod 649 0x0000000002fd4550 code [0x0000000002fd46c0, 0x0000000002fd4910]

GC Heap History (0 events):
No events

Deoptimization events (1 events):
Event: 9.071 Thread 0x0000000000c3e000 Uncommon trap: reason=unstable_if action=reinterpret pc=0x0000000002f23ce8 method=org.codehaus.plexus.util.xml.pull.MXParser.more()C @ 8

Internal exceptions (10 events):
Event: 1.792 Thread 0x0000000000c3e000 Exception <a 'java/util/zip/ZipException'> (0x000000076b2a2cd8) thrown at [C:\re\workspace\8-2-build-windows-amd64-cygwin\jdk8u131\8869\hotspot\src\share\vm\prims\jni.cpp, line 709]
Event: 1.792 Thread 0x0000000000c3e000 Exception <a 'java/security/PrivilegedActionException'> (0x000000076b2a3160) thrown at [C:\re\workspace\8-2-build-windows-amd64-cygwin\jdk8u131\8869\hotspot\src\share\vm\prims\jvm.cpp, line 1390]
Event: 1.792 Thread 0x0000000000c3e000 Exception <a 'java/security/PrivilegedActionException'> (0x000000076b2a3370) thrown at [C:\re\workspace\8-2-build-windows-amd64-cygwin\jdk8u131\8869\hotspot\src\share\vm\prims\jvm.cpp, line 1390]
Event: 2.034 Thread 0x0000000000c3e000 Exception <a 'java/security/PrivilegedActionException'> (0x000000076b5d61a0) thrown at [C:\re\workspace\8-2-build-windows-amd64-cygwin\jdk8u131\8869\hotspot\src\share\vm\prims\jvm.cpp, line 1390]
Event: 2.034 Thread 0x0000000000c3e000 Exception <a 'java/security/PrivilegedActionException'> (0x000000076b5d6598) thrown at [C:\re\workspace\8-2-build-windows-amd64-cygwin\jdk8u131\8869\hotspot\src\share\vm\prims\jvm.cpp, line 1390]
Event: 2.035 Thread 0x0000000000c3e000 Exception <a 'java/security/PrivilegedActionException'> (0x000000076b5d96e0) thrown at [C:\re\workspace\8-2-build-windows-amd64-cygwin\jdk8u131\8869\hotspot\src\share\vm\prims\jvm.cpp, line 1390]
Event: 2.035 Thread 0x0000000000c3e000 Exception <a 'java/security/PrivilegedActionException'> (0x000000076b5d9ad8) thrown at [C:\re\workspace\8-2-build-windows-amd64-cygwin\jdk8u131\8869\hotspot\src\share\vm\prims\jvm.cpp, line 1390]
Event: 9.025 Thread 0x0000000000c3e000 Exception <a 'java/lang/ArrayIndexOutOfBoundsException'> (0x000000076c90cd78) thrown at [C:\re\workspace\8-2-build-windows-amd64-cygwin\jdk8u131\8869\hotspot\src\share\vm\runtime\sharedRuntime.cpp, line 605]
Event: 9.033 Thread 0x0000000000c3e000 Exception <a 'java/lang/ArrayIndexOutOfBoundsException'> (0x000000076c928758) thrown at [C:\re\workspace\8-2-build-windows-amd64-cygwin\jdk8u131\8869\hotspot\src\share\vm\runtime\sharedRuntime.cpp, line 605]
Event: 9.050 Thread 0x0000000000c3e000 Exception <a 'java/lang/ArrayIndexOutOfBoundsException'> (0x000000076c96a8f8) thrown at [C:\re\workspace\8-2-build-windows-amd64-cygwin\jdk8u131\8869\hotspot\src\share\vm\runtime\sharedRuntime.cpp, line 605]

Events (10 events):
Event: 9.063 loading class org/codehaus/plexus/component/annotations/Component done
Event: 9.063 loading class org/eclipse/sisu/plexus/ComponentImpl
Event: 9.063 loading class org/eclipse/sisu/plexus/ComponentImpl done
Event: 9.067 loading class org/eclipse/sisu/space/Streams
Event: 9.067 loading class org/eclipse/sisu/space/Streams done
Event: 9.071 Thread 0x0000000000c3e000 Uncommon trap: trap_request=0xffffff65 fr.pc=0x0000000002f23ce8
Event: 9.071 Thread 0x0000000000c3e000 DEOPT PACKING pc=0x0000000002f23ce8 sp=0x000000000270e190
Event: 9.071 Thread 0x0000000000c3e000 DEOPT UNPACKING pc=0x0000000002bb582a sp=0x000000000270e128 mode 2
Event: 9.087 loading class org/eclipse/sisu/plexus/RequirementImpl
Event: 9.087 loading class org/eclipse/sisu/plexus/RequirementImpl done


Dynamic libraries:
0x00007ff7b82c0000 - 0x00007ff7b82f7000 	E:\developer_tools\Java\jdk1.8.0_131\bin\java.exe
0x00007ffcf3aa0000 - 0x00007ffcf3c8d000 	C:\Windows\SYSTEM32\ntdll.dll
0x00007ffcf0cd0000 - 0x00007ffcf0d83000 	C:\Windows\System32\KERNEL32.DLL
0x00007ffcf0890000 - 0x00007ffcf0b23000 	C:\Windows\System32\KERNELBASE.dll
0x00007ffcf1790000 - 0x00007ffcf1833000 	C:\Windows\System32\ADVAPI32.DLL
0x00007ffcf2d30000 - 0x00007ffcf2dce000 	C:\Windows\System32\msvcrt.dll
0x00007ffcf0d90000 - 0x00007ffcf0e2e000 	C:\Windows\System32\sechost.dll
0x00007ffcf15b0000 - 0x00007ffcf16d3000 	C:\Windows\System32\RPCRT4.dll
0x00007ffcf1410000 - 0x00007ffcf15a7000 	C:\Windows\System32\USER32.dll
0x00007ffcefb70000 - 0x00007ffcefb90000 	C:\Windows\System32\win32u.dll
0x00007ffcf3410000 - 0x00007ffcf3439000 	C:\Windows\System32\GDI32.dll
0x00007ffcf0b30000 - 0x00007ffcf0cca000 	C:\Windows\System32\gdi32full.dll
0x00007ffcefbf0000 - 0x00007ffcefc90000 	C:\Windows\System32\msvcp_win.dll
0x00007ffcf06c0000 - 0x00007ffcf07bc000 	C:\Windows\System32\ucrtbase.dll
0x00007ffce6150000 - 0x00007ffce63c9000 	C:\Windows\WinSxS\amd64_microsoft.windows.common-controls_6595b64144ccf1df_6.0.17763.107_none_05b63884071e656e\COMCTL32.dll
0x00007ffcf10d0000 - 0x00007ffcf13fe000 	C:\Windows\System32\combase.dll
0x00007ffcf07c0000 - 0x00007ffcf083e000 	C:\Windows\System32\bcryptPrimitives.dll
0x00007ffcf16e0000 - 0x00007ffcf170e000 	C:\Windows\System32\IMM32.DLL
0x0000000068550000 - 0x0000000068622000 	E:\developer_tools\Java\jdk1.8.0_131\jre\bin\msvcr100.dll
0x0000000067cb0000 - 0x000000006854c000 	E:\developer_tools\Java\jdk1.8.0_131\jre\bin\server\jvm.dll
0x00007ffcf37f0000 - 0x00007ffcf37f8000 	C:\Windows\System32\PSAPI.DLL
0x00007ffce5010000 - 0x00007ffce5019000 	C:\Windows\SYSTEM32\WSOCK32.dll
0x00007ffcf1060000 - 0x00007ffcf10cd000 	C:\Windows\System32\WS2_32.dll
0x00007ffcedc90000 - 0x00007ffcedcb4000 	C:\Windows\SYSTEM32\WINMM.dll
0x00007ffceafe0000 - 0x00007ffceafea000 	C:\Windows\SYSTEM32\VERSION.dll
0x00007ffcedb40000 - 0x00007ffcedb6d000 	C:\Windows\SYSTEM32\WINMMBASE.dll
0x00007ffcf0670000 - 0x00007ffcf06ba000 	C:\Windows\System32\cfgmgr32.dll
0x0000000067ca0000 - 0x0000000067caf000 	E:\developer_tools\Java\jdk1.8.0_131\jre\bin\verify.dll
0x0000000067c70000 - 0x0000000067c99000 	E:\developer_tools\Java\jdk1.8.0_131\jre\bin\java.dll
0x0000000067c50000 - 0x0000000067c66000 	E:\developer_tools\Java\jdk1.8.0_131\jre\bin\zip.dll
0x00007ffcf1840000 - 0x00007ffcf2d2f000 	C:\Windows\System32\SHELL32.dll
0x00007ffcf2ee0000 - 0x00007ffcf2f88000 	C:\Windows\System32\shcore.dll
0x00007ffcefc90000 - 0x00007ffcf03d8000 	C:\Windows\System32\windows.storage.dll
0x00007ffcefac0000 - 0x00007ffcefae4000 	C:\Windows\System32\profapi.dll
0x00007ffcefb10000 - 0x00007ffcefb6d000 	C:\Windows\System32\powrprof.dll
0x00007ffcf3440000 - 0x00007ffcf3492000 	C:\Windows\System32\shlwapi.dll
0x00007ffcefaf0000 - 0x00007ffcefb01000 	C:\Windows\System32\kernel.appcore.dll
0x00007ffcf0870000 - 0x00007ffcf0887000 	C:\Windows\System32\cryptsp.dll
0x00007ffceee90000 - 0x00007ffceeec3000 	C:\Windows\system32\rsaenh.dll
0x00007ffcf0840000 - 0x00007ffcf0866000 	C:\Windows\System32\bcrypt.dll
0x00007ffcef9a0000 - 0x00007ffcef9c8000 	C:\Windows\SYSTEM32\USERENV.dll
0x00007ffcef500000 - 0x00007ffcef50c000 	C:\Windows\SYSTEM32\CRYPTBASE.dll
0x0000000067c30000 - 0x0000000067c4a000 	E:\developer_tools\Java\jdk1.8.0_131\jre\bin\net.dll
0x00007ffcef330000 - 0x00007ffcef397000 	C:\Windows\system32\mswsock.dll
0x00007ffcef090000 - 0x00007ffcef0cd000 	C:\Windows\SYSTEM32\IPHLPAPI.DLL
0x00007ffcf3a60000 - 0x00007ffcf3a68000 	C:\Windows\System32\NSI.dll
0x00007ffce9d70000 - 0x00007ffce9d86000 	C:\Windows\SYSTEM32\dhcpcsvc6.DLL
0x00007ffce9d50000 - 0x00007ffce9d6c000 	C:\Windows\SYSTEM32\dhcpcsvc.DLL
0x00007ffcef0d0000 - 0x00007ffcef196000 	C:\Windows\SYSTEM32\DNSAPI.dll
0x0000000067c10000 - 0x0000000067c21000 	E:\developer_tools\Java\jdk1.8.0_131\jre\bin\nio.dll
0x00007ffcebcf0000 - 0x00007ffcebcfa000 	C:\Users\Administrator\AppData\Local\Temp\jansi-1.17.1-8325770033450478123.dll
0x00007ffce60b0000 - 0x00007ffce60ba000 	C:\Users\Administrator\AppData\Local\Temp\jansi-1.17.1-6019529257428212969.dll

VM Arguments:
jvm_args: -Dmaven.multiModuleProjectDirectory=F:\IdeaProjects\gmall20190311\gmall-item-web -Dmaven.home=E:\developer_tools\IntelliJ IDEA 2020.1.3\plugins\maven\lib\maven3 -Dclassworlds.conf=E:\developer_tools\IntelliJ IDEA 2020.1.3\plugins\maven\lib\maven3\bin\m2.conf -Dmaven.ext.class.path=E:\developer_tools\IntelliJ IDEA 2020.1.3\plugins\maven\lib\maven-event-listener.jar -Dfile.encoding=UTF-8 
java_command: org.codehaus.classworlds.Launcher -Didea.version=2020.2 -s E:\developer_tools\apache-maven\apache-maven-3.3.9\conf\settings.xml compile
java_class_path (initial): E:\developer_tools\IntelliJ IDEA 2020.1.3\plugins\maven\lib\maven3\boot\plexus-classworlds-2.6.0.jar;E:\developer_tools\IntelliJ IDEA 2020.1.3\plugins\maven\lib\maven3\boot\plexus-classworlds.license
Launcher Type: SUN_STANDARD

Environment Variables:
JAVA_HOME=E:\developer_tools\Java\jdk1.8.0_131
PATH=E:\developer_tools\Java\jdk1.8.0_131\bin;C:\Windows\system32;C:\Windows;C:\Windows\System32\Wbem;C:\Windows\System32\WindowsPowerShell\v1.0\;C:\Program Files\IDM Computer Solutions\UltraEdit;E:\developer_tools\apache-tomcat\apache-tomcat-8.5.24\bin;E:\developer_tools\apache-maven\apache-maven-3.3.9\bin;E:\developer_tools\MySQL\MySQLServer5.5\bin;E:\developer_tools\gradle\gradle-6.5.1\bin;E:\developer_tools\VisualSVNServer\\bin;E:\developer_tools\UltraEdit;E:\developer_tools\TortoiseGit\bin;C:\Program Files\nodejs\;E:\developer_tools\Git\bin;E:\developer_tools\Git\mingw64\libexec\git-core;C:\Users\Administrator\AppData\Local\Microsoft\WindowsApps;;E:\developer_tools\IntelliJ IDEA 2020.1.3\bin;;E:\developer_tools\Microsoft VS Code\bin;C:\Users\Administrator\AppData\Roaming\npm
USERNAME=Administrator
OS=Windows_NT
PROCESSOR_IDENTIFIER=Intel64 Family 6 Model 45 Stepping 7, GenuineIntel



---------------  S Y S T E M  ---------------

OS: Windows 10.0 , 64 bit Build 17763 (10.0.17763.1)

CPU:total 16 (initial active 16) (8 cores per cpu, 2 threads per core) family 6 model 45 stepping 7, cmov, cx8, fxsr, mmx, sse, sse2, sse3, ssse3, sse4.1, sse4.2, popcnt, avx, aes, clmul, ht, tsc, tscinvbit, tscinv

Memory: 4k page, physical 16708572k(4780740k free), swap 29816024k(232k free)

vm_info: Java HotSpot(TM) 64-Bit Server VM (25.131-b11) for windows-amd64 JRE (1.8.0_131-b11), built on Mar 15 2017 01:23:53 by "java_re" with MS VC++ 10.0 (VS2010)

time: Mon Nov 02 11:36:54 2020
elapsed time: 9 seconds (0d 0h 0m 9s)

