#
# There is insufficient memory for the Java Runtime Environment to continue.
# Native memory allocation (malloc) failed to allocate 311376 bytes for Chunk::new
# Possible reasons:
#   The system is out of physical RAM or swap space
#   In 32 bit mode, the process size limit was hit
# Possible solutions:
#   Reduce memory load on the system
#   Increase physical memory or swap space
#   Check if swap backing store is full
#   Use 64 bit Java on a 64 bit OS
#   Decrease Java heap size (-Xmx/-Xms)
#   Decrease number of Java threads
#   Decrease Java thread stack sizes (-Xss)
#   Set larger code cache with -XX:ReservedCodeCacheSize=
# This output file may be truncated or incomplete.
#
#  Out of Memory Error (allocation.cpp:390), pid=13236, tid=0x000000000000247c
#
# JRE version: Java(TM) SE Runtime Environment (8.0_131-b11) (build 1.8.0_131-b11)
# Java VM: Java HotSpot(TM) 64-Bit Server VM (25.131-b11 mixed mode windows-amd64 compressed oops)
# Failed to write core dump. Minidumps are not enabled by default on client versions of Windows
#

---------------  T H R E A D  ---------------

Current thread (0x000000001f1ee000):  JavaThread "C2 CompilerThread6" daemon [_thread_in_native, id=9340, stack(0x0000000021320000,0x0000000021420000)]

Stack: [0x0000000021320000,0x0000000021420000]
[error occurred during error reporting (printing stack bounds), id 0xc0000005]

Native frames: (J=compiled Java code, j=interpreted, Vv=VM code, C=native code)


Current CompileTask:
C2:  14877 3419       4       org.apache.maven.model.Dependency::getManagementKey (94 bytes)


---------------  P R O C E S S  ---------------

Java Threads: ( => current thread )
  0x000000001f2d0800 JavaThread "Service Thread" daemon [_thread_blocked, id=3364, stack(0x0000000021a20000,0x0000000021b20000)]
  0x000000001f1ec800 JavaThread "C1 CompilerThread11" daemon [_thread_blocked, id=2268, stack(0x0000000021920000,0x0000000021a20000)]
  0x000000001f1f1800 JavaThread "C1 CompilerThread10" daemon [_thread_blocked, id=12748, stack(0x0000000021820000,0x0000000021920000)]
  0x000000001f1ef800 JavaThread "C1 CompilerThread9" daemon [_thread_blocked, id=3564, stack(0x0000000021720000,0x0000000021820000)]
  0x000000001f1eb800 JavaThread "C1 CompilerThread8" daemon [_thread_blocked, id=12840, stack(0x0000000021520000,0x0000000021620000)]
  0x000000001f1ee800 JavaThread "C2 CompilerThread7" daemon [_thread_blocked, id=16600, stack(0x0000000021420000,0x0000000021520000)]
=>0x000000001f1ee000 JavaThread "C2 CompilerThread6" daemon [_thread_in_native, id=9340, stack(0x0000000021320000,0x0000000021420000)]
  0x000000001f1ed000 JavaThread "C2 CompilerThread5" daemon [_thread_blocked, id=5704, stack(0x0000000021220000,0x0000000021320000)]
  0x000000001f1f1000 JavaThread "C2 CompilerThread4" daemon [_thread_blocked, id=3116, stack(0x0000000021120000,0x0000000021220000)]
  0x000000001f1f0000 JavaThread "C2 CompilerThread3" daemon [_thread_blocked, id=2780, stack(0x0000000021020000,0x0000000021120000)]
  0x000000001f1f2800 JavaThread "C2 CompilerThread2" daemon [_thread_blocked, id=11536, stack(0x0000000020f20000,0x0000000021020000)]
  0x000000001f1e2000 JavaThread "C2 CompilerThread1" daemon [_thread_blocked, id=16340, stack(0x0000000020e20000,0x0000000020f20000)]
  0x000000001f1de000 JavaThread "C2 CompilerThread0" daemon [_thread_blocked, id=6552, stack(0x0000000020d20000,0x0000000020e20000)]
  0x000000001f185800 JavaThread "Attach Listener" daemon [_thread_blocked, id=15120, stack(0x0000000020c20000,0x0000000020d20000)]
  0x000000001f1db800 JavaThread "Signal Dispatcher" daemon [_thread_blocked, id=11608, stack(0x0000000020b20000,0x0000000020c20000)]
  0x000000001f166000 JavaThread "Finalizer" daemon [_thread_blocked, id=14044, stack(0x00000000209c0000,0x0000000020ac0000)]
  0x000000001d6dc000 JavaThread "Reference Handler" daemon [_thread_blocked, id=14064, stack(0x00000000208c0000,0x00000000209c0000)]
  0x000000000175e000 JavaThread "main" [_thread_in_native, id=9888, stack(0x0000000003510000,0x0000000003610000)]

Other Threads:
  0x000000001f144000 VMThread [stack: 0x00000000207c0000,0x00000000208c0000] [id=6492]
  0x000000001f320800 WatcherThread [stack: 0x0000000021b20000,0x0000000021c20000] [id=5408]

VM state:not at safepoint (normal execution)

VM Mutex/Monitor currently owned by a thread: None

Heap:
 PSYoungGen      total 76288K, used 11988K [0x000000076b000000, 0x0000000774500000, 0x00000007c0000000)
  eden space 65536K, 1% used [0x000000076b000000,0x000000076b137090,0x000000076f000000)
  from space 10752K, 99% used [0x000000076f000000,0x000000076fa7e030,0x000000076fa80000)
  to   space 10752K, 0% used [0x0000000773a80000,0x0000000773a80000,0x0000000774500000)
 ParOldGen       total 175104K, used 5494K [0x00000006c1000000, 0x00000006cbb00000, 0x000000076b000000)
  object space 175104K, 3% used [0x00000006c1000000,0x00000006c155db28,0x00000006cbb00000)
 Metaspace       used 16850K, capacity 17166K, committed 17408K, reserved 1064960K
  class space    used 1937K, capacity 2014K, committed 2048K, reserved 1048576K

Card table byte_map: [0x0000000012ad0000,0x00000000132d0000] byte_map_base: 0x000000000f4c8000

Marking Bits: (ParMarkBitMap*) 0x00000000684cc720
 Begin Bits: [0x0000000014520000, 0x00000000184e0000)
 End Bits:   [0x00000000184e0000, 0x000000001c4a0000)

Polling page: 0x0000000001760000

CodeCache: size=245760Kb used=13633Kb max_used=13638Kb free=232126Kb
 bounds [0x0000000003710000, 0x0000000004470000, 0x0000000012710000]
 total_blobs=3798 nmethods=3419 adapters=288
 compilation: enabled

Compilation events (10 events):
Event: 14.095 Thread 0x000000001f1f1800 nmethod 3415 0x0000000004468c10 code [0x0000000004468d60, 0x0000000004468ed0]
Event: 14.103 Thread 0x000000001f1eb800 3416       3       java.nio.charset.Charset::forName (20 bytes)
Event: 14.104 Thread 0x000000001f1eb800 nmethod 3416 0x0000000004468790 code [0x0000000004468900, 0x0000000004468b18]
Event: 14.104 Thread 0x000000001f1ec800 3418       3       java.util.concurrent.atomic.AtomicReferenceFieldUpdater$AtomicReferenceFieldUpdaterImpl::accessCheck (17 bytes)
Event: 14.104 Thread 0x000000001f1ef800 3417       3       java.util.concurrent.atomic.AtomicReferenceFieldUpdater$AtomicReferenceFieldUpdaterImpl::compareAndSet (24 bytes)
Event: 14.831 Thread 0x000000001f1ec800 nmethod 3418 0x00000000044682d0 code [0x0000000004468440, 0x00000000044686c8]
Event: 14.832 Thread 0x000000001f1ef800 nmethod 3417 0x00000000044678d0 code [0x0000000004467a80, 0x0000000004468058]
Event: 14.836 Thread 0x000000001f1ee000 3419       4       org.apache.maven.model.Dependency::getManagementKey (94 bytes)
Event: 14.837 Thread 0x000000001f1f1800 3420       3       java.io.FileInputStream::finalize (22 bytes)
Event: 14.837 Thread 0x000000001f1f1800 nmethod 3420 0x00000000044674d0 code [0x0000000004467640, 0x0000000004467848]

GC Heap History (6 events):
Event: 1.575 GC heap before
{Heap before GC invocations=1 (full 0):
 PSYoungGen      total 76288K, used 65536K [0x000000076b000000, 0x0000000770500000, 0x00000007c0000000)
  eden space 65536K, 100% used [0x000000076b000000,0x000000076f000000,0x000000076f000000)
  from space 10752K, 0% used [0x000000076fa80000,0x000000076fa80000,0x0000000770500000)
  to   space 10752K, 0% used [0x000000076f000000,0x000000076f000000,0x000000076fa80000)
 ParOldGen       total 175104K, used 0K [0x00000006c1000000, 0x00000006cbb00000, 0x000000076b000000)
  object space 175104K, 0% used [0x00000006c1000000,0x00000006c1000000,0x00000006cbb00000)
 Metaspace       used 11729K, capacity 11902K, committed 12160K, reserved 1060864K
  class space    used 1427K, capacity 1542K, committed 1664K, reserved 1048576K
Event: 1.587 GC heap after
Heap after GC invocations=1 (full 0):
 PSYoungGen      total 76288K, used 10063K [0x000000076b000000, 0x0000000770500000, 0x00000007c0000000)
  eden space 65536K, 0% used [0x000000076b000000,0x000000076b000000,0x000000076f000000)
  from space 10752K, 93% used [0x000000076f000000,0x000000076f9d3fe0,0x000000076fa80000)
  to   space 10752K, 0% used [0x000000076fa80000,0x000000076fa80000,0x0000000770500000)
 ParOldGen       total 175104K, used 16K [0x00000006c1000000, 0x00000006cbb00000, 0x000000076b000000)
  object space 175104K, 0% used [0x00000006c1000000,0x00000006c1004000,0x00000006cbb00000)
 Metaspace       used 11729K, capacity 11902K, committed 12160K, reserved 1060864K
  class space    used 1427K, capacity 1542K, committed 1664K, reserved 1048576K
}
Event: 3.894 GC heap before
{Heap before GC invocations=2 (full 0):
 PSYoungGen      total 76288K, used 75599K [0x000000076b000000, 0x0000000770500000, 0x00000007c0000000)
  eden space 65536K, 100% used [0x000000076b000000,0x000000076f000000,0x000000076f000000)
  from space 10752K, 93% used [0x000000076f000000,0x000000076f9d3fe0,0x000000076fa80000)
  to   space 10752K, 0% used [0x000000076fa80000,0x000000076fa80000,0x0000000770500000)
 ParOldGen       total 175104K, used 16K [0x00000006c1000000, 0x00000006cbb00000, 0x000000076b000000)
  object space 175104K, 0% used [0x00000006c1000000,0x00000006c1004000,0x00000006cbb00000)
 Metaspace       used 16098K, capacity 16306K, committed 16640K, reserved 1064960K
  class space    used 1915K, capacity 2010K, committed 2048K, reserved 1048576K
Event: 3.933 GC heap after
Heap after GC invocations=2 (full 0):
 PSYoungGen      total 76288K, used 10731K [0x000000076b000000, 0x0000000774500000, 0x00000007c0000000)
  eden space 65536K, 0% used [0x000000076b000000,0x000000076b000000,0x000000076f000000)
  from space 10752K, 99% used [0x000000076fa80000,0x00000007704fae40,0x0000000770500000)
  to   space 10752K, 0% used [0x000000076f000000,0x000000076f000000,0x000000076fa80000)
 ParOldGen       total 175104K, used 1750K [0x00000006c1000000, 0x00000006cbb00000, 0x000000076b000000)
  object space 175104K, 0% used [0x00000006c1000000,0x00000006c11b58e0,0x00000006cbb00000)
 Metaspace       used 16098K, capacity 16306K, committed 16640K, reserved 1064960K
  class space    used 1915K, capacity 2010K, committed 2048K, reserved 1048576K
}
Event: 14.104 GC heap before
{Heap before GC invocations=3 (full 0):
 PSYoungGen      total 76288K, used 76267K [0x000000076b000000, 0x0000000774500000, 0x00000007c0000000)
  eden space 65536K, 100% used [0x000000076b000000,0x000000076f000000,0x000000076f000000)
  from space 10752K, 99% used [0x000000076fa80000,0x00000007704fae40,0x0000000770500000)
  to   space 10752K, 0% used [0x000000076f000000,0x000000076f000000,0x000000076fa80000)
 ParOldGen       total 175104K, used 1750K [0x00000006c1000000, 0x00000006cbb00000, 0x000000076b000000)
  object space 175104K, 0% used [0x00000006c1000000,0x00000006c11b58e0,0x00000006cbb00000)
 Metaspace       used 16850K, capacity 17166K, committed 17408K, reserved 1064960K
  class space    used 1937K, capacity 2014K, committed 2048K, reserved 1048576K
Event: 14.831 GC heap after
Heap after GC invocations=3 (full 0):
 PSYoungGen      total 76288K, used 10744K [0x000000076b000000, 0x0000000774500000, 0x00000007c0000000)
  eden space 65536K, 0% used [0x000000076b000000,0x000000076b000000,0x000000076f000000)
  from space 10752K, 99% used [0x000000076f000000,0x000000076fa7e030,0x000000076fa80000)
  to   space 10752K, 0% used [0x0000000773a80000,0x0000000773a80000,0x0000000774500000)
 ParOldGen       total 175104K, used 5494K [0x00000006c1000000, 0x00000006cbb00000, 0x000000076b000000)
  object space 175104K, 3% used [0x00000006c1000000,0x00000006c155db28,0x00000006cbb00000)
 Metaspace       used 16850K, capacity 17166K, committed 17408K, reserved 1064960K
  class space    used 1937K, capacity 2014K, committed 2048K, reserved 1048576K
}

Deoptimization events (10 events):
Event: 5.386 Thread 0x000000000175e000 Uncommon trap: reason=class_check action=maybe_recompile pc=0x00000000041e6874 method=org.apache.maven.model.merge.ModelMerger$DependencyKeyComputer.key(Lorg/apache/maven/model/Dependency;)Ljava/lang/Object; @ 5
Event: 5.387 Thread 0x000000000175e000 Uncommon trap: reason=unstable_if action=reinterpret pc=0x00000000041966d0 method=org.apache.maven.model.validation.DefaultModelValidator.validateEffectiveDependency(Lorg/apache/maven/model/building/ModelProblemCollector;Lorg/apache/maven/model/Dependency
Event: 5.387 Thread 0x000000000175e000 Uncommon trap: reason=unstable_if action=reinterpret pc=0x0000000004300058 method=org.apache.maven.repository.internal.ArtifactDescriptorReaderDelegate.convert(Lorg/apache/maven/model/Dependency;Lorg/eclipse/aether/artifact/ArtifactTypeRegistry;)Lorg/ecli
Event: 5.387 Thread 0x000000000175e000 Uncommon trap: reason=unstable_if action=reinterpret pc=0x0000000004164978 method=org.eclipse.aether.artifact.DefaultArtifact.merge(Ljava/util/Map;Ljava/util/Map;)Ljava/util/Map; @ 1
Event: 5.389 Thread 0x000000000175e000 Uncommon trap: reason=unstable_if action=reinterpret pc=0x0000000003f0c5dc method=java.util.LinkedHashMap.afterNodeInsertion(Z)V @ 18
Event: 5.392 Thread 0x000000000175e000 Uncommon trap: reason=unstable_if action=reinterpret pc=0x00000000042fabf8 method=org.codehaus.plexus.util.xml.pull.MXParser.parseAttribute()C @ 762
Event: 6.257 Thread 0x000000000175e000 Uncommon trap: reason=unstable_if action=reinterpret pc=0x0000000003cafaa4 method=java.util.HashMap.hash(Ljava/lang/Object;)I @ 1
Event: 6.259 Thread 0x000000000175e000 Uncommon trap: reason=unstable_if action=reinterpret pc=0x0000000003b5d668 method=java.util.HashMap.hash(Ljava/lang/Object;)I @ 1
Event: 6.259 Thread 0x000000000175e000 Uncommon trap: reason=unstable_if action=reinterpret pc=0x0000000003cb2544 method=java.util.HashMap.getNode(ILjava/lang/Object;)Ljava/util/HashMap$Node; @ 53
Event: 14.074 Thread 0x000000000175e000 Uncommon trap: reason=intrinsic action=make_not_entrant pc=0x0000000003f948dc method=org.apache.maven.model.Dependency.getManagementKey()Ljava/lang/String; @ 8

Internal exceptions (10 events):
Event: 2.251 Thread 0x000000000175e000 Exception <a 'java/lang/NullPointerException'> (0x000000076ca23ab0) thrown at [C:\re\workspace\8-2-build-windows-amd64-cygwin\jdk8u131\8869\hotspot\src\share\vm\interpreter\linkResolver.cpp, line 1197]
Event: 2.251 Thread 0x000000000175e000 Exception <a 'java/lang/NullPointerException'> (0x000000076ca23cc8) thrown at [C:\re\workspace\8-2-build-windows-amd64-cygwin\jdk8u131\8869\hotspot\src\share\vm\interpreter\linkResolver.cpp, line 1197]
Event: 2.307 Thread 0x000000000175e000 Implicit null exception at 0x0000000003b5f5d6 to 0x0000000003b5f979
Event: 2.307 Thread 0x000000000175e000 Implicit null exception at 0x0000000003adf0d6 to 0x0000000003adf471
Event: 2.567 Thread 0x000000000175e000 Implicit null exception at 0x0000000003f528bb to 0x0000000003f52afd
Event: 3.061 Thread 0x000000000175e000 Implicit null exception at 0x0000000003fed23b to 0x0000000003fed47d
Event: 3.882 Thread 0x000000000175e000 Implicit null exception at 0x000000000414a360 to 0x000000000414bd51
Event: 4.994 Thread 0x000000000175e000 Implicit null exception at 0x00000000041b3b85 to 0x00000000041b52a1
Event: 6.257 Thread 0x000000000175e000 Implicit null exception at 0x0000000003caf895 to 0x0000000003cafa95
Event: 6.259 Thread 0x000000000175e000 Implicit null exception at 0x0000000003b5d5ef to 0x0000000003b5d659

Events (10 events):
Event: 14.834 Executing VM operation: RevokeBias
Event: 14.834 Executing VM operation: RevokeBias done
Event: 14.835 Executing VM operation: RevokeBias
Event: 14.835 Executing VM operation: RevokeBias done
Event: 14.835 Executing VM operation: RevokeBias
Event: 14.835 Executing VM operation: RevokeBias done
Event: 14.836 Executing VM operation: RevokeBias
Event: 14.836 Executing VM operation: RevokeBias done
Event: 14.837 Executing VM operation: BulkRevokeBias
Event: 14.837 Executing VM operation: BulkRevokeBias done


Dynamic libraries:
0x00007ff7b82c0000 - 0x00007ff7b82f7000 	E:\developer_tools\Java\jdk1.8.0_131\bin\java.exe
0x00007ffcf3aa0000 - 0x00007ffcf3c8d000 	C:\Windows\SYSTEM32\ntdll.dll
0x00007ffcf0cd0000 - 0x00007ffcf0d83000 	C:\Windows\System32\KERNEL32.DLL
0x00007ffcf0890000 - 0x00007ffcf0b23000 	C:\Windows\System32\KERNELBASE.dll
0x00007ffcf1790000 - 0x00007ffcf1833000 	C:\Windows\System32\ADVAPI32.DLL
0x00007ffcf2d30000 - 0x00007ffcf2dce000 	C:\Windows\System32\msvcrt.dll
0x00007ffcf0d90000 - 0x00007ffcf0e2e000 	C:\Windows\System32\sechost.dll
0x00007ffcf15b0000 - 0x00007ffcf16d3000 	C:\Windows\System32\RPCRT4.dll
0x00007ffcf1410000 - 0x00007ffcf15a7000 	C:\Windows\System32\USER32.dll
0x00007ffcefb70000 - 0x00007ffcefb90000 	C:\Windows\System32\win32u.dll
0x00007ffcf3410000 - 0x00007ffcf3439000 	C:\Windows\System32\GDI32.dll
0x00007ffcf0b30000 - 0x00007ffcf0cca000 	C:\Windows\System32\gdi32full.dll
0x00007ffcefbf0000 - 0x00007ffcefc90000 	C:\Windows\System32\msvcp_win.dll
0x00007ffcf06c0000 - 0x00007ffcf07bc000 	C:\Windows\System32\ucrtbase.dll
0x00007ffce6150000 - 0x00007ffce63c9000 	C:\Windows\WinSxS\amd64_microsoft.windows.common-controls_6595b64144ccf1df_6.0.17763.107_none_05b63884071e656e\COMCTL32.dll
0x00007ffcf10d0000 - 0x00007ffcf13fe000 	C:\Windows\System32\combase.dll
0x00007ffcf07c0000 - 0x00007ffcf083e000 	C:\Windows\System32\bcryptPrimitives.dll
0x00007ffcf16e0000 - 0x00007ffcf170e000 	C:\Windows\System32\IMM32.DLL
0x0000000068550000 - 0x0000000068622000 	E:\developer_tools\Java\jdk1.8.0_131\jre\bin\msvcr100.dll
0x0000000067cb0000 - 0x000000006854c000 	E:\developer_tools\Java\jdk1.8.0_131\jre\bin\server\jvm.dll
0x00007ffcf37f0000 - 0x00007ffcf37f8000 	C:\Windows\System32\PSAPI.DLL
0x00007ffce5010000 - 0x00007ffce5019000 	C:\Windows\SYSTEM32\WSOCK32.dll
0x00007ffcf1060000 - 0x00007ffcf10cd000 	C:\Windows\System32\WS2_32.dll
0x00007ffceafe0000 - 0x00007ffceafea000 	C:\Windows\SYSTEM32\VERSION.dll
0x00007ffcedc90000 - 0x00007ffcedcb4000 	C:\Windows\SYSTEM32\WINMM.dll
0x00007ffcedb40000 - 0x00007ffcedb6d000 	C:\Windows\SYSTEM32\WINMMBASE.dll
0x00007ffcf0670000 - 0x00007ffcf06ba000 	C:\Windows\System32\cfgmgr32.dll
0x0000000067ca0000 - 0x0000000067caf000 	E:\developer_tools\Java\jdk1.8.0_131\jre\bin\verify.dll
0x0000000067c70000 - 0x0000000067c99000 	E:\developer_tools\Java\jdk1.8.0_131\jre\bin\java.dll
0x0000000067c50000 - 0x0000000067c66000 	E:\developer_tools\Java\jdk1.8.0_131\jre\bin\zip.dll
0x00007ffcf1840000 - 0x00007ffcf2d2f000 	C:\Windows\System32\SHELL32.dll
0x00007ffcf2ee0000 - 0x00007ffcf2f88000 	C:\Windows\System32\shcore.dll
0x00007ffcefc90000 - 0x00007ffcf03d8000 	C:\Windows\System32\windows.storage.dll
0x00007ffcefac0000 - 0x00007ffcefae4000 	C:\Windows\System32\profapi.dll
0x00007ffcefb10000 - 0x00007ffcefb6d000 	C:\Windows\System32\powrprof.dll
0x00007ffcf3440000 - 0x00007ffcf3492000 	C:\Windows\System32\shlwapi.dll
0x00007ffcefaf0000 - 0x00007ffcefb01000 	C:\Windows\System32\kernel.appcore.dll
0x00007ffcf0870000 - 0x00007ffcf0887000 	C:\Windows\System32\cryptsp.dll
0x00007ffceee90000 - 0x00007ffceeec3000 	C:\Windows\system32\rsaenh.dll
0x00007ffcf0840000 - 0x00007ffcf0866000 	C:\Windows\System32\bcrypt.dll
0x00007ffcef9a0000 - 0x00007ffcef9c8000 	C:\Windows\SYSTEM32\USERENV.dll
0x00007ffcef500000 - 0x00007ffcef50c000 	C:\Windows\SYSTEM32\CRYPTBASE.dll
0x0000000067c30000 - 0x0000000067c4a000 	E:\developer_tools\Java\jdk1.8.0_131\jre\bin\net.dll
0x00007ffcef330000 - 0x00007ffcef397000 	C:\Windows\system32\mswsock.dll
0x00007ffcef090000 - 0x00007ffcef0cd000 	C:\Windows\SYSTEM32\IPHLPAPI.DLL
0x00007ffcf3a60000 - 0x00007ffcf3a68000 	C:\Windows\System32\NSI.dll
0x00007ffce9d70000 - 0x00007ffce9d86000 	C:\Windows\SYSTEM32\dhcpcsvc6.DLL
0x00007ffce9d50000 - 0x00007ffce9d6c000 	C:\Windows\SYSTEM32\dhcpcsvc.DLL
0x00007ffcef0d0000 - 0x00007ffcef196000 	C:\Windows\SYSTEM32\DNSAPI.dll
0x0000000067c10000 - 0x0000000067c21000 	E:\developer_tools\Java\jdk1.8.0_131\jre\bin\nio.dll
0x00007ffce6090000 - 0x00007ffce609a000 	C:\Users\Administrator\AppData\Local\Temp\jansi-1.17.1-7907351710807361885.dll
0x00007ffce1d50000 - 0x00007ffce1d5a000 	C:\Users\Administrator\AppData\Local\Temp\jansi-1.17.1-8433843163966204255.dll

VM Arguments:
jvm_args: -Dmaven.multiModuleProjectDirectory=F:\IdeaProjects\gmall20190311\gmall-item-web -Dmaven.home=E:\developer_tools\IntelliJ IDEA 2020.1.3\plugins\maven\lib\maven3 -Dclassworlds.conf=E:\developer_tools\IntelliJ IDEA 2020.1.3\plugins\maven\lib\maven3\bin\m2.conf -Dmaven.ext.class.path=E:\developer_tools\IntelliJ IDEA 2020.1.3\plugins\maven\lib\maven-event-listener.jar -Dfile.encoding=UTF-8 
java_command: org.codehaus.classworlds.Launcher -Didea.version=2020.2 -s E:\developer_tools\apache-maven\apache-maven-3.3.9\conf\settings.xml compile
java_class_path (initial): E:\developer_tools\IntelliJ IDEA 2020.1.3\plugins\maven\lib\maven3\boot\plexus-classworlds-2.6.0.jar;E:\developer_tools\IntelliJ IDEA 2020.1.3\plugins\maven\lib\maven3\boot\plexus-classworlds.license
Launcher Type: SUN_STANDARD

Environment Variables:
JAVA_HOME=E:\developer_tools\Java\jdk1.8.0_131
PATH=E:\developer_tools\Java\jdk1.8.0_131\bin;C:\Windows\system32;C:\Windows;C:\Windows\System32\Wbem;C:\Windows\System32\WindowsPowerShell\v1.0\;C:\Program Files\IDM Computer Solutions\UltraEdit;E:\developer_tools\apache-tomcat\apache-tomcat-8.5.24\bin;E:\developer_tools\apache-maven\apache-maven-3.3.9\bin;E:\developer_tools\MySQL\MySQLServer5.5\bin;E:\developer_tools\gradle\gradle-6.5.1\bin;E:\developer_tools\VisualSVNServer\\bin;E:\developer_tools\UltraEdit;E:\developer_tools\TortoiseGit\bin;C:\Program Files\nodejs\;E:\developer_tools\Git\bin;E:\developer_tools\Git\mingw64\libexec\git-core;C:\Users\Administrator\AppData\Local\Microsoft\WindowsApps;;E:\developer_tools\IntelliJ IDEA 2020.1.3\bin;;E:\developer_tools\Microsoft VS Code\bin;C:\Users\Administrator\AppData\Roaming\npm
USERNAME=Administrator
OS=Windows_NT
PROCESSOR_IDENTIFIER=Intel64 Family 6 Model 45 Stepping 7, GenuineIntel



---------------  S Y S T E M  ---------------

OS: Windows 10.0 , 64 bit Build 17763 (10.0.17763.1)

CPU:total 16 (initial active 16) (8 cores per cpu, 2 threads per core) family 6 model 45 stepping 7, cmov, cx8, fxsr, mmx, sse, sse2, sse3, ssse3, sse4.1, sse4.2, popcnt, avx, aes, clmul, ht, tsc, tscinvbit, tscinv

Memory: 4k page, physical 16708572k(4242308k free), swap 29816024k(4156k free)

vm_info: Java HotSpot(TM) 64-Bit Server VM (25.131-b11) for windows-amd64 JRE (1.8.0_131-b11), built on Mar 15 2017 01:23:53 by "java_re" with MS VC++ 10.0 (VS2010)

time: Mon Nov 02 11:36:50 2020
elapsed time: 14 seconds (0d 0h 0m 14s)

