#
# There is insufficient memory for the Java Runtime Environment to continue.
# Native memory allocation (malloc) failed to allocate 69936 bytes for Chunk::new
# Possible reasons:
#   The system is out of physical RAM or swap space
#   In 32 bit mode, the process size limit was hit
# Possible solutions:
#   Reduce memory load on the system
#   Increase physical memory or swap space
#   Check if swap backing store is full
#   Use 64 bit Java on a 64 bit OS
#   Decrease Java heap size (-Xmx/-Xms)
#   Decrease number of Java threads
#   Decrease Java thread stack sizes (-Xss)
#   Set larger code cache with -XX:ReservedCodeCacheSize=
# This output file may be truncated or incomplete.
#
#  Out of Memory Error (allocation.cpp:390), pid=15008, tid=0x0000000000002650
#
# JRE version: Java(TM) SE Runtime Environment (8.0_131-b11) (build 1.8.0_131-b11)
# Java VM: Java HotSpot(TM) 64-Bit Server VM (25.131-b11 mixed mode windows-amd64 compressed oops)
# Failed to write core dump. Minidumps are not enabled by default on client versions of Windows
#

---------------  T H R E A D  ---------------

Current thread (0x000000001efb3000):  JavaThread "C2 CompilerThread4" daemon [_thread_in_native, id=9808, stack(0x0000000020e70000,0x0000000020f70000)]

Stack: [0x0000000020e70000,0x0000000020f70000]
[error occurred during error reporting (printing stack bounds), id 0xc0000005]

Native frames: (J=compiled Java code, j=interpreted, Vv=VM code, C=native code)


Current CompileTask:
C2:  12819 2983       4       org.apache.maven.repository.internal.ArtifactDescriptorReaderDelegate::convert (205 bytes)


---------------  P R O C E S S  ---------------

Java Threads: ( => current thread )
  0x000000001f063000 JavaThread "Service Thread" daemon [_thread_blocked, id=16656, stack(0x0000000021770000,0x0000000021870000)]
  0x000000001f033000 JavaThread "C1 CompilerThread11" daemon [_thread_blocked, id=13160, stack(0x0000000021670000,0x0000000021770000)]
  0x000000001f02f800 JavaThread "C1 CompilerThread10" daemon [_thread_blocked, id=16452, stack(0x0000000021570000,0x0000000021670000)]
  0x000000001f02e000 JavaThread "C1 CompilerThread9" daemon [_thread_blocked, id=4236, stack(0x0000000021470000,0x0000000021570000)]
  0x000000001f01d000 JavaThread "C1 CompilerThread8" daemon [_thread_blocked, id=868, stack(0x0000000021270000,0x0000000021370000)]
  0x000000001f009800 JavaThread "C2 CompilerThread7" daemon [_thread_blocked, id=11976, stack(0x0000000021170000,0x0000000021270000)]
  0x000000001eff4800 JavaThread "C2 CompilerThread6" daemon [_thread_blocked, id=15568, stack(0x0000000021070000,0x0000000021170000)]
  0x000000001efd4000 JavaThread "C2 CompilerThread5" daemon [_thread_blocked, id=13940, stack(0x0000000020f70000,0x0000000021070000)]
=>0x000000001efb3000 JavaThread "C2 CompilerThread4" daemon [_thread_in_native, id=9808, stack(0x0000000020e70000,0x0000000020f70000)]
  0x000000001ef9a800 JavaThread "C2 CompilerThread3" daemon [_thread_in_native, id=8120, stack(0x0000000020d70000,0x0000000020e70000)]
  0x000000001ef97800 JavaThread "C2 CompilerThread2" daemon [_thread_blocked, id=12828, stack(0x0000000020c70000,0x0000000020d70000)]
  0x000000001ef3a000 JavaThread "C2 CompilerThread1" daemon [_thread_blocked, id=15972, stack(0x0000000020b70000,0x0000000020c70000)]
  0x000000001ef38000 JavaThread "C2 CompilerThread0" daemon [_thread_blocked, id=3108, stack(0x0000000020a70000,0x0000000020b70000)]
  0x000000001ef37000 JavaThread "Attach Listener" daemon [_thread_blocked, id=13756, stack(0x0000000020970000,0x0000000020a70000)]
  0x000000001ef95800 JavaThread "Signal Dispatcher" daemon [_thread_blocked, id=14956, stack(0x0000000020870000,0x0000000020970000)]
  0x000000001d4c8000 JavaThread "Finalizer" daemon [_thread_blocked, id=15880, stack(0x0000000020770000,0x0000000020870000)]
  0x000000001d4c0000 JavaThread "Reference Handler" daemon [_thread_blocked, id=10884, stack(0x0000000020670000,0x0000000020770000)]
  0x000000000343e000 JavaThread "main" [_thread_in_Java, id=12160, stack(0x00000000032c0000,0x00000000033c0000)]

Other Threads:
  0x000000001eef4800 VMThread [stack: 0x0000000020570000,0x0000000020670000] [id=13948]
  0x000000001f06a800 WatcherThread [stack: 0x0000000021870000,0x0000000021970000] [id=14596]

VM state:not at safepoint (normal execution)

VM Mutex/Monitor currently owned by a thread: None

Heap:
 PSYoungGen      total 141824K, used 49204K [0x000000076b000000, 0x0000000774500000, 0x00000007c0000000)
  eden space 131072K, 29% used [0x000000076b000000,0x000000076d592598,0x0000000773000000)
  from space 10752K, 99% used [0x0000000773a80000,0x00000007744fae40,0x0000000774500000)
  to   space 10752K, 0% used [0x0000000773000000,0x0000000773000000,0x0000000773a80000)
 ParOldGen       total 175104K, used 1643K [0x00000006c1000000, 0x00000006cbb00000, 0x000000076b000000)
  object space 175104K, 0% used [0x00000006c1000000,0x00000006c119aee0,0x00000006cbb00000)
 Metaspace       used 16425K, capacity 16776K, committed 17152K, reserved 1064960K
  class space    used 1917K, capacity 2013K, committed 2048K, reserved 1048576K

Card table byte_map: [0x0000000012900000,0x0000000013100000] byte_map_base: 0x000000000f2f8000

Marking Bits: (ParMarkBitMap*) 0x00000000684cc720
 Begin Bits: [0x0000000014350000, 0x0000000018310000)
 End Bits:   [0x0000000018310000, 0x000000001c2d0000)

Polling page: 0x0000000000df0000

CodeCache: size=245760Kb used=12031Kb max_used=12044Kb free=233728Kb
 bounds [0x0000000003540000, 0x0000000004110000, 0x0000000012540000]
 total_blobs=3404 nmethods=3027 adapters=286
 compilation: enabled

Compilation events (10 events):
Event: 12.737 Thread 0x000000001f02f800 nmethod 3024 0x0000000004102e10 code [0x0000000004102f60, 0x0000000004103070]
Event: 12.743 Thread 0x000000001ef9a800 nmethod 3015 0x0000000004106350 code [0x00000000041064c0, 0x0000000004106b18]
Event: 12.743 Thread 0x000000001ef9a800 3026   !   4       org.codehaus.plexus.interpolation.StringSearchInterpolator::interpolate (650 bytes)
Event: 12.747 Thread 0x000000001f033000 3025       3       org.apache.maven.model.interpolation.StringVisitorModelInterpolator$ModelVisitor::visit (84 bytes)
Event: 12.747 Thread 0x000000001f01d000 3027       3       org.eclipse.aether.DefaultRepositoryCache::get (11 bytes)
Event: 12.748 Thread 0x000000001f01d000 nmethod 3027 0x0000000004105ed0 code [0x0000000004106040, 0x0000000004106268]
Event: 12.749 Thread 0x000000001f01d000 3028   !   3       org.apache.maven.model.profile.DefaultProfileSelector::isActive (187 bytes)
Event: 12.751 Thread 0x000000001f01d000 nmethod 3028 0x00000000041039d0 code [0x0000000004103ce0, 0x0000000004105418]
Event: 12.751 Thread 0x000000001f033000 nmethod 3025 0x0000000004106ed0 code [0x00000000041070e0, 0x0000000004107bc8]
Event: 12.798 Thread 0x000000001eff4800 3029 % !   4       sun.nio.cs.ISO_8859_1$Decoder::decodeArrayLoop @ 129 (263 bytes)

GC Heap History (4 events):
Event: 4.128 GC heap before
{Heap before GC invocations=1 (full 0):
 PSYoungGen      total 76288K, used 65536K [0x000000076b000000, 0x0000000770500000, 0x00000007c0000000)
  eden space 65536K, 100% used [0x000000076b000000,0x000000076f000000,0x000000076f000000)
  from space 10752K, 0% used [0x000000076fa80000,0x000000076fa80000,0x0000000770500000)
  to   space 10752K, 0% used [0x000000076f000000,0x000000076f000000,0x000000076fa80000)
 ParOldGen       total 175104K, used 0K [0x00000006c1000000, 0x00000006cbb00000, 0x000000076b000000)
  object space 175104K, 0% used [0x00000006c1000000,0x00000006c1000000,0x00000006cbb00000)
 Metaspace       used 11805K, capacity 11966K, committed 12160K, reserved 1060864K
  class space    used 1436K, capacity 1542K, committed 1664K, reserved 1048576K
Event: 4.484 GC heap after
Heap after GC invocations=1 (full 0):
 PSYoungGen      total 76288K, used 10074K [0x000000076b000000, 0x0000000774500000, 0x00000007c0000000)
  eden space 65536K, 0% used [0x000000076b000000,0x000000076b000000,0x000000076f000000)
  from space 10752K, 93% used [0x000000076f000000,0x000000076f9d6b60,0x000000076fa80000)
  to   space 10752K, 0% used [0x0000000773a80000,0x0000000773a80000,0x0000000774500000)
 ParOldGen       total 175104K, used 16K [0x00000006c1000000, 0x00000006cbb00000, 0x000000076b000000)
  object space 175104K, 0% used [0x00000006c1000000,0x00000006c1004000,0x00000006cbb00000)
 Metaspace       used 11805K, capacity 11966K, committed 12160K, reserved 1060864K
  class space    used 1436K, capacity 1542K, committed 1664K, reserved 1048576K
}
Event: 8.329 GC heap before
{Heap before GC invocations=2 (full 0):
 PSYoungGen      total 76288K, used 75610K [0x000000076b000000, 0x0000000774500000, 0x00000007c0000000)
  eden space 65536K, 100% used [0x000000076b000000,0x000000076f000000,0x000000076f000000)
  from space 10752K, 93% used [0x000000076f000000,0x000000076f9d6b60,0x000000076fa80000)
  to   space 10752K, 0% used [0x0000000773a80000,0x0000000773a80000,0x0000000774500000)
 ParOldGen       total 175104K, used 16K [0x00000006c1000000, 0x00000006cbb00000, 0x000000076b000000)
  object space 175104K, 0% used [0x00000006c1000000,0x00000006c1004000,0x00000006cbb00000)
 Metaspace       used 16093K, capacity 16306K, committed 16640K, reserved 1064960K
  class space    used 1914K, capacity 2010K, committed 2048K, reserved 1048576K
Event: 8.632 GC heap after
Heap after GC invocations=2 (full 0):
 PSYoungGen      total 141824K, used 10731K [0x000000076b000000, 0x0000000774500000, 0x00000007c0000000)
  eden space 131072K, 0% used [0x000000076b000000,0x000000076b000000,0x0000000773000000)
  from space 10752K, 99% used [0x0000000773a80000,0x00000007744fae40,0x0000000774500000)
  to   space 10752K, 0% used [0x0000000773000000,0x0000000773000000,0x0000000773a80000)
 ParOldGen       total 175104K, used 1643K [0x00000006c1000000, 0x00000006cbb00000, 0x000000076b000000)
  object space 175104K, 0% used [0x00000006c1000000,0x00000006c119aee0,0x00000006cbb00000)
 Metaspace       used 16093K, capacity 16306K, committed 16640K, reserved 1064960K
  class space    used 1914K, capacity 2010K, committed 2048K, reserved 1048576K
}

Deoptimization events (10 events):
Event: 9.631 Thread 0x000000000343e000 Uncommon trap: reason=unstable_if action=reinterpret pc=0x0000000003fac7a0 method=org.codehaus.plexus.interpolation.StringSearchInterpolator.interpolate(Ljava/lang/String;Lorg/codehaus/plexus/interpolation/RecursionInterceptor;Ljava/util/Set;)Ljava/lang/S
Event: 10.097 Thread 0x000000000343e000 Uncommon trap: reason=unstable_if action=reinterpret pc=0x0000000003f51e04 method=org.apache.maven.model.interpolation.StringVisitorModelInterpolator$ModelVisitor.visit(Lorg/apache/maven/model/Dependency;)V @ 17
Event: 10.138 Thread 0x000000000343e000 Uncommon trap: reason=unstable_if action=reinterpret pc=0x0000000003ef95b4 method=org.codehaus.plexus.util.xml.pull.MXParser.nextImpl()I @ 280
Event: 10.530 Thread 0x000000000343e000 Uncommon trap: reason=null_check action=make_not_entrant pc=0x0000000003f993f8 method=org.eclipse.aether.internal.impl.collect.CachingArtifactTypeRegistry.get(Ljava/lang/String;)Lorg/eclipse/aether/artifact/ArtifactType; @ 10
Event: 12.564 Thread 0x000000000343e000 Uncommon trap: reason=unstable_if action=reinterpret pc=0x0000000003f90bbc method=java.util.regex.Pattern$Curly.match(Ljava/util/regex/Matcher;ILjava/lang/CharSequence;)Z @ 45
Event: 12.564 Thread 0x000000000343e000 Uncommon trap: reason=class_check action=maybe_recompile pc=0x0000000003f7a4f4 method=org.codehaus.plexus.interpolation.MapBasedValueSource.getValue(Ljava/lang/String;)Ljava/lang/Object; @ 16
Event: 12.565 Thread 0x000000000343e000 Uncommon trap: reason=class_check action=maybe_recompile pc=0x0000000003f7a4f4 method=org.codehaus.plexus.interpolation.MapBasedValueSource.getValue(Ljava/lang/String;)Ljava/lang/Object; @ 16
Event: 12.565 Thread 0x000000000343e000 Uncommon trap: reason=class_check action=maybe_recompile pc=0x0000000003f7a4f4 method=org.codehaus.plexus.interpolation.MapBasedValueSource.getValue(Ljava/lang/String;)Ljava/lang/Object; @ 16
Event: 12.631 Thread 0x000000000343e000 Uncommon trap: reason=class_check action=maybe_recompile pc=0x0000000003f7a4f4 method=org.codehaus.plexus.interpolation.MapBasedValueSource.getValue(Ljava/lang/String;)Ljava/lang/Object; @ 16
Event: 12.687 Thread 0x000000000343e000 Uncommon trap: reason=unstable_if action=reinterpret pc=0x0000000003e87cfc method=org.apache.maven.model.io.xpp3.MavenXpp3Reader.nextTag(Lorg/codehaus/plexus/util/xml/pull/XmlPullParser;)I @ 9

Internal exceptions (10 events):
Event: 5.837 Thread 0x000000000343e000 Exception <a 'java/lang/NullPointerException'> (0x000000076c9522e0) thrown at [C:\re\workspace\8-2-build-windows-amd64-cygwin\jdk8u131\8869\hotspot\src\share\vm\interpreter\linkResolver.cpp, line 1197]
Event: 5.838 Thread 0x000000000343e000 Exception <a 'java/lang/NullPointerException'> (0x000000076c959bb0) thrown at [C:\re\workspace\8-2-build-windows-amd64-cygwin\jdk8u131\8869\hotspot\src\share\vm\interpreter\linkResolver.cpp, line 1197]
Event: 5.839 Thread 0x000000000343e000 Exception <a 'java/lang/NullPointerException'> (0x000000076c959dc8) thrown at [C:\re\workspace\8-2-build-windows-amd64-cygwin\jdk8u131\8869\hotspot\src\share\vm\interpreter\linkResolver.cpp, line 1197]
Event: 5.839 Thread 0x000000000343e000 Exception <a 'java/lang/NullPointerException'> (0x000000076c959fe0) thrown at [C:\re\workspace\8-2-build-windows-amd64-cygwin\jdk8u131\8869\hotspot\src\share\vm\interpreter\linkResolver.cpp, line 1197]
Event: 5.957 Thread 0x000000000343e000 Implicit null exception at 0x0000000003942454 to 0x0000000003942805
Event: 5.957 Thread 0x000000000343e000 Implicit null exception at 0x00000000038f1bd6 to 0x00000000038f1f71
Event: 6.265 Thread 0x000000000343e000 Implicit null exception at 0x0000000003d64efb to 0x0000000003d6513d
Event: 6.932 Thread 0x000000000343e000 Implicit null exception at 0x0000000003dfca7b to 0x0000000003dfccbd
Event: 8.127 Thread 0x000000000343e000 Implicit null exception at 0x0000000003f3e370 to 0x0000000003f3fd4d
Event: 10.530 Thread 0x000000000343e000 Implicit null exception at 0x0000000003f97c77 to 0x0000000003f993d1

Events (10 events):
Event: 12.565 Thread 0x000000000343e000 DEOPT UNPACKING pc=0x000000000358582a sp=0x00000000033bc770 mode 2
Event: 12.565 Thread 0x000000000343e000 Uncommon trap: trap_request=0xffffffde fr.pc=0x0000000003f7a4f4
Event: 12.565 Thread 0x000000000343e000 DEOPT PACKING pc=0x0000000003f7a4f4 sp=0x00000000033bc790
Event: 12.565 Thread 0x000000000343e000 DEOPT UNPACKING pc=0x000000000358582a sp=0x00000000033bc770 mode 2
Event: 12.631 Thread 0x000000000343e000 Uncommon trap: trap_request=0xffffffde fr.pc=0x0000000003f7a4f4
Event: 12.631 Thread 0x000000000343e000 DEOPT PACKING pc=0x0000000003f7a4f4 sp=0x00000000033bc310
Event: 12.631 Thread 0x000000000343e000 DEOPT UNPACKING pc=0x000000000358582a sp=0x00000000033bc2f0 mode 2
Event: 12.687 Thread 0x000000000343e000 Uncommon trap: trap_request=0xffffff65 fr.pc=0x0000000003e87cfc
Event: 12.687 Thread 0x000000000343e000 DEOPT PACKING pc=0x0000000003e87cfc sp=0x00000000033bc0a0
Event: 12.687 Thread 0x000000000343e000 DEOPT UNPACKING pc=0x000000000358582a sp=0x00000000033bc038 mode 2


Dynamic libraries:
0x00007ff7b82c0000 - 0x00007ff7b82f7000 	E:\developer_tools\Java\jdk1.8.0_131\bin\java.exe
0x00007ffcf3aa0000 - 0x00007ffcf3c8d000 	C:\Windows\SYSTEM32\ntdll.dll
0x00007ffcf0cd0000 - 0x00007ffcf0d83000 	C:\Windows\System32\KERNEL32.DLL
0x00007ffcf0890000 - 0x00007ffcf0b23000 	C:\Windows\System32\KERNELBASE.dll
0x00007ffcf1790000 - 0x00007ffcf1833000 	C:\Windows\System32\ADVAPI32.DLL
0x00007ffcf2d30000 - 0x00007ffcf2dce000 	C:\Windows\System32\msvcrt.dll
0x00007ffcf0d90000 - 0x00007ffcf0e2e000 	C:\Windows\System32\sechost.dll
0x00007ffcf15b0000 - 0x00007ffcf16d3000 	C:\Windows\System32\RPCRT4.dll
0x00007ffcf1410000 - 0x00007ffcf15a7000 	C:\Windows\System32\USER32.dll
0x00007ffcefb70000 - 0x00007ffcefb90000 	C:\Windows\System32\win32u.dll
0x00007ffcf3410000 - 0x00007ffcf3439000 	C:\Windows\System32\GDI32.dll
0x00007ffcf0b30000 - 0x00007ffcf0cca000 	C:\Windows\System32\gdi32full.dll
0x00007ffcefbf0000 - 0x00007ffcefc90000 	C:\Windows\System32\msvcp_win.dll
0x00007ffcf06c0000 - 0x00007ffcf07bc000 	C:\Windows\System32\ucrtbase.dll
0x00007ffce6150000 - 0x00007ffce63c9000 	C:\Windows\WinSxS\amd64_microsoft.windows.common-controls_6595b64144ccf1df_6.0.17763.107_none_05b63884071e656e\COMCTL32.dll
0x00007ffcf10d0000 - 0x00007ffcf13fe000 	C:\Windows\System32\combase.dll
0x00007ffcf07c0000 - 0x00007ffcf083e000 	C:\Windows\System32\bcryptPrimitives.dll
0x00007ffcf16e0000 - 0x00007ffcf170e000 	C:\Windows\System32\IMM32.DLL
0x0000000068550000 - 0x0000000068622000 	E:\developer_tools\Java\jdk1.8.0_131\jre\bin\msvcr100.dll
0x0000000067cb0000 - 0x000000006854c000 	E:\developer_tools\Java\jdk1.8.0_131\jre\bin\server\jvm.dll
0x00007ffcf37f0000 - 0x00007ffcf37f8000 	C:\Windows\System32\PSAPI.DLL
0x00007ffce5010000 - 0x00007ffce5019000 	C:\Windows\SYSTEM32\WSOCK32.dll
0x00007ffcf1060000 - 0x00007ffcf10cd000 	C:\Windows\System32\WS2_32.dll
0x00007ffceafe0000 - 0x00007ffceafea000 	C:\Windows\SYSTEM32\VERSION.dll
0x00007ffcedc90000 - 0x00007ffcedcb4000 	C:\Windows\SYSTEM32\WINMM.dll
0x00007ffcedb40000 - 0x00007ffcedb6d000 	C:\Windows\SYSTEM32\WINMMBASE.dll
0x00007ffcf0670000 - 0x00007ffcf06ba000 	C:\Windows\System32\cfgmgr32.dll
0x0000000067ca0000 - 0x0000000067caf000 	E:\developer_tools\Java\jdk1.8.0_131\jre\bin\verify.dll
0x0000000067c70000 - 0x0000000067c99000 	E:\developer_tools\Java\jdk1.8.0_131\jre\bin\java.dll
0x0000000067c50000 - 0x0000000067c66000 	E:\developer_tools\Java\jdk1.8.0_131\jre\bin\zip.dll
0x00007ffcf1840000 - 0x00007ffcf2d2f000 	C:\Windows\System32\SHELL32.dll
0x00007ffcf2ee0000 - 0x00007ffcf2f88000 	C:\Windows\System32\shcore.dll
0x00007ffcefc90000 - 0x00007ffcf03d8000 	C:\Windows\System32\windows.storage.dll
0x00007ffcefac0000 - 0x00007ffcefae4000 	C:\Windows\System32\profapi.dll
0x00007ffcefb10000 - 0x00007ffcefb6d000 	C:\Windows\System32\powrprof.dll
0x00007ffcf3440000 - 0x00007ffcf3492000 	C:\Windows\System32\shlwapi.dll
0x00007ffcefaf0000 - 0x00007ffcefb01000 	C:\Windows\System32\kernel.appcore.dll
0x00007ffcf0870000 - 0x00007ffcf0887000 	C:\Windows\System32\cryptsp.dll
0x00007ffceee90000 - 0x00007ffceeec3000 	C:\Windows\system32\rsaenh.dll
0x00007ffcf0840000 - 0x00007ffcf0866000 	C:\Windows\System32\bcrypt.dll
0x00007ffcef9a0000 - 0x00007ffcef9c8000 	C:\Windows\SYSTEM32\USERENV.dll
0x00007ffcef500000 - 0x00007ffcef50c000 	C:\Windows\SYSTEM32\CRYPTBASE.dll
0x0000000067c30000 - 0x0000000067c4a000 	E:\developer_tools\Java\jdk1.8.0_131\jre\bin\net.dll
0x00007ffcef330000 - 0x00007ffcef397000 	C:\Windows\system32\mswsock.dll
0x00007ffcef090000 - 0x00007ffcef0cd000 	C:\Windows\SYSTEM32\IPHLPAPI.DLL
0x00007ffcf3a60000 - 0x00007ffcf3a68000 	C:\Windows\System32\NSI.dll
0x00007ffce9d70000 - 0x00007ffce9d86000 	C:\Windows\SYSTEM32\dhcpcsvc6.DLL
0x00007ffce9d50000 - 0x00007ffce9d6c000 	C:\Windows\SYSTEM32\dhcpcsvc.DLL
0x00007ffcef0d0000 - 0x00007ffcef196000 	C:\Windows\SYSTEM32\DNSAPI.dll
0x0000000067c10000 - 0x0000000067c21000 	E:\developer_tools\Java\jdk1.8.0_131\jre\bin\nio.dll
0x00007ffce1960000 - 0x00007ffce196a000 	C:\Users\Administrator\AppData\Local\Temp\jansi-1.17.1-3738511817870587823.dll
0x00007ffce1950000 - 0x00007ffce195a000 	C:\Users\Administrator\AppData\Local\Temp\jansi-1.17.1-5389965767683438973.dll

VM Arguments:
jvm_args: -Dmaven.multiModuleProjectDirectory=F:\IdeaProjects\gmall20190311\gmall-item-web -Dmaven.home=E:\developer_tools\IntelliJ IDEA 2020.1.3\plugins\maven\lib\maven3 -Dclassworlds.conf=E:\developer_tools\IntelliJ IDEA 2020.1.3\plugins\maven\lib\maven3\bin\m2.conf -Dmaven.ext.class.path=E:\developer_tools\IntelliJ IDEA 2020.1.3\plugins\maven\lib\maven-event-listener.jar -Dfile.encoding=UTF-8 
java_command: org.codehaus.classworlds.Launcher -Didea.version=2020.2 -s E:\developer_tools\apache-maven\apache-maven-3.3.9\conf\settings.xml compile
java_class_path (initial): E:\developer_tools\IntelliJ IDEA 2020.1.3\plugins\maven\lib\maven3\boot\plexus-classworlds-2.6.0.jar;E:\developer_tools\IntelliJ IDEA 2020.1.3\plugins\maven\lib\maven3\boot\plexus-classworlds.license
Launcher Type: SUN_STANDARD

Environment Variables:
JAVA_HOME=E:\developer_tools\Java\jdk1.8.0_131
PATH=E:\developer_tools\Java\jdk1.8.0_131\bin;C:\Windows\system32;C:\Windows;C:\Windows\System32\Wbem;C:\Windows\System32\WindowsPowerShell\v1.0\;C:\Program Files\IDM Computer Solutions\UltraEdit;E:\developer_tools\apache-tomcat\apache-tomcat-8.5.24\bin;E:\developer_tools\apache-maven\apache-maven-3.3.9\bin;E:\developer_tools\MySQL\MySQLServer5.5\bin;E:\developer_tools\gradle\gradle-6.5.1\bin;E:\developer_tools\VisualSVNServer\\bin;E:\developer_tools\UltraEdit;E:\developer_tools\TortoiseGit\bin;C:\Program Files\nodejs\;E:\developer_tools\Git\bin;E:\developer_tools\Git\mingw64\libexec\git-core;C:\Users\Administrator\AppData\Local\Microsoft\WindowsApps;;E:\developer_tools\IntelliJ IDEA 2020.1.3\bin;;E:\developer_tools\Microsoft VS Code\bin;C:\Users\Administrator\AppData\Roaming\npm
USERNAME=Administrator
OS=Windows_NT
PROCESSOR_IDENTIFIER=Intel64 Family 6 Model 45 Stepping 7, GenuineIntel



---------------  S Y S T E M  ---------------

OS: Windows 10.0 , 64 bit Build 17763 (10.0.17763.1)

CPU:total 16 (initial active 16) (8 cores per cpu, 2 threads per core) family 6 model 45 stepping 7, cmov, cx8, fxsr, mmx, sse, sse2, sse3, ssse3, sse4.1, sse4.2, popcnt, avx, aes, clmul, ht, tsc, tscinvbit, tscinv

Memory: 4k page, physical 16708572k(4257524k free), swap 29816024k(5296k free)

vm_info: Java HotSpot(TM) 64-Bit Server VM (25.131-b11) for windows-amd64 JRE (1.8.0_131-b11), built on Mar 15 2017 01:23:53 by "java_re" with MS VC++ 10.0 (VS2010)

time: Mon Nov 02 11:36:50 2020
elapsed time: 12 seconds (0d 0h 0m 12s)

