#
# There is insufficient memory for the Java Runtime Environment to continue.
# Native memory allocation (malloc) failed to allocate 32744 bytes for ChunkPool::allocate
# Possible reasons:
#   The system is out of physical RAM or swap space
#   In 32 bit mode, the process size limit was hit
# Possible solutions:
#   Reduce memory load on the system
#   Increase physical memory or swap space
#   Check if swap backing store is full
#   Use 64 bit Java on a 64 bit OS
#   Decrease Java heap size (-Xmx/-Xms)
#   Decrease number of Java threads
#   Decrease Java thread stack sizes (-Xss)
#   Set larger code cache with -XX:ReservedCodeCacheSize=
# This output file may be truncated or incomplete.
#
#  Out of Memory Error (allocation.cpp:273), pid=20260, tid=0x0000000000005170
#
# JRE version: Java(TM) SE Runtime Environment (8.0_131-b11) (build 1.8.0_131-b11)
# Java VM: Java HotSpot(TM) 64-Bit Server VM (25.131-b11 mixed mode windows-amd64 compressed oops)
# Failed to write core dump. Minidumps are not enabled by default on client versions of Windows
#

---------------  T H R E A D  ---------------

Current thread (0x000000001f090000):  JavaThread "C1 CompilerThread9" daemon [_thread_in_vm, id=20848, stack(0x0000000021490000,0x0000000021590000)]

Stack: [0x0000000021490000,0x0000000021590000]
[error occurred during error reporting (printing stack bounds), id 0xc0000005]

Native frames: (J=compiled Java code, j=interpreted, Vv=VM code, C=native code)


Current CompileTask:
C1:   3076  169       3       java.lang.ref.Finalizer::register (10 bytes)


---------------  P R O C E S S  ---------------

Java Threads: ( => current thread )
  0x000000001f0a0800 JavaThread "Service Thread" daemon [_thread_blocked, id=20860, stack(0x0000000021890000,0x0000000021990000)]
  0x000000001f093800 JavaThread "C1 CompilerThread11" daemon [_thread_in_native, id=20856, stack(0x0000000021690000,0x0000000021790000)]
  0x000000001f092800 JavaThread "C1 CompilerThread10" daemon [_thread_blocked, id=20852, stack(0x0000000021590000,0x0000000021690000)]
=>0x000000001f090000 JavaThread "C1 CompilerThread9" daemon [_thread_in_vm, id=20848, stack(0x0000000021490000,0x0000000021590000)]
  0x000000001f08e000 JavaThread "C1 CompilerThread8" daemon [_thread_in_native, id=20844, stack(0x0000000021390000,0x0000000021490000)]
  0x000000001f08a000 JavaThread "C2 CompilerThread7" daemon [_thread_blocked, id=20840, stack(0x0000000021290000,0x0000000021390000)]
  0x000000001f088800 JavaThread "C2 CompilerThread6" daemon [_thread_blocked, id=20836, stack(0x0000000021190000,0x0000000021290000)]
  0x000000001f087800 JavaThread "C2 CompilerThread5" daemon [_thread_blocked, id=20832, stack(0x0000000021090000,0x0000000021190000)]
  0x000000001f087000 JavaThread "C2 CompilerThread4" daemon [_thread_blocked, id=20828, stack(0x0000000020f90000,0x0000000021090000)]
  0x000000001f086000 JavaThread "C2 CompilerThread3" daemon [_thread_blocked, id=20824, stack(0x0000000020e90000,0x0000000020f90000)]
  0x000000001f085800 JavaThread "C2 CompilerThread2" daemon [_thread_blocked, id=20820, stack(0x0000000020d90000,0x0000000020e90000)]
  0x000000001efda000 JavaThread "C2 CompilerThread1" daemon [_thread_blocked, id=20804, stack(0x0000000020c90000,0x0000000020d90000)]
  0x000000001efd8000 JavaThread "C2 CompilerThread0" daemon [_thread_blocked, id=20788, stack(0x0000000020b90000,0x0000000020c90000)]
  0x000000001efd7000 JavaThread "Attach Listener" daemon [_thread_blocked, id=20784, stack(0x0000000020a90000,0x0000000020b90000)]
  0x000000001f035800 JavaThread "Signal Dispatcher" daemon [_thread_blocked, id=20780, stack(0x0000000020990000,0x0000000020a90000)]
  0x000000001d55f800 JavaThread "Finalizer" daemon [_thread_blocked, id=20672, stack(0x0000000020820000,0x0000000020920000)]
  0x000000001d55d800 JavaThread "Reference Handler" daemon [_thread_blocked, id=20668, stack(0x0000000020720000,0x0000000020820000)]
  0x0000000002ebe000 JavaThread "main" [_thread_in_vm, id=11952, stack(0x0000000003390000,0x0000000003490000)]

Other Threads:
  0x000000001ef94000 VMThread [stack: 0x0000000020620000,0x0000000020720000] [id=20608]
  0x000000001f145800 WatcherThread [stack: 0x0000000021990000,0x0000000021a90000] [id=20872]

VM state:not at safepoint (normal execution)

VM Mutex/Monitor currently owned by a thread: None

Heap:
 PSYoungGen      total 76288K, used 5242K [0x000000076b000000, 0x0000000770500000, 0x00000007c0000000)
  eden space 65536K, 8% used [0x000000076b000000,0x000000076b51ebc0,0x000000076f000000)
  from space 10752K, 0% used [0x000000076fa80000,0x000000076fa80000,0x0000000770500000)
  to   space 10752K, 0% used [0x000000076f000000,0x000000076f000000,0x000000076fa80000)
 ParOldGen       total 175104K, used 0K [0x00000006c1000000, 0x00000006cbb00000, 0x000000076b000000)
  object space 175104K, 0% used [0x00000006c1000000,0x00000006c1000000,0x00000006cbb00000)
 Metaspace       used 3457K, capacity 4676K, committed 4864K, reserved 1056768K
  class space    used 374K, capacity 432K, committed 512K, reserved 1048576K

Card table byte_map: [0x0000000012950000,0x0000000013150000] byte_map_base: 0x000000000f348000

Marking Bits: (ParMarkBitMap*) 0x00000000684cc720
 Begin Bits: [0x00000000143a0000, 0x0000000018360000)
 End Bits:   [0x0000000018360000, 0x000000001c320000)

Polling page: 0x0000000002e90000

CodeCache: size=245760Kb used=3126Kb max_used=3126Kb free=242633Kb
 bounds [0x0000000003590000, 0x00000000038b0000, 0x0000000012590000]
 total_blobs=421 nmethods=171 adapters=160
 compilation: enabled

Compilation events (10 events):
Event: 3.072 Thread 0x000000001f090000  165   !   3       java.util.zip.ZipFile::getEntry (86 bytes)
Event: 3.072 Thread 0x000000001f092800  166   !   3       sun.misc.URLClassPath$JarLoader::ensureOpen (36 bytes)
Event: 3.072 Thread 0x000000001f08e000 nmethod 162 0x0000000003891010 code [0x00000000038911e0, 0x0000000003891d08]
Event: 3.072 Thread 0x000000001f090000 nmethod 165 0x0000000003892310 code [0x00000000038924e0, 0x0000000003892b38]
Event: 3.073 Thread 0x000000001f092800 nmethod 166 0x0000000003892e10 code [0x0000000003892fa0, 0x00000000038933e8]
Event: 3.073 Thread 0x000000001f08e000  167       3       sun.misc.MetaIndex::mayContain (51 bytes)
Event: 3.073 Thread 0x000000001f08e000 nmethod 167 0x0000000003893590 code [0x0000000003893740, 0x0000000003893dd8]
Event: 3.073 Thread 0x000000001f092800  168       3       java.util.jar.Attributes$Name::hashCode (24 bytes)
Event: 3.073 Thread 0x000000001f090000  169       3       java.lang.ref.Finalizer::register (10 bytes)
Event: 3.073 Thread 0x000000001f08e000  170       3       java.lang.ref.Finalizer::<init> (23 bytes)

GC Heap History (0 events):
No events

Deoptimization events (0 events):
No events

Internal exceptions (5 events):
Event: 1.660 Thread 0x0000000002ebe000 Exception <a 'java/lang/NoSuchMethodError': Method sun.misc.Unsafe.defineClass(Ljava/lang/String;[BII)Ljava/lang/Class; name or signature does not match> (0x000000076b007ca8) thrown at [C:\re\workspace\8-2-build-windows-amd64-cygwin\jdk8u131\8869\hotspot\
Event: 1.660 Thread 0x0000000002ebe000 Exception <a 'java/lang/NoSuchMethodError': Method sun.misc.Unsafe.prefetchRead(Ljava/lang/Object;J)V name or signature does not match> (0x000000076b007f90) thrown at [C:\re\workspace\8-2-build-windows-amd64-cygwin\jdk8u131\8869\hotspot\src\share\vm\prims
Event: 2.812 Thread 0x0000000002ebe000 Exception <a 'java/util/zip/ZipException'> (0x000000076b2a2c90) thrown at [C:\re\workspace\8-2-build-windows-amd64-cygwin\jdk8u131\8869\hotspot\src\share\vm\prims\jni.cpp, line 709]
Event: 2.812 Thread 0x0000000002ebe000 Exception <a 'java/security/PrivilegedActionException'> (0x000000076b2a3118) thrown at [C:\re\workspace\8-2-build-windows-amd64-cygwin\jdk8u131\8869\hotspot\src\share\vm\prims\jvm.cpp, line 1390]
Event: 2.812 Thread 0x0000000002ebe000 Exception <a 'java/security/PrivilegedActionException'> (0x000000076b2a3328) thrown at [C:\re\workspace\8-2-build-windows-amd64-cygwin\jdk8u131\8869\hotspot\src\share\vm\prims\jvm.cpp, line 1390]

Events (10 events):
Event: 3.066 loading class org/codehaus/plexus/PlexusContainer
Event: 3.066 loading class org/codehaus/plexus/PlexusContainer done
Event: 3.067 loading class org/apache/maven/eventspy/EventSpy$Context
Event: 3.067 loading class org/apache/maven/eventspy/EventSpy$Context done
Event: 3.068 loading class org/eclipse/aether/transfer/TransferListener
Event: 3.068 loading class org/eclipse/aether/transfer/TransferListener done
Event: 3.071 loading class org/apache/maven/execution/ExecutionListener
Event: 3.071 loading class org/apache/maven/execution/ExecutionListener done
Event: 3.072 loading class org/apache/maven/building/Source
Event: 3.072 loading class org/apache/maven/building/Source done


Dynamic libraries:
0x00007ff7b82c0000 - 0x00007ff7b82f7000 	E:\developer_tools\Java\jdk1.8.0_131\bin\java.exe
0x00007ffcf3aa0000 - 0x00007ffcf3c8d000 	C:\Windows\SYSTEM32\ntdll.dll
0x00007ffcf0cd0000 - 0x00007ffcf0d83000 	C:\Windows\System32\KERNEL32.DLL
0x00007ffcf0890000 - 0x00007ffcf0b23000 	C:\Windows\System32\KERNELBASE.dll
0x00007ffcf1790000 - 0x00007ffcf1833000 	C:\Windows\System32\ADVAPI32.DLL
0x00007ffcf2d30000 - 0x00007ffcf2dce000 	C:\Windows\System32\msvcrt.dll
0x00007ffcf0d90000 - 0x00007ffcf0e2e000 	C:\Windows\System32\sechost.dll
0x00007ffcf15b0000 - 0x00007ffcf16d3000 	C:\Windows\System32\RPCRT4.dll
0x00007ffcf1410000 - 0x00007ffcf15a7000 	C:\Windows\System32\USER32.dll
0x00007ffcefb70000 - 0x00007ffcefb90000 	C:\Windows\System32\win32u.dll
0x00007ffcf3410000 - 0x00007ffcf3439000 	C:\Windows\System32\GDI32.dll
0x00007ffcf0b30000 - 0x00007ffcf0cca000 	C:\Windows\System32\gdi32full.dll
0x00007ffcefbf0000 - 0x00007ffcefc90000 	C:\Windows\System32\msvcp_win.dll
0x00007ffcf06c0000 - 0x00007ffcf07bc000 	C:\Windows\System32\ucrtbase.dll
0x00007ffce6150000 - 0x00007ffce63c9000 	C:\Windows\WinSxS\amd64_microsoft.windows.common-controls_6595b64144ccf1df_6.0.17763.107_none_05b63884071e656e\COMCTL32.dll
0x00007ffcf10d0000 - 0x00007ffcf13fe000 	C:\Windows\System32\combase.dll
0x00007ffcf07c0000 - 0x00007ffcf083e000 	C:\Windows\System32\bcryptPrimitives.dll
0x00007ffcf16e0000 - 0x00007ffcf170e000 	C:\Windows\System32\IMM32.DLL
0x0000000068550000 - 0x0000000068622000 	E:\developer_tools\Java\jdk1.8.0_131\jre\bin\msvcr100.dll
0x0000000067cb0000 - 0x000000006854c000 	E:\developer_tools\Java\jdk1.8.0_131\jre\bin\server\jvm.dll
0x00007ffcf37f0000 - 0x00007ffcf37f8000 	C:\Windows\System32\PSAPI.DLL
0x00007ffce5010000 - 0x00007ffce5019000 	C:\Windows\SYSTEM32\WSOCK32.dll
0x00007ffcf1060000 - 0x00007ffcf10cd000 	C:\Windows\System32\WS2_32.dll
0x00007ffcedc90000 - 0x00007ffcedcb4000 	C:\Windows\SYSTEM32\WINMM.dll
0x00007ffceafe0000 - 0x00007ffceafea000 	C:\Windows\SYSTEM32\VERSION.dll
0x00007ffcedb40000 - 0x00007ffcedb6d000 	C:\Windows\SYSTEM32\WINMMBASE.dll
0x00007ffcf0670000 - 0x00007ffcf06ba000 	C:\Windows\System32\cfgmgr32.dll
0x0000000067ca0000 - 0x0000000067caf000 	E:\developer_tools\Java\jdk1.8.0_131\jre\bin\verify.dll
0x0000000067c70000 - 0x0000000067c99000 	E:\developer_tools\Java\jdk1.8.0_131\jre\bin\java.dll
0x0000000067c50000 - 0x0000000067c66000 	E:\developer_tools\Java\jdk1.8.0_131\jre\bin\zip.dll
0x00007ffcf1840000 - 0x00007ffcf2d2f000 	C:\Windows\System32\SHELL32.dll
0x00007ffcf2ee0000 - 0x00007ffcf2f88000 	C:\Windows\System32\shcore.dll
0x00007ffcefc90000 - 0x00007ffcf03d8000 	C:\Windows\System32\windows.storage.dll
0x00007ffcefac0000 - 0x00007ffcefae4000 	C:\Windows\System32\profapi.dll
0x00007ffcefb10000 - 0x00007ffcefb6d000 	C:\Windows\System32\powrprof.dll
0x00007ffcf3440000 - 0x00007ffcf3492000 	C:\Windows\System32\shlwapi.dll
0x00007ffcefaf0000 - 0x00007ffcefb01000 	C:\Windows\System32\kernel.appcore.dll
0x00007ffcf0870000 - 0x00007ffcf0887000 	C:\Windows\System32\cryptsp.dll

VM Arguments:
jvm_args: -Dmaven.multiModuleProjectDirectory=F:\IdeaProjects\gmall20190311\gmall-item-web -Dmaven.home=E:\developer_tools\IntelliJ IDEA 2020.1.3\plugins\maven\lib\maven3 -Dclassworlds.conf=E:\developer_tools\IntelliJ IDEA 2020.1.3\plugins\maven\lib\maven3\bin\m2.conf -Dmaven.ext.class.path=E:\developer_tools\IntelliJ IDEA 2020.1.3\plugins\maven\lib\maven-event-listener.jar -Dfile.encoding=UTF-8 
java_command: org.codehaus.classworlds.Launcher -Didea.version=2020.2 -s E:\developer_tools\apache-maven\apache-maven-3.3.9\conf\settings.xml compile
java_class_path (initial): E:\developer_tools\IntelliJ IDEA 2020.1.3\plugins\maven\lib\maven3\boot\plexus-classworlds-2.6.0.jar;E:\developer_tools\IntelliJ IDEA 2020.1.3\plugins\maven\lib\maven3\boot\plexus-classworlds.license
Launcher Type: SUN_STANDARD

Environment Variables:
JAVA_HOME=E:\developer_tools\Java\jdk1.8.0_131
PATH=E:\developer_tools\Java\jdk1.8.0_131\bin;C:\Windows\system32;C:\Windows;C:\Windows\System32\Wbem;C:\Windows\System32\WindowsPowerShell\v1.0\;C:\Program Files\IDM Computer Solutions\UltraEdit;E:\developer_tools\apache-tomcat\apache-tomcat-8.5.24\bin;E:\developer_tools\apache-maven\apache-maven-3.3.9\bin;E:\developer_tools\MySQL\MySQLServer5.5\bin;E:\developer_tools\gradle\gradle-6.5.1\bin;E:\developer_tools\VisualSVNServer\\bin;E:\developer_tools\UltraEdit;E:\developer_tools\TortoiseGit\bin;C:\Program Files\nodejs\;E:\developer_tools\Git\bin;E:\developer_tools\Git\mingw64\libexec\git-core;C:\Users\Administrator\AppData\Local\Microsoft\WindowsApps;;E:\developer_tools\IntelliJ IDEA 2020.1.3\bin;;E:\developer_tools\Microsoft VS Code\bin;C:\Users\Administrator\AppData\Roaming\npm
USERNAME=Administrator
OS=Windows_NT
PROCESSOR_IDENTIFIER=Intel64 Family 6 Model 45 Stepping 7, GenuineIntel



---------------  S Y S T E M  ---------------

OS: Windows 10.0 , 64 bit Build 17763 (10.0.17763.1)

CPU:total 16 (initial active 16) (8 cores per cpu, 2 threads per core) family 6 model 45 stepping 7, cmov, cx8, fxsr, mmx, sse, sse2, sse3, ssse3, sse4.1, sse4.2, popcnt, avx, aes, clmul, ht, tsc, tscinvbit, tscinv

Memory: 4k page, physical 16708572k(4249540k free), swap 29816024k(4580k free)

vm_info: Java HotSpot(TM) 64-Bit Server VM (25.131-b11) for windows-amd64 JRE (1.8.0_131-b11), built on Mar 15 2017 01:23:53 by "java_re" with MS VC++ 10.0 (VS2010)

time: Mon Nov 02 11:36:50 2020
elapsed time: 3 seconds (0d 0h 0m 3s)

