#
# There is insufficient memory for the Java Runtime Environment to continue.
# Native memory allocation (malloc) failed to allocate 93376 bytes for Chunk::new
# Possible reasons:
#   The system is out of physical RAM or swap space
#   In 32 bit mode, the process size limit was hit
# Possible solutions:
#   Reduce memory load on the system
#   Increase physical memory or swap space
#   Check if swap backing store is full
#   Use 64 bit Java on a 64 bit OS
#   Decrease Java heap size (-Xmx/-Xms)
#   Decrease number of Java threads
#   Decrease Java thread stack sizes (-Xss)
#   Set larger code cache with -XX:ReservedCodeCacheSize=
# This output file may be truncated or incomplete.
#
#  Out of Memory Error (allocation.cpp:390), pid=18616, tid=0x0000000000004cdc
#
# JRE version: Java(TM) SE Runtime Environment (8.0_131-b11) (build 1.8.0_131-b11)
# Java VM: Java HotSpot(TM) 64-Bit Server VM (25.131-b11 mixed mode windows-amd64 compressed oops)
# Failed to write core dump. Minidumps are not enabled by default on client versions of Windows
#

---------------  T H R E A D  ---------------

Current thread (0x000000001e854000):  JavaThread "C2 CompilerThread2" daemon [_thread_in_native, id=19676, stack(0x0000000020540000,0x0000000020640000)]

Stack: [0x0000000020540000,0x0000000020640000]
[error occurred during error reporting (printing stack bounds), id 0xc0000005]

Native frames: (J=compiled Java code, j=interpreted, Vv=VM code, C=native code)


Current CompileTask:
C2:   9645 1055  s    4       java.lang.reflect.Executable::declaredAnnotations (59 bytes)


---------------  P R O C E S S  ---------------

Java Threads: ( => current thread )
  0x000000001e86b800 JavaThread "Service Thread" daemon [_thread_blocked, id=19716, stack(0x0000000021040000,0x0000000021140000)]
  0x000000001e86b000 JavaThread "C1 CompilerThread11" daemon [_thread_blocked, id=19712, stack(0x0000000020f40000,0x0000000021040000)]
  0x000000001e86a000 JavaThread "C1 CompilerThread10" daemon [_thread_blocked, id=19708, stack(0x0000000020e40000,0x0000000020f40000)]
  0x000000001e862800 JavaThread "C1 CompilerThread9" daemon [_thread_blocked, id=19704, stack(0x0000000020c40000,0x0000000020d40000)]
  0x000000001e861800 JavaThread "C1 CompilerThread8" daemon [_thread_blocked, id=19700, stack(0x0000000020b40000,0x0000000020c40000)]
  0x000000001e85e000 JavaThread "C2 CompilerThread7" daemon [_thread_blocked, id=19696, stack(0x0000000020a40000,0x0000000020b40000)]
  0x000000001e85c000 JavaThread "C2 CompilerThread6" daemon [_thread_blocked, id=19692, stack(0x0000000020940000,0x0000000020a40000)]
  0x000000001e85b800 JavaThread "C2 CompilerThread5" daemon [_thread_blocked, id=19688, stack(0x0000000020840000,0x0000000020940000)]
  0x000000001e85a800 JavaThread "C2 CompilerThread4" daemon [_thread_blocked, id=19684, stack(0x0000000020740000,0x0000000020840000)]
  0x000000001e85a000 JavaThread "C2 CompilerThread3" daemon [_thread_blocked, id=19680, stack(0x0000000020640000,0x0000000020740000)]
=>0x000000001e854000 JavaThread "C2 CompilerThread2" daemon [_thread_in_native, id=19676, stack(0x0000000020540000,0x0000000020640000)]
  0x000000001e852000 JavaThread "C2 CompilerThread1" daemon [_thread_blocked, id=19672, stack(0x0000000020440000,0x0000000020540000)]
  0x000000001e7fe000 JavaThread "C2 CompilerThread0" daemon [_thread_blocked, id=19668, stack(0x0000000020340000,0x0000000020440000)]
  0x000000001e7a5000 JavaThread "Attach Listener" daemon [_thread_blocked, id=19664, stack(0x0000000020240000,0x0000000020340000)]
  0x000000001e7fb800 JavaThread "Signal Dispatcher" daemon [_thread_blocked, id=19660, stack(0x0000000020140000,0x0000000020240000)]
  0x000000001ccff800 JavaThread "Finalizer" daemon [_thread_blocked, id=18272, stack(0x000000001ffe0000,0x00000000200e0000)]
  0x000000001ccfe000 JavaThread "Reference Handler" daemon [_thread_blocked, id=18500, stack(0x000000001fee0000,0x000000001ffe0000)]
  0x000000000254e000 JavaThread "main" [_thread_in_Java, id=18992, stack(0x0000000002b30000,0x0000000002c30000)]

Other Threads:
  0x000000001e764000 VMThread [stack: 0x000000001fde0000,0x000000001fee0000] [id=19440]
  0x000000001e8dc000 WatcherThread [stack: 0x0000000021140000,0x0000000021240000] [id=19720]

VM state:not at safepoint (normal execution)

VM Mutex/Monitor currently owned by a thread: None

Heap:
 PSYoungGen      total 76288K, used 56411K [0x000000076b000000, 0x0000000770500000, 0x00000007c0000000)
  eden space 65536K, 86% used [0x000000076b000000,0x000000076e716de8,0x000000076f000000)
  from space 10752K, 0% used [0x000000076fa80000,0x000000076fa80000,0x0000000770500000)
  to   space 10752K, 0% used [0x000000076f000000,0x000000076f000000,0x000000076fa80000)
 ParOldGen       total 175104K, used 0K [0x00000006c1000000, 0x00000006cbb00000, 0x000000076b000000)
  object space 175104K, 0% used [0x00000006c1000000,0x00000006c1000000,0x00000006cbb00000)
 Metaspace       used 10617K, capacity 10810K, committed 11136K, reserved 1058816K
  class space    used 1279K, capacity 1350K, committed 1408K, reserved 1048576K

Card table byte_map: [0x00000000120f0000,0x00000000128f0000] byte_map_base: 0x000000000eae8000

Marking Bits: (ParMarkBitMap*) 0x00000000684cc720
 Begin Bits: [0x0000000013b40000, 0x0000000017b00000)
 End Bits:   [0x0000000017b00000, 0x000000001bac0000)

Polling page: 0x0000000000970000

CodeCache: size=245760Kb used=5879Kb max_used=5879Kb free=239880Kb
 bounds [0x0000000002d30000, 0x0000000003300000, 0x0000000011d30000]
 total_blobs=1399 nmethods=1059 adapters=250
 compilation: enabled

Compilation events (10 events):
Event: 9.639 Thread 0x000000001e862800 1057       3       com.google.common.cache.LocalCache::isExpired (57 bytes)
Event: 9.639 Thread 0x000000001e86a000 1058       3       com.google.common.cache.LocalCache$Segment::recordRead (29 bytes)
Event: 9.639 Thread 0x000000001e861800 1056       3       com.google.common.cache.LocalCache$Segment::getLiveValue (61 bytes)
Event: 9.639 Thread 0x000000001e86b000 1059       3       com.google.common.cache.CacheBuilder$1::recordHits (1 bytes)
Event: 9.639 Thread 0x000000001e86b000 nmethod 1059 0x00000000032d8950 code [0x00000000032d8aa0, 0x00000000032d8bf0]
Event: 9.639 Thread 0x000000001e86b000 1060       3       com.google.common.cache.LocalCache$Segment::scheduleRefresh (66 bytes)
Event: 9.640 Thread 0x000000001e86a000 nmethod 1058 0x00000000032eb890 code [0x00000000032eba40, 0x00000000032ebf58]
Event: 9.640 Thread 0x000000001e862800 nmethod 1057 0x00000000032ec210 code [0x00000000032ec400, 0x00000000032ecba8]
Event: 9.640 Thread 0x000000001e86b000 nmethod 1060 0x00000000032ed050 code [0x00000000032ed1e0, 0x00000000032ed608]
Event: 9.642 Thread 0x000000001e861800 nmethod 1056 0x00000000032ed8d0 code [0x00000000032edc20, 0x00000000032ef998]

GC Heap History (0 events):
No events

Deoptimization events (10 events):
Event: 7.999 Thread 0x000000000254e000 Uncommon trap: reason=unstable_if action=reinterpret pc=0x00000000031be128 method=sun.nio.cs.StreamDecoder.implRead([CII)I @ 197
Event: 8.006 Thread 0x000000000254e000 Uncommon trap: reason=unstable_if action=reinterpret pc=0x00000000031cb478 method=org.codehaus.plexus.util.xml.pull.MXParser.nextImpl()I @ 241
Event: 8.008 Thread 0x000000000254e000 Uncommon trap: reason=unstable_if action=reinterpret pc=0x00000000031ce5a0 method=sun.nio.cs.StreamDecoder.implRead([CII)I @ 197
Event: 8.013 Thread 0x000000000254e000 Uncommon trap: reason=unstable_if action=reinterpret pc=0x00000000031d4ed0 method=sun.nio.cs.StreamDecoder.implRead([CII)I @ 197
Event: 8.037 Thread 0x000000000254e000 Uncommon trap: reason=unstable_if action=reinterpret pc=0x00000000031c526c method=sun.nio.cs.StreamDecoder.implRead([CII)I @ 71
Event: 8.038 Thread 0x000000000254e000 Uncommon trap: reason=unstable_if action=reinterpret pc=0x00000000031df0dc method=sun.nio.cs.StreamDecoder.implRead([CII)I @ 197
Event: 8.039 Thread 0x000000000254e000 Uncommon trap: reason=unstable_if action=reinterpret pc=0x00000000031b1bcc method=sun.nio.cs.StreamDecoder.implRead([CII)I @ 197
Event: 8.233 Thread 0x000000000254e000 Uncommon trap: reason=unstable_if action=reinterpret pc=0x000000000318159c method=java.util.HashMap.getNode(ILjava/lang/Object;)Ljava/util/HashMap$Node; @ 129
Event: 8.233 Thread 0x000000000254e000 Uncommon trap: reason=unstable_if action=reinterpret pc=0x0000000003183184 method=java.util.HashMap.getNode(ILjava/lang/Object;)Ljava/util/HashMap$Node; @ 129
Event: 8.273 Thread 0x000000000254e000 Uncommon trap: reason=range_check action=make_not_entrant pc=0x000000000323ef28 method=sun.reflect.generics.parser.SignatureParser.current()C @ 34

Internal exceptions (10 events):
Event: 1.432 Thread 0x000000000254e000 Exception <a 'java/security/PrivilegedActionException'> (0x000000076b71da18) thrown at [C:\re\workspace\8-2-build-windows-amd64-cygwin\jdk8u131\8869\hotspot\src\share\vm\prims\jvm.cpp, line 1390]
Event: 1.432 Thread 0x000000000254e000 Exception <a 'java/security/PrivilegedActionException'> (0x000000076b71de10) thrown at [C:\re\workspace\8-2-build-windows-amd64-cygwin\jdk8u131\8869\hotspot\src\share\vm\prims\jvm.cpp, line 1390]
Event: 1.433 Thread 0x000000000254e000 Exception <a 'java/security/PrivilegedActionException'> (0x000000076b720f58) thrown at [C:\re\workspace\8-2-build-windows-amd64-cygwin\jdk8u131\8869\hotspot\src\share\vm\prims\jvm.cpp, line 1390]
Event: 1.433 Thread 0x000000000254e000 Exception <a 'java/security/PrivilegedActionException'> (0x000000076b721350) thrown at [C:\re\workspace\8-2-build-windows-amd64-cygwin\jdk8u131\8869\hotspot\src\share\vm\prims\jvm.cpp, line 1390]
Event: 7.503 Thread 0x000000000254e000 Exception <a 'java/lang/ArrayIndexOutOfBoundsException'> (0x000000076c908c00) thrown at [C:\re\workspace\8-2-build-windows-amd64-cygwin\jdk8u131\8869\hotspot\src\share\vm\runtime\sharedRuntime.cpp, line 605]
Event: 7.519 Thread 0x000000000254e000 Exception <a 'java/lang/ArrayIndexOutOfBoundsException'> (0x000000076c9245e0) thrown at [C:\re\workspace\8-2-build-windows-amd64-cygwin\jdk8u131\8869\hotspot\src\share\vm\runtime\sharedRuntime.cpp, line 605]
Event: 7.560 Thread 0x000000000254e000 Exception <a 'java/lang/ArrayIndexOutOfBoundsException'> (0x000000076c9665a0) thrown at [C:\re\workspace\8-2-build-windows-amd64-cygwin\jdk8u131\8869\hotspot\src\share\vm\runtime\sharedRuntime.cpp, line 605]
Event: 8.064 Thread 0x000000000254e000 Exception <a 'java/lang/ArrayIndexOutOfBoundsException'> (0x000000076d1acc60) thrown at [C:\re\workspace\8-2-build-windows-amd64-cygwin\jdk8u131\8869\hotspot\src\share\vm\runtime\sharedRuntime.cpp, line 605]
Event: 8.066 Thread 0x000000000254e000 Exception <a 'java/lang/ArrayIndexOutOfBoundsException'> (0x000000076d1ae7f0) thrown at [C:\re\workspace\8-2-build-windows-amd64-cygwin\jdk8u131\8869\hotspot\src\share\vm\runtime\sharedRuntime.cpp, line 605]
Event: 8.273 Thread 0x000000000254e000 Exception <a 'java/lang/ArrayIndexOutOfBoundsException': 66> (0x000000076d4da8f0) thrown at [C:\re\workspace\8-2-build-windows-amd64-cygwin\jdk8u131\8869\hotspot\src\share\vm\interpreter\interpreterRuntime.cpp, line 366]

Events (10 events):
Event: 9.636 loading class org/apache/maven/lifecycle/LifecycleNotFoundException
Event: 9.636 loading class org/apache/maven/lifecycle/LifecycleNotFoundException done
Event: 9.637 loading class org/apache/maven/plugin/version/PluginVersionResolutionException
Event: 9.637 loading class org/apache/maven/plugin/version/PluginVersionResolutionException done
Event: 9.637 loading class org/apache/maven/plugin/descriptor/MojoDescriptor
Event: 9.637 loading class org/apache/maven/plugin/descriptor/MojoDescriptor done
Event: 9.639 loading class org/apache/maven/project/path/DefaultPathTranslator
Event: 9.639 loading class org/apache/maven/project/path/DefaultPathTranslator done
Event: 9.639 loading class org/apache/maven/project/path/DefaultPathTranslator
Event: 9.640 loading class org/apache/maven/project/path/DefaultPathTranslator done


Dynamic libraries:
0x00007ff7b82c0000 - 0x00007ff7b82f7000 	E:\developer_tools\Java\jdk1.8.0_131\bin\java.exe
0x00007ffcf3aa0000 - 0x00007ffcf3c8d000 	C:\Windows\SYSTEM32\ntdll.dll
0x00007ffcf0cd0000 - 0x00007ffcf0d83000 	C:\Windows\System32\KERNEL32.DLL
0x00007ffcf0890000 - 0x00007ffcf0b23000 	C:\Windows\System32\KERNELBASE.dll
0x00007ffcf1790000 - 0x00007ffcf1833000 	C:\Windows\System32\ADVAPI32.DLL
0x00007ffcf2d30000 - 0x00007ffcf2dce000 	C:\Windows\System32\msvcrt.dll
0x00007ffcf0d90000 - 0x00007ffcf0e2e000 	C:\Windows\System32\sechost.dll
0x00007ffcf15b0000 - 0x00007ffcf16d3000 	C:\Windows\System32\RPCRT4.dll
0x00007ffcf1410000 - 0x00007ffcf15a7000 	C:\Windows\System32\USER32.dll
0x00007ffcefb70000 - 0x00007ffcefb90000 	C:\Windows\System32\win32u.dll
0x00007ffcf3410000 - 0x00007ffcf3439000 	C:\Windows\System32\GDI32.dll
0x00007ffcf0b30000 - 0x00007ffcf0cca000 	C:\Windows\System32\gdi32full.dll
0x00007ffcefbf0000 - 0x00007ffcefc90000 	C:\Windows\System32\msvcp_win.dll
0x00007ffcf06c0000 - 0x00007ffcf07bc000 	C:\Windows\System32\ucrtbase.dll
0x00007ffce6150000 - 0x00007ffce63c9000 	C:\Windows\WinSxS\amd64_microsoft.windows.common-controls_6595b64144ccf1df_6.0.17763.107_none_05b63884071e656e\COMCTL32.dll
0x00007ffcf10d0000 - 0x00007ffcf13fe000 	C:\Windows\System32\combase.dll
0x00007ffcf07c0000 - 0x00007ffcf083e000 	C:\Windows\System32\bcryptPrimitives.dll
0x00007ffcf16e0000 - 0x00007ffcf170e000 	C:\Windows\System32\IMM32.DLL
0x0000000068550000 - 0x0000000068622000 	E:\developer_tools\Java\jdk1.8.0_131\jre\bin\msvcr100.dll
0x0000000067cb0000 - 0x000000006854c000 	E:\developer_tools\Java\jdk1.8.0_131\jre\bin\server\jvm.dll
0x00007ffcf37f0000 - 0x00007ffcf37f8000 	C:\Windows\System32\PSAPI.DLL
0x00007ffce5010000 - 0x00007ffce5019000 	C:\Windows\SYSTEM32\WSOCK32.dll
0x00007ffcf1060000 - 0x00007ffcf10cd000 	C:\Windows\System32\WS2_32.dll
0x00007ffcedc90000 - 0x00007ffcedcb4000 	C:\Windows\SYSTEM32\WINMM.dll
0x00007ffcedb40000 - 0x00007ffcedb6d000 	C:\Windows\SYSTEM32\WINMMBASE.dll
0x00007ffceafe0000 - 0x00007ffceafea000 	C:\Windows\SYSTEM32\VERSION.dll
0x00007ffcf0670000 - 0x00007ffcf06ba000 	C:\Windows\System32\cfgmgr32.dll
0x0000000067ca0000 - 0x0000000067caf000 	E:\developer_tools\Java\jdk1.8.0_131\jre\bin\verify.dll
0x0000000067c70000 - 0x0000000067c99000 	E:\developer_tools\Java\jdk1.8.0_131\jre\bin\java.dll
0x0000000067c50000 - 0x0000000067c66000 	E:\developer_tools\Java\jdk1.8.0_131\jre\bin\zip.dll
0x00007ffcf1840000 - 0x00007ffcf2d2f000 	C:\Windows\System32\SHELL32.dll
0x00007ffcf2ee0000 - 0x00007ffcf2f88000 	C:\Windows\System32\shcore.dll
0x00007ffcefc90000 - 0x00007ffcf03d8000 	C:\Windows\System32\windows.storage.dll
0x00007ffcefac0000 - 0x00007ffcefae4000 	C:\Windows\System32\profapi.dll
0x00007ffcefb10000 - 0x00007ffcefb6d000 	C:\Windows\System32\powrprof.dll
0x00007ffcf3440000 - 0x00007ffcf3492000 	C:\Windows\System32\shlwapi.dll
0x00007ffcefaf0000 - 0x00007ffcefb01000 	C:\Windows\System32\kernel.appcore.dll
0x00007ffcf0870000 - 0x00007ffcf0887000 	C:\Windows\System32\cryptsp.dll
0x00007ffceee90000 - 0x00007ffceeec3000 	C:\Windows\system32\rsaenh.dll
0x00007ffcf0840000 - 0x00007ffcf0866000 	C:\Windows\System32\bcrypt.dll
0x00007ffcef9a0000 - 0x00007ffcef9c8000 	C:\Windows\SYSTEM32\USERENV.dll
0x00007ffcef500000 - 0x00007ffcef50c000 	C:\Windows\SYSTEM32\CRYPTBASE.dll
0x0000000067c30000 - 0x0000000067c4a000 	E:\developer_tools\Java\jdk1.8.0_131\jre\bin\net.dll
0x00007ffcef330000 - 0x00007ffcef397000 	C:\Windows\system32\mswsock.dll
0x00007ffcef090000 - 0x00007ffcef0cd000 	C:\Windows\SYSTEM32\IPHLPAPI.DLL
0x00007ffcf3a60000 - 0x00007ffcf3a68000 	C:\Windows\System32\NSI.dll
0x00007ffce9d70000 - 0x00007ffce9d86000 	C:\Windows\SYSTEM32\dhcpcsvc6.DLL
0x00007ffce9d50000 - 0x00007ffce9d6c000 	C:\Windows\SYSTEM32\dhcpcsvc.DLL
0x00007ffcef0d0000 - 0x00007ffcef196000 	C:\Windows\SYSTEM32\DNSAPI.dll
0x0000000067c10000 - 0x0000000067c21000 	E:\developer_tools\Java\jdk1.8.0_131\jre\bin\nio.dll
0x00007ffcd61a0000 - 0x00007ffcd61aa000 	C:\Users\Administrator\AppData\Local\Temp\jansi-1.17.1-1538161780152608331.dll
0x00007ffcd40b0000 - 0x00007ffcd40ba000 	C:\Users\Administrator\AppData\Local\Temp\jansi-1.17.1-103837267450635659.dll

VM Arguments:
jvm_args: -Dmaven.multiModuleProjectDirectory=F:\IdeaProjects\gmall20190311\gmall-item-web -Dmaven.home=E:\developer_tools\IntelliJ IDEA 2020.1.3\plugins\maven\lib\maven3 -Dclassworlds.conf=E:\developer_tools\IntelliJ IDEA 2020.1.3\plugins\maven\lib\maven3\bin\m2.conf -Dmaven.ext.class.path=E:\developer_tools\IntelliJ IDEA 2020.1.3\plugins\maven\lib\maven-event-listener.jar -Dfile.encoding=UTF-8 
java_command: org.codehaus.classworlds.Launcher -Didea.version=2020.2 -s E:\developer_tools\apache-maven\apache-maven-3.3.9\conf\settings.xml compile
java_class_path (initial): E:\developer_tools\IntelliJ IDEA 2020.1.3\plugins\maven\lib\maven3\boot\plexus-classworlds-2.6.0.jar;E:\developer_tools\IntelliJ IDEA 2020.1.3\plugins\maven\lib\maven3\boot\plexus-classworlds.license
Launcher Type: SUN_STANDARD

Environment Variables:
JAVA_HOME=E:\developer_tools\Java\jdk1.8.0_131
PATH=E:\developer_tools\Java\jdk1.8.0_131\bin;C:\Windows\system32;C:\Windows;C:\Windows\System32\Wbem;C:\Windows\System32\WindowsPowerShell\v1.0\;C:\Program Files\IDM Computer Solutions\UltraEdit;E:\developer_tools\apache-tomcat\apache-tomcat-8.5.24\bin;E:\developer_tools\apache-maven\apache-maven-3.3.9\bin;E:\developer_tools\MySQL\MySQLServer5.5\bin;E:\developer_tools\gradle\gradle-6.5.1\bin;E:\developer_tools\VisualSVNServer\\bin;E:\developer_tools\UltraEdit;E:\developer_tools\TortoiseGit\bin;C:\Program Files\nodejs\;E:\developer_tools\Git\bin;E:\developer_tools\Git\mingw64\libexec\git-core;C:\Users\Administrator\AppData\Local\Microsoft\WindowsApps;;E:\developer_tools\IntelliJ IDEA 2020.1.3\bin;;E:\developer_tools\Microsoft VS Code\bin;C:\Users\Administrator\AppData\Roaming\npm
USERNAME=Administrator
OS=Windows_NT
PROCESSOR_IDENTIFIER=Intel64 Family 6 Model 45 Stepping 7, GenuineIntel



---------------  S Y S T E M  ---------------

OS: Windows 10.0 , 64 bit Build 17763 (10.0.17763.1)

CPU:total 16 (initial active 16) (8 cores per cpu, 2 threads per core) family 6 model 45 stepping 7, cmov, cx8, fxsr, mmx, sse, sse2, sse3, ssse3, sse4.1, sse4.2, popcnt, avx, aes, clmul, ht, tsc, tscinvbit, tscinv

Memory: 4k page, physical 16708572k(4241088k free), swap 29816024k(4156k free)

vm_info: Java HotSpot(TM) 64-Bit Server VM (25.131-b11) for windows-amd64 JRE (1.8.0_131-b11), built on Mar 15 2017 01:23:53 by "java_re" with MS VC++ 10.0 (VS2010)

time: Mon Nov 02 11:36:50 2020
elapsed time: 9 seconds (0d 0h 0m 9s)

