#
# There is insufficient memory for the Java Runtime Environment to continue.
# Native memory allocation (malloc) failed to allocate 2332976 bytes for Chunk::new
# Possible reasons:
#   The system is out of physical RAM or swap space
#   In 32 bit mode, the process size limit was hit
# Possible solutions:
#   Reduce memory load on the system
#   Increase physical memory or swap space
#   Check if swap backing store is full
#   Use 64 bit Java on a 64 bit OS
#   Decrease Java heap size (-Xmx/-Xms)
#   Decrease number of Java threads
#   Decrease Java thread stack sizes (-Xss)
#   Set larger code cache with -XX:ReservedCodeCacheSize=
# This output file may be truncated or incomplete.
#
#  Out of Memory Error (allocation.cpp:390), pid=18256, tid=0x0000000000004bf4
#
# JRE version: Java(TM) SE Runtime Environment (8.0_131-b11) (build 1.8.0_131-b11)
# Java VM: Java HotSpot(TM) 64-Bit Server VM (25.131-b11 mixed mode windows-amd64 compressed oops)
# Failed to write core dump. Minidumps are not enabled by default on client versions of Windows
#

---------------  T H R E A D  ---------------

Current thread (0x000000001e695800):  JavaThread "C2 CompilerThread2" daemon [_thread_in_native, id=19444, stack(0x0000000020380000,0x0000000020480000)]

Stack: [0x0000000020380000,0x0000000020480000]
[error occurred during error reporting (printing stack bounds), id 0xc0000005]

Native frames: (J=compiled Java code, j=interpreted, Vv=VM code, C=native code)


Current CompileTask:
C2:  14523 1655       4       java.net.URLClassLoader$1::run (5 bytes)


---------------  P R O C E S S  ---------------

Java Threads: ( => current thread )
  0x000000001e6ab800 JavaThread "Service Thread" daemon [_thread_blocked, id=19548, stack(0x0000000020e80000,0x0000000020f80000)]
  0x000000001e6a5800 JavaThread "C1 CompilerThread11" daemon [_thread_blocked, id=19536, stack(0x0000000020c80000,0x0000000020d80000)]
  0x000000001e6a5000 JavaThread "C1 CompilerThread10" daemon [_thread_blocked, id=19516, stack(0x0000000020b80000,0x0000000020c80000)]
  0x000000001e6a2000 JavaThread "C1 CompilerThread9" daemon [_thread_blocked, id=19504, stack(0x0000000020a80000,0x0000000020b80000)]
  0x000000001e6a1800 JavaThread "C1 CompilerThread8" daemon [_thread_in_native, id=19492, stack(0x0000000020980000,0x0000000020a80000)]
  0x000000001e69d800 JavaThread "C2 CompilerThread7" daemon [_thread_blocked, id=19468, stack(0x0000000020880000,0x0000000020980000)]
  0x000000001e69c000 JavaThread "C2 CompilerThread6" daemon [_thread_blocked, id=19196, stack(0x0000000020780000,0x0000000020880000)]
  0x000000001e69b000 JavaThread "C2 CompilerThread5" daemon [_thread_blocked, id=18840, stack(0x0000000020680000,0x0000000020780000)]
  0x000000001e69a800 JavaThread "C2 CompilerThread4" daemon [_thread_blocked, id=18584, stack(0x0000000020580000,0x0000000020680000)]
  0x000000001e696000 JavaThread "C2 CompilerThread3" daemon [_thread_blocked, id=18408, stack(0x0000000020480000,0x0000000020580000)]
=>0x000000001e695800 JavaThread "C2 CompilerThread2" daemon [_thread_in_native, id=19444, stack(0x0000000020380000,0x0000000020480000)]
  0x000000001e5ea000 JavaThread "C2 CompilerThread1" daemon [_thread_blocked, id=19432, stack(0x0000000020280000,0x0000000020380000)]
  0x000000001e5e8000 JavaThread "C2 CompilerThread0" daemon [_thread_blocked, id=19408, stack(0x0000000020180000,0x0000000020280000)]
  0x000000001e5e7000 JavaThread "Attach Listener" daemon [_thread_blocked, id=19404, stack(0x0000000020080000,0x0000000020180000)]
  0x000000001e645800 JavaThread "Signal Dispatcher" daemon [_thread_blocked, id=19400, stack(0x000000001ff80000,0x0000000020080000)]
  0x000000001cb63800 JavaThread "Finalizer" daemon [_thread_blocked, id=19016, stack(0x000000001fe20000,0x000000001ff20000)]
  0x000000001cb61800 JavaThread "Reference Handler" daemon [_thread_blocked, id=19008, stack(0x000000001fd20000,0x000000001fe20000)]
  0x000000000258e000 JavaThread "main" [_thread_in_Java, id=18708, stack(0x00000000029e0000,0x0000000002ae0000)]

Other Threads:
  0x000000001e5a4000 VMThread [stack: 0x000000001fc20000,0x000000001fd20000] [id=18920]
  0x000000001e761800 WatcherThread [stack: 0x0000000020f80000,0x0000000021080000] [id=19552]

VM state:not at safepoint (normal execution)

VM Mutex/Monitor currently owned by a thread: None

Heap:
 PSYoungGen      total 76288K, used 48071K [0x000000076b000000, 0x0000000770500000, 0x00000007c0000000)
  eden space 65536K, 57% used [0x000000076b000000,0x000000076d515bc0,0x000000076f000000)
  from space 10752K, 93% used [0x000000076f000000,0x000000076f9dc2a0,0x000000076fa80000)
  to   space 10752K, 0% used [0x000000076fa80000,0x000000076fa80000,0x0000000770500000)
 ParOldGen       total 175104K, used 16K [0x00000006c1000000, 0x00000006cbb00000, 0x000000076b000000)
  object space 175104K, 0% used [0x00000006c1000000,0x00000006c1004000,0x00000006cbb00000)
 Metaspace       used 15408K, capacity 15590K, committed 15872K, reserved 1064960K
  class space    used 1871K, capacity 1944K, committed 2048K, reserved 1048576K

Card table byte_map: [0x0000000011fa0000,0x00000000127a0000] byte_map_base: 0x000000000e998000

Marking Bits: (ParMarkBitMap*) 0x00000000684cc720
 Begin Bits: [0x00000000139f0000, 0x00000000179b0000)
 End Bits:   [0x00000000179b0000, 0x000000001b970000)

Polling page: 0x00000000005f0000

CodeCache: size=245760Kb used=8329Kb max_used=8329Kb free=237430Kb
 bounds [0x0000000002be0000, 0x0000000003410000, 0x0000000011be0000]
 total_blobs=2262 nmethods=1885 adapters=284
 compilation: enabled

Compilation events (10 events):
Event: 14.515 Thread 0x000000001e6a1800 nmethod 1897 0x00000000033f3590 code [0x00000000033f3700, 0x00000000033f3928]
Event: 14.515 Thread 0x000000001e6a5000 nmethod 1894 0x00000000033f2e90 code [0x00000000033f3020, 0x00000000033f3478]
Event: 14.515 Thread 0x000000001e6a5800 nmethod 1895 0x00000000033fcf10 code [0x00000000033fd0a0, 0x00000000033fd568]
Event: 14.518 Thread 0x000000001e5e8000 1898       4       java.util.ArrayList$Itr::<init> (6 bytes)
Event: 14.518 Thread 0x000000001e69d800 1899       4       java.util.LinkedHashMap$LinkedValueIterator::next (8 bytes)
Event: 14.519 Thread 0x000000001e69a800 1901       4       org.apache.maven.model.Dependency::getManagementKey (94 bytes)
Event: 14.519 Thread 0x000000001e5ea000 1900       4       java.util.HashMap::containsKey (18 bytes)
Event: 14.519 Thread 0x000000001e5e8000 nmethod 1898 0x0000000003400350 code [0x0000000003400480, 0x0000000003400518]
Event: 14.519 Thread 0x000000001e6a1800 1902       3       org.apache.maven.model.validation.DefaultModelValidator::validateEffectiveDependency (616 bytes)
Event: 14.519 Thread 0x000000001e69d800 nmethod 1899 0x00000000033feb50 code [0x00000000033fec80, 0x00000000033fed58]

GC Heap History (2 events):
Event: 10.037 GC heap before
{Heap before GC invocations=1 (full 0):
 PSYoungGen      total 76288K, used 65536K [0x000000076b000000, 0x0000000770500000, 0x00000007c0000000)
  eden space 65536K, 100% used [0x000000076b000000,0x000000076f000000,0x000000076f000000)
  from space 10752K, 0% used [0x000000076fa80000,0x000000076fa80000,0x0000000770500000)
  to   space 10752K, 0% used [0x000000076f000000,0x000000076f000000,0x000000076fa80000)
 ParOldGen       total 175104K, used 0K [0x00000006c1000000, 0x00000006cbb00000, 0x000000076b000000)
  object space 175104K, 0% used [0x00000006c1000000,0x00000006c1000000,0x00000006cbb00000)
 Metaspace       used 11807K, capacity 11966K, committed 12160K, reserved 1060864K
  class space    used 1437K, capacity 1542K, committed 1664K, reserved 1048576K
Event: 10.103 GC heap after
Heap after GC invocations=1 (full 0):
 PSYoungGen      total 76288K, used 10096K [0x000000076b000000, 0x0000000770500000, 0x00000007c0000000)
  eden space 65536K, 0% used [0x000000076b000000,0x000000076b000000,0x000000076f000000)
  from space 10752K, 93% used [0x000000076f000000,0x000000076f9dc2a0,0x000000076fa80000)
  to   space 10752K, 0% used [0x000000076fa80000,0x000000076fa80000,0x0000000770500000)
 ParOldGen       total 175104K, used 16K [0x00000006c1000000, 0x00000006cbb00000, 0x000000076b000000)
  object space 175104K, 0% used [0x00000006c1000000,0x00000006c1004000,0x00000006cbb00000)
 Metaspace       used 11807K, capacity 11966K, committed 12160K, reserved 1060864K
  class space    used 1437K, capacity 1542K, committed 1664K, reserved 1048576K
}

Deoptimization events (10 events):
Event: 11.693 Thread 0x000000000258e000 Uncommon trap: reason=unstable_if action=reinterpret pc=0x000000000325f4e0 method=org.eclipse.sisu.inject.InjectorBindings.isAssignableFrom(Lcom/google/inject/TypeLiteral;Lcom/google/inject/Binding;)Z @ 14
Event: 11.710 Thread 0x000000000258e000 Uncommon trap: reason=unstable_if action=reinterpret pc=0x0000000002fc8a40 method=sun.misc.MetaIndex.mayContain(Ljava/lang/String;)Z @ 38
Event: 12.859 Thread 0x000000000258e000 Uncommon trap: reason=unstable_if action=reinterpret pc=0x000000000305b530 method=sun.nio.cs.UTF_8$Decoder.decodeArrayLoop(Ljava/nio/ByteBuffer;Ljava/nio/CharBuffer;)Ljava/nio/charset/CoderResult; @ 84
Event: 12.866 Thread 0x000000000258e000 Uncommon trap: reason=unstable_if action=reinterpret pc=0x0000000002fe881c method=java.lang.AbstractStringBuilder.append(Ljava/lang/String;)Ljava/lang/AbstractStringBuilder; @ 1
Event: 13.062 Thread 0x000000000258e000 Uncommon trap: reason=unstable_if action=reinterpret pc=0x0000000002fa8bc8 method=java.lang.AbstractStringBuilder.append(Ljava/lang/String;)Ljava/lang/AbstractStringBuilder; @ 1
Event: 13.095 Thread 0x000000000258e000 Uncommon trap: reason=unstable_if action=reinterpret pc=0x0000000002f6ede4 method=java.lang.String.replace(CC)Ljava/lang/String; @ 2
Event: 13.600 Thread 0x000000000258e000 Uncommon trap: reason=predicate action=maybe_recompile pc=0x000000000330676c method=sun.misc.Resource.getBytes()[B @ 53
Event: 14.026 Thread 0x000000000258e000 Uncommon trap: reason=unstable_if action=reinterpret pc=0x000000000333851c method=org.codehaus.plexus.util.xml.pull.MXParser.nextImpl()I @ 879
Event: 14.137 Thread 0x000000000258e000 Uncommon trap: reason=null_check action=make_not_entrant pc=0x00000000033bb7a8 method=org.apache.maven.model.io.xpp3.MavenXpp3ReaderEx.checkFieldWithDuplicate(Lorg/codehaus/plexus/util/xml/pull/XmlPullParser;Ljava/lang/String;Ljava/lang/String;Ljava/util/
Event: 14.404 Thread 0x000000000258e000 Uncommon trap: reason=unstable_if action=reinterpret pc=0x0000000003177118 method=java.lang.String.regionMatches(ZILjava/lang/String;II)Z @ 25

Internal exceptions (10 events):
Event: 10.947 Thread 0x000000000258e000 Exception <a 'java/lang/NoClassDefFoundError': javax/annotation/Priority> (0x000000076bd15cb0) thrown at [C:\re\workspace\8-2-build-windows-amd64-cygwin\jdk8u131\8869\hotspot\src\share\vm\classfile\systemDictionary.cpp, line 199]
Event: 12.612 Thread 0x000000000258e000 Exception <a 'java/lang/NullPointerException'> (0x000000076c97de60) thrown at [C:\re\workspace\8-2-build-windows-amd64-cygwin\jdk8u131\8869\hotspot\src\share\vm\interpreter\linkResolver.cpp, line 1197]
Event: 12.612 Thread 0x000000000258e000 Exception <a 'java/lang/NullPointerException'> (0x000000076c97e078) thrown at [C:\re\workspace\8-2-build-windows-amd64-cygwin\jdk8u131\8869\hotspot\src\share\vm\interpreter\linkResolver.cpp, line 1197]
Event: 12.612 Thread 0x000000000258e000 Exception <a 'java/lang/NullPointerException'> (0x000000076c97e290) thrown at [C:\re\workspace\8-2-build-windows-amd64-cygwin\jdk8u131\8869\hotspot\src\share\vm\interpreter\linkResolver.cpp, line 1197]
Event: 12.614 Thread 0x000000000258e000 Exception <a 'java/lang/NullPointerException'> (0x000000076c986188) thrown at [C:\re\workspace\8-2-build-windows-amd64-cygwin\jdk8u131\8869\hotspot\src\share\vm\interpreter\linkResolver.cpp, line 1197]
Event: 12.614 Thread 0x000000000258e000 Exception <a 'java/lang/NullPointerException'> (0x000000076c9863a0) thrown at [C:\re\workspace\8-2-build-windows-amd64-cygwin\jdk8u131\8869\hotspot\src\share\vm\interpreter\linkResolver.cpp, line 1197]
Event: 12.614 Thread 0x000000000258e000 Exception <a 'java/lang/NullPointerException'> (0x000000076c9865b8) thrown at [C:\re\workspace\8-2-build-windows-amd64-cygwin\jdk8u131\8869\hotspot\src\share\vm\interpreter\linkResolver.cpp, line 1197]
Event: 12.866 Thread 0x000000000258e000 Implicit null exception at 0x0000000002fe8454 to 0x0000000002fe8805
Event: 13.062 Thread 0x000000000258e000 Implicit null exception at 0x0000000002fa8816 to 0x0000000002fa8bb1
Event: 14.137 Thread 0x000000000258e000 Implicit null exception at 0x00000000033ba49f to 0x00000000033bb791

Events (10 events):
Event: 14.148 loading class org/apache/maven/model/ActivationFile
Event: 14.148 loading class org/apache/maven/model/ActivationFile done
Event: 14.404 Thread 0x000000000258e000 Uncommon trap: trap_request=0xffffff65 fr.pc=0x0000000003177118
Event: 14.404 Thread 0x000000000258e000 DEOPT PACKING pc=0x0000000003177118 sp=0x0000000002ade1c0
Event: 14.404 Thread 0x000000000258e000 DEOPT UNPACKING pc=0x0000000002c2582a sp=0x0000000002ade148 mode 2
Event: 14.507 Thread 0x000000001e6a2000 flushing nmethod 0x0000000002d7d410
Event: 14.515 loading class org/apache/maven/lifecycle/mapping/DefaultLifecycleMapping
Event: 14.515 loading class org/apache/maven/lifecycle/mapping/DefaultLifecycleMapping done
Event: 14.518 loading class java/util/ArrayList$1
Event: 14.518 loading class java/util/ArrayList$1 done


Dynamic libraries:
0x00007ff7b82c0000 - 0x00007ff7b82f7000 	E:\developer_tools\Java\jdk1.8.0_131\bin\java.exe
0x00007ffcf3aa0000 - 0x00007ffcf3c8d000 	C:\Windows\SYSTEM32\ntdll.dll
0x00007ffcf0cd0000 - 0x00007ffcf0d83000 	C:\Windows\System32\KERNEL32.DLL
0x00007ffcf0890000 - 0x00007ffcf0b23000 	C:\Windows\System32\KERNELBASE.dll
0x00007ffcf1790000 - 0x00007ffcf1833000 	C:\Windows\System32\ADVAPI32.DLL
0x00007ffcf2d30000 - 0x00007ffcf2dce000 	C:\Windows\System32\msvcrt.dll
0x00007ffcf0d90000 - 0x00007ffcf0e2e000 	C:\Windows\System32\sechost.dll
0x00007ffcf15b0000 - 0x00007ffcf16d3000 	C:\Windows\System32\RPCRT4.dll
0x00007ffcf1410000 - 0x00007ffcf15a7000 	C:\Windows\System32\USER32.dll
0x00007ffcefb70000 - 0x00007ffcefb90000 	C:\Windows\System32\win32u.dll
0x00007ffcf3410000 - 0x00007ffcf3439000 	C:\Windows\System32\GDI32.dll
0x00007ffcf0b30000 - 0x00007ffcf0cca000 	C:\Windows\System32\gdi32full.dll
0x00007ffcefbf0000 - 0x00007ffcefc90000 	C:\Windows\System32\msvcp_win.dll
0x00007ffcf06c0000 - 0x00007ffcf07bc000 	C:\Windows\System32\ucrtbase.dll
0x00007ffce6150000 - 0x00007ffce63c9000 	C:\Windows\WinSxS\amd64_microsoft.windows.common-controls_6595b64144ccf1df_6.0.17763.107_none_05b63884071e656e\COMCTL32.dll
0x00007ffcf10d0000 - 0x00007ffcf13fe000 	C:\Windows\System32\combase.dll
0x00007ffcf07c0000 - 0x00007ffcf083e000 	C:\Windows\System32\bcryptPrimitives.dll
0x00007ffcf16e0000 - 0x00007ffcf170e000 	C:\Windows\System32\IMM32.DLL
0x0000000068550000 - 0x0000000068622000 	E:\developer_tools\Java\jdk1.8.0_131\jre\bin\msvcr100.dll
0x0000000067cb0000 - 0x000000006854c000 	E:\developer_tools\Java\jdk1.8.0_131\jre\bin\server\jvm.dll
0x00007ffcf37f0000 - 0x00007ffcf37f8000 	C:\Windows\System32\PSAPI.DLL
0x00007ffce5010000 - 0x00007ffce5019000 	C:\Windows\SYSTEM32\WSOCK32.dll
0x00007ffcf1060000 - 0x00007ffcf10cd000 	C:\Windows\System32\WS2_32.dll
0x00007ffcedc90000 - 0x00007ffcedcb4000 	C:\Windows\SYSTEM32\WINMM.dll
0x00007ffceafe0000 - 0x00007ffceafea000 	C:\Windows\SYSTEM32\VERSION.dll
0x00007ffcedb40000 - 0x00007ffcedb6d000 	C:\Windows\SYSTEM32\WINMMBASE.dll
0x00007ffcf0670000 - 0x00007ffcf06ba000 	C:\Windows\System32\cfgmgr32.dll
0x0000000067ca0000 - 0x0000000067caf000 	E:\developer_tools\Java\jdk1.8.0_131\jre\bin\verify.dll
0x0000000067c70000 - 0x0000000067c99000 	E:\developer_tools\Java\jdk1.8.0_131\jre\bin\java.dll
0x0000000067c50000 - 0x0000000067c66000 	E:\developer_tools\Java\jdk1.8.0_131\jre\bin\zip.dll
0x00007ffcf1840000 - 0x00007ffcf2d2f000 	C:\Windows\System32\SHELL32.dll
0x00007ffcf2ee0000 - 0x00007ffcf2f88000 	C:\Windows\System32\shcore.dll
0x00007ffcefc90000 - 0x00007ffcf03d8000 	C:\Windows\System32\windows.storage.dll
0x00007ffcefac0000 - 0x00007ffcefae4000 	C:\Windows\System32\profapi.dll
0x00007ffcefb10000 - 0x00007ffcefb6d000 	C:\Windows\System32\powrprof.dll
0x00007ffcf3440000 - 0x00007ffcf3492000 	C:\Windows\System32\shlwapi.dll
0x00007ffcefaf0000 - 0x00007ffcefb01000 	C:\Windows\System32\kernel.appcore.dll
0x00007ffcf0870000 - 0x00007ffcf0887000 	C:\Windows\System32\cryptsp.dll
0x00007ffceee90000 - 0x00007ffceeec3000 	C:\Windows\system32\rsaenh.dll
0x00007ffcf0840000 - 0x00007ffcf0866000 	C:\Windows\System32\bcrypt.dll
0x00007ffcef9a0000 - 0x00007ffcef9c8000 	C:\Windows\SYSTEM32\USERENV.dll
0x00007ffcef500000 - 0x00007ffcef50c000 	C:\Windows\SYSTEM32\CRYPTBASE.dll
0x0000000067c30000 - 0x0000000067c4a000 	E:\developer_tools\Java\jdk1.8.0_131\jre\bin\net.dll
0x00007ffcef330000 - 0x00007ffcef397000 	C:\Windows\system32\mswsock.dll
0x00007ffcef090000 - 0x00007ffcef0cd000 	C:\Windows\SYSTEM32\IPHLPAPI.DLL
0x00007ffcf3a60000 - 0x00007ffcf3a68000 	C:\Windows\System32\NSI.dll
0x00007ffce9d70000 - 0x00007ffce9d86000 	C:\Windows\SYSTEM32\dhcpcsvc6.DLL
0x00007ffce9d50000 - 0x00007ffce9d6c000 	C:\Windows\SYSTEM32\dhcpcsvc.DLL
0x00007ffcef0d0000 - 0x00007ffcef196000 	C:\Windows\SYSTEM32\DNSAPI.dll
0x0000000067c10000 - 0x0000000067c21000 	E:\developer_tools\Java\jdk1.8.0_131\jre\bin\nio.dll
0x00007ffcd67e0000 - 0x00007ffcd67ea000 	C:\Users\Administrator\AppData\Local\Temp\jansi-1.17.1-3966812556529992652.dll
0x00007ffcd64e0000 - 0x00007ffcd64ea000 	C:\Users\Administrator\AppData\Local\Temp\jansi-1.17.1-682899938385426331.dll

VM Arguments:
jvm_args: -Dmaven.multiModuleProjectDirectory=F:\IdeaProjects\gmall20190311\gmall-item-web -Dmaven.home=E:\developer_tools\IntelliJ IDEA 2020.1.3\plugins\maven\lib\maven3 -Dclassworlds.conf=E:\developer_tools\IntelliJ IDEA 2020.1.3\plugins\maven\lib\maven3\bin\m2.conf -Dmaven.ext.class.path=E:\developer_tools\IntelliJ IDEA 2020.1.3\plugins\maven\lib\maven-event-listener.jar -Dfile.encoding=UTF-8 
java_command: org.codehaus.classworlds.Launcher -Didea.version=2020.2 -s E:\developer_tools\apache-maven\apache-maven-3.3.9\conf\settings.xml compile
java_class_path (initial): E:\developer_tools\IntelliJ IDEA 2020.1.3\plugins\maven\lib\maven3\boot\plexus-classworlds-2.6.0.jar;E:\developer_tools\IntelliJ IDEA 2020.1.3\plugins\maven\lib\maven3\boot\plexus-classworlds.license
Launcher Type: SUN_STANDARD

Environment Variables:
JAVA_HOME=E:\developer_tools\Java\jdk1.8.0_131
PATH=E:\developer_tools\Java\jdk1.8.0_131\bin;C:\Windows\system32;C:\Windows;C:\Windows\System32\Wbem;C:\Windows\System32\WindowsPowerShell\v1.0\;C:\Program Files\IDM Computer Solutions\UltraEdit;E:\developer_tools\apache-tomcat\apache-tomcat-8.5.24\bin;E:\developer_tools\apache-maven\apache-maven-3.3.9\bin;E:\developer_tools\MySQL\MySQLServer5.5\bin;E:\developer_tools\gradle\gradle-6.5.1\bin;E:\developer_tools\VisualSVNServer\\bin;E:\developer_tools\UltraEdit;E:\developer_tools\TortoiseGit\bin;C:\Program Files\nodejs\;E:\developer_tools\Git\bin;E:\developer_tools\Git\mingw64\libexec\git-core;C:\Users\Administrator\AppData\Local\Microsoft\WindowsApps;;E:\developer_tools\IntelliJ IDEA 2020.1.3\bin;;E:\developer_tools\Microsoft VS Code\bin;C:\Users\Administrator\AppData\Roaming\npm
USERNAME=Administrator
OS=Windows_NT
PROCESSOR_IDENTIFIER=Intel64 Family 6 Model 45 Stepping 7, GenuineIntel



---------------  S Y S T E M  ---------------

OS: Windows 10.0 , 64 bit Build 17763 (10.0.17763.1)

CPU:total 16 (initial active 16) (8 cores per cpu, 2 threads per core) family 6 model 45 stepping 7, cmov, cx8, fxsr, mmx, sse, sse2, sse3, ssse3, sse4.1, sse4.2, popcnt, avx, aes, clmul, ht, tsc, tscinvbit, tscinv

Memory: 4k page, physical 16708572k(4813044k free), swap 29816024k(88k free)

vm_info: Java HotSpot(TM) 64-Bit Server VM (25.131-b11) for windows-amd64 JRE (1.8.0_131-b11), built on Mar 15 2017 01:23:53 by "java_re" with MS VC++ 10.0 (VS2010)

time: Mon Nov 02 11:36:54 2020
elapsed time: 14 seconds (0d 0h 0m 14s)

