#
# There is insufficient memory for the Java Runtime Environment to continue.
# Native memory allocation (malloc) failed to allocate 32744 bytes for ChunkPool::allocate
# Possible reasons:
#   The system is out of physical RAM or swap space
#   In 32 bit mode, the process size limit was hit
# Possible solutions:
#   Reduce memory load on the system
#   Increase physical memory or swap space
#   Check if swap backing store is full
#   Use 64 bit Java on a 64 bit OS
#   Decrease Java heap size (-Xmx/-Xms)
#   Decrease number of Java threads
#   Decrease Java thread stack sizes (-Xss)
#   Set larger code cache with -XX:ReservedCodeCacheSize=
# This output file may be truncated or incomplete.
#
#  Out of Memory Error (allocation.cpp:273), pid=1828, tid=0x000000000000212c
#
# JRE version: Java(TM) SE Runtime Environment (8.0_131-b11) (build 1.8.0_131-b11)
# Java VM: Java HotSpot(TM) 64-Bit Server VM (25.131-b11 mixed mode windows-amd64 compressed oops)
# Failed to write core dump. Minidumps are not enabled by default on client versions of Windows
#

---------------  T H R E A D  ---------------

Current thread (0x000000001efdc000):  JavaThread "C2 CompilerThread7" daemon [_thread_in_native, id=8492, stack(0x0000000021180000,0x0000000021280000)]

Stack: [0x0000000021180000,0x0000000021280000]
[error occurred during error reporting (printing stack bounds), id 0xc0000005]

Native frames: (J=compiled Java code, j=interpreted, Vv=VM code, C=native code)


Current CompileTask:
C2:  14510 3225   !   4       java.net.URLClassLoader$1::run (63 bytes)


---------------  P R O C E S S  ---------------

Java Threads: ( => current thread )
  0x000000001f06b000 JavaThread "Service Thread" daemon [_thread_blocked, id=8208, stack(0x0000000021780000,0x0000000021880000)]
  0x000000001efdf000 JavaThread "C1 CompilerThread11" daemon [_thread_in_native, id=15996, stack(0x0000000021680000,0x0000000021780000)]
  0x000000001efdd000 JavaThread "C1 CompilerThread10" daemon [_thread_in_native, id=12304, stack(0x0000000021580000,0x0000000021680000)]
  0x000000001efe3000 JavaThread "C1 CompilerThread9" daemon [_thread_in_native, id=7136, stack(0x0000000021480000,0x0000000021580000)]
  0x000000001efde800 JavaThread "C1 CompilerThread8" daemon [_thread_in_vm, id=9140, stack(0x0000000021280000,0x0000000021380000)]
=>0x000000001efdc000 JavaThread "C2 CompilerThread7" daemon [_thread_in_native, id=8492, stack(0x0000000021180000,0x0000000021280000)]
  0x000000001efe0000 JavaThread "C2 CompilerThread6" daemon [_thread_blocked, id=10184, stack(0x0000000021080000,0x0000000021180000)]
  0x000000001efe0800 JavaThread "C2 CompilerThread5" daemon [_thread_blocked, id=3388, stack(0x0000000020f80000,0x0000000021080000)]
  0x000000001efc3800 JavaThread "C2 CompilerThread4" daemon [_thread_blocked, id=9072, stack(0x0000000020e80000,0x0000000020f80000)]
  0x000000001ef8a800 JavaThread "C2 CompilerThread3" daemon [_thread_blocked, id=7900, stack(0x0000000020d80000,0x0000000020e80000)]
  0x000000001ef88000 JavaThread "C2 CompilerThread2" daemon [_thread_blocked, id=4224, stack(0x0000000020c80000,0x0000000020d80000)]
  0x000000001ef83800 JavaThread "C2 CompilerThread1" daemon [_thread_blocked, id=3292, stack(0x0000000020b80000,0x0000000020c80000)]
  0x000000001ef28000 JavaThread "C2 CompilerThread0" daemon [_thread_in_native, id=752, stack(0x0000000020a80000,0x0000000020b80000)]
  0x000000001ef83000 JavaThread "Attach Listener" daemon [_thread_blocked, id=14828, stack(0x0000000020980000,0x0000000020a80000)]
  0x000000001ef7d800 JavaThread "Signal Dispatcher" daemon [_thread_blocked, id=10456, stack(0x0000000020880000,0x0000000020980000)]
  0x000000001d499000 JavaThread "Finalizer" daemon [_thread_blocked, id=16764, stack(0x0000000020780000,0x0000000020880000)]
  0x000000001d490000 JavaThread "Reference Handler" daemon [_thread_blocked, id=1876, stack(0x0000000020680000,0x0000000020780000)]
  0x000000000340e000 JavaThread "main" [_thread_in_native, id=14732, stack(0x0000000003210000,0x0000000003310000)]

Other Threads:
  0x000000001eee4800 VMThread [stack: 0x0000000020580000,0x0000000020680000] [id=14316]
  0x000000001f0aa000 WatcherThread [stack: 0x0000000021880000,0x0000000021980000] [id=15268]

VM state:not at safepoint (normal execution)

VM Mutex/Monitor currently owned by a thread: None

Heap:
 PSYoungGen      total 141824K, used 66763K [0x000000076b000000, 0x0000000774500000, 0x00000007c0000000)
  eden space 131072K, 42% used [0x000000076b000000,0x000000076e6b7e98,0x0000000773000000)
  from space 10752K, 99% used [0x0000000773a80000,0x00000007744fae20,0x0000000774500000)
  to   space 10752K, 0% used [0x0000000773000000,0x0000000773000000,0x0000000773a80000)
 ParOldGen       total 175104K, used 1889K [0x00000006c1000000, 0x00000006cbb00000, 0x000000076b000000)
  object space 175104K, 1% used [0x00000006c1000000,0x00000006c11d87f8,0x00000006cbb00000)
 Metaspace       used 16735K, capacity 17038K, committed 17408K, reserved 1064960K
  class space    used 1936K, capacity 2014K, committed 2048K, reserved 1048576K

Card table byte_map: [0x00000000128d0000,0x00000000130d0000] byte_map_base: 0x000000000f2c8000

Marking Bits: (ParMarkBitMap*) 0x00000000684cc720
 Begin Bits: [0x0000000014320000, 0x00000000182e0000)
 End Bits:   [0x00000000182e0000, 0x000000001c2a0000)

Polling page: 0x0000000002e00000

CodeCache: size=245760Kb used=13001Kb max_used=13001Kb free=232758Kb
 bounds [0x0000000003510000, 0x00000000041d0000, 0x0000000012510000]
 total_blobs=3641 nmethods=3262 adapters=288
 compilation: enabled

Compilation events (10 events):
Event: 14.504 Thread 0x000000001efdf000 nmethod 3242 0x00000000041b6e10 code [0x00000000041b6fa0, 0x00000000041b7610]
Event: 14.504 Thread 0x000000001efdf000 3248       3       org.eclipse.aether.repository.LocalArtifactResult::<init> (18 bytes)
Event: 14.504 Thread 0x000000001efde800 nmethod 3240 0x00000000041b77d0 code [0x00000000041b7980, 0x00000000041b7f88]
Event: 14.504 Thread 0x000000001efde800 3249       3       org.eclipse.aether.repository.LocalArtifactResult::setFile (7 bytes)
Event: 14.505 Thread 0x000000001efde800 nmethod 3249 0x00000000041b8210 code [0x00000000041b8360, 0x00000000041b84d0]
Event: 14.505 Thread 0x000000001efde800 3250       3       org.eclipse.aether.internal.impl.EnhancedLocalRepositoryManager::readRepos (31 bytes)
Event: 14.505 Thread 0x000000001efdf000 nmethod 3248 0x00000000041b8550 code [0x00000000041b86e0, 0x00000000041b8a08]
Event: 14.505 Thread 0x000000001efdf000 3251       3       org.eclipse.aether.internal.impl.EnhancedLocalRepositoryManager::getTrackingFile (16 bytes)
Event: 14.505 Thread 0x000000001efdf000 nmethod 3251 0x00000000041b8b90 code [0x00000000041b8d20, 0x00000000041b9178]
Event: 14.506 Thread 0x000000001efde800 nmethod 3250 0x00000000041b9390 code [0x00000000041b95a0, 0x00000000041b9cf8]

GC Heap History (4 events):
Event: 2.071 GC heap before
{Heap before GC invocations=1 (full 0):
 PSYoungGen      total 76288K, used 65536K [0x000000076b000000, 0x0000000770500000, 0x00000007c0000000)
  eden space 65536K, 100% used [0x000000076b000000,0x000000076f000000,0x000000076f000000)
  from space 10752K, 0% used [0x000000076fa80000,0x000000076fa80000,0x0000000770500000)
  to   space 10752K, 0% used [0x000000076f000000,0x000000076f000000,0x000000076fa80000)
 ParOldGen       total 175104K, used 0K [0x00000006c1000000, 0x00000006cbb00000, 0x000000076b000000)
  object space 175104K, 0% used [0x00000006c1000000,0x00000006c1000000,0x00000006cbb00000)
 Metaspace       used 11774K, capacity 11966K, committed 12160K, reserved 1060864K
  class space    used 1431K, capacity 1542K, committed 1664K, reserved 1048576K
Event: 2.120 GC heap after
Heap after GC invocations=1 (full 0):
 PSYoungGen      total 76288K, used 9997K [0x000000076b000000, 0x0000000774500000, 0x00000007c0000000)
  eden space 65536K, 0% used [0x000000076b000000,0x000000076b000000,0x000000076f000000)
  from space 10752K, 92% used [0x000000076f000000,0x000000076f9c3488,0x000000076fa80000)
  to   space 10752K, 0% used [0x0000000773a80000,0x0000000773a80000,0x0000000774500000)
 ParOldGen       total 175104K, used 8K [0x00000006c1000000, 0x00000006cbb00000, 0x000000076b000000)
  object space 175104K, 0% used [0x00000006c1000000,0x00000006c1002000,0x00000006cbb00000)
 Metaspace       used 11774K, capacity 11966K, committed 12160K, reserved 1060864K
  class space    used 1431K, capacity 1542K, committed 1664K, reserved 1048576K
}
Event: 5.503 GC heap before
{Heap before GC invocations=2 (full 0):
 PSYoungGen      total 76288K, used 75533K [0x000000076b000000, 0x0000000774500000, 0x00000007c0000000)
  eden space 65536K, 100% used [0x000000076b000000,0x000000076f000000,0x000000076f000000)
  from space 10752K, 92% used [0x000000076f000000,0x000000076f9c3488,0x000000076fa80000)
  to   space 10752K, 0% used [0x0000000773a80000,0x0000000773a80000,0x0000000774500000)
 ParOldGen       total 175104K, used 8K [0x00000006c1000000, 0x00000006cbb00000, 0x000000076b000000)
  object space 175104K, 0% used [0x00000006c1000000,0x00000006c1002000,0x00000006cbb00000)
 Metaspace       used 16104K, capacity 16306K, committed 16640K, reserved 1064960K
  class space    used 1914K, capacity 2010K, committed 2048K, reserved 1048576K
Event: 5.751 GC heap after
Heap after GC invocations=2 (full 0):
 PSYoungGen      total 141824K, used 10731K [0x000000076b000000, 0x0000000774500000, 0x00000007c0000000)
  eden space 131072K, 0% used [0x000000076b000000,0x000000076b000000,0x0000000773000000)
  from space 10752K, 99% used [0x0000000773a80000,0x00000007744fae20,0x0000000774500000)
  to   space 10752K, 0% used [0x0000000773000000,0x0000000773000000,0x0000000773a80000)
 ParOldGen       total 175104K, used 1889K [0x00000006c1000000, 0x00000006cbb00000, 0x000000076b000000)
  object space 175104K, 1% used [0x00000006c1000000,0x00000006c11d87f8,0x00000006cbb00000)
 Metaspace       used 16104K, capacity 16306K, committed 16640K, reserved 1064960K
  class space    used 1914K, capacity 2010K, committed 2048K, reserved 1048576K
}

Deoptimization events (10 events):
Event: 9.626 Thread 0x000000000340e000 Uncommon trap: reason=class_check action=maybe_recompile pc=0x0000000003fdbd20 method=org.apache.maven.model.merge.ModelMerger$DependencyKeyComputer.key(Lorg/apache/maven/model/Dependency;)Ljava/lang/Object; @ 5
Event: 9.626 Thread 0x000000000340e000 Uncommon trap: reason=class_check action=maybe_recompile pc=0x0000000003fdbd20 method=org.apache.maven.model.merge.ModelMerger$DependencyKeyComputer.key(Lorg/apache/maven/model/Dependency;)Ljava/lang/Object; @ 5
Event: 9.627 Thread 0x000000000340e000 Uncommon trap: reason=unstable_if action=reinterpret pc=0x0000000003f7f0d0 method=org.apache.maven.model.validation.DefaultModelValidator.validateEffectiveDependency(Lorg/apache/maven/model/building/ModelProblemCollector;Lorg/apache/maven/model/Dependency
Event: 9.627 Thread 0x000000000340e000 Uncommon trap: reason=unstable_if action=reinterpret pc=0x00000000040dbb54 method=org.apache.maven.repository.internal.ArtifactDescriptorReaderDelegate.convert(Lorg/apache/maven/model/Dependency;Lorg/eclipse/aether/artifact/ArtifactTypeRegistry;)Lorg/ecli
Event: 9.633 Thread 0x000000000340e000 Uncommon trap: reason=unstable_if action=reinterpret pc=0x0000000003d1569c method=java.util.LinkedHashMap.afterNodeInsertion(Z)V @ 18
Event: 9.636 Thread 0x000000000340e000 Uncommon trap: reason=unstable_if action=reinterpret pc=0x00000000040b9300 method=org.codehaus.plexus.util.xml.pull.MXParser.parseAttribute()C @ 762
Event: 12.432 Thread 0x000000000340e000 Uncommon trap: reason=unstable_if action=reinterpret pc=0x0000000003ab4864 method=java.util.HashMap.hash(Ljava/lang/Object;)I @ 1
Event: 12.435 Thread 0x000000000340e000 Uncommon trap: reason=unstable_if action=reinterpret pc=0x0000000003961ee8 method=java.util.HashMap.hash(Ljava/lang/Object;)I @ 1
Event: 12.435 Thread 0x000000000340e000 Uncommon trap: reason=unstable_if action=reinterpret pc=0x0000000003ab6804 method=java.util.HashMap.getNode(ILjava/lang/Object;)Ljava/util/HashMap$Node; @ 53
Event: 14.489 Thread 0x000000000340e000 Uncommon trap: reason=unstable_if action=reinterpret pc=0x000000000411b3e4 method=org.eclipse.aether.graph.Dependency$Exclusions.copy(Ljava/util/Collection;)Ljava/util/Set; @ 1

Internal exceptions (10 events):
Event: 3.291 Thread 0x000000000340e000 Exception <a 'java/lang/NullPointerException'> (0x000000076c885388) thrown at [C:\re\workspace\8-2-build-windows-amd64-cygwin\jdk8u131\8869\hotspot\src\share\vm\interpreter\linkResolver.cpp, line 1197]
Event: 3.423 Thread 0x000000000340e000 Implicit null exception at 0x0000000003917899 to 0x0000000003917c41
Event: 3.423 Thread 0x000000000340e000 Implicit null exception at 0x00000000038dfbd6 to 0x00000000038dff71
Event: 3.738 Thread 0x000000000340e000 Implicit null exception at 0x0000000003d5f23b to 0x0000000003d5f47d
Event: 4.111 Thread 0x000000000340e000 Implicit null exception at 0x0000000003e0353b to 0x0000000003e0377d
Event: 5.461 Thread 0x000000000340e000 Implicit null exception at 0x0000000003f2bda0 to 0x0000000003f2d791
Event: 8.466 Thread 0x000000000340e000 Implicit null exception at 0x0000000003f75c67 to 0x0000000003f773b1
Event: 12.432 Thread 0x000000000340e000 Implicit null exception at 0x0000000003ab4655 to 0x0000000003ab4855
Event: 12.435 Thread 0x000000000340e000 Implicit null exception at 0x0000000003961e6f to 0x0000000003961ed9
Event: 14.489 Thread 0x000000000340e000 Implicit null exception at 0x000000000411ad88 to 0x000000000411b3c1

Events (10 events):
Event: 14.485 loading class org/apache/maven/plugin/DefaultPluginRealmCache$CacheKey done
Event: 14.486 loading class org/apache/maven/plugin/CacheUtils
Event: 14.486 loading class org/apache/maven/plugin/CacheUtils done
Event: 14.487 loading class org/apache/maven/plugin/internal/PlexusUtilsInjector
Event: 14.487 loading class org/apache/maven/plugin/internal/PlexusUtilsInjector done
Event: 14.488 loading class org/apache/maven/plugin/internal/WagonExcluder
Event: 14.488 loading class org/apache/maven/plugin/internal/WagonExcluder done
Event: 14.489 Thread 0x000000000340e000 Uncommon trap: trap_request=0xffffff65 fr.pc=0x000000000411b3e4
Event: 14.489 Thread 0x000000000340e000 DEOPT PACKING pc=0x000000000411b3e4 sp=0x000000000330da50
Event: 14.489 Thread 0x000000000340e000 DEOPT UNPACKING pc=0x000000000355582a sp=0x000000000330d9e8 mode 2


Dynamic libraries:
0x00007ff7b82c0000 - 0x00007ff7b82f7000 	E:\developer_tools\Java\jdk1.8.0_131\bin\java.exe
0x00007ffcf3aa0000 - 0x00007ffcf3c8d000 	C:\Windows\SYSTEM32\ntdll.dll
0x00007ffcf0cd0000 - 0x00007ffcf0d83000 	C:\Windows\System32\KERNEL32.DLL
0x00007ffcf0890000 - 0x00007ffcf0b23000 	C:\Windows\System32\KERNELBASE.dll
0x00007ffcf1790000 - 0x00007ffcf1833000 	C:\Windows\System32\ADVAPI32.DLL
0x00007ffcf2d30000 - 0x00007ffcf2dce000 	C:\Windows\System32\msvcrt.dll
0x00007ffcf0d90000 - 0x00007ffcf0e2e000 	C:\Windows\System32\sechost.dll
0x00007ffcf15b0000 - 0x00007ffcf16d3000 	C:\Windows\System32\RPCRT4.dll
0x00007ffcf1410000 - 0x00007ffcf15a7000 	C:\Windows\System32\USER32.dll
0x00007ffcefb70000 - 0x00007ffcefb90000 	C:\Windows\System32\win32u.dll
0x00007ffcf3410000 - 0x00007ffcf3439000 	C:\Windows\System32\GDI32.dll
0x00007ffcf0b30000 - 0x00007ffcf0cca000 	C:\Windows\System32\gdi32full.dll
0x00007ffcefbf0000 - 0x00007ffcefc90000 	C:\Windows\System32\msvcp_win.dll
0x00007ffcf06c0000 - 0x00007ffcf07bc000 	C:\Windows\System32\ucrtbase.dll
0x00007ffce6150000 - 0x00007ffce63c9000 	C:\Windows\WinSxS\amd64_microsoft.windows.common-controls_6595b64144ccf1df_6.0.17763.107_none_05b63884071e656e\COMCTL32.dll
0x00007ffcf10d0000 - 0x00007ffcf13fe000 	C:\Windows\System32\combase.dll
0x00007ffcf07c0000 - 0x00007ffcf083e000 	C:\Windows\System32\bcryptPrimitives.dll
0x00007ffcf16e0000 - 0x00007ffcf170e000 	C:\Windows\System32\IMM32.DLL
0x0000000068550000 - 0x0000000068622000 	E:\developer_tools\Java\jdk1.8.0_131\jre\bin\msvcr100.dll
0x0000000067cb0000 - 0x000000006854c000 	E:\developer_tools\Java\jdk1.8.0_131\jre\bin\server\jvm.dll
0x00007ffcf37f0000 - 0x00007ffcf37f8000 	C:\Windows\System32\PSAPI.DLL
0x00007ffcedc90000 - 0x00007ffcedcb4000 	C:\Windows\SYSTEM32\WINMM.dll
0x00007ffce5010000 - 0x00007ffce5019000 	C:\Windows\SYSTEM32\WSOCK32.dll
0x00007ffcf1060000 - 0x00007ffcf10cd000 	C:\Windows\System32\WS2_32.dll
0x00007ffceafe0000 - 0x00007ffceafea000 	C:\Windows\SYSTEM32\VERSION.dll
0x00007ffcedb40000 - 0x00007ffcedb6d000 	C:\Windows\SYSTEM32\WINMMBASE.dll
0x00007ffcf0670000 - 0x00007ffcf06ba000 	C:\Windows\System32\cfgmgr32.dll
0x0000000067ca0000 - 0x0000000067caf000 	E:\developer_tools\Java\jdk1.8.0_131\jre\bin\verify.dll
0x0000000067c70000 - 0x0000000067c99000 	E:\developer_tools\Java\jdk1.8.0_131\jre\bin\java.dll
0x0000000067c50000 - 0x0000000067c66000 	E:\developer_tools\Java\jdk1.8.0_131\jre\bin\zip.dll
0x00007ffcf1840000 - 0x00007ffcf2d2f000 	C:\Windows\System32\SHELL32.dll
0x00007ffcf2ee0000 - 0x00007ffcf2f88000 	C:\Windows\System32\shcore.dll
0x00007ffcefc90000 - 0x00007ffcf03d8000 	C:\Windows\System32\windows.storage.dll
0x00007ffcefac0000 - 0x00007ffcefae4000 	C:\Windows\System32\profapi.dll
0x00007ffcefb10000 - 0x00007ffcefb6d000 	C:\Windows\System32\powrprof.dll
0x00007ffcf3440000 - 0x00007ffcf3492000 	C:\Windows\System32\shlwapi.dll
0x00007ffcefaf0000 - 0x00007ffcefb01000 	C:\Windows\System32\kernel.appcore.dll
0x00007ffcf0870000 - 0x00007ffcf0887000 	C:\Windows\System32\cryptsp.dll
0x00007ffceee90000 - 0x00007ffceeec3000 	C:\Windows\system32\rsaenh.dll
0x00007ffcf0840000 - 0x00007ffcf0866000 	C:\Windows\System32\bcrypt.dll
0x00007ffcef9a0000 - 0x00007ffcef9c8000 	C:\Windows\SYSTEM32\USERENV.dll
0x00007ffcef500000 - 0x00007ffcef50c000 	C:\Windows\SYSTEM32\CRYPTBASE.dll
0x0000000067c30000 - 0x0000000067c4a000 	E:\developer_tools\Java\jdk1.8.0_131\jre\bin\net.dll
0x00007ffcef330000 - 0x00007ffcef397000 	C:\Windows\system32\mswsock.dll
0x00007ffcef090000 - 0x00007ffcef0cd000 	C:\Windows\SYSTEM32\IPHLPAPI.DLL
0x00007ffcf3a60000 - 0x00007ffcf3a68000 	C:\Windows\System32\NSI.dll
0x00007ffce9d70000 - 0x00007ffce9d86000 	C:\Windows\SYSTEM32\dhcpcsvc6.DLL
0x00007ffce9d50000 - 0x00007ffce9d6c000 	C:\Windows\SYSTEM32\dhcpcsvc.DLL
0x00007ffcef0d0000 - 0x00007ffcef196000 	C:\Windows\SYSTEM32\DNSAPI.dll
0x0000000067c10000 - 0x0000000067c21000 	E:\developer_tools\Java\jdk1.8.0_131\jre\bin\nio.dll
0x00007ffce1b40000 - 0x00007ffce1b4a000 	C:\Users\Administrator\AppData\Local\Temp\jansi-1.17.1-6728487186709092043.dll
0x00007ffce1b30000 - 0x00007ffce1b3a000 	C:\Users\Administrator\AppData\Local\Temp\jansi-1.17.1-9068315524662376795.dll

VM Arguments:
jvm_args: -Dmaven.multiModuleProjectDirectory=F:\IdeaProjects\gmall20190311\gmall-item-web -Dmaven.home=E:\developer_tools\IntelliJ IDEA 2020.1.3\plugins\maven\lib\maven3 -Dclassworlds.conf=E:\developer_tools\IntelliJ IDEA 2020.1.3\plugins\maven\lib\maven3\bin\m2.conf -Dmaven.ext.class.path=E:\developer_tools\IntelliJ IDEA 2020.1.3\plugins\maven\lib\maven-event-listener.jar -Dfile.encoding=UTF-8 
java_command: org.codehaus.classworlds.Launcher -Didea.version=2020.2 -s E:\developer_tools\apache-maven\apache-maven-3.3.9\conf\settings.xml compile
java_class_path (initial): E:\developer_tools\IntelliJ IDEA 2020.1.3\plugins\maven\lib\maven3\boot\plexus-classworlds-2.6.0.jar;E:\developer_tools\IntelliJ IDEA 2020.1.3\plugins\maven\lib\maven3\boot\plexus-classworlds.license
Launcher Type: SUN_STANDARD

Environment Variables:
JAVA_HOME=E:\developer_tools\Java\jdk1.8.0_131
PATH=E:\developer_tools\Java\jdk1.8.0_131\bin;C:\Windows\system32;C:\Windows;C:\Windows\System32\Wbem;C:\Windows\System32\WindowsPowerShell\v1.0\;C:\Program Files\IDM Computer Solutions\UltraEdit;E:\developer_tools\apache-tomcat\apache-tomcat-8.5.24\bin;E:\developer_tools\apache-maven\apache-maven-3.3.9\bin;E:\developer_tools\MySQL\MySQLServer5.5\bin;E:\developer_tools\gradle\gradle-6.5.1\bin;E:\developer_tools\VisualSVNServer\\bin;E:\developer_tools\UltraEdit;E:\developer_tools\TortoiseGit\bin;C:\Program Files\nodejs\;E:\developer_tools\Git\bin;E:\developer_tools\Git\mingw64\libexec\git-core;C:\Users\Administrator\AppData\Local\Microsoft\WindowsApps;;E:\developer_tools\IntelliJ IDEA 2020.1.3\bin;;E:\developer_tools\Microsoft VS Code\bin;C:\Users\Administrator\AppData\Roaming\npm
USERNAME=Administrator
OS=Windows_NT
PROCESSOR_IDENTIFIER=Intel64 Family 6 Model 45 Stepping 7, GenuineIntel



---------------  S Y S T E M  ---------------

OS: Windows 10.0 , 64 bit Build 17763 (10.0.17763.1)

CPU:total 16 (initial active 16) (8 cores per cpu, 2 threads per core) family 6 model 45 stepping 7, cmov, cx8, fxsr, mmx, sse, sse2, sse3, ssse3, sse4.1, sse4.2, popcnt, avx, aes, clmul, ht, tsc, tscinvbit, tscinv

Memory: 4k page, physical 16708572k(4177672k free), swap 29816024k(1168k free)

vm_info: Java HotSpot(TM) 64-Bit Server VM (25.131-b11) for windows-amd64 JRE (1.8.0_131-b11), built on Mar 15 2017 01:23:53 by "java_re" with MS VC++ 10.0 (VS2010)

time: Mon Nov 02 11:36:50 2020
elapsed time: 14 seconds (0d 0h 0m 14s)

