#
# There is insufficient memory for the Java Runtime Environment to continue.
# Native memory allocation (malloc) failed to allocate 1305776 bytes for Chunk::new
# Possible reasons:
#   The system is out of physical RAM or swap space
#   In 32 bit mode, the process size limit was hit
# Possible solutions:
#   Reduce memory load on the system
#   Increase physical memory or swap space
#   Check if swap backing store is full
#   Use 64 bit Java on a 64 bit OS
#   Decrease Java heap size (-Xmx/-Xms)
#   Decrease number of Java threads
#   Decrease Java thread stack sizes (-Xss)
#   Set larger code cache with -XX:ReservedCodeCacheSize=
# This output file may be truncated or incomplete.
#
#  Out of Memory Error (allocation.cpp:390), pid=18800, tid=0x0000000000004d58
#
# JRE version: Java(TM) SE Runtime Environment (8.0_131-b11) (build 1.8.0_131-b11)
# Java VM: Java HotSpot(TM) 64-Bit Server VM (25.131-b11 mixed mode windows-amd64 compressed oops)
# Failed to write core dump. Minidumps are not enabled by default on client versions of Windows
#

---------------  T H R E A D  ---------------

Current thread (0x000000001efa4000):  JavaThread "C2 CompilerThread5" daemon [_thread_in_native, id=19800, stack(0x0000000020f90000,0x0000000021090000)]

Stack: [0x0000000020f90000,0x0000000021090000]
[error occurred during error reporting (printing stack bounds), id 0xc0000005]

Native frames: (J=compiled Java code, j=interpreted, Vv=VM code, C=native code)


Current CompileTask:
C2:  13978 1676   !   4       java.net.URLClassLoader$1::run (63 bytes)


---------------  P R O C E S S  ---------------

Java Threads: ( => current thread )
  0x000000001f023000 JavaThread "Service Thread" daemon [_thread_blocked, id=19852, stack(0x0000000021790000,0x0000000021890000)]
  0x000000001efa5800 JavaThread "C1 CompilerThread11" daemon [_thread_blocked, id=19824, stack(0x0000000021590000,0x0000000021690000)]
  0x000000001efa8800 JavaThread "C1 CompilerThread10" daemon [_thread_blocked, id=19820, stack(0x0000000021490000,0x0000000021590000)]
  0x000000001efa5000 JavaThread "C1 CompilerThread9" daemon [_thread_blocked, id=19816, stack(0x0000000021390000,0x0000000021490000)]
  0x000000001efa9800 JavaThread "C1 CompilerThread8" daemon [_thread_blocked, id=19812, stack(0x0000000021290000,0x0000000021390000)]
  0x000000001efab000 JavaThread "C2 CompilerThread7" daemon [_thread_blocked, id=19808, stack(0x0000000021190000,0x0000000021290000)]
  0x000000001efa6800 JavaThread "C2 CompilerThread6" daemon [_thread_blocked, id=19804, stack(0x0000000021090000,0x0000000021190000)]
=>0x000000001efa4000 JavaThread "C2 CompilerThread5" daemon [_thread_in_native, id=19800, stack(0x0000000020f90000,0x0000000021090000)]
  0x000000001ef6b800 JavaThread "C2 CompilerThread4" daemon [_thread_blocked, id=19796, stack(0x0000000020e90000,0x0000000020f90000)]
  0x000000001ef56800 JavaThread "C2 CompilerThread3" daemon [_thread_blocked, id=19792, stack(0x0000000020d90000,0x0000000020e90000)]
  0x000000001ef54000 JavaThread "C2 CompilerThread2" daemon [_thread_blocked, id=19788, stack(0x0000000020c90000,0x0000000020d90000)]
  0x000000001ef53000 JavaThread "C2 CompilerThread1" daemon [_thread_blocked, id=19784, stack(0x0000000020b90000,0x0000000020c90000)]
  0x000000001ef51000 JavaThread "C2 CompilerThread0" daemon [_thread_blocked, id=19776, stack(0x0000000020a90000,0x0000000020b90000)]
  0x000000001ef50800 JavaThread "Attach Listener" daemon [_thread_blocked, id=19772, stack(0x0000000020990000,0x0000000020a90000)]
  0x000000001eef6800 JavaThread "Signal Dispatcher" daemon [_thread_blocked, id=19768, stack(0x0000000020890000,0x0000000020990000)]
  0x000000001eed6000 JavaThread "Finalizer" daemon [_thread_blocked, id=19656, stack(0x0000000020730000,0x0000000020830000)]
  0x000000001eeb5800 JavaThread "Reference Handler" daemon [_thread_blocked, id=19640, stack(0x0000000020630000,0x0000000020730000)]
  0x000000000153e000 JavaThread "main" [_thread_in_Java, id=19200, stack(0x0000000002f90000,0x0000000003090000)]

Other Threads:
  0x000000001eeb4000 VMThread [stack: 0x0000000020530000,0x0000000020630000] [id=19452]
  0x000000001f036800 WatcherThread [stack: 0x0000000021890000,0x0000000021990000] [id=19860]

VM state:not at safepoint (normal execution)

VM Mutex/Monitor currently owned by a thread: None

Heap:
 PSYoungGen      total 76288K, used 31393K [0x000000076b000000, 0x0000000770500000, 0x00000007c0000000)
  eden space 65536K, 32% used [0x000000076b000000,0x000000076c50e548,0x000000076f000000)
  from space 10752K, 91% used [0x000000076f000000,0x000000076f999f90,0x000000076fa80000)
  to   space 10752K, 0% used [0x000000076fa80000,0x000000076fa80000,0x0000000770500000)
 ParOldGen       total 175104K, used 16K [0x00000006c1000000, 0x00000006cbb00000, 0x000000076b000000)
  object space 175104K, 0% used [0x00000006c1000000,0x00000006c1004000,0x00000006cbb00000)
 Metaspace       used 13737K, capacity 13924K, committed 14080K, reserved 1060864K
  class space    used 1702K, capacity 1777K, committed 1792K, reserved 1048576K

Card table byte_map: [0x00000000128c0000,0x00000000130c0000] byte_map_base: 0x000000000f2b8000

Marking Bits: (ParMarkBitMap*) 0x00000000684cc720
 Begin Bits: [0x0000000014310000, 0x00000000182d0000)
 End Bits:   [0x00000000182d0000, 0x000000001c290000)

Polling page: 0x0000000000fd0000

CodeCache: size=245760Kb used=7730Kb max_used=7730Kb free=238029Kb
 bounds [0x0000000003500000, 0x0000000003ca0000, 0x0000000012500000]
 total_blobs=2111 nmethods=1759 adapters=261
 compilation: enabled

Compilation events (10 events):
Event: 13.777 Thread 0x000000001efa8800 nmethod 1746 0x0000000003c88ed0 code [0x0000000003c890e0, 0x0000000003c8a1c8]
Event: 13.778 Thread 0x000000001efa9800 nmethod 1750 0x0000000003c8a750 code [0x0000000003c8a9c0, 0x0000000003c8b9c8]
Event: 13.823 Thread 0x000000001efa5000 1753       3       org.eclipse.sisu.wire.BeanProviders$7::get (16 bytes)
Event: 13.823 Thread 0x000000001efa5800 1754       3       org.eclipse.sisu.wire.BeanProviders::firstOf (35 bytes)
Event: 13.823 Thread 0x000000001efa8800 1755       3       org.eclipse.sisu.inject.QualifyingStrategy$1::qualifies (22 bytes)
Event: 13.823 Thread 0x000000001efa8800 nmethod 1755 0x0000000003c8c550 code [0x0000000003c8c6c0, 0x0000000003c8c988]
Event: 13.823 Thread 0x000000001efa5800 nmethod 1754 0x0000000003c8ca90 code [0x0000000003c8cc40, 0x0000000003c8d1d8]
Event: 13.823 Thread 0x000000001efa5000 nmethod 1753 0x0000000003c8d350 code [0x0000000003c8d520, 0x0000000003c8dce8]
Event: 13.828 Thread 0x000000001efa9800 1756       3       sun.reflect.ClassFileAssembler::emitConstantPoolNameAndType (28 bytes)
Event: 13.829 Thread 0x000000001efa9800 nmethod 1756 0x0000000003c8df10 code [0x0000000003c8e100, 0x0000000003c8e7e8]

GC Heap History (2 events):
Event: 10.601 GC heap before
{Heap before GC invocations=1 (full 0):
 PSYoungGen      total 76288K, used 65536K [0x000000076b000000, 0x0000000770500000, 0x00000007c0000000)
  eden space 65536K, 100% used [0x000000076b000000,0x000000076f000000,0x000000076f000000)
  from space 10752K, 0% used [0x000000076fa80000,0x000000076fa80000,0x0000000770500000)
  to   space 10752K, 0% used [0x000000076f000000,0x000000076f000000,0x000000076fa80000)
 ParOldGen       total 175104K, used 0K [0x00000006c1000000, 0x00000006cbb00000, 0x000000076b000000)
  object space 175104K, 0% used [0x00000006c1000000,0x00000006c1000000,0x00000006cbb00000)
 Metaspace       used 11736K, capacity 11902K, committed 12160K, reserved 1060864K
  class space    used 1426K, capacity 1542K, committed 1664K, reserved 1048576K
Event: 10.682 GC heap after
Heap after GC invocations=1 (full 0):
 PSYoungGen      total 76288K, used 9831K [0x000000076b000000, 0x0000000770500000, 0x00000007c0000000)
  eden space 65536K, 0% used [0x000000076b000000,0x000000076b000000,0x000000076f000000)
  from space 10752K, 91% used [0x000000076f000000,0x000000076f999f90,0x000000076fa80000)
  to   space 10752K, 0% used [0x000000076fa80000,0x000000076fa80000,0x0000000770500000)
 ParOldGen       total 175104K, used 16K [0x00000006c1000000, 0x00000006cbb00000, 0x000000076b000000)
  object space 175104K, 0% used [0x00000006c1000000,0x00000006c1004000,0x00000006cbb00000)
 Metaspace       used 11736K, capacity 11902K, committed 12160K, reserved 1060864K
  class space    used 1426K, capacity 1542K, committed 1664K, reserved 1048576K
}

Deoptimization events (10 events):
Event: 8.617 Thread 0x000000000153e000 Uncommon trap: reason=unstable_if action=reinterpret pc=0x0000000003976db8 method=sun.nio.cs.StreamDecoder.implRead([CII)I @ 71
Event: 8.617 Thread 0x000000000153e000 Uncommon trap: reason=unstable_if action=reinterpret pc=0x00000000039982b4 method=sun.nio.cs.StreamDecoder.implRead([CII)I @ 71
Event: 8.623 Thread 0x000000000153e000 Uncommon trap: reason=unstable_if action=reinterpret pc=0x000000000399d994 method=sun.nio.cs.StreamDecoder.implRead([CII)I @ 71
Event: 8.624 Thread 0x000000000153e000 Uncommon trap: reason=unstable_if action=reinterpret pc=0x000000000398d6f0 method=sun.nio.cs.StreamDecoder.implRead([CII)I @ 71
Event: 8.624 Thread 0x000000000153e000 Uncommon trap: reason=unstable_if action=reinterpret pc=0x000000000396fbf4 method=java.io.Reader.read()I @ 12
Event: 8.699 Thread 0x000000000153e000 Uncommon trap: reason=unstable_if action=reinterpret pc=0x00000000039ac640 method=org.codehaus.plexus.util.xml.pull.MXParser.nextImpl()I @ 200
Event: 9.275 Thread 0x000000000153e000 Uncommon trap: reason=unstable_if action=reinterpret pc=0x0000000003949e1c method=java.util.HashMap.getNode(ILjava/lang/Object;)Ljava/util/HashMap$Node; @ 129
Event: 9.276 Thread 0x000000000153e000 Uncommon trap: reason=unstable_if action=reinterpret pc=0x0000000003942a84 method=java.util.HashMap.getNode(ILjava/lang/Object;)Ljava/util/HashMap$Node; @ 129
Event: 9.313 Thread 0x000000000153e000 Uncommon trap: reason=range_check action=make_not_entrant pc=0x0000000003a18668 method=sun.reflect.generics.parser.SignatureParser.current()C @ 34
Event: 13.106 Thread 0x000000000153e000 Uncommon trap: reason=unstable_if action=reinterpret pc=0x0000000003bd681c method=java.lang.ref.ReferenceQueue.poll()Ljava/lang/ref/Reference; @ 4

Internal exceptions (10 events):
Event: 1.525 Thread 0x000000000153e000 Exception <a 'java/security/PrivilegedActionException'> (0x000000076b868db8) thrown at [C:\re\workspace\8-2-build-windows-amd64-cygwin\jdk8u131\8869\hotspot\src\share\vm\prims\jvm.cpp, line 1390]
Event: 8.433 Thread 0x000000000153e000 Exception <a 'java/lang/ArrayIndexOutOfBoundsException'> (0x000000076c908cc0) thrown at [C:\re\workspace\8-2-build-windows-amd64-cygwin\jdk8u131\8869\hotspot\src\share\vm\runtime\sharedRuntime.cpp, line 605]
Event: 8.441 Thread 0x000000000153e000 Exception <a 'java/lang/ArrayIndexOutOfBoundsException'> (0x000000076c9246a0) thrown at [C:\re\workspace\8-2-build-windows-amd64-cygwin\jdk8u131\8869\hotspot\src\share\vm\runtime\sharedRuntime.cpp, line 605]
Event: 8.458 Thread 0x000000000153e000 Exception <a 'java/lang/ArrayIndexOutOfBoundsException'> (0x000000076c966830) thrown at [C:\re\workspace\8-2-build-windows-amd64-cygwin\jdk8u131\8869\hotspot\src\share\vm\runtime\sharedRuntime.cpp, line 605]
Event: 8.980 Thread 0x000000000153e000 Exception <a 'java/lang/ArrayIndexOutOfBoundsException'> (0x000000076d222ef8) thrown at [C:\re\workspace\8-2-build-windows-amd64-cygwin\jdk8u131\8869\hotspot\src\share\vm\runtime\sharedRuntime.cpp, line 605]
Event: 8.981 Thread 0x000000000153e000 Exception <a 'java/lang/ArrayIndexOutOfBoundsException'> (0x000000076d224a88) thrown at [C:\re\workspace\8-2-build-windows-amd64-cygwin\jdk8u131\8869\hotspot\src\share\vm\runtime\sharedRuntime.cpp, line 605]
Event: 9.313 Thread 0x000000000153e000 Exception <a 'java/lang/ArrayIndexOutOfBoundsException': 66> (0x000000076d54e460) thrown at [C:\re\workspace\8-2-build-windows-amd64-cygwin\jdk8u131\8869\hotspot\src\share\vm\interpreter\interpreterRuntime.cpp, line 366]
Event: 13.032 Thread 0x000000000153e000 Exception <a 'java/lang/NoClassDefFoundError': com/google/inject/servlet/ServletModuleTargetVisitor> (0x000000076c0409a0) thrown at [C:\re\workspace\8-2-build-windows-amd64-cygwin\jdk8u131\8869\hotspot\src\share\vm\classfile\systemDictionary.cpp, line 199
Event: 13.032 Thread 0x000000000153e000 Exception <a 'java/lang/NoClassDefFoundError'> (0x000000076c0409a0) thrown at [C:\re\workspace\8-2-build-windows-amd64-cygwin\jdk8u131\8869\hotspot\src\share\vm\prims\jvm.cpp, line 1394]
Event: 13.034 Thread 0x000000000153e000 Exception <a 'java/lang/NoClassDefFoundError': javax/annotation/Priority> (0x000000076c045608) thrown at [C:\re\workspace\8-2-build-windows-amd64-cygwin\jdk8u131\8869\hotspot\src\share\vm\classfile\systemDictionary.cpp, line 199]

Events (10 events):
Event: 13.824 loading class org/apache/maven/project/DefaultProjectDependenciesResolver
Event: 13.824 loading class org/apache/maven/project/DefaultProjectDependenciesResolver done
Event: 13.825 loading class org/apache/maven/project/DefaultProjectDependenciesResolver
Event: 13.825 loading class org/apache/maven/project/DefaultProjectDependenciesResolver done
Event: 13.825 loading class org/apache/maven/project/DefaultProjectDependenciesResolver
Event: 13.825 loading class org/apache/maven/project/DefaultProjectDependenciesResolver done
Event: 13.826 loading class org/apache/maven/project/RepositorySessionDecorator
Event: 13.826 loading class org/apache/maven/project/RepositorySessionDecorator done
Event: 13.827 loading class org/eclipse/aether/RepositorySystem
Event: 13.827 loading class org/eclipse/aether/RepositorySystem done


Dynamic libraries:
0x00007ff7b82c0000 - 0x00007ff7b82f7000 	E:\developer_tools\Java\jdk1.8.0_131\bin\java.exe
0x00007ffcf3aa0000 - 0x00007ffcf3c8d000 	C:\Windows\SYSTEM32\ntdll.dll
0x00007ffcf0cd0000 - 0x00007ffcf0d83000 	C:\Windows\System32\KERNEL32.DLL
0x00007ffcf0890000 - 0x00007ffcf0b23000 	C:\Windows\System32\KERNELBASE.dll
0x00007ffcf1790000 - 0x00007ffcf1833000 	C:\Windows\System32\ADVAPI32.DLL
0x00007ffcf2d30000 - 0x00007ffcf2dce000 	C:\Windows\System32\msvcrt.dll
0x00007ffcf0d90000 - 0x00007ffcf0e2e000 	C:\Windows\System32\sechost.dll
0x00007ffcf15b0000 - 0x00007ffcf16d3000 	C:\Windows\System32\RPCRT4.dll
0x00007ffcf1410000 - 0x00007ffcf15a7000 	C:\Windows\System32\USER32.dll
0x00007ffcefb70000 - 0x00007ffcefb90000 	C:\Windows\System32\win32u.dll
0x00007ffcf3410000 - 0x00007ffcf3439000 	C:\Windows\System32\GDI32.dll
0x00007ffcf0b30000 - 0x00007ffcf0cca000 	C:\Windows\System32\gdi32full.dll
0x00007ffcefbf0000 - 0x00007ffcefc90000 	C:\Windows\System32\msvcp_win.dll
0x00007ffcf06c0000 - 0x00007ffcf07bc000 	C:\Windows\System32\ucrtbase.dll
0x00007ffce6150000 - 0x00007ffce63c9000 	C:\Windows\WinSxS\amd64_microsoft.windows.common-controls_6595b64144ccf1df_6.0.17763.107_none_05b63884071e656e\COMCTL32.dll
0x00007ffcf10d0000 - 0x00007ffcf13fe000 	C:\Windows\System32\combase.dll
0x00007ffcf07c0000 - 0x00007ffcf083e000 	C:\Windows\System32\bcryptPrimitives.dll
0x00007ffcf16e0000 - 0x00007ffcf170e000 	C:\Windows\System32\IMM32.DLL
0x0000000068550000 - 0x0000000068622000 	E:\developer_tools\Java\jdk1.8.0_131\jre\bin\msvcr100.dll
0x0000000067cb0000 - 0x000000006854c000 	E:\developer_tools\Java\jdk1.8.0_131\jre\bin\server\jvm.dll
0x00007ffcf37f0000 - 0x00007ffcf37f8000 	C:\Windows\System32\PSAPI.DLL
0x00007ffce5010000 - 0x00007ffce5019000 	C:\Windows\SYSTEM32\WSOCK32.dll
0x00007ffcf1060000 - 0x00007ffcf10cd000 	C:\Windows\System32\WS2_32.dll
0x00007ffcedc90000 - 0x00007ffcedcb4000 	C:\Windows\SYSTEM32\WINMM.dll
0x00007ffceafe0000 - 0x00007ffceafea000 	C:\Windows\SYSTEM32\VERSION.dll
0x00007ffcedb40000 - 0x00007ffcedb6d000 	C:\Windows\SYSTEM32\WINMMBASE.dll
0x00007ffcf0670000 - 0x00007ffcf06ba000 	C:\Windows\System32\cfgmgr32.dll
0x0000000067ca0000 - 0x0000000067caf000 	E:\developer_tools\Java\jdk1.8.0_131\jre\bin\verify.dll
0x0000000067c70000 - 0x0000000067c99000 	E:\developer_tools\Java\jdk1.8.0_131\jre\bin\java.dll
0x0000000067c50000 - 0x0000000067c66000 	E:\developer_tools\Java\jdk1.8.0_131\jre\bin\zip.dll
0x00007ffcf1840000 - 0x00007ffcf2d2f000 	C:\Windows\System32\SHELL32.dll
0x00007ffcf2ee0000 - 0x00007ffcf2f88000 	C:\Windows\System32\shcore.dll
0x00007ffcefc90000 - 0x00007ffcf03d8000 	C:\Windows\System32\windows.storage.dll
0x00007ffcefac0000 - 0x00007ffcefae4000 	C:\Windows\System32\profapi.dll
0x00007ffcefb10000 - 0x00007ffcefb6d000 	C:\Windows\System32\powrprof.dll
0x00007ffcf3440000 - 0x00007ffcf3492000 	C:\Windows\System32\shlwapi.dll
0x00007ffcefaf0000 - 0x00007ffcefb01000 	C:\Windows\System32\kernel.appcore.dll
0x00007ffcf0870000 - 0x00007ffcf0887000 	C:\Windows\System32\cryptsp.dll
0x00007ffceee90000 - 0x00007ffceeec3000 	C:\Windows\system32\rsaenh.dll
0x00007ffcf0840000 - 0x00007ffcf0866000 	C:\Windows\System32\bcrypt.dll
0x00007ffcef9a0000 - 0x00007ffcef9c8000 	C:\Windows\SYSTEM32\USERENV.dll
0x00007ffcef500000 - 0x00007ffcef50c000 	C:\Windows\SYSTEM32\CRYPTBASE.dll
0x0000000067c30000 - 0x0000000067c4a000 	E:\developer_tools\Java\jdk1.8.0_131\jre\bin\net.dll
0x00007ffcef330000 - 0x00007ffcef397000 	C:\Windows\system32\mswsock.dll
0x00007ffcef090000 - 0x00007ffcef0cd000 	C:\Windows\SYSTEM32\IPHLPAPI.DLL
0x00007ffcf3a60000 - 0x00007ffcf3a68000 	C:\Windows\System32\NSI.dll
0x00007ffce9d70000 - 0x00007ffce9d86000 	C:\Windows\SYSTEM32\dhcpcsvc6.DLL
0x00007ffce9d50000 - 0x00007ffce9d6c000 	C:\Windows\SYSTEM32\dhcpcsvc.DLL
0x00007ffcef0d0000 - 0x00007ffcef196000 	C:\Windows\SYSTEM32\DNSAPI.dll
0x0000000067c10000 - 0x0000000067c21000 	E:\developer_tools\Java\jdk1.8.0_131\jre\bin\nio.dll
0x00007ffcea040000 - 0x00007ffcea04a000 	C:\Users\Administrator\AppData\Local\Temp\jansi-1.17.1-5276174187868044460.dll
0x00007ffcd2e60000 - 0x00007ffcd2e6a000 	C:\Users\Administrator\AppData\Local\Temp\jansi-1.17.1-3092085108255113851.dll

VM Arguments:
jvm_args: -Dmaven.multiModuleProjectDirectory=F:\IdeaProjects\gmall20190311\gmall-item-web -Dmaven.home=E:\developer_tools\IntelliJ IDEA 2020.1.3\plugins\maven\lib\maven3 -Dclassworlds.conf=E:\developer_tools\IntelliJ IDEA 2020.1.3\plugins\maven\lib\maven3\bin\m2.conf -Dmaven.ext.class.path=E:\developer_tools\IntelliJ IDEA 2020.1.3\plugins\maven\lib\maven-event-listener.jar -Dfile.encoding=UTF-8 
java_command: org.codehaus.classworlds.Launcher -Didea.version=2020.2 -s E:\developer_tools\apache-maven\apache-maven-3.3.9\conf\settings.xml compile
java_class_path (initial): E:\developer_tools\IntelliJ IDEA 2020.1.3\plugins\maven\lib\maven3\boot\plexus-classworlds-2.6.0.jar;E:\developer_tools\IntelliJ IDEA 2020.1.3\plugins\maven\lib\maven3\boot\plexus-classworlds.license
Launcher Type: SUN_STANDARD

Environment Variables:
JAVA_HOME=E:\developer_tools\Java\jdk1.8.0_131
PATH=E:\developer_tools\Java\jdk1.8.0_131\bin;C:\Windows\system32;C:\Windows;C:\Windows\System32\Wbem;C:\Windows\System32\WindowsPowerShell\v1.0\;C:\Program Files\IDM Computer Solutions\UltraEdit;E:\developer_tools\apache-tomcat\apache-tomcat-8.5.24\bin;E:\developer_tools\apache-maven\apache-maven-3.3.9\bin;E:\developer_tools\MySQL\MySQLServer5.5\bin;E:\developer_tools\gradle\gradle-6.5.1\bin;E:\developer_tools\VisualSVNServer\\bin;E:\developer_tools\UltraEdit;E:\developer_tools\TortoiseGit\bin;C:\Program Files\nodejs\;E:\developer_tools\Git\bin;E:\developer_tools\Git\mingw64\libexec\git-core;C:\Users\Administrator\AppData\Local\Microsoft\WindowsApps;;E:\developer_tools\IntelliJ IDEA 2020.1.3\bin;;E:\developer_tools\Microsoft VS Code\bin;C:\Users\Administrator\AppData\Roaming\npm
USERNAME=Administrator
OS=Windows_NT
PROCESSOR_IDENTIFIER=Intel64 Family 6 Model 45 Stepping 7, GenuineIntel



---------------  S Y S T E M  ---------------

OS: Windows 10.0 , 64 bit Build 17763 (10.0.17763.1)

CPU:total 16 (initial active 16) (8 cores per cpu, 2 threads per core) family 6 model 45 stepping 7, cmov, cx8, fxsr, mmx, sse, sse2, sse3, ssse3, sse4.1, sse4.2, popcnt, avx, aes, clmul, ht, tsc, tscinvbit, tscinv

Memory: 4k page, physical 16708572k(4828636k free), swap 29816024k(5296k free)

vm_info: Java HotSpot(TM) 64-Bit Server VM (25.131-b11) for windows-amd64 JRE (1.8.0_131-b11), built on Mar 15 2017 01:23:53 by "java_re" with MS VC++ 10.0 (VS2010)

time: Mon Nov 02 11:36:54 2020
elapsed time: 13 seconds (0d 0h 0m 13s)

