#
# There is insufficient memory for the Java Runtime Environment to continue.
# Native memory allocation (malloc) failed to allocate 32744 bytes for ChunkPool::allocate
# Possible reasons:
#   The system is out of physical RAM or swap space
#   In 32 bit mode, the process size limit was hit
# Possible solutions:
#   Reduce memory load on the system
#   Increase physical memory or swap space
#   Check if swap backing store is full
#   Use 64 bit Java on a 64 bit OS
#   Decrease Java heap size (-Xmx/-Xms)
#   Decrease number of Java threads
#
#  Out of Memory Error
#
# _thread_in_native, id=18388, stack(0x0000000020ca0000,0x0000000020da0000)]

Stack: [0x0000000020ca0000,0x0000000020da0000]
[error occurred during error reporting (printing stack bounds), id 0xc0000005]

Native frames: (J=compiled Java code, j=interpreted, Vv=VM code, C=native code)


Current CompileTask:
C1:   3836  315       3       sun.nio.cs.UTF_8$Encoder::encodeArrayLoop (489 bytes)


---------------  P R O C E S S  ---------------

Java Threads: ( => current thread )
  0x000000001e5bc000 JavaThread "Service Thread" daemon [_thread_blocked, id=10884, stack(0x0000000020da0000,0x0000000020ea0000)]
=>0x000000001e5bb800 JavaThread "C1 CompilerThread11" daemon [_thread_in_native, id=18388, stack(0x0000000020ca0000,0x0000000020da0000)]
  0x000000001e5ba800 JavaThread "C1 CompilerThread10" daemon [_thread_in_vm, id=16340, stack(0x0000000020ba0000,0x0000000020ca0000)]
  0x000000001e5b8000 JavaThread "C1 CompilerThread9" daemon [_thread_in_native, id=14044, stack(0x0000000020aa0000,0x0000000020ba0000)]
  0x000000001e5b2000 JavaThread "C1 CompilerThread8" daemon [_thread_in_native, id=18852, stack(0x00000000208a0000,0x00000000209a0000)]
  0x000000001e5ae800 JavaThread "C2 CompilerThread7" daemon [_thread_blocked, id=18312, stack(0x00000000207a0000,0x00000000208a0000)]
  0x000000001e5ac800 JavaThread "C2 CompilerThread6" daemon [_thread_blocked, id=18192, stack(0x00000000206a0000,0x00000000207a0000)]
  0x000000001e5ac000 JavaThread "C2 CompilerThread5" daemon [_thread_blocked, id=17996, stack(0x00000000205a0000,0x00000000206a0000)]
  0x000000001e5a7000 JavaThread "C2 CompilerThread4" daemon [_thread_blocked, id=18544, stack(0x00000000204a0000,0x00000000205a0000)]
  0x000000001e5a6800 JavaThread "C2 CompilerThread3" daemon [_thread_blocked, id=20664, stack(0x00000000203a0000,0x00000000204a0000)]
  0x000000001e5a3800 JavaThread "C2 CompilerThread2" daemon [_thread_blocked, id=20196, stack(0x00000000202a0000,0x00000000203a0000)]
  0x000000001e5a2000 JavaThread "C2 CompilerThread1" daemon [_thread_blocked, id=20600, stack(0x00000000201a0000,0x00000000202a0000)]
  0x000000001e54e000 JavaThread "C2 CompilerThread0" daemon [_thread_blocked, id=20592, stack(0x00000000200a0000,0x00000000201a0000)]
  0x000000001e4f5000 JavaThread "Attach Listener" daemon [_thread_blocked, id=13364, stack(0x000000001ffa0000,0x00000000200a0000)]
  0x000000001e54b800 JavaThread "Signal Dispatcher" daemon [_thread_blocked, id=11888, stack(0x000000001fea0000,0x000000001ffa0000)]
  0x000000001ca60000 JavaThread "Finalizer" daemon [_thread_blocked, id=21328, stack(0x000000001fd40000,0x000000001fe40000)]
  0x000000001ca5d800 JavaThread "Reference Handler" daemon [_thread_blocked, id=21320, stack(0x000000001fc40000,0x000000001fd40000)]
  0x000000000267e000 JavaThread "main" [_thread_in_native, id=21116, stack(0x0000000002510000,0x0000000002610000)]

Other Threads:
  0x000000001e4b4000 VMThread [stack: 0x000000001fb40000,0x000000001fc40000] [id=21288]
  0x000000001e676800 WatcherThread [stack: 0x0000000020ea0000,0x0000000020fa0000] [id=20568]

VM state:not at safepoint (normal execution)

VM Mutex/Monitor currently owned by a thread: None

Heap:
 PSYoungGen      total 76288K, used 10485K [0x000000076b000000, 0x0000000770500000, 0x00000007c0000000)
  eden space 65536K, 16% used [0x000000076b000000,0x000000076ba3d770,0x000000076f000000)
  from space 10752K, 0% used [0x000000076fa80000,0x000000076fa80000,0x0000000770500000)
  to   space 10752K, 0% used [0x000000076f000000,0x000000076f000000,0x000000076fa80000)
 ParOldGen       total 175104K, used 0K [0x00000006c1000000, 0x00000006cbb00000, 0x000000076b000000)
  object space 175104K, 0% used [0x00000006c1000000,0x00000006c1000000,0x00000006cbb00000)
 Metaspace       used 4432K, capacity 5164K, committed 5504K, reserved 1058816K
  class space    used 480K, capacity 536K, committed 640K, reserved 1048576K

Card table byte_map: [0x0000000011ea0000,0x00000000126a0000] byte_map_base: 0x000000000e898000

Marking Bits: (ParMarkBitMap*) 0x00000000684cc720
 Begin Bits: [0x00000000138f0000, 0x00000000178b0000)
 End Bits:   [0x00000000178b0000, 0x000000001b870000)

Polling page: 0x0000000000880000

CodeCache: size=245760Kb used=3560Kb max_used=3560Kb free=242199Kb
 bounds [0x0000000002ae0000, 0x0000000002e60000, 0x0000000011ae0000]
 total_blobs=589 nmethods=320 adapters=179
 compilation: enabled

Compilation events (10 events):
Event: 3.827 Thread 0x000000001e5ba800 nmethod 306 0x0000000002e49350 code [0x0000000002e49580, 0x0000000002e4a188]
Event: 3.830 Thread 0x000000001e5bb800  315       3       sun.nio.cs.UTF_8$Encoder::encodeArrayLoop (489 bytes)
Event: 3.830 Thread 0x000000001e5b2000  309       3       java.io.OutputStreamWriter::write (11 bytes)
Event: 3.830 Thread 0x000000001e5ba800  310   !   3       sun.nio.cs.StreamEncoder::write (78 bytes)
Event: 3.830 Thread 0x000000001e5b2000 nmethod 309 0x0000000002e4a910 code [0x0000000002e4aa80, 0x0000000002e4ac28]
Event: 3.830 Thread 0x000000001e5b2000  311       3       sun.nio.cs.StreamEncoder::ensureOpen (18 bytes)
Event: 3.830 Thread 0x000000001e5b2000 nmethod 311 0x0000000002e4ad10 code [0x0000000002e4ae80, 0x0000000002e4b0c8]
Event: 3.830 Thread 0x000000001e5b2000  321   !   3       java.io.BufferedWriter::flushBuffer (53 bytes)
Event: 3.831 Thread 0x000000001e5ba800 nmethod 310 0x0000000002e4b190 code [0x0000000002e4b360, 0x0000000002e4ba48]
Event: 3.831 Thread 0x000000001e5ba800  312       3       sun.nio.cs.StreamEncoder::implWrite (156 bytes)

GC Heap History (0 events):
No events

Deoptimization events (0 events):
No events

Internal exceptions (10 events):
Event: 3.647 Thread 0x000000000267e000 Exception <a 'java/lang/NoClassDefFoundError': Could not initialize class sun.security.provider.SecureRandom$SeederHolder> (0x000000076b4ec338) thrown at [C:\re\workspace\8-2-build-windows-amd64-cygwin\jdk8u131\8869\hotspot\src\share\vm\oops\instanceKlass
Event: 3.648 Thread 0x000000000267e000 Exception <a 'java/lang/UnsatisfiedLinkError'> (0x000000076b4fb6f0) thrown at [C:\re\workspace\8-2-build-windows-amd64-cygwin\jdk8u131\8869\hotspot\src\share\vm\oops\instanceKlass.cpp, line 964]
Event: 3.693 Thread 0x000000000267e000 Exception <a 'java/lang/NoClassDefFoundError': Could not initialize class sun.security.provider.SecureRandom$SeederHolder> (0x000000076b680c78) thrown at [C:\re\workspace\8-2-build-windows-amd64-cygwin\jdk8u131\8869\hotspot\src\share\vm\oops\instanceKlass
Event: 3.694 Thread 0x000000000267e000 Exception <a 'java/lang/NoClassDefFoundError': Could not initialize class sun.security.provider.SecureRandom$SeederHolder> (0x000000076b6813a0) thrown at [C:\re\workspace\8-2-build-windows-amd64-cygwin\jdk8u131\8869\hotspot\src\share\vm\oops\instanceKlass
Event: 3.695 Thread 0x000000000267e000 Exception <a 'java/lang/UnsatisfiedLinkError'> (0x000000076b690758) thrown at [C:\re\workspace\8-2-build-windows-amd64-cygwin\jdk8u131\8869\hotspot\src\share\vm\oops\instanceKlass.cpp, line 964]
Event: 3.695 Thread 0x000000000267e000 Exception <a 'java/lang/UnsatisfiedLinkError'> (0x000000076b690758) thrown at [C:\re\workspace\8-2-build-windows-amd64-cygwin\jdk8u131\8869\hotspot\src\share\vm\oops\instanceKlass.cpp, line 964]
Event: 3.695 Thread 0x000000000267e000 Exception <a 'java/lang/NoClassDefFoundError': Could not initialize class org.fusesource.jansi.internal.CLibrary> (0x000000076b698ac0) thrown at [C:\re\workspace\8-2-build-windows-amd64-cygwin\jdk8u131\8869\hotspot\src\share\vm\oops\instanceKlass.cpp, lin
Event: 3.695 Thread 0x000000000267e000 Exception <a 'java/lang/NoClassDefFoundError': Could not initialize class org.fusesource.jansi.WindowsAnsiPrintStream> (0x000000076b698d80) thrown at [C:\re\workspace\8-2-build-windows-amd64-cygwin\jdk8u131\8869\hotspot\src\share\vm\oops\instanceKlass.cpp
Event: 3.817 Thread 0x000000000267e000 Exception <a 'java/lang/OutOfMemoryError'> (0x000000076b7634a0) thrown at [C:\re\workspace\8-2-build-windows-amd64-cygwin\jdk8u131\8869\hotspot\src\share\vm\prims\jni.cpp, line 735]
Event: 3.818 Thread 0x000000000267e000 Exception <a 'java/lang/reflect/InvocationTargetException'> (0x000000076b763728) thrown at [C:\re\workspace\8-2-build-windows-amd64-cygwin\jdk8u131\8869\hotspot\src\share\vm\runtime\reflection.cpp, line 1092]

Events (10 events):
Event: 3.816 loading class sun/net/www/protocol/jar/URLJarFile
Event: 3.816 loading class sun/net/www/protocol/jar/URLJarFile done
Event: 3.816 Executing VM operation: Deoptimize
Event: 3.816 Executing VM operation: Deoptimize done
Event: 3.817 loading class sun/net/www/protocol/jar/URLJarFile$URLJarFileEntry
Event: 3.817 loading class sun/net/www/protocol/jar/URLJarFile$URLJarFileEntry done
Event: 3.817 loading class sun/net/www/protocol/jar/JarURLConnection$JarURLInputStream
Event: 3.817 loading class sun/net/www/protocol/jar/JarURLConnection$JarURLInputStream done
Event: 3.817 loading class java/util/zip/DataFormatException
Event: 3.817 loading class java/util/zip/DataFormatException done


Dynamic libraries:
0x00007ff7b82c0000 - 0x00007ff7b82f7000 	E:\developer_tools\Java\jdk1.8.0_131\bin\java.exe
0x00007ffcf3aa0000 - 0x00007ffcf3c8d000 	C:\Windows\SYSTEM32\ntdll.dll
0x00007ffcf0cd0000 - 0x00007ffcf0d83000 	C:\Windows\System32\KERNEL32.DLL
0x00007ffcf0890000 - 0x00007ffcf0b23000 	C:\Windows\System32\KERNELBASE.dll
0x00007ffcf1790000 - 0x00007ffcf1833000 	C:\Windows\System32\ADVAPI32.DLL
0x00007ffcf2d30000 - 0x00007ffcf2dce000 	C:\Windows\System32\msvcrt.dll
0x00007ffcf0d90000 - 0x00007ffcf0e2e000 	C:\Windows\System32\sechost.dll
0x00007ffcf15b0000 - 0x00007ffcf16d3000 	C:\Windows\System32\RPCRT4.dll
0x00007ffcf1410000 - 0x00007ffcf15a7000 	C:\Windows\System32\USER32.dll
0x00007ffcefb70000 - 0x00007ffcefb90000 	C:\Windows\System32\win32u.dll
0x00007ffcf3410000 - 0x00007ffcf3439000 	C:\Windows\System32\GDI32.dll
0x00007ffcf0b30000 - 0x00007ffcf0cca000 	C:\Windows\System32\gdi32full.dll
0x00007ffcefbf0000 - 0x00007ffcefc90000 	C:\Windows\System32\msvcp_win.dll
0x00007ffcf06c0000 - 0x00007ffcf07bc000 	C:\Windows\System32\ucrtbase.dll
0x00007ffce6150000 - 0x00007ffce63c9000 	C:\Windows\WinSxS\amd64_microsoft.windows.common-controls_6595b64144ccf1df_6.0.17763.107_none_05b63884071e656e\COMCTL32.dll
0x00007ffcf10d0000 - 0x00007ffcf13fe000 	C:\Windows\System32\combase.dll
0x00007ffcf07c0000 - 0x00007ffcf083e000 	C:\Windows\System32\bcryptPrimitives.dll
0x00007ffcf16e0000 - 0x00007ffcf170e000 	C:\Windows\System32\IMM32.DLL
0x0000000068550000 - 0x0000000068622000 	E:\developer_tools\Java\jdk1.8.0_131\jre\bin\msvcr100.dll
0x0000000067cb0000 - 0x000000006854c000 	E:\developer_tools\Java\jdk1.8.0_131\jre\bin\server\jvm.dll
0x00007ffcf37f0000 - 0x00007ffcf37f8000 	C:\Windows\System32\PSAPI.DLL
0x00007ffce5010000 - 0x00007ffce5019000 	C:\Windows\SYSTEM32\WSOCK32.dll
0x00007ffcf1060000 - 0x00007ffcf10cd000 	C:\Windows\System32\WS2_32.dll
0x00007ffcedc90000 - 0x00007ffcedcb4000 	C:\Windows\SYSTEM32\WINMM.dll
0x00007ffcedb40000 - 0x00007ffcedb6d000 	C:\Windows\SYSTEM32\WINMMBASE.dll
0x00007ffcf0670000 - 0x00007ffcf06ba000 	C:\Windows\System32\cfgmgr32.dll
0x00007ffceafe0000 - 0x00007ffceafea000 	C:\Windows\SYSTEM32\VERSION.dll
0x0000000067ca0000 - 0x0000000067caf000 	E:\developer_tools\Java\jdk1.8.0_131\jre\bin\verify.dll
0x0000000067c70000 - 0x0000000067c99000 	E:\developer_tools\Java\jdk1.8.0_131\jre\bin\java.dll
0x0000000067c50000 - 0x0000000067c66000 	E:\developer_tools\Java\jdk1.8.0_131\jre\bin\zip.dll
0x00007ffcf1840000 - 0x00007ffcf2d2f000 	C:\Windows\System32\SHELL32.dll
0x00007ffcf2ee0000 - 0x00007ffcf2f88000 	C:\Windows\System32\shcore.dll
0x00007ffcefc90000 - 0x00007ffcf03d8000 	C:\Windows\System32\windows.storage.dll
0x00007ffcefac0000 - 0x00007ffcefae4000 	C:\Windows\System32\profapi.dll
0x00007ffcefb10000 - 0x00007ffcefb6d000 	C:\Windows\System32\powrprof.dll
0x00007ffcf3440000 - 0x00007ffcf3492000 	C:\Windows\System32\shlwapi.dll
0x00007ffcefaf0000 - 0x00007ffcefb01000 	C:\Windows\System32\kernel.appcore.dll
0x00007ffcf0870000 - 0x00007ffcf0887000 	C:\Windows\System32\cryptsp.dll
0x00007ffceee90000 - 0x00007ffceeec3000 	C:\Windows\system32\rsaenh.dll
0x00007ffcf0840000 - 0x00007ffcf0866000 	C:\Windows\System32\bcrypt.dll
0x00007ffcef9a0000 - 0x00007ffcef9c8000 	C:\Windows\SYSTEM32\USERENV.dll
0x00007ffcef500000 - 0x00007ffcef50c000 	C:\Windows\SYSTEM32\CRYPTBASE.dll
0x0000000067c30000 - 0x0000000067c4a000 	E:\developer_tools\Java\jdk1.8.0_131\jre\bin\net.dll
0x00007ffcef090000 - 0x00007ffcef0cd000 	C:\Windows\SYSTEM32\IPHLPAPI.DLL

VM Arguments:
jvm_args: -Dmaven.multiModuleProjectDirectory=F:\IdeaProjects\gmall20190311\gmall-item-web -Dmaven.home=E:\developer_tools\IntelliJ IDEA 2020.1.3\plugins\maven\lib\maven3 -Dclassworlds.conf=E:\developer_tools\IntelliJ IDEA 2020.1.3\plugins\maven\lib\maven3\bin\m2.conf -Dmaven.ext.class.path=E:\developer_tools\IntelliJ IDEA 2020.1.3\plugins\maven\lib\maven-event-listener.jar -Dfile.encoding=UTF-8 
java_command: org.codehaus.classworlds.Launcher -Didea.version=2020.2 -s E:\developer_tools\apache-maven\apache-maven-3.3.9\conf\settings.xml compile
java_class_path (initial): E:\developer_tools\IntelliJ IDEA 2020.1.3\plugins\maven\lib\maven3\boot\plexus-classworlds-2.6.0.jar;E:\developer_tools\IntelliJ IDEA 2020.1.3\plugins\maven\lib\maven3\boot\plexus-classworlds.license
Launcher Type: SUN_STANDARD

Environment Variables:
JAVA_HOME=E:\developer_tools\Java\jdk1.8.0_131
PATH=E:\developer_tools\Java\jdk1.8.0_131\bin;C:\Windows\system32;C:\Windows;C:\Windows\System32\Wbem;C:\Windows\System32\WindowsPowerShell\v1.0\;C:\Program Files\IDM Computer Solutions\UltraEdit;E:\developer_tools\apache-tomcat\apache-tomcat-8.5.24\bin;E:\developer_tools\apache-maven\apache-maven-3.3.9\bin;E:\developer_tools\MySQL\MySQLServer5.5\bin;E:\developer_tools\gradle\gradle-6.5.1\bin;E:\developer_tools\VisualSVNServer\\bin;E:\developer_tools\UltraEdit;E:\developer_tools\TortoiseGit\bin;C:\Program Files\nodejs\;E:\developer_tools\Git\bin;E:\developer_tools\Git\mingw64\libexec\git-core;C:\Users\Administrator\AppData\Local\Microsoft\WindowsApps;;E:\developer_tools\IntelliJ IDEA 2020.1.3\bin;;E:\developer_tools\Microsoft VS Code\bin;C:\Users\Administrator\AppData\Roaming\npm
USERNAME=Administrator
OS=Windows_NT
PROCESSOR_IDENTIFIER=Intel64 Family 6 Model 45 Stepping 7, GenuineIntel



---------------  S Y S T E M  ---------------

OS: Windows 10.0 , 64 bit Build 17763 (10.0.17763.1)

CPU:total 16 (initial active 16) (8 cores per cpu, 2 threads per core) family 6 model 45 stepping 7, cmov, cx8, fxsr, mmx, sse, sse2, sse3, ssse3, sse4.1, sse4.2, popcnt, avx, aes, clmul, ht, tsc, tscinvbit, tscinv

Memory: 4k page, physical 16708572k(4772556k free), swap 29816024k(0k free)

vm_info: Java HotSpot(TM) 64-Bit Server VM (25.131-b11) for windows-amd64 JRE (1.8.0_131-b11), built on Mar 15 2017 01:23:53 by "java_re" with MS VC++ 10.0 (VS2010)

time: Mon Nov 02 11:36:54 2020
elapsed time: 3 seconds (0d 0h 0m 3s)

