#
# There is insufficient memory for the Java Runtime Environment to continue.
# Native memory allocation (malloc) failed to allocate 4088 bytes for AllocateHeap
# Possible reasons:
#   The system is out of physical RAM or swap space
#   In 32 bit mode, the process size limit was hit
# Possible solutions:
#   Reduce memory load on the system
#   Increase physical memory or swap space
#   Check if swap backing store is full
#   Use 64 bit Java on a 64 bit OS
#   Decrease Java heap size (-Xmx/-Xms)
#   Decrease number of Java threads
#   Decrease Java thread stack sizes (-Xss)
#   Set larger code cache with -XX:ReservedCodeCacheSize=
# This output file may be truncated or incomplete.
#
#  Out of Memory Error (memory/allocation.inline.hpp:61), pid=18540, tid=0x0000000000004bd4
#
# JRE version: Java(TM) SE Runtime Environment (8.0_131-b11) (build 1.8.0_131-b11)
# Java VM: Java HotSpot(TM) 64-Bit Server VM (25.131-b11 mixed mode windows-amd64 compressed oops)
# Failed to write core dump. Minidumps are not enabled by default on client versions of Windows
#

---------------  T H R E A D  ---------------

Current thread (0x000000001e464000):  VMThread [stack: 0x000000001fb00000,0x000000001fc00000] [id=19412]

Stack: [0x000000001fb00000,0x000000001fc00000]
[error occurred during error reporting (printing stack bounds), id 0xc0000005]

Native frames: (J=compiled Java code, j=interpreted, Vv=VM code, C=native code)

VM_Operation (0x00000000028ea470): CollectForMetadataAllocation, mode: safepoint, requested by thread 0x00000000029ae000


---------------  P R O C E S S  ---------------

Java Threads: ( => current thread )
  0x000000001e56b000 JavaThread "Service Thread" daemon [_thread_blocked, id=19876, stack(0x0000000020d00000,0x0000000020e00000)]
  0x000000001e56a800 JavaThread "C1 CompilerThread11" daemon [_thread_blocked, id=19872, stack(0x0000000020c00000,0x0000000020d00000)]
  0x000000001e569800 JavaThread "C1 CompilerThread10" daemon [_thread_blocked, id=19868, stack(0x0000000020b00000,0x0000000020c00000)]
  0x000000001e562000 JavaThread "C1 CompilerThread9" daemon [_thread_blocked, id=19864, stack(0x0000000020900000,0x0000000020a00000)]
  0x000000001e561000 JavaThread "C1 CompilerThread8" daemon [_thread_blocked, id=19856, stack(0x0000000020800000,0x0000000020900000)]
  0x000000001e55d800 JavaThread "C2 CompilerThread7" daemon [_thread_blocked, id=19848, stack(0x0000000020700000,0x0000000020800000)]
  0x000000001e55b800 JavaThread "C2 CompilerThread6" daemon [_thread_blocked, id=19844, stack(0x0000000020600000,0x0000000020700000)]
  0x000000001e55b000 JavaThread "C2 CompilerThread5" daemon [_thread_blocked, id=19840, stack(0x0000000020500000,0x0000000020600000)]
  0x000000001e55a000 JavaThread "C2 CompilerThread4" daemon [_thread_blocked, id=19836, stack(0x0000000020400000,0x0000000020500000)]
  0x000000001e556000 JavaThread "C2 CompilerThread3" daemon [_thread_blocked, id=19832, stack(0x0000000020300000,0x0000000020400000)]
  0x000000001e553800 JavaThread "C2 CompilerThread2" daemon [_thread_blocked, id=19828, stack(0x0000000020200000,0x0000000020300000)]
  0x000000001e503000 JavaThread "C2 CompilerThread1" daemon [_thread_blocked, id=19780, stack(0x0000000020100000,0x0000000020200000)]
  0x000000001e501000 JavaThread "C2 CompilerThread0" daemon [_thread_blocked, id=19764, stack(0x0000000020000000,0x0000000020100000)]
  0x000000001e500800 JavaThread "Attach Listener" daemon [_thread_blocked, id=19760, stack(0x000000001ff00000,0x0000000020000000)]
  0x000000001e4a8000 JavaThread "Signal Dispatcher" daemon [_thread_blocked, id=19756, stack(0x000000001fe00000,0x000000001ff00000)]
  0x000000001ca2f800 JavaThread "Finalizer" daemon [_thread_blocked, id=19508, stack(0x000000001fd00000,0x000000001fe00000)]
  0x000000001ca2d800 JavaThread "Reference Handler" daemon [_thread_blocked, id=19496, stack(0x000000001fc00000,0x000000001fd00000)]
  0x00000000029ae000 JavaThread "main" [_thread_blocked, id=18916, stack(0x00000000027f0000,0x00000000028f0000)]

Other Threads:
=>0x000000001e464000 VMThread [stack: 0x000000001fb00000,0x000000001fc00000] [id=19412]
  0x000000001e63f000 WatcherThread [stack: 0x0000000020e00000,0x0000000020f00000] [id=19880]

VM state:at safepoint (normal execution)

VM Mutex/Monitor currently owned by a thread:  ([mutex/lock_event])
[0x00000000029acbd0] Threads_lock - owner thread: 0x000000001e464000
[0x00000000029ad050] Heap_lock - owner thread: 0x00000000029ae000

Heap:
 PSYoungGen      total 76288K, used 3518K [0x000000076b000000, 0x0000000770500000, 0x00000007c0000000)
  eden space 65536K, 0% used [0x000000076b000000,0x000000076b000000,0x000000076f000000)
  from space 10752K, 32% used [0x000000076f000000,0x000000076f36fb00,0x000000076fa80000)
  to   space 10752K, 0% used [0x000000076fa80000,0x000000076fa80000,0x0000000770500000)
 ParOldGen       total 175104K, used 8K [0x00000006c1000000, 0x00000006cbb00000, 0x000000076b000000)
  object space 175104K, 0% used [0x00000006c1000000,0x00000006c1002000,0x00000006cbb00000)
 Metaspace       used 7072K, capacity 7180K, committed 7296K, reserved 1060864K
  class space    used 785K, capacity 824K, committed 896K, reserved 1048576K

Card table byte_map: [0x0000000011e70000,0x0000000012670000] byte_map_base: 0x000000000e868000

Marking Bits: (ParMarkBitMap*) 0x00000000684cc720
 Begin Bits: [0x00000000138c0000, 0x0000000017880000)
 End Bits:   [0x0000000017880000, 0x000000001b840000)

Polling page: 0x00000000007d0000

CodeCache: size=245760Kb used=4252Kb max_used=4252Kb free=241507Kb
 bounds [0x0000000002ab0000, 0x0000000002ee0000, 0x0000000011ab0000]
 total_blobs=870 nmethods=546 adapters=234
 compilation: enabled

Compilation events (10 events):
Event: 9.582 Thread 0x000000001e56a800  542   !   3       java.util.zip.Inflater::setInput (74 bytes)
Event: 9.582 Thread 0x000000001e56a800 nmethod 542 0x0000000002ed4d90 code [0x0000000002ed4f20, 0x0000000002ed5498]
Event: 9.591 Thread 0x000000001e562000  543   !   3       java.util.zip.ZipFile::releaseInflater (41 bytes)
Event: 9.592 Thread 0x000000001e562000 nmethod 543 0x0000000002ed56d0 code [0x0000000002ed5880, 0x0000000002ed5f98]
Event: 9.592 Thread 0x000000001e561000  544       3       java.util.ArrayDeque::pollFirst (42 bytes)
Event: 9.592 Thread 0x000000001e569800  545       3       java.util.zip.InflaterInputStream::<init> (79 bytes)
Event: 9.593 Thread 0x000000001e561000 nmethod 544 0x0000000002ed6290 code [0x0000000002ed6400, 0x0000000002ed6730]
Event: 9.593 Thread 0x000000001e569800 nmethod 545 0x0000000002ed6890 code [0x0000000002ed6a40, 0x0000000002ed7138]
Event: 9.633 Thread 0x000000001e56a800  546       3       java.lang.ClassLoader::compareCerts (149 bytes)
Event: 9.634 Thread 0x000000001e56a800 nmethod 546 0x0000000002ed7410 code [0x0000000002ed75e0, 0x0000000002ed7e98]

GC Heap History (3 events):
Event: 9.650 GC heap before
{Heap before GC invocations=1 (full 0):
 PSYoungGen      total 76288K, used 19662K [0x000000076b000000, 0x0000000770500000, 0x00000007c0000000)
  eden space 65536K, 30% used [0x000000076b000000,0x000000076c3339c8,0x000000076f000000)
  from space 10752K, 0% used [0x000000076fa80000,0x000000076fa80000,0x0000000770500000)
  to   space 10752K, 0% used [0x000000076f000000,0x000000076f000000,0x000000076fa80000)
 ParOldGen       total 175104K, used 0K [0x00000006c1000000, 0x00000006cbb00000, 0x000000076b000000)
  object space 175104K, 0% used [0x00000006c1000000,0x00000006c1000000,0x00000006cbb00000)
 Metaspace       used 7072K, capacity 7180K, committed 7296K, reserved 1060864K
  class space    used 785K, capacity 824K, committed 896K, reserved 1048576K
Event: 9.744 GC heap after
Heap after GC invocations=1 (full 0):
 PSYoungGen      total 76288K, used 3518K [0x000000076b000000, 0x0000000770500000, 0x00000007c0000000)
  eden space 65536K, 0% used [0x000000076b000000,0x000000076b000000,0x000000076f000000)
  from space 10752K, 32% used [0x000000076f000000,0x000000076f36fb00,0x000000076fa80000)
  to   space 10752K, 0% used [0x000000076fa80000,0x000000076fa80000,0x0000000770500000)
 ParOldGen       total 175104K, used 8K [0x00000006c1000000, 0x00000006cbb00000, 0x000000076b000000)
  object space 175104K, 0% used [0x00000006c1000000,0x00000006c1002000,0x00000006cbb00000)
 Metaspace       used 7072K, capacity 7180K, committed 7296K, reserved 1060864K
  class space    used 785K, capacity 824K, committed 896K, reserved 1048576K
}
Event: 9.744 GC heap before
{Heap before GC invocations=2 (full 1):
 PSYoungGen      total 76288K, used 3518K [0x000000076b000000, 0x0000000770500000, 0x00000007c0000000)
  eden space 65536K, 0% used [0x000000076b000000,0x000000076b000000,0x000000076f000000)
  from space 10752K, 32% used [0x000000076f000000,0x000000076f36fb00,0x000000076fa80000)
  to   space 10752K, 0% used [0x000000076fa80000,0x000000076fa80000,0x0000000770500000)
 ParOldGen       total 175104K, used 8K [0x00000006c1000000, 0x00000006cbb00000, 0x000000076b000000)
  object space 175104K, 0% used [0x00000006c1000000,0x00000006c1002000,0x00000006cbb00000)
 Metaspace       used 7072K, capacity 7180K, committed 7296K, reserved 1060864K
  class space    used 785K, capacity 824K, committed 896K, reserved 1048576K

Deoptimization events (1 events):
Event: 6.038 Thread 0x00000000029ae000 Uncommon trap: reason=unstable_if action=reinterpret pc=0x0000000002de73dc method=sun.nio.cs.UTF_8$Encoder.encode([CII[B)I @ 33

Internal exceptions (9 events):
Event: 0.438 Thread 0x00000000029ae000 Exception <a 'java/lang/NoSuchMethodError': Method sun.misc.Unsafe.defineClass(Ljava/lang/String;[BII)Ljava/lang/Class; name or signature does not match> (0x000000076b007ca8) thrown at [C:\re\workspace\8-2-build-windows-amd64-cygwin\jdk8u131\8869\hotspot\
Event: 0.438 Thread 0x00000000029ae000 Exception <a 'java/lang/NoSuchMethodError': Method sun.misc.Unsafe.prefetchRead(Ljava/lang/Object;J)V name or signature does not match> (0x000000076b007f90) thrown at [C:\re\workspace\8-2-build-windows-amd64-cygwin\jdk8u131\8869\hotspot\src\share\vm\prims
Event: 1.578 Thread 0x00000000029ae000 Exception <a 'java/util/zip/ZipException'> (0x000000076b2a2ca0) thrown at [C:\re\workspace\8-2-build-windows-amd64-cygwin\jdk8u131\8869\hotspot\src\share\vm\prims\jni.cpp, line 709]
Event: 1.578 Thread 0x00000000029ae000 Exception <a 'java/security/PrivilegedActionException'> (0x000000076b2a3128) thrown at [C:\re\workspace\8-2-build-windows-amd64-cygwin\jdk8u131\8869\hotspot\src\share\vm\prims\jvm.cpp, line 1390]
Event: 1.578 Thread 0x00000000029ae000 Exception <a 'java/security/PrivilegedActionException'> (0x000000076b2a3338) thrown at [C:\re\workspace\8-2-build-windows-amd64-cygwin\jdk8u131\8869\hotspot\src\share\vm\prims\jvm.cpp, line 1390]
Event: 1.963 Thread 0x00000000029ae000 Exception <a 'java/security/PrivilegedActionException'> (0x000000076b71dc08) thrown at [C:\re\workspace\8-2-build-windows-amd64-cygwin\jdk8u131\8869\hotspot\src\share\vm\prims\jvm.cpp, line 1390]
Event: 1.963 Thread 0x00000000029ae000 Exception <a 'java/security/PrivilegedActionException'> (0x000000076b71e000) thrown at [C:\re\workspace\8-2-build-windows-amd64-cygwin\jdk8u131\8869\hotspot\src\share\vm\prims\jvm.cpp, line 1390]
Event: 1.964 Thread 0x00000000029ae000 Exception <a 'java/security/PrivilegedActionException'> (0x000000076b721148) thrown at [C:\re\workspace\8-2-build-windows-amd64-cygwin\jdk8u131\8869\hotspot\src\share\vm\prims\jvm.cpp, line 1390]
Event: 1.964 Thread 0x00000000029ae000 Exception <a 'java/security/PrivilegedActionException'> (0x000000076b721540) thrown at [C:\re\workspace\8-2-build-windows-amd64-cygwin\jdk8u131\8869\hotspot\src\share\vm\prims\jvm.cpp, line 1390]

Events (10 events):
Event: 9.646 loading class com/google/common/collect/Lists$TransformingRandomAccessList done
Event: 9.647 loading class com/google/common/collect/Lists$TransformingSequentialList
Event: 9.647 loading class com/google/common/collect/Lists$TransformingSequentialList done
Event: 9.647 loading class com/google/common/collect/Lists$Partition
Event: 9.647 loading class com/google/common/collect/Lists$Partition done
Event: 9.648 loading class com/google/common/collect/Lists$RandomAccessPartition
Event: 9.648 loading class com/google/common/collect/Lists$RandomAccessPartition done
Event: 9.649 loading class com/google/common/collect/ImmutableList
Event: 9.649 loading class com/google/common/collect/ImmutableList done
Event: 9.650 Executing VM operation: CollectForMetadataAllocation


Dynamic libraries:
0x00007ff7b82c0000 - 0x00007ff7b82f7000 	E:\developer_tools\Java\jdk1.8.0_131\bin\java.exe
0x00007ffcf3aa0000 - 0x00007ffcf3c8d000 	C:\Windows\SYSTEM32\ntdll.dll
0x00007ffcf0cd0000 - 0x00007ffcf0d83000 	C:\Windows\System32\KERNEL32.DLL
0x00007ffcf0890000 - 0x00007ffcf0b23000 	C:\Windows\System32\KERNELBASE.dll
0x00007ffcf1790000 - 0x00007ffcf1833000 	C:\Windows\System32\ADVAPI32.DLL
0x00007ffcf2d30000 - 0x00007ffcf2dce000 	C:\Windows\System32\msvcrt.dll
0x00007ffcf0d90000 - 0x00007ffcf0e2e000 	C:\Windows\System32\sechost.dll
0x00007ffcf15b0000 - 0x00007ffcf16d3000 	C:\Windows\System32\RPCRT4.dll
0x00007ffcf1410000 - 0x00007ffcf15a7000 	C:\Windows\System32\USER32.dll
0x00007ffcefb70000 - 0x00007ffcefb90000 	C:\Windows\System32\win32u.dll
0x00007ffcf3410000 - 0x00007ffcf3439000 	C:\Windows\System32\GDI32.dll
0x00007ffcf0b30000 - 0x00007ffcf0cca000 	C:\Windows\System32\gdi32full.dll
0x00007ffcefbf0000 - 0x00007ffcefc90000 	C:\Windows\System32\msvcp_win.dll
0x00007ffcf06c0000 - 0x00007ffcf07bc000 	C:\Windows\System32\ucrtbase.dll
0x00007ffce6150000 - 0x00007ffce63c9000 	C:\Windows\WinSxS\amd64_microsoft.windows.common-controls_6595b64144ccf1df_6.0.17763.107_none_05b63884071e656e\COMCTL32.dll
0x00007ffcf10d0000 - 0x00007ffcf13fe000 	C:\Windows\System32\combase.dll
0x00007ffcf07c0000 - 0x00007ffcf083e000 	C:\Windows\System32\bcryptPrimitives.dll
0x00007ffcf16e0000 - 0x00007ffcf170e000 	C:\Windows\System32\IMM32.DLL
0x0000000068550000 - 0x0000000068622000 	E:\developer_tools\Java\jdk1.8.0_131\jre\bin\msvcr100.dll
0x0000000067cb0000 - 0x000000006854c000 	E:\developer_tools\Java\jdk1.8.0_131\jre\bin\server\jvm.dll
0x00007ffcf37f0000 - 0x00007ffcf37f8000 	C:\Windows\System32\PSAPI.DLL
0x00007ffce5010000 - 0x00007ffce5019000 	C:\Windows\SYSTEM32\WSOCK32.dll
0x00007ffcf1060000 - 0x00007ffcf10cd000 	C:\Windows\System32\WS2_32.dll
0x00007ffcedc90000 - 0x00007ffcedcb4000 	C:\Windows\SYSTEM32\WINMM.dll
0x00007ffceafe0000 - 0x00007ffceafea000 	C:\Windows\SYSTEM32\VERSION.dll
0x00007ffcedb40000 - 0x00007ffcedb6d000 	C:\Windows\SYSTEM32\WINMMBASE.dll
0x00007ffcf0670000 - 0x00007ffcf06ba000 	C:\Windows\System32\cfgmgr32.dll
0x0000000067ca0000 - 0x0000000067caf000 	E:\developer_tools\Java\jdk1.8.0_131\jre\bin\verify.dll
0x0000000067c70000 - 0x0000000067c99000 	E:\developer_tools\Java\jdk1.8.0_131\jre\bin\java.dll
0x0000000067c50000 - 0x0000000067c66000 	E:\developer_tools\Java\jdk1.8.0_131\jre\bin\zip.dll
0x00007ffcf1840000 - 0x00007ffcf2d2f000 	C:\Windows\System32\SHELL32.dll
0x00007ffcf2ee0000 - 0x00007ffcf2f88000 	C:\Windows\System32\shcore.dll
0x00007ffcefc90000 - 0x00007ffcf03d8000 	C:\Windows\System32\windows.storage.dll
0x00007ffcefac0000 - 0x00007ffcefae4000 	C:\Windows\System32\profapi.dll
0x00007ffcefb10000 - 0x00007ffcefb6d000 	C:\Windows\System32\powrprof.dll
0x00007ffcf3440000 - 0x00007ffcf3492000 	C:\Windows\System32\shlwapi.dll
0x00007ffcefaf0000 - 0x00007ffcefb01000 	C:\Windows\System32\kernel.appcore.dll
0x00007ffcf0870000 - 0x00007ffcf0887000 	C:\Windows\System32\cryptsp.dll
0x00007ffceee90000 - 0x00007ffceeec3000 	C:\Windows\system32\rsaenh.dll
0x00007ffcf0840000 - 0x00007ffcf0866000 	C:\Windows\System32\bcrypt.dll
0x00007ffcef9a0000 - 0x00007ffcef9c8000 	C:\Windows\SYSTEM32\USERENV.dll
0x00007ffcef500000 - 0x00007ffcef50c000 	C:\Windows\SYSTEM32\CRYPTBASE.dll
0x0000000067c30000 - 0x0000000067c4a000 	E:\developer_tools\Java\jdk1.8.0_131\jre\bin\net.dll
0x00007ffcef330000 - 0x00007ffcef397000 	C:\Windows\system32\mswsock.dll
0x00007ffcef090000 - 0x00007ffcef0cd000 	C:\Windows\SYSTEM32\IPHLPAPI.DLL
0x00007ffcf3a60000 - 0x00007ffcf3a68000 	C:\Windows\System32\NSI.dll
0x00007ffce9d70000 - 0x00007ffce9d86000 	C:\Windows\SYSTEM32\dhcpcsvc6.DLL
0x00007ffce9d50000 - 0x00007ffce9d6c000 	C:\Windows\SYSTEM32\dhcpcsvc.DLL
0x00007ffcef0d0000 - 0x00007ffcef196000 	C:\Windows\SYSTEM32\DNSAPI.dll
0x0000000067c10000 - 0x0000000067c21000 	E:\developer_tools\Java\jdk1.8.0_131\jre\bin\nio.dll
0x00007ffce60b0000 - 0x00007ffce60ba000 	C:\Users\Administrator\AppData\Local\Temp\jansi-1.17.1-60670681572950760.dll
0x00007ffcebcf0000 - 0x00007ffcebcfa000 	C:\Users\Administrator\AppData\Local\Temp\jansi-1.17.1-330398313669122421.dll

VM Arguments:
jvm_args: -Dmaven.multiModuleProjectDirectory=F:\IdeaProjects\gmall20190311\gmall-item-web -Dmaven.home=E:\developer_tools\IntelliJ IDEA 2020.1.3\plugins\maven\lib\maven3 -Dclassworlds.conf=E:\developer_tools\IntelliJ IDEA 2020.1.3\plugins\maven\lib\maven3\bin\m2.conf -Dmaven.ext.class.path=E:\developer_tools\IntelliJ IDEA 2020.1.3\plugins\maven\lib\maven-event-listener.jar -Dfile.encoding=UTF-8 
java_command: org.codehaus.classworlds.Launcher -Didea.version=2020.2 -s E:\developer_tools\apache-maven\apache-maven-3.3.9\conf\settings.xml compile
java_class_path (initial): E:\developer_tools\IntelliJ IDEA 2020.1.3\plugins\maven\lib\maven3\boot\plexus-classworlds-2.6.0.jar;E:\developer_tools\IntelliJ IDEA 2020.1.3\plugins\maven\lib\maven3\boot\plexus-classworlds.license
Launcher Type: SUN_STANDARD

Environment Variables:
JAVA_HOME=E:\developer_tools\Java\jdk1.8.0_131
PATH=E:\developer_tools\Java\jdk1.8.0_131\bin;C:\Windows\system32;C:\Windows;C:\Windows\System32\Wbem;C:\Windows\System32\WindowsPowerShell\v1.0\;C:\Program Files\IDM Computer Solutions\UltraEdit;E:\developer_tools\apache-tomcat\apache-tomcat-8.5.24\bin;E:\developer_tools\apache-maven\apache-maven-3.3.9\bin;E:\developer_tools\MySQL\MySQLServer5.5\bin;E:\developer_tools\gradle\gradle-6.5.1\bin;E:\developer_tools\VisualSVNServer\\bin;E:\developer_tools\UltraEdit;E:\developer_tools\TortoiseGit\bin;C:\Program Files\nodejs\;E:\developer_tools\Git\bin;E:\developer_tools\Git\mingw64\libexec\git-core;C:\Users\Administrator\AppData\Local\Microsoft\WindowsApps;;E:\developer_tools\IntelliJ IDEA 2020.1.3\bin;;E:\developer_tools\Microsoft VS Code\bin;C:\Users\Administrator\AppData\Roaming\npm
USERNAME=Administrator
OS=Windows_NT
PROCESSOR_IDENTIFIER=Intel64 Family 6 Model 45 Stepping 7, GenuineIntel



---------------  S Y S T E M  ---------------

OS: Windows 10.0 , 64 bit Build 17763 (10.0.17763.1)

CPU:total 16 (initial active 16) (8 cores per cpu, 2 threads per core) family 6 model 45 stepping 7, cmov, cx8, fxsr, mmx, sse, sse2, sse3, ssse3, sse4.1, sse4.2, popcnt, avx, aes, clmul, ht, tsc, tscinvbit, tscinv

Memory: 4k page, physical 16708572k(4193476k free), swap 29816024k(2948k free)

vm_info: Java HotSpot(TM) 64-Bit Server VM (25.131-b11) for windows-amd64 JRE (1.8.0_131-b11), built on Mar 15 2017 01:23:53 by "java_re" with MS VC++ 10.0 (VS2010)

time: Mon Nov 02 11:36:50 2020
elapsed time: 9 seconds (0d 0h 0m 9s)

