#
# There is insufficient memory for the Java Runtime Environment to continue.
# Native memory allocation (malloc) failed to allocate 717616 bytes for Chunk::new
# Possible reasons:
#   The system is out of physical RAM or swap space
#   In 32 bit mode, the process size limit was hit
# Possible solutions:
#   Reduce memory load on the system
#   Increase physical memory or swap space
#   Check if swap backing store is full
#   Use 64 bit Java on a 64 bit OS
#   Decrease Java heap size (-Xmx/-Xms)
#   Decrease number of Java threads
#   Decrease Java thread stack sizes (-Xss)
#   Set larger code cache with -XX:ReservedCodeCacheSize=
# This output file may be truncated or incomplete.
#
#  Out of Memory Error (allocation.cpp:390), pid=17616, tid=0x0000000000004710
#
# JRE version: Java(TM) SE Runtime Environment (8.0_131-b11) (build 1.8.0_131-b11)
# Java VM: Java HotSpot(TM) 64-Bit Server VM (25.131-b11 mixed mode windows-amd64 compressed oops)
# Failed to write core dump. Minidumps are not enabled by default on client versions of Windows
#

---------------  T H R E A D  ---------------

Current thread (0x000000001e85b000):  JavaThread "C2 CompilerThread2" daemon [_thread_in_native, id=18192, stack(0x0000000020610000,0x0000000020710000)]

Stack: [0x0000000020610000,0x0000000020710000]
[error occurred during error reporting (printing stack bounds), id 0xc0000005]

Native frames: (J=compiled Java code, j=interpreted, Vv=VM code, C=native code)


Current CompileTask:
C2:  10756 1549   !   4       java.net.URL::<init> (543 bytes)


---------------  P R O C E S S  ---------------

Java Threads: ( => current thread )
  0x000000001e933000 JavaThread "Service Thread" daemon [_thread_blocked, id=18240, stack(0x0000000021010000,0x0000000021110000)]
  0x000000001e91a000 JavaThread "C1 CompilerThread11" daemon [_thread_blocked, id=18236, stack(0x0000000020f10000,0x0000000021010000)]
  0x000000001e919800 JavaThread "C1 CompilerThread10" daemon [_thread_blocked, id=18232, stack(0x0000000020e10000,0x0000000020f10000)]
  0x000000001e916800 JavaThread "C1 CompilerThread9" daemon [_thread_blocked, id=18228, stack(0x0000000020d10000,0x0000000020e10000)]
  0x000000001e915800 JavaThread "C1 CompilerThread8" daemon [_thread_blocked, id=18224, stack(0x0000000020c10000,0x0000000020d10000)]
  0x000000001e912000 JavaThread "C2 CompilerThread7" daemon [_thread_blocked, id=18220, stack(0x0000000020b10000,0x0000000020c10000)]
  0x000000001e910000 JavaThread "C2 CompilerThread6" daemon [_thread_blocked, id=18216, stack(0x0000000020a10000,0x0000000020b10000)]
  0x000000001e90e800 JavaThread "C2 CompilerThread5" daemon [_thread_blocked, id=18212, stack(0x0000000020910000,0x0000000020a10000)]
  0x000000001e85c800 JavaThread "C2 CompilerThread4" daemon [_thread_blocked, id=18208, stack(0x0000000020810000,0x0000000020910000)]
  0x000000001e85b800 JavaThread "C2 CompilerThread3" daemon [_thread_blocked, id=18204, stack(0x0000000020710000,0x0000000020810000)]
=>0x000000001e85b000 JavaThread "C2 CompilerThread2" daemon [_thread_in_native, id=18192, stack(0x0000000020610000,0x0000000020710000)]
  0x000000001e85a000 JavaThread "C2 CompilerThread1" daemon [_thread_blocked, id=18188, stack(0x0000000020510000,0x0000000020610000)]
  0x000000001e858000 JavaThread "C2 CompilerThread0" daemon [_thread_blocked, id=18184, stack(0x0000000020410000,0x0000000020510000)]
  0x000000001e857000 JavaThread "Attach Listener" daemon [_thread_blocked, id=18180, stack(0x0000000020310000,0x0000000020410000)]
  0x000000001e8b5800 JavaThread "Signal Dispatcher" daemon [_thread_blocked, id=18176, stack(0x0000000020210000,0x0000000020310000)]
  0x000000001e836000 JavaThread "Finalizer" daemon [_thread_blocked, id=18052, stack(0x00000000200b0000,0x00000000201b0000)]
  0x000000001cdbd000 JavaThread "Reference Handler" daemon [_thread_blocked, id=18048, stack(0x000000001ffb0000,0x00000000200b0000)]
  0x0000000002b3e000 JavaThread "main" [_thread_in_Java, id=17920, stack(0x0000000002c40000,0x0000000002d40000)]

Other Threads:
  0x000000001e815800 VMThread [stack: 0x000000001feb0000,0x000000001ffb0000] [id=18044]
  0x000000001e98f000 WatcherThread [stack: 0x0000000021210000,0x0000000021310000] [id=18252]

VM state:not at safepoint (normal execution)

VM Mutex/Monitor currently owned by a thread: None

Heap:
 PSYoungGen      total 76288K, used 30200K [0x000000076b000000, 0x0000000774500000, 0x00000007c0000000)
  eden space 65536K, 30% used [0x000000076b000000,0x000000076c3c18f8,0x000000076f000000)
  from space 10752K, 92% used [0x000000076f000000,0x000000076f9bc878,0x000000076fa80000)
  to   space 10752K, 0% used [0x0000000773a80000,0x0000000773a80000,0x0000000774500000)
 ParOldGen       total 175104K, used 8K [0x00000006c1000000, 0x00000006cbb00000, 0x000000076b000000)
  object space 175104K, 0% used [0x00000006c1000000,0x00000006c1002000,0x00000006cbb00000)
 Metaspace       used 13748K, capacity 13930K, committed 14080K, reserved 1060864K
  class space    used 1703K, capacity 1778K, committed 1792K, reserved 1048576K

Card table byte_map: [0x0000000012200000,0x0000000012a00000] byte_map_base: 0x000000000ebf8000

Marking Bits: (ParMarkBitMap*) 0x00000000684cc720
 Begin Bits: [0x0000000013c50000, 0x0000000017c10000)
 End Bits:   [0x0000000017c10000, 0x000000001bbd0000)

Polling page: 0x0000000000c00000

CodeCache: size=245760Kb used=7620Kb max_used=7620Kb free=238139Kb
 bounds [0x0000000002e40000, 0x00000000035c0000, 0x0000000011e40000]
 total_blobs=2107 nmethods=1755 adapters=261
 compilation: enabled

Compilation events (10 events):
Event: 10.714 Thread 0x000000001e916800 1736       3       org.eclipse.sisu.inject.LazyBeanEntry::getValue (10 bytes)
Event: 10.714 Thread 0x000000001e916800 nmethod 1736 0x00000000035a7bd0 code [0x00000000035a7d40, 0x00000000035a7f68]
Event: 10.714 Thread 0x000000001e916800 1737       3       org.eclipse.sisu.wire.BeanProviders$1::get (5 bytes)
Event: 10.714 Thread 0x000000001e915800 1738       3       org.eclipse.sisu.wire.BeanProviders$1::get (25 bytes)
Event: 10.714 Thread 0x000000001e91a000 1739       3       com.google.inject.internal.Annotations::findScopeAnnotation (9 bytes)
Event: 10.715 Thread 0x000000001e916800 nmethod 1737 0x00000000035a8010 code [0x00000000035a81a0, 0x00000000035a85d8]
Event: 10.715 Thread 0x000000001e915800 nmethod 1738 0x00000000035a8790 code [0x00000000035a8920, 0x00000000035a8cd8]
Event: 10.715 Thread 0x000000001e91a000 nmethod 1739 0x00000000035a8e50 code [0x00000000035a9000, 0x00000000035a9578]
Event: 10.717 Thread 0x000000001e916800 1740       3       org.eclipse.sisu.inject.Sources::getAnnotation (38 bytes)
Event: 10.718 Thread 0x000000001e916800 nmethod 1740 0x00000000035a9810 code [0x00000000035a99e0, 0x00000000035aa2a8]

GC Heap History (2 events):
Event: 8.654 GC heap before
{Heap before GC invocations=1 (full 0):
 PSYoungGen      total 76288K, used 65536K [0x000000076b000000, 0x0000000770500000, 0x00000007c0000000)
  eden space 65536K, 100% used [0x000000076b000000,0x000000076f000000,0x000000076f000000)
  from space 10752K, 0% used [0x000000076fa80000,0x000000076fa80000,0x0000000770500000)
  to   space 10752K, 0% used [0x000000076f000000,0x000000076f000000,0x000000076fa80000)
 ParOldGen       total 175104K, used 0K [0x00000006c1000000, 0x00000006cbb00000, 0x000000076b000000)
  object space 175104K, 0% used [0x00000006c1000000,0x00000006c1000000,0x00000006cbb00000)
 Metaspace       used 11810K, capacity 11966K, committed 12160K, reserved 1060864K
  class space    used 1436K, capacity 1542K, committed 1664K, reserved 1048576K
Event: 8.828 GC heap after
Heap after GC invocations=1 (full 0):
 PSYoungGen      total 76288K, used 9970K [0x000000076b000000, 0x0000000774500000, 0x00000007c0000000)
  eden space 65536K, 0% used [0x000000076b000000,0x000000076b000000,0x000000076f000000)
  from space 10752K, 92% used [0x000000076f000000,0x000000076f9bc878,0x000000076fa80000)
  to   space 10752K, 0% used [0x0000000773a80000,0x0000000773a80000,0x0000000774500000)
 ParOldGen       total 175104K, used 8K [0x00000006c1000000, 0x00000006cbb00000, 0x000000076b000000)
  object space 175104K, 0% used [0x00000006c1000000,0x00000006c1002000,0x00000006cbb00000)
 Metaspace       used 11810K, capacity 11966K, committed 12160K, reserved 1060864K
  class space    used 1436K, capacity 1542K, committed 1664K, reserved 1048576K
}

Deoptimization events (10 events):
Event: 5.138 Thread 0x0000000002b3e000 Uncommon trap: reason=unstable_if action=reinterpret pc=0x00000000032f4658 method=org.codehaus.plexus.util.xml.pull.MXParser.nextImpl()I @ 200
Event: 5.208 Thread 0x0000000002b3e000 Uncommon trap: reason=unstable_if action=reinterpret pc=0x00000000032b63a8 method=sun.nio.cs.StreamDecoder.implRead([CII)I @ 197
Event: 5.224 Thread 0x0000000002b3e000 Uncommon trap: reason=unstable_if action=reinterpret pc=0x0000000003307838 method=org.codehaus.plexus.util.xml.pull.MXParser.nextImpl()I @ 241
Event: 5.225 Thread 0x0000000002b3e000 Uncommon trap: reason=unstable_if action=reinterpret pc=0x00000000032e5a24 method=sun.nio.cs.StreamDecoder.implRead([CII)I @ 197
Event: 5.230 Thread 0x0000000002b3e000 Uncommon trap: reason=unstable_if action=reinterpret pc=0x00000000032ca3d4 method=sun.nio.cs.StreamDecoder.implRead([CII)I @ 71
Event: 5.231 Thread 0x0000000002b3e000 Uncommon trap: reason=unstable_if action=reinterpret pc=0x00000000032c56ec method=sun.nio.cs.StreamDecoder.implRead([CII)I @ 71
Event: 5.728 Thread 0x0000000002b3e000 Uncommon trap: reason=unstable_if action=reinterpret pc=0x000000000329329c method=java.util.HashMap.getNode(ILjava/lang/Object;)Ljava/util/HashMap$Node; @ 129
Event: 5.728 Thread 0x0000000002b3e000 Uncommon trap: reason=unstable_if action=reinterpret pc=0x0000000003294e84 method=java.util.HashMap.getNode(ILjava/lang/Object;)Ljava/util/HashMap$Node; @ 129
Event: 5.751 Thread 0x0000000002b3e000 Uncommon trap: reason=range_check action=make_not_entrant pc=0x0000000003348d28 method=sun.reflect.generics.parser.SignatureParser.current()C @ 34
Event: 10.305 Thread 0x0000000002b3e000 Uncommon trap: reason=unstable_if action=reinterpret pc=0x0000000003507d1c method=java.lang.ref.ReferenceQueue.poll()Ljava/lang/ref/Reference; @ 4

Internal exceptions (10 events):
Event: 0.694 Thread 0x0000000002b3e000 Exception <a 'java/security/PrivilegedActionException'> (0x000000076b5d9ad8) thrown at [C:\re\workspace\8-2-build-windows-amd64-cygwin\jdk8u131\8869\hotspot\src\share\vm\prims\jvm.cpp, line 1390]
Event: 4.691 Thread 0x0000000002b3e000 Exception <a 'java/lang/ArrayIndexOutOfBoundsException'> (0x000000076c905e40) thrown at [C:\re\workspace\8-2-build-windows-amd64-cygwin\jdk8u131\8869\hotspot\src\share\vm\runtime\sharedRuntime.cpp, line 605]
Event: 4.714 Thread 0x0000000002b3e000 Exception <a 'java/lang/ArrayIndexOutOfBoundsException'> (0x000000076c921820) thrown at [C:\re\workspace\8-2-build-windows-amd64-cygwin\jdk8u131\8869\hotspot\src\share\vm\runtime\sharedRuntime.cpp, line 605]
Event: 4.739 Thread 0x0000000002b3e000 Exception <a 'java/lang/ArrayIndexOutOfBoundsException'> (0x000000076c9639b0) thrown at [C:\re\workspace\8-2-build-windows-amd64-cygwin\jdk8u131\8869\hotspot\src\share\vm\runtime\sharedRuntime.cpp, line 605]
Event: 5.261 Thread 0x0000000002b3e000 Exception <a 'java/lang/ArrayIndexOutOfBoundsException'> (0x000000076d17ba90) thrown at [C:\re\workspace\8-2-build-windows-amd64-cygwin\jdk8u131\8869\hotspot\src\share\vm\runtime\sharedRuntime.cpp, line 605]
Event: 5.264 Thread 0x0000000002b3e000 Exception <a 'java/lang/ArrayIndexOutOfBoundsException'> (0x000000076d17d620) thrown at [C:\re\workspace\8-2-build-windows-amd64-cygwin\jdk8u131\8869\hotspot\src\share\vm\runtime\sharedRuntime.cpp, line 605]
Event: 5.751 Thread 0x0000000002b3e000 Exception <a 'java/lang/ArrayIndexOutOfBoundsException': 66> (0x000000076d4a7bf8) thrown at [C:\re\workspace\8-2-build-windows-amd64-cygwin\jdk8u131\8869\hotspot\src\share\vm\interpreter\interpreterRuntime.cpp, line 366]
Event: 10.296 Thread 0x0000000002b3e000 Exception <a 'java/lang/NoClassDefFoundError': com/google/inject/servlet/ServletModuleTargetVisitor> (0x000000076bf98e78) thrown at [C:\re\workspace\8-2-build-windows-amd64-cygwin\jdk8u131\8869\hotspot\src\share\vm\classfile\systemDictionary.cpp, line 199
Event: 10.296 Thread 0x0000000002b3e000 Exception <a 'java/lang/NoClassDefFoundError'> (0x000000076bf98e78) thrown at [C:\re\workspace\8-2-build-windows-amd64-cygwin\jdk8u131\8869\hotspot\src\share\vm\prims\jvm.cpp, line 1394]
Event: 10.296 Thread 0x0000000002b3e000 Exception <a 'java/lang/NoClassDefFoundError': javax/annotation/Priority> (0x000000076bf9dae0) thrown at [C:\re\workspace\8-2-build-windows-amd64-cygwin\jdk8u131\8869\hotspot\src\share\vm\classfile\systemDictionary.cpp, line 199]

Events (10 events):
Event: 10.733 loading class org/apache/maven/execution/MojoExecutionListener
Event: 10.733 loading class org/apache/maven/execution/MojoExecutionListener done
Event: 10.733 loading class org/apache/maven/execution/scope/internal/MojoExecutionScope
Event: 10.733 loading class org/apache/maven/execution/scope/internal/MojoExecutionScope done
Event: 10.734 loading class org/apache/maven/plugin/LegacySupport
Event: 10.734 loading class org/apache/maven/plugin/LegacySupport done
Event: 10.734 loading class org/apache/maven/plugin/MavenPluginManager
Event: 10.734 loading class org/apache/maven/plugin/MavenPluginManager done
Event: 10.736 loading class org/apache/maven/plugin/CompoundMojoExecutionListener
Event: 10.736 loading class org/apache/maven/plugin/CompoundMojoExecutionListener done


Dynamic libraries:
0x00007ff7b82c0000 - 0x00007ff7b82f7000 	E:\developer_tools\Java\jdk1.8.0_131\bin\java.exe
0x00007ffcf3aa0000 - 0x00007ffcf3c8d000 	C:\Windows\SYSTEM32\ntdll.dll
0x00007ffcf0cd0000 - 0x00007ffcf0d83000 	C:\Windows\System32\KERNEL32.DLL
0x00007ffcf0890000 - 0x00007ffcf0b23000 	C:\Windows\System32\KERNELBASE.dll
0x00007ffcf1790000 - 0x00007ffcf1833000 	C:\Windows\System32\ADVAPI32.DLL
0x00007ffcf2d30000 - 0x00007ffcf2dce000 	C:\Windows\System32\msvcrt.dll
0x00007ffcf0d90000 - 0x00007ffcf0e2e000 	C:\Windows\System32\sechost.dll
0x00007ffcf15b0000 - 0x00007ffcf16d3000 	C:\Windows\System32\RPCRT4.dll
0x00007ffcf1410000 - 0x00007ffcf15a7000 	C:\Windows\System32\USER32.dll
0x00007ffcefb70000 - 0x00007ffcefb90000 	C:\Windows\System32\win32u.dll
0x00007ffcf3410000 - 0x00007ffcf3439000 	C:\Windows\System32\GDI32.dll
0x00007ffcf0b30000 - 0x00007ffcf0cca000 	C:\Windows\System32\gdi32full.dll
0x00007ffcefbf0000 - 0x00007ffcefc90000 	C:\Windows\System32\msvcp_win.dll
0x00007ffcf06c0000 - 0x00007ffcf07bc000 	C:\Windows\System32\ucrtbase.dll
0x00007ffce6150000 - 0x00007ffce63c9000 	C:\Windows\WinSxS\amd64_microsoft.windows.common-controls_6595b64144ccf1df_6.0.17763.107_none_05b63884071e656e\COMCTL32.dll
0x00007ffcf10d0000 - 0x00007ffcf13fe000 	C:\Windows\System32\combase.dll
0x00007ffcf07c0000 - 0x00007ffcf083e000 	C:\Windows\System32\bcryptPrimitives.dll
0x00007ffcf16e0000 - 0x00007ffcf170e000 	C:\Windows\System32\IMM32.DLL
0x0000000068550000 - 0x0000000068622000 	E:\developer_tools\Java\jdk1.8.0_131\jre\bin\msvcr100.dll
0x0000000067cb0000 - 0x000000006854c000 	E:\developer_tools\Java\jdk1.8.0_131\jre\bin\server\jvm.dll
0x00007ffcf37f0000 - 0x00007ffcf37f8000 	C:\Windows\System32\PSAPI.DLL
0x00007ffce5010000 - 0x00007ffce5019000 	C:\Windows\SYSTEM32\WSOCK32.dll
0x00007ffcf1060000 - 0x00007ffcf10cd000 	C:\Windows\System32\WS2_32.dll
0x00007ffceafe0000 - 0x00007ffceafea000 	C:\Windows\SYSTEM32\VERSION.dll
0x00007ffcedc90000 - 0x00007ffcedcb4000 	C:\Windows\SYSTEM32\WINMM.dll
0x00007ffcedb40000 - 0x00007ffcedb6d000 	C:\Windows\SYSTEM32\winmmbase.dll
0x00007ffcf0670000 - 0x00007ffcf06ba000 	C:\Windows\System32\cfgmgr32.dll
0x0000000067ca0000 - 0x0000000067caf000 	E:\developer_tools\Java\jdk1.8.0_131\jre\bin\verify.dll
0x0000000067c70000 - 0x0000000067c99000 	E:\developer_tools\Java\jdk1.8.0_131\jre\bin\java.dll
0x0000000067c50000 - 0x0000000067c66000 	E:\developer_tools\Java\jdk1.8.0_131\jre\bin\zip.dll
0x00007ffcf1840000 - 0x00007ffcf2d2f000 	C:\Windows\System32\SHELL32.dll
0x00007ffcf2ee0000 - 0x00007ffcf2f88000 	C:\Windows\System32\shcore.dll
0x00007ffcefc90000 - 0x00007ffcf03d8000 	C:\Windows\System32\windows.storage.dll
0x00007ffcefac0000 - 0x00007ffcefae4000 	C:\Windows\System32\profapi.dll
0x00007ffcefb10000 - 0x00007ffcefb6d000 	C:\Windows\System32\powrprof.dll
0x00007ffcf3440000 - 0x00007ffcf3492000 	C:\Windows\System32\shlwapi.dll
0x00007ffcefaf0000 - 0x00007ffcefb01000 	C:\Windows\System32\kernel.appcore.dll
0x00007ffcf0870000 - 0x00007ffcf0887000 	C:\Windows\System32\cryptsp.dll
0x00007ffceee90000 - 0x00007ffceeec3000 	C:\Windows\system32\rsaenh.dll
0x00007ffcf0840000 - 0x00007ffcf0866000 	C:\Windows\System32\bcrypt.dll
0x00007ffcef9a0000 - 0x00007ffcef9c8000 	C:\Windows\SYSTEM32\USERENV.dll
0x00007ffcef500000 - 0x00007ffcef50c000 	C:\Windows\SYSTEM32\CRYPTBASE.dll
0x0000000067c30000 - 0x0000000067c4a000 	E:\developer_tools\Java\jdk1.8.0_131\jre\bin\net.dll
0x00007ffcef330000 - 0x00007ffcef397000 	C:\Windows\system32\mswsock.dll
0x00007ffcef090000 - 0x00007ffcef0cd000 	C:\Windows\SYSTEM32\IPHLPAPI.DLL
0x00007ffcf3a60000 - 0x00007ffcf3a68000 	C:\Windows\System32\NSI.dll
0x00007ffce9d70000 - 0x00007ffce9d86000 	C:\Windows\SYSTEM32\dhcpcsvc6.DLL
0x00007ffce9d50000 - 0x00007ffce9d6c000 	C:\Windows\SYSTEM32\dhcpcsvc.DLL
0x00007ffcef0d0000 - 0x00007ffcef196000 	C:\Windows\SYSTEM32\DNSAPI.dll
0x0000000067c10000 - 0x0000000067c21000 	E:\developer_tools\Java\jdk1.8.0_131\jre\bin\nio.dll
0x00007ffcda420000 - 0x00007ffcda42a000 	C:\Users\Administrator\AppData\Local\Temp\jansi-1.17.1-7611038693993358503.dll
0x00007ffcd9320000 - 0x00007ffcd932a000 	C:\Users\Administrator\AppData\Local\Temp\jansi-1.17.1-6689939927496531952.dll

VM Arguments:
jvm_args: -Dmaven.multiModuleProjectDirectory=F:\IdeaProjects\gmall20190311\gmall-item-web -Dmaven.home=E:\developer_tools\IntelliJ IDEA 2020.1.3\plugins\maven\lib\maven3 -Dclassworlds.conf=E:\developer_tools\IntelliJ IDEA 2020.1.3\plugins\maven\lib\maven3\bin\m2.conf -Dmaven.ext.class.path=E:\developer_tools\IntelliJ IDEA 2020.1.3\plugins\maven\lib\maven-event-listener.jar -Dfile.encoding=UTF-8 
java_command: org.codehaus.classworlds.Launcher -Didea.version=2020.2 -s E:\developer_tools\apache-maven\apache-maven-3.3.9\conf\settings.xml compile
java_class_path (initial): E:\developer_tools\IntelliJ IDEA 2020.1.3\plugins\maven\lib\maven3\boot\plexus-classworlds-2.6.0.jar;E:\developer_tools\IntelliJ IDEA 2020.1.3\plugins\maven\lib\maven3\boot\plexus-classworlds.license
Launcher Type: SUN_STANDARD

Environment Variables:
JAVA_HOME=E:\developer_tools\Java\jdk1.8.0_131
PATH=E:\developer_tools\Java\jdk1.8.0_131\bin;C:\Windows\system32;C:\Windows;C:\Windows\System32\Wbem;C:\Windows\System32\WindowsPowerShell\v1.0\;C:\Program Files\IDM Computer Solutions\UltraEdit;E:\developer_tools\apache-tomcat\apache-tomcat-8.5.24\bin;E:\developer_tools\apache-maven\apache-maven-3.3.9\bin;E:\developer_tools\MySQL\MySQLServer5.5\bin;E:\developer_tools\gradle\gradle-6.5.1\bin;E:\developer_tools\VisualSVNServer\\bin;E:\developer_tools\UltraEdit;E:\developer_tools\TortoiseGit\bin;C:\Program Files\nodejs\;E:\developer_tools\Git\bin;E:\developer_tools\Git\mingw64\libexec\git-core;C:\Users\Administrator\AppData\Local\Microsoft\WindowsApps;;E:\developer_tools\IntelliJ IDEA 2020.1.3\bin;;E:\developer_tools\Microsoft VS Code\bin;C:\Users\Administrator\AppData\Roaming\npm
USERNAME=Administrator
OS=Windows_NT
PROCESSOR_IDENTIFIER=Intel64 Family 6 Model 45 Stepping 7, GenuineIntel



---------------  S Y S T E M  ---------------

OS: Windows 10.0 , 64 bit Build 17763 (10.0.17763.1)

CPU:total 16 (initial active 16) (8 cores per cpu, 2 threads per core) family 6 model 45 stepping 7, cmov, cx8, fxsr, mmx, sse, sse2, sse3, ssse3, sse4.1, sse4.2, popcnt, avx, aes, clmul, ht, tsc, tscinvbit, tscinv

Memory: 4k page, physical 16708572k(4256596k free), swap 29816024k(5296k free)

vm_info: Java HotSpot(TM) 64-Bit Server VM (25.131-b11) for windows-amd64 JRE (1.8.0_131-b11), built on Mar 15 2017 01:23:53 by "java_re" with MS VC++ 10.0 (VS2010)

time: Mon Nov 02 11:36:50 2020
elapsed time: 10 seconds (0d 0h 0m 10s)

