#
# There is insufficient memory for the Java Runtime Environment to continue.
# Native memory allocation (malloc) failed to allocate 204176 bytes for Chunk::new
# Possible reasons:
#   The system is out of physical RAM or swap space
#   In 32 bit mode, the process size limit was hit
# Possible solutions:
#   Reduce memory load on the system
#   Increase physical memory or swap space
#   Check if swap backing store is full
#   Use 64 bit Java on a 64 bit OS
#   Decrease Java heap size (-Xmx/-Xms)
#   Decrease number of Java threads
#   Decrease Java thread stack sizes (-Xss)
#   Set larger code cache with -XX:ReservedCodeCacheSize=
# This output file may be truncated or incomplete.
#
#  Out of Memory Error (allocation.cpp:390), pid=2948, tid=0x00000000000041f0
#
# JRE version: Java(TM) SE Runtime Environment (8.0_131-b11) (build 1.8.0_131-b11)
# Java VM: Java HotSpot(TM) 64-Bit Server VM (25.131-b11 mixed mode windows-amd64 compressed oops)
# Failed to write core dump. Minidumps are not enabled by default on client versions of Windows
#

---------------  T H R E A D  ---------------

Current thread (0x000000001ec3e000):  JavaThread "C2 CompilerThread0" daemon [_thread_in_native, id=16880, stack(0x0000000020780000,0x0000000020880000)]

Stack: [0x0000000020780000,0x0000000020880000]
[error occurred during error reporting (printing stack bounds), id 0xc0000005]

Native frames: (J=compiled Java code, j=interpreted, Vv=VM code, C=native code)


Current CompileTask:
C2:  16905 2498       4       org.apache.maven.model.ConfigurationContainer::setLocation (156 bytes)


---------------  P R O C E S S  ---------------

Java Threads: ( => current thread )
  0x000000001ece9000 JavaThread "Service Thread" daemon [_thread_blocked, id=16808, stack(0x0000000021480000,0x0000000021580000)]
  0x000000001ece7000 JavaThread "C1 CompilerThread11" daemon [_thread_blocked, id=10192, stack(0x0000000021280000,0x0000000021380000)]
  0x000000001ecd6800 JavaThread "C1 CompilerThread10" daemon [_thread_blocked, id=8348, stack(0x0000000021180000,0x0000000021280000)]
  0x000000001eccf800 JavaThread "C1 CompilerThread9" daemon [_thread_blocked, id=14992, stack(0x0000000021080000,0x0000000021180000)]
  0x000000001eccf000 JavaThread "C1 CompilerThread8" daemon [_thread_blocked, id=13544, stack(0x0000000020f80000,0x0000000021080000)]
  0x000000001eccb000 JavaThread "C2 CompilerThread7" daemon [_thread_in_native, id=3916, stack(0x0000000020e80000,0x0000000020f80000)]
  0x000000001ecb9800 JavaThread "C2 CompilerThread6" daemon [_thread_blocked, id=920, stack(0x0000000020d80000,0x0000000020e80000)]
  0x000000001eca7800 JavaThread "C2 CompilerThread5" daemon [_thread_blocked, id=14528, stack(0x0000000020c80000,0x0000000020d80000)]
  0x000000001eca7000 JavaThread "C2 CompilerThread4" daemon [_thread_blocked, id=14704, stack(0x0000000020b80000,0x0000000020c80000)]
  0x000000001ec92000 JavaThread "C2 CompilerThread3" daemon [_thread_blocked, id=17176, stack(0x0000000020a80000,0x0000000020b80000)]
  0x000000001ec87800 JavaThread "C2 CompilerThread2" daemon [_thread_blocked, id=16712, stack(0x0000000020980000,0x0000000020a80000)]
  0x000000001ec86800 JavaThread "C2 CompilerThread1" daemon [_thread_blocked, id=3796, stack(0x0000000020880000,0x0000000020980000)]
=>0x000000001ec3e000 JavaThread "C2 CompilerThread0" daemon [_thread_in_native, id=16880, stack(0x0000000020780000,0x0000000020880000)]
  0x000000001ebe5000 JavaThread "Attach Listener" daemon [_thread_blocked, id=13092, stack(0x0000000020680000,0x0000000020780000)]
  0x000000001ec3b800 JavaThread "Signal Dispatcher" daemon [_thread_blocked, id=8668, stack(0x0000000020580000,0x0000000020680000)]
  0x000000001d15f800 JavaThread "Finalizer" daemon [_thread_blocked, id=3264, stack(0x0000000020420000,0x0000000020520000)]
  0x000000001d15d800 JavaThread "Reference Handler" daemon [_thread_blocked, id=10552, stack(0x0000000020320000,0x0000000020420000)]
  0x000000000116e000 JavaThread "main" [_thread_in_native, id=10620, stack(0x0000000002f90000,0x0000000003090000)]

Other Threads:
  0x000000001eba4000 VMThread [stack: 0x0000000020220000,0x0000000020320000] [id=12576]
  0x000000001ed05000 WatcherThread [stack: 0x0000000021580000,0x0000000021680000] [id=1040]

VM state:not at safepoint (normal execution)

VM Mutex/Monitor currently owned by a thread: None

Heap:
 PSYoungGen      total 76288K, used 72354K [0x000000076b000000, 0x0000000774500000, 0x00000007c0000000)
  eden space 65536K, 95% used [0x000000076b000000,0x000000076ed1dc98,0x000000076f000000)
  from space 10752K, 90% used [0x000000076f000000,0x000000076f98af48,0x000000076fa80000)
  to   space 10752K, 0% used [0x0000000773a80000,0x0000000773a80000,0x0000000774500000)
 ParOldGen       total 175104K, used 8K [0x00000006c1000000, 0x00000006cbb00000, 0x000000076b000000)
  object space 175104K, 0% used [0x00000006c1000000,0x00000006c1002000,0x00000006cbb00000)
 Metaspace       used 16070K, capacity 16306K, committed 16640K, reserved 1064960K
  class space    used 1914K, capacity 2010K, committed 2048K, reserved 1048576K

Card table byte_map: [0x0000000012550000,0x0000000012d50000] byte_map_base: 0x000000000ef48000

Marking Bits: (ParMarkBitMap*) 0x00000000684cc720
 Begin Bits: [0x0000000013fa0000, 0x0000000017f60000)
 End Bits:   [0x0000000017f60000, 0x000000001bf20000)

Polling page: 0x0000000000be0000

CodeCache: size=245760Kb used=9992Kb max_used=9992Kb free=235767Kb
 bounds [0x0000000003190000, 0x0000000003b60000, 0x0000000012190000]
 total_blobs=2863 nmethods=2484 adapters=286
 compilation: enabled

Compilation events (10 events):
Event: 16.897 Thread 0x000000001ece7000 2499       3       org.apache.maven.model.DependencyManagement::getDependencies (23 bytes)
Event: 16.897 Thread 0x000000001ecd6800 2500       3       org.eclipse.aether.repository.RemoteRepository::getPolicy (16 bytes)
Event: 16.897 Thread 0x000000001ecd6800 nmethod 2500 0x0000000003b52f90 code [0x0000000003b530e0, 0x0000000003b53290]
Event: 16.897 Thread 0x000000001eccf800 nmethod 2494 0x0000000003b52bd0 code [0x0000000003b52d20, 0x0000000003b52ef0]
Event: 16.897 Thread 0x000000001ecd6800 2495       1       org.apache.maven.model.Model::getOrganization (5 bytes)
Event: 16.897 Thread 0x000000001eccf800 2497       1       org.apache.maven.model.Scm::getUrl (5 bytes)
Event: 16.897 Thread 0x000000001ece7000 nmethod 2499 0x0000000003b52510 code [0x0000000003b52680, 0x0000000003b52a30]
Event: 16.897 Thread 0x000000001ecd6800 nmethod 2495 0x0000000003b52250 code [0x0000000003b523a0, 0x0000000003b524b0]
Event: 16.897 Thread 0x000000001eccf800 nmethod 2497 0x0000000003b51f90 code [0x0000000003b520e0, 0x0000000003b521f0]
Event: 16.898 Thread 0x000000001eccb000 2501       4       org.apache.maven.model.validation.DefaultModelValidator::validateEffectiveDependency (616 bytes)

GC Heap History (2 events):
Event: 6.366 GC heap before
{Heap before GC invocations=1 (full 0):
 PSYoungGen      total 76288K, used 65536K [0x000000076b000000, 0x0000000770500000, 0x00000007c0000000)
  eden space 65536K, 100% used [0x000000076b000000,0x000000076f000000,0x000000076f000000)
  from space 10752K, 0% used [0x000000076fa80000,0x000000076fa80000,0x0000000770500000)
  to   space 10752K, 0% used [0x000000076f000000,0x000000076f000000,0x000000076fa80000)
 ParOldGen       total 175104K, used 0K [0x00000006c1000000, 0x00000006cbb00000, 0x000000076b000000)
  object space 175104K, 0% used [0x00000006c1000000,0x00000006c1000000,0x00000006cbb00000)
 Metaspace       used 11626K, capacity 11806K, committed 12032K, reserved 1060864K
  class space    used 1414K, capacity 1510K, committed 1536K, reserved 1048576K
Event: 6.531 GC heap after
Heap after GC invocations=1 (full 0):
 PSYoungGen      total 76288K, used 9771K [0x000000076b000000, 0x0000000774500000, 0x00000007c0000000)
  eden space 65536K, 0% used [0x000000076b000000,0x000000076b000000,0x000000076f000000)
  from space 10752K, 90% used [0x000000076f000000,0x000000076f98af48,0x000000076fa80000)
  to   space 10752K, 0% used [0x0000000773a80000,0x0000000773a80000,0x0000000774500000)
 ParOldGen       total 175104K, used 8K [0x00000006c1000000, 0x00000006cbb00000, 0x000000076b000000)
  object space 175104K, 0% used [0x00000006c1000000,0x00000006c1002000,0x00000006cbb00000)
 Metaspace       used 11626K, capacity 11806K, committed 12032K, reserved 1060864K
  class space    used 1414K, capacity 1510K, committed 1536K, reserved 1048576K
}

Deoptimization events (10 events):
Event: 12.638 Thread 0x000000000116e000 Uncommon trap: reason=unstable_if action=reinterpret pc=0x000000000350c2e4 method=java.lang.String.replace(CC)Ljava/lang/String; @ 2
Event: 13.434 Thread 0x000000000116e000 Uncommon trap: reason=unstable_if action=reinterpret pc=0x00000000039652c4 method=org.codehaus.plexus.util.xml.pull.MXParser.nextImpl()I @ 879
Event: 13.437 Thread 0x000000000116e000 Uncommon trap: reason=null_check action=make_not_entrant pc=0x000000000396ccd8 method=org.apache.maven.model.io.xpp3.MavenXpp3ReaderEx.checkFieldWithDuplicate(Lorg/codehaus/plexus/util/xml/pull/XmlPullParser;Ljava/lang/String;Ljava/lang/String;Ljava/util/
Event: 13.767 Thread 0x000000000116e000 Uncommon trap: reason=unstable_if action=reinterpret pc=0x0000000003723f58 method=java.lang.String.regionMatches(ZILjava/lang/String;II)Z @ 25
Event: 14.249 Thread 0x000000000116e000 Uncommon trap: reason=null_check action=make_not_entrant pc=0x0000000003a42098 method=org.apache.maven.model.io.xpp3.MavenXpp3Reader.checkFieldWithDuplicate(Lorg/codehaus/plexus/util/xml/pull/XmlPullParser;Ljava/lang/String;Ljava/lang/String;Ljava/util/Se
Event: 14.698 Thread 0x000000000116e000 Uncommon trap: reason=unstable_if action=reinterpret pc=0x00000000039c2c00 method=org.codehaus.plexus.util.xml.pull.MXParser.nextImpl()I @ 1161
Event: 14.771 Thread 0x000000000116e000 Uncommon trap: reason=unstable_if action=reinterpret pc=0x000000000396b228 method=sun.nio.cs.UTF_8$Decoder.decodeArrayLoop(Ljava/nio/ByteBuffer;Ljava/nio/CharBuffer;)Ljava/nio/charset/CoderResult; @ 167
Event: 14.772 Thread 0x000000000116e000 Uncommon trap: reason=unstable_if action=reinterpret pc=0x00000000039497a4 method=sun.nio.cs.UTF_8$Decoder.decodeArrayLoop(Ljava/nio/ByteBuffer;Ljava/nio/CharBuffer;)Ljava/nio/charset/CoderResult; @ 167
Event: 15.034 Thread 0x000000000116e000 Uncommon trap: reason=unstable_if action=reinterpret pc=0x0000000003ab203c method=org.codehaus.plexus.util.xml.pull.MXParser.nextImpl()I @ 310
Event: 16.897 Thread 0x000000000116e000 Uncommon trap: reason=null_check action=make_not_entrant pc=0x0000000003b576e0 method=org.apache.maven.model.validation.DefaultModelValidator.validateEffectiveDependency(Lorg/apache/maven/model/building/ModelProblemCollector;Lorg/apache/maven/model/Depend

Internal exceptions (10 events):
Event: 12.399 Thread 0x000000000116e000 Exception <a 'java/lang/NullPointerException'> (0x000000076c9a2308) thrown at [C:\re\workspace\8-2-build-windows-amd64-cygwin\jdk8u131\8869\hotspot\src\share\vm\interpreter\linkResolver.cpp, line 1197]
Event: 12.399 Thread 0x000000000116e000 Exception <a 'java/lang/NullPointerException'> (0x000000076c9a2520) thrown at [C:\re\workspace\8-2-build-windows-amd64-cygwin\jdk8u131\8869\hotspot\src\share\vm\interpreter\linkResolver.cpp, line 1197]
Event: 12.400 Thread 0x000000000116e000 Exception <a 'java/lang/NullPointerException'> (0x000000076c9a9df0) thrown at [C:\re\workspace\8-2-build-windows-amd64-cygwin\jdk8u131\8869\hotspot\src\share\vm\interpreter\linkResolver.cpp, line 1197]
Event: 12.400 Thread 0x000000000116e000 Exception <a 'java/lang/NullPointerException'> (0x000000076c9aa008) thrown at [C:\re\workspace\8-2-build-windows-amd64-cygwin\jdk8u131\8869\hotspot\src\share\vm\interpreter\linkResolver.cpp, line 1197]
Event: 12.400 Thread 0x000000000116e000 Exception <a 'java/lang/NullPointerException'> (0x000000076c9aa220) thrown at [C:\re\workspace\8-2-build-windows-amd64-cygwin\jdk8u131\8869\hotspot\src\share\vm\interpreter\linkResolver.cpp, line 1197]
Event: 12.613 Thread 0x000000000116e000 Implicit null exception at 0x0000000003594056 to 0x00000000035943f9
Event: 12.613 Thread 0x000000000116e000 Implicit null exception at 0x0000000003555bd7 to 0x0000000003555fe5
Event: 13.437 Thread 0x000000000116e000 Implicit null exception at 0x000000000396ca7b to 0x000000000396ccbd
Event: 14.249 Thread 0x000000000116e000 Implicit null exception at 0x0000000003a41e3b to 0x0000000003a4207d
Event: 16.897 Thread 0x000000000116e000 Implicit null exception at 0x0000000003b55ce0 to 0x0000000003b576d1

Events (10 events):
Event: 15.875 loading class org/eclipse/aether/collection/DependencyManagement done
Event: 16.691 loading class org/eclipse/aether/util/graph/selector/ExclusionDependencySelector$ExclusionComparator
Event: 16.691 loading class org/eclipse/aether/util/graph/selector/ExclusionDependencySelector$ExclusionComparator done
Event: 16.897 Thread 0x000000000116e000 Uncommon trap: trap_request=0xfffffff4 fr.pc=0x0000000003b576e0
Event: 16.898 Thread 0x000000000116e000 DEOPT PACKING pc=0x0000000003b576e0 sp=0x000000000308c520
Event: 16.898 Thread 0x000000000116e000 DEOPT UNPACKING pc=0x00000000031d582a sp=0x000000000308c540 mode 2
Event: 16.899 Thread 0x000000001eccf000 flushing nmethod 0x000000000344ea10
Event: 16.899 Thread 0x000000001eccf000 flushing nmethod 0x0000000003470790
Event: 16.900 Thread 0x000000001eccf000 flushing nmethod 0x0000000003487710
Event: 16.900 Thread 0x000000001eccf000 flushing nmethod 0x000000000349ff50


Dynamic libraries:
0x00007ff7b82c0000 - 0x00007ff7b82f7000 	E:\developer_tools\Java\jdk1.8.0_131\bin\java.exe
0x00007ffcf3aa0000 - 0x00007ffcf3c8d000 	C:\Windows\SYSTEM32\ntdll.dll
0x00007ffcf0cd0000 - 0x00007ffcf0d83000 	C:\Windows\System32\KERNEL32.DLL
0x00007ffcf0890000 - 0x00007ffcf0b23000 	C:\Windows\System32\KERNELBASE.dll
0x00007ffcf1790000 - 0x00007ffcf1833000 	C:\Windows\System32\ADVAPI32.DLL
0x00007ffcf2d30000 - 0x00007ffcf2dce000 	C:\Windows\System32\msvcrt.dll
0x00007ffcf0d90000 - 0x00007ffcf0e2e000 	C:\Windows\System32\sechost.dll
0x00007ffcf15b0000 - 0x00007ffcf16d3000 	C:\Windows\System32\RPCRT4.dll
0x00007ffcf1410000 - 0x00007ffcf15a7000 	C:\Windows\System32\USER32.dll
0x00007ffcefb70000 - 0x00007ffcefb90000 	C:\Windows\System32\win32u.dll
0x00007ffcf3410000 - 0x00007ffcf3439000 	C:\Windows\System32\GDI32.dll
0x00007ffcf0b30000 - 0x00007ffcf0cca000 	C:\Windows\System32\gdi32full.dll
0x00007ffcefbf0000 - 0x00007ffcefc90000 	C:\Windows\System32\msvcp_win.dll
0x00007ffcf06c0000 - 0x00007ffcf07bc000 	C:\Windows\System32\ucrtbase.dll
0x00007ffce6150000 - 0x00007ffce63c9000 	C:\Windows\WinSxS\amd64_microsoft.windows.common-controls_6595b64144ccf1df_6.0.17763.107_none_05b63884071e656e\COMCTL32.dll
0x00007ffcf10d0000 - 0x00007ffcf13fe000 	C:\Windows\System32\combase.dll
0x00007ffcf07c0000 - 0x00007ffcf083e000 	C:\Windows\System32\bcryptPrimitives.dll
0x00007ffcf16e0000 - 0x00007ffcf170e000 	C:\Windows\System32\IMM32.DLL
0x0000000068550000 - 0x0000000068622000 	E:\developer_tools\Java\jdk1.8.0_131\jre\bin\msvcr100.dll
0x0000000067cb0000 - 0x000000006854c000 	E:\developer_tools\Java\jdk1.8.0_131\jre\bin\server\jvm.dll
0x00007ffcf37f0000 - 0x00007ffcf37f8000 	C:\Windows\System32\PSAPI.DLL
0x00007ffce5010000 - 0x00007ffce5019000 	C:\Windows\SYSTEM32\WSOCK32.dll
0x00007ffcf1060000 - 0x00007ffcf10cd000 	C:\Windows\System32\WS2_32.dll
0x00007ffceafe0000 - 0x00007ffceafea000 	C:\Windows\SYSTEM32\VERSION.dll
0x00007ffcedc90000 - 0x00007ffcedcb4000 	C:\Windows\SYSTEM32\WINMM.dll
0x00007ffcedb40000 - 0x00007ffcedb6d000 	C:\Windows\SYSTEM32\winmmbase.dll
0x00007ffcf0670000 - 0x00007ffcf06ba000 	C:\Windows\System32\cfgmgr32.dll
0x0000000067ca0000 - 0x0000000067caf000 	E:\developer_tools\Java\jdk1.8.0_131\jre\bin\verify.dll
0x0000000067c70000 - 0x0000000067c99000 	E:\developer_tools\Java\jdk1.8.0_131\jre\bin\java.dll
0x0000000067c50000 - 0x0000000067c66000 	E:\developer_tools\Java\jdk1.8.0_131\jre\bin\zip.dll
0x00007ffcf1840000 - 0x00007ffcf2d2f000 	C:\Windows\System32\SHELL32.dll
0x00007ffcf2ee0000 - 0x00007ffcf2f88000 	C:\Windows\System32\shcore.dll
0x00007ffcefc90000 - 0x00007ffcf03d8000 	C:\Windows\System32\windows.storage.dll
0x00007ffcefac0000 - 0x00007ffcefae4000 	C:\Windows\System32\profapi.dll
0x00007ffcefb10000 - 0x00007ffcefb6d000 	C:\Windows\System32\powrprof.dll
0x00007ffcf3440000 - 0x00007ffcf3492000 	C:\Windows\System32\shlwapi.dll
0x00007ffcefaf0000 - 0x00007ffcefb01000 	C:\Windows\System32\kernel.appcore.dll
0x00007ffcf0870000 - 0x00007ffcf0887000 	C:\Windows\System32\cryptsp.dll
0x00007ffceee90000 - 0x00007ffceeec3000 	C:\Windows\system32\rsaenh.dll
0x00007ffcf0840000 - 0x00007ffcf0866000 	C:\Windows\System32\bcrypt.dll
0x00007ffcef9a0000 - 0x00007ffcef9c8000 	C:\Windows\SYSTEM32\USERENV.dll
0x00007ffcef500000 - 0x00007ffcef50c000 	C:\Windows\SYSTEM32\CRYPTBASE.dll
0x0000000067c30000 - 0x0000000067c4a000 	E:\developer_tools\Java\jdk1.8.0_131\jre\bin\net.dll
0x00007ffcef330000 - 0x00007ffcef397000 	C:\Windows\system32\mswsock.dll
0x00007ffcef090000 - 0x00007ffcef0cd000 	C:\Windows\SYSTEM32\IPHLPAPI.DLL
0x00007ffcf3a60000 - 0x00007ffcf3a68000 	C:\Windows\System32\NSI.dll
0x00007ffce9d70000 - 0x00007ffce9d86000 	C:\Windows\SYSTEM32\dhcpcsvc6.DLL
0x00007ffce9d50000 - 0x00007ffce9d6c000 	C:\Windows\SYSTEM32\dhcpcsvc.DLL
0x00007ffcef0d0000 - 0x00007ffcef196000 	C:\Windows\SYSTEM32\DNSAPI.dll
0x0000000067c10000 - 0x0000000067c21000 	E:\developer_tools\Java\jdk1.8.0_131\jre\bin\nio.dll
0x00007ffce1910000 - 0x00007ffce191a000 	C:\Users\Administrator\AppData\Local\Temp\jansi-1.17.1-5684288861688078977.dll
0x00007ffcdfcb0000 - 0x00007ffcdfcba000 	C:\Users\Administrator\AppData\Local\Temp\jansi-1.17.1-4074330788368157315.dll

VM Arguments:
jvm_args: -Dmaven.multiModuleProjectDirectory=F:\IdeaProjects\gmall20190311\gmall-item-web -Dmaven.home=E:\developer_tools\IntelliJ IDEA 2020.1.3\plugins\maven\lib\maven3 -Dclassworlds.conf=E:\developer_tools\IntelliJ IDEA 2020.1.3\plugins\maven\lib\maven3\bin\m2.conf -Dmaven.ext.class.path=E:\developer_tools\IntelliJ IDEA 2020.1.3\plugins\maven\lib\maven-event-listener.jar -Dfile.encoding=UTF-8 
java_command: org.codehaus.classworlds.Launcher -Didea.version=2020.2 -s E:\developer_tools\apache-maven\apache-maven-3.3.9\conf\settings.xml compile
java_class_path (initial): E:\developer_tools\IntelliJ IDEA 2020.1.3\plugins\maven\lib\maven3\boot\plexus-classworlds-2.6.0.jar;E:\developer_tools\IntelliJ IDEA 2020.1.3\plugins\maven\lib\maven3\boot\plexus-classworlds.license
Launcher Type: SUN_STANDARD

Environment Variables:
JAVA_HOME=E:\developer_tools\Java\jdk1.8.0_131
PATH=E:\developer_tools\Java\jdk1.8.0_131\bin;C:\Windows\system32;C:\Windows;C:\Windows\System32\Wbem;C:\Windows\System32\WindowsPowerShell\v1.0\;C:\Program Files\IDM Computer Solutions\UltraEdit;E:\developer_tools\apache-tomcat\apache-tomcat-8.5.24\bin;E:\developer_tools\apache-maven\apache-maven-3.3.9\bin;E:\developer_tools\MySQL\MySQLServer5.5\bin;E:\developer_tools\gradle\gradle-6.5.1\bin;E:\developer_tools\VisualSVNServer\\bin;E:\developer_tools\UltraEdit;E:\developer_tools\TortoiseGit\bin;C:\Program Files\nodejs\;E:\developer_tools\Git\bin;E:\developer_tools\Git\mingw64\libexec\git-core;C:\Users\Administrator\AppData\Local\Microsoft\WindowsApps;;E:\developer_tools\IntelliJ IDEA 2020.1.3\bin;;E:\developer_tools\Microsoft VS Code\bin;C:\Users\Administrator\AppData\Roaming\npm
USERNAME=Administrator
OS=Windows_NT
PROCESSOR_IDENTIFIER=Intel64 Family 6 Model 45 Stepping 7, GenuineIntel



---------------  S Y S T E M  ---------------

OS: Windows 10.0 , 64 bit Build 17763 (10.0.17763.1)

CPU:total 16 (initial active 16) (8 cores per cpu, 2 threads per core) family 6 model 45 stepping 7, cmov, cx8, fxsr, mmx, sse, sse2, sse3, ssse3, sse4.1, sse4.2, popcnt, avx, aes, clmul, ht, tsc, tscinvbit, tscinv

Memory: 4k page, physical 16708572k(4787952k free), swap 29816024k(1388k free)

vm_info: Java HotSpot(TM) 64-Bit Server VM (25.131-b11) for windows-amd64 JRE (1.8.0_131-b11), built on Mar 15 2017 01:23:53 by "java_re" with MS VC++ 10.0 (VS2010)

time: Mon Nov 02 11:36:54 2020
elapsed time: 16 seconds (0d 0h 0m 16s)

