#
# There is insufficient memory for the Java Runtime Environment to continue.
# Native memory allocation (malloc) failed to allocate 94448 bytes for Chunk::new
# Possible reasons:
#   The system is out of physical RAM or swap space
#   In 32 bit mode, the process size limit was hit
# Possible solutions:
#   Reduce memory load on the system
#   Increase physical memory or swap space
#   Check if swap backing store is full
#   Use 64 bit Java on a 64 bit OS
#   Decrease Java heap size (-Xmx/-Xms)
#   Decrease number of Java threads
#   Decrease Java thread stack sizes (-Xss)
#   Set larger code cache with -XX:ReservedCodeCacheSize=
# This output file may be truncated or incomplete.
#
#  Out of Memory Error (allocation.cpp:390), pid=16624, tid=0x0000000000002020
#
# JRE version: Java(TM) SE Runtime Environment (8.0_131-b11) (build 1.8.0_131-b11)
# Java VM: Java HotSpot(TM) 64-Bit Server VM (25.131-b11 mixed mode windows-amd64 compressed oops)
# Failed to write core dump. Minidumps are not enabled by default on client versions of Windows
#

---------------  T H R E A D  ---------------

Current thread (0x000000001f0ae000):  JavaThread "C2 CompilerThread0" daemon [_thread_in_native, id=8224, stack(0x0000000020c00000,0x0000000020d00000)]

Stack: [0x0000000020c00000,0x0000000020d00000]
[error occurred during error reporting (printing stack bounds), id 0xc0000005]

Native frames: (J=compiled Java code, j=interpreted, Vv=VM code, C=native code)


Current CompileTask:
C2:  12142 2748       4       org.apache.maven.model.merge.ModelMerger$MergingList::mergeAll (348 bytes)


---------------  P R O C E S S  ---------------

Java Threads: ( => current thread )
  0x000000001f13c000 JavaThread "Service Thread" daemon [_thread_blocked, id=1204, stack(0x0000000021800000,0x0000000021900000)]
  0x000000001f11b000 JavaThread "C1 CompilerThread11" daemon [_thread_blocked, id=15816, stack(0x0000000021700000,0x0000000021800000)]
  0x000000001f11a800 JavaThread "C1 CompilerThread10" daemon [_thread_blocked, id=12256, stack(0x0000000021600000,0x0000000021700000)]
  0x000000001f117800 JavaThread "C1 CompilerThread9" daemon [_thread_blocked, id=15088, stack(0x0000000021500000,0x0000000021600000)]
  0x000000001f117000 JavaThread "C1 CompilerThread8" daemon [_thread_blocked, id=7768, stack(0x0000000021400000,0x0000000021500000)]
  0x000000001f0c8800 JavaThread "C2 CompilerThread7" daemon [_thread_in_native, id=10664, stack(0x0000000021300000,0x0000000021400000)]
  0x000000001f0be000 JavaThread "C2 CompilerThread6" daemon [_thread_blocked, id=16108, stack(0x0000000021200000,0x0000000021300000)]
  0x000000001f0b9000 JavaThread "C2 CompilerThread5" daemon [_thread_blocked, id=7728, stack(0x0000000021100000,0x0000000021200000)]
  0x000000001f0b8800 JavaThread "C2 CompilerThread4" daemon [_thread_blocked, id=12604, stack(0x0000000021000000,0x0000000021100000)]
  0x000000001f0b3800 JavaThread "C2 CompilerThread3" daemon [_thread_blocked, id=9480, stack(0x0000000020f00000,0x0000000021000000)]
  0x000000001f0b1000 JavaThread "C2 CompilerThread2" daemon [_thread_blocked, id=16424, stack(0x0000000020e00000,0x0000000020f00000)]
  0x000000001f0b0000 JavaThread "C2 CompilerThread1" daemon [_thread_blocked, id=3512, stack(0x0000000020d00000,0x0000000020e00000)]
=>0x000000001f0ae000 JavaThread "C2 CompilerThread0" daemon [_thread_in_native, id=8224, stack(0x0000000020c00000,0x0000000020d00000)]
  0x000000001f0ad000 JavaThread "Attach Listener" daemon [_thread_blocked, id=4640, stack(0x0000000020b00000,0x0000000020c00000)]
  0x000000001f05b000 JavaThread "Signal Dispatcher" daemon [_thread_blocked, id=17120, stack(0x0000000020a00000,0x0000000020b00000)]
  0x000000001d5c5000 JavaThread "Finalizer" daemon [_thread_blocked, id=8440, stack(0x00000000208a0000,0x00000000209a0000)]
  0x000000001d5bd800 JavaThread "Reference Handler" daemon [_thread_blocked, id=13188, stack(0x00000000207a0000,0x00000000208a0000)]
  0x0000000002f5e000 JavaThread "main" [_thread_in_native, id=15204, stack(0x0000000003440000,0x0000000003540000)]

Other Threads:
  0x000000001f015800 VMThread [stack: 0x00000000206a0000,0x00000000207a0000] [id=2664]
  0x000000001f194000 WatcherThread [stack: 0x0000000021900000,0x0000000021a00000] [id=11532]

VM state:not at safepoint (normal execution)

VM Mutex/Monitor currently owned by a thread: None

Heap:
 PSYoungGen      total 141824K, used 29571K [0x000000076b000000, 0x0000000774500000, 0x00000007c0000000)
  eden space 131072K, 14% used [0x000000076b000000,0x000000076c268648,0x0000000773000000)
  from space 10752K, 99% used [0x0000000773a80000,0x00000007744f8960,0x0000000774500000)
  to   space 10752K, 0% used [0x0000000773000000,0x0000000773000000,0x0000000773a80000)
 ParOldGen       total 175104K, used 1851K [0x00000006c1000000, 0x00000006cbb00000, 0x000000076b000000)
  object space 175104K, 1% used [0x00000006c1000000,0x00000006c11cef60,0x00000006cbb00000)
 Metaspace       used 16223K, capacity 16498K, committed 16640K, reserved 1064960K
  class space    used 1915K, capacity 2010K, committed 2048K, reserved 1048576K

Card table byte_map: [0x0000000012a00000,0x0000000013200000] byte_map_base: 0x000000000f3f8000

Marking Bits: (ParMarkBitMap*) 0x00000000684cc720
 Begin Bits: [0x0000000014450000, 0x0000000018410000)
 End Bits:   [0x0000000018410000, 0x000000001c3d0000)

Polling page: 0x0000000001200000

CodeCache: size=245760Kb used=11252Kb max_used=11254Kb free=234507Kb
 bounds [0x0000000003640000, 0x0000000004150000, 0x0000000012640000]
 total_blobs=3160 nmethods=2783 adapters=286
 compilation: enabled

Compilation events (10 events):
Event: 12.120 Thread 0x000000001f11a800 2777       1       org.apache.maven.model.Model::getModelVersion (5 bytes)
Event: 12.120 Thread 0x000000001f11a800 nmethod 2777 0x0000000004142850 code [0x00000000041429a0, 0x0000000004142ab0]
Event: 12.120 Thread 0x000000001f117000 2778       1       org.eclipse.aether.graph.Exclusion::getArtifactId (5 bytes)
Event: 12.121 Thread 0x000000001f117000 nmethod 2778 0x0000000004145750 code [0x00000000041458a0, 0x00000000041459b0]
Event: 12.121 Thread 0x000000001f0be000 nmethod 2776 0x000000000402d090 code [0x000000000402d1c0, 0x000000000402d218]
Event: 12.124 Thread 0x000000001f11b000 2779       3       org.eclipse.aether.util.version.GenericVersion$Tokenizer::next (231 bytes)
Event: 12.125 Thread 0x000000001f0b3800 nmethod 2773 0x0000000004143ad0 code [0x0000000004143c20, 0x0000000004143f18]
Event: 12.125 Thread 0x000000001f11b000 nmethod 2779 0x0000000004144410 code [0x0000000004144620, 0x0000000004145258]
Event: 12.132 Thread 0x000000001f117800 2780       3       java.lang.Runtime::getRuntime (4 bytes)
Event: 12.132 Thread 0x000000001f117800 nmethod 2780 0x00000000041437d0 code [0x0000000004143920, 0x0000000004143a70]

GC Heap History (4 events):
Event: 5.280 GC heap before
{Heap before GC invocations=1 (full 0):
 PSYoungGen      total 76288K, used 65536K [0x000000076b000000, 0x0000000770500000, 0x00000007c0000000)
  eden space 65536K, 100% used [0x000000076b000000,0x000000076f000000,0x000000076f000000)
  from space 10752K, 0% used [0x000000076fa80000,0x000000076fa80000,0x0000000770500000)
  to   space 10752K, 0% used [0x000000076f000000,0x000000076f000000,0x000000076fa80000)
 ParOldGen       total 175104K, used 0K [0x00000006c1000000, 0x00000006cbb00000, 0x000000076b000000)
  object space 175104K, 0% used [0x00000006c1000000,0x00000006c1000000,0x00000006cbb00000)
 Metaspace       used 11699K, capacity 11870K, committed 12032K, reserved 1060864K
  class space    used 1422K, capacity 1510K, committed 1536K, reserved 1048576K
Event: 5.357 GC heap after
Heap after GC invocations=1 (full 0):
 PSYoungGen      total 76288K, used 9799K [0x000000076b000000, 0x0000000774500000, 0x00000007c0000000)
  eden space 65536K, 0% used [0x000000076b000000,0x000000076b000000,0x000000076f000000)
  from space 10752K, 91% used [0x000000076f000000,0x000000076f991ce8,0x000000076fa80000)
  to   space 10752K, 0% used [0x0000000773a80000,0x0000000773a80000,0x0000000774500000)
 ParOldGen       total 175104K, used 16K [0x00000006c1000000, 0x00000006cbb00000, 0x000000076b000000)
  object space 175104K, 0% used [0x00000006c1000000,0x00000006c1004000,0x00000006cbb00000)
 Metaspace       used 11699K, capacity 11870K, committed 12032K, reserved 1060864K
  class space    used 1422K, capacity 1510K, committed 1536K, reserved 1048576K
}
Event: 9.794 GC heap before
{Heap before GC invocations=2 (full 0):
 PSYoungGen      total 76288K, used 75335K [0x000000076b000000, 0x0000000774500000, 0x00000007c0000000)
  eden space 65536K, 100% used [0x000000076b000000,0x000000076f000000,0x000000076f000000)
  from space 10752K, 91% used [0x000000076f000000,0x000000076f991ce8,0x000000076fa80000)
  to   space 10752K, 0% used [0x0000000773a80000,0x0000000773a80000,0x0000000774500000)
 ParOldGen       total 175104K, used 16K [0x00000006c1000000, 0x00000006cbb00000, 0x000000076b000000)
  object space 175104K, 0% used [0x00000006c1000000,0x00000006c1004000,0x00000006cbb00000)
 Metaspace       used 16091K, capacity 16306K, committed 16640K, reserved 1064960K
  class space    used 1914K, capacity 2010K, committed 2048K, reserved 1048576K
Event: 9.945 GC heap after
Heap after GC invocations=2 (full 0):
 PSYoungGen      total 141824K, used 10722K [0x000000076b000000, 0x0000000774500000, 0x00000007c0000000)
  eden space 131072K, 0% used [0x000000076b000000,0x000000076b000000,0x0000000773000000)
  from space 10752K, 99% used [0x0000000773a80000,0x00000007744f8960,0x0000000774500000)
  to   space 10752K, 0% used [0x0000000773000000,0x0000000773000000,0x0000000773a80000)
 ParOldGen       total 175104K, used 1851K [0x00000006c1000000, 0x00000006cbb00000, 0x000000076b000000)
  object space 175104K, 1% used [0x00000006c1000000,0x00000006c11cef60,0x00000006cbb00000)
 Metaspace       used 16091K, capacity 16306K, committed 16640K, reserved 1064960K
  class space    used 1914K, capacity 2010K, committed 2048K, reserved 1048576K
}

Deoptimization events (10 events):
Event: 11.698 Thread 0x0000000002f5e000 Uncommon trap: reason=class_check action=maybe_recompile pc=0x0000000004044bdc method=java.util.regex.Pattern$Start.match(Ljava/util/regex/Matcher;ILjava/lang/CharSequence;)Z @ 44
Event: 11.698 Thread 0x0000000002f5e000 Uncommon trap: reason=class_check action=maybe_recompile pc=0x0000000004044bdc method=java.util.regex.Pattern$Start.match(Ljava/util/regex/Matcher;ILjava/lang/CharSequence;)Z @ 44
Event: 11.698 Thread 0x0000000002f5e000 Uncommon trap: reason=class_check action=maybe_recompile pc=0x0000000004044bdc method=java.util.regex.Pattern$Start.match(Ljava/util/regex/Matcher;ILjava/lang/CharSequence;)Z @ 44
Event: 11.699 Thread 0x0000000002f5e000 Uncommon trap: reason=class_check action=maybe_recompile pc=0x0000000003e1f5ec method=java.util.regex.Pattern$7.isSatisfiedBy(I)Z @ 16
Event: 11.699 Thread 0x0000000002f5e000 Uncommon trap: reason=class_check action=maybe_recompile pc=0x0000000003e1f5ec method=java.util.regex.Pattern$7.isSatisfiedBy(I)Z @ 16
Event: 11.699 Thread 0x0000000002f5e000 Uncommon trap: reason=class_check action=maybe_recompile pc=0x0000000003e1f5ec method=java.util.regex.Pattern$7.isSatisfiedBy(I)Z @ 16
Event: 11.699 Thread 0x0000000002f5e000 Uncommon trap: reason=class_check action=maybe_recompile pc=0x0000000003e1f5ec method=java.util.regex.Pattern$7.isSatisfiedBy(I)Z @ 16
Event: 11.701 Thread 0x0000000002f5e000 Uncommon trap: reason=unstable_if action=reinterpret pc=0x00000000040db674 method=org.codehaus.plexus.interpolation.StringSearchInterpolator.interpolate(Ljava/lang/String;Lorg/codehaus/plexus/interpolation/RecursionInterceptor;Ljava/util/Set;)Ljava/lang/S
Event: 11.844 Thread 0x0000000002f5e000 Uncommon trap: reason=speculate_class_check action=maybe_recompile pc=0x0000000003e23804 method=java.nio.charset.CharsetDecoder.decode(Ljava/nio/ByteBuffer;Ljava/nio/CharBuffer;Z)Ljava/nio/charset/CoderResult; @ 57
Event: 11.845 Thread 0x0000000002f5e000 Uncommon trap: reason=speculate_class_check action=maybe_recompile pc=0x0000000003e23804 method=java.nio.charset.CharsetDecoder.decode(Ljava/nio/ByteBuffer;Ljava/nio/CharBuffer;Z)Ljava/nio/charset/CoderResult; @ 57

Internal exceptions (10 events):
Event: 6.767 Thread 0x0000000002f5e000 Exception <a 'java/lang/NullPointerException'> (0x000000076ca578f8) thrown at [C:\re\workspace\8-2-build-windows-amd64-cygwin\jdk8u131\8869\hotspot\src\share\vm\interpreter\linkResolver.cpp, line 1197]
Event: 6.767 Thread 0x0000000002f5e000 Exception <a 'java/lang/NullPointerException'> (0x000000076ca57b10) thrown at [C:\re\workspace\8-2-build-windows-amd64-cygwin\jdk8u131\8869\hotspot\src\share\vm\interpreter\linkResolver.cpp, line 1197]
Event: 6.769 Thread 0x0000000002f5e000 Exception <a 'java/lang/NullPointerException'> (0x000000076ca5f3e0) thrown at [C:\re\workspace\8-2-build-windows-amd64-cygwin\jdk8u131\8869\hotspot\src\share\vm\interpreter\linkResolver.cpp, line 1197]
Event: 6.769 Thread 0x0000000002f5e000 Exception <a 'java/lang/NullPointerException'> (0x000000076ca5f5f8) thrown at [C:\re\workspace\8-2-build-windows-amd64-cygwin\jdk8u131\8869\hotspot\src\share\vm\interpreter\linkResolver.cpp, line 1197]
Event: 6.769 Thread 0x0000000002f5e000 Exception <a 'java/lang/NullPointerException'> (0x000000076ca5f810) thrown at [C:\re\workspace\8-2-build-windows-amd64-cygwin\jdk8u131\8869\hotspot\src\share\vm\interpreter\linkResolver.cpp, line 1197]
Event: 6.856 Thread 0x0000000002f5e000 Implicit null exception at 0x0000000003a458d6 to 0x0000000003a45c79
Event: 6.856 Thread 0x0000000002f5e000 Implicit null exception at 0x0000000003a09659 to 0x0000000003a09a15
Event: 7.486 Thread 0x0000000002f5e000 Implicit null exception at 0x0000000003e9767b to 0x0000000003e978bd
Event: 8.852 Thread 0x0000000002f5e000 Implicit null exception at 0x0000000003f5707b to 0x0000000003f572bd
Event: 9.790 Thread 0x0000000002f5e000 Implicit null exception at 0x000000000409bce0 to 0x000000000409d6d1

Events (10 events):
Event: 11.843 loading class sun/nio/cs/ISO_8859_1$Decoder
Event: 11.843 loading class sun/nio/cs/ISO_8859_1$Decoder done
Event: 11.844 Thread 0x0000000002f5e000 Uncommon trap: trap_request=0xffffff76 fr.pc=0x0000000003e23804
Event: 11.844 Executing VM operation: RevokeBias
Event: 11.844 Executing VM operation: RevokeBias done
Event: 11.844 Thread 0x0000000002f5e000 DEOPT PACKING pc=0x0000000003e23804 sp=0x000000000353c0f0
Event: 11.844 Thread 0x0000000002f5e000 DEOPT UNPACKING pc=0x000000000368582a sp=0x000000000353bfd8 mode 2
Event: 11.845 Thread 0x0000000002f5e000 Uncommon trap: trap_request=0xffffff76 fr.pc=0x0000000003e23804
Event: 11.845 Thread 0x0000000002f5e000 DEOPT PACKING pc=0x0000000003e23804 sp=0x000000000353c0f0
Event: 11.845 Thread 0x0000000002f5e000 DEOPT UNPACKING pc=0x000000000368582a sp=0x000000000353bfd8 mode 2


Dynamic libraries:
0x00007ff7b82c0000 - 0x00007ff7b82f7000 	E:\developer_tools\Java\jdk1.8.0_131\bin\java.exe
0x00007ffcf3aa0000 - 0x00007ffcf3c8d000 	C:\Windows\SYSTEM32\ntdll.dll
0x00007ffcf0cd0000 - 0x00007ffcf0d83000 	C:\Windows\System32\KERNEL32.DLL
0x00007ffcf0890000 - 0x00007ffcf0b23000 	C:\Windows\System32\KERNELBASE.dll
0x00007ffcf1790000 - 0x00007ffcf1833000 	C:\Windows\System32\ADVAPI32.DLL
0x00007ffcf2d30000 - 0x00007ffcf2dce000 	C:\Windows\System32\msvcrt.dll
0x00007ffcf0d90000 - 0x00007ffcf0e2e000 	C:\Windows\System32\sechost.dll
0x00007ffcf15b0000 - 0x00007ffcf16d3000 	C:\Windows\System32\RPCRT4.dll
0x00007ffcf1410000 - 0x00007ffcf15a7000 	C:\Windows\System32\USER32.dll
0x00007ffcefb70000 - 0x00007ffcefb90000 	C:\Windows\System32\win32u.dll
0x00007ffcf3410000 - 0x00007ffcf3439000 	C:\Windows\System32\GDI32.dll
0x00007ffcf0b30000 - 0x00007ffcf0cca000 	C:\Windows\System32\gdi32full.dll
0x00007ffcefbf0000 - 0x00007ffcefc90000 	C:\Windows\System32\msvcp_win.dll
0x00007ffcf06c0000 - 0x00007ffcf07bc000 	C:\Windows\System32\ucrtbase.dll
0x00007ffce6150000 - 0x00007ffce63c9000 	C:\Windows\WinSxS\amd64_microsoft.windows.common-controls_6595b64144ccf1df_6.0.17763.107_none_05b63884071e656e\COMCTL32.dll
0x00007ffcf10d0000 - 0x00007ffcf13fe000 	C:\Windows\System32\combase.dll
0x00007ffcf07c0000 - 0x00007ffcf083e000 	C:\Windows\System32\bcryptPrimitives.dll
0x00007ffcf16e0000 - 0x00007ffcf170e000 	C:\Windows\System32\IMM32.DLL
0x0000000068550000 - 0x0000000068622000 	E:\developer_tools\Java\jdk1.8.0_131\jre\bin\msvcr100.dll
0x0000000067cb0000 - 0x000000006854c000 	E:\developer_tools\Java\jdk1.8.0_131\jre\bin\server\jvm.dll
0x00007ffcf37f0000 - 0x00007ffcf37f8000 	C:\Windows\System32\PSAPI.DLL
0x00007ffce5010000 - 0x00007ffce5019000 	C:\Windows\SYSTEM32\WSOCK32.dll
0x00007ffcf1060000 - 0x00007ffcf10cd000 	C:\Windows\System32\WS2_32.dll
0x00007ffceafe0000 - 0x00007ffceafea000 	C:\Windows\SYSTEM32\VERSION.dll
0x00007ffcedc90000 - 0x00007ffcedcb4000 	C:\Windows\SYSTEM32\WINMM.dll
0x00007ffcedb40000 - 0x00007ffcedb6d000 	C:\Windows\SYSTEM32\winmmbase.dll
0x00007ffcf0670000 - 0x00007ffcf06ba000 	C:\Windows\System32\cfgmgr32.dll
0x0000000067ca0000 - 0x0000000067caf000 	E:\developer_tools\Java\jdk1.8.0_131\jre\bin\verify.dll
0x0000000067c70000 - 0x0000000067c99000 	E:\developer_tools\Java\jdk1.8.0_131\jre\bin\java.dll
0x0000000067c50000 - 0x0000000067c66000 	E:\developer_tools\Java\jdk1.8.0_131\jre\bin\zip.dll
0x00007ffcf1840000 - 0x00007ffcf2d2f000 	C:\Windows\System32\SHELL32.dll
0x00007ffcf2ee0000 - 0x00007ffcf2f88000 	C:\Windows\System32\shcore.dll
0x00007ffcefc90000 - 0x00007ffcf03d8000 	C:\Windows\System32\windows.storage.dll
0x00007ffcefac0000 - 0x00007ffcefae4000 	C:\Windows\System32\profapi.dll
0x00007ffcefb10000 - 0x00007ffcefb6d000 	C:\Windows\System32\powrprof.dll
0x00007ffcf3440000 - 0x00007ffcf3492000 	C:\Windows\System32\shlwapi.dll
0x00007ffcefaf0000 - 0x00007ffcefb01000 	C:\Windows\System32\kernel.appcore.dll
0x00007ffcf0870000 - 0x00007ffcf0887000 	C:\Windows\System32\cryptsp.dll
0x00007ffceee90000 - 0x00007ffceeec3000 	C:\Windows\system32\rsaenh.dll
0x00007ffcf0840000 - 0x00007ffcf0866000 	C:\Windows\System32\bcrypt.dll
0x00007ffcef9a0000 - 0x00007ffcef9c8000 	C:\Windows\SYSTEM32\USERENV.dll
0x00007ffcef500000 - 0x00007ffcef50c000 	C:\Windows\SYSTEM32\CRYPTBASE.dll
0x0000000067c30000 - 0x0000000067c4a000 	E:\developer_tools\Java\jdk1.8.0_131\jre\bin\net.dll
0x00007ffcef330000 - 0x00007ffcef397000 	C:\Windows\system32\mswsock.dll
0x00007ffcef090000 - 0x00007ffcef0cd000 	C:\Windows\SYSTEM32\IPHLPAPI.DLL
0x00007ffcf3a60000 - 0x00007ffcf3a68000 	C:\Windows\System32\NSI.dll
0x00007ffce9d70000 - 0x00007ffce9d86000 	C:\Windows\SYSTEM32\dhcpcsvc6.DLL
0x00007ffce9d50000 - 0x00007ffce9d6c000 	C:\Windows\SYSTEM32\dhcpcsvc.DLL
0x00007ffcef0d0000 - 0x00007ffcef196000 	C:\Windows\SYSTEM32\DNSAPI.dll
0x0000000067c10000 - 0x0000000067c21000 	E:\developer_tools\Java\jdk1.8.0_131\jre\bin\nio.dll
0x00007ffcddc70000 - 0x00007ffcddc7a000 	C:\Users\Administrator\AppData\Local\Temp\jansi-1.17.1-8979405875448663751.dll
0x00007ffcdb860000 - 0x00007ffcdb86a000 	C:\Users\Administrator\AppData\Local\Temp\jansi-1.17.1-705281209585187015.dll

VM Arguments:
jvm_args: -Dmaven.multiModuleProjectDirectory=F:\IdeaProjects\gmall20190311\gmall-item-web -Dmaven.home=E:\developer_tools\IntelliJ IDEA 2020.1.3\plugins\maven\lib\maven3 -Dclassworlds.conf=E:\developer_tools\IntelliJ IDEA 2020.1.3\plugins\maven\lib\maven3\bin\m2.conf -Dmaven.ext.class.path=E:\developer_tools\IntelliJ IDEA 2020.1.3\plugins\maven\lib\maven-event-listener.jar -Dfile.encoding=UTF-8 
java_command: org.codehaus.classworlds.Launcher -Didea.version=2020.2 -s E:\developer_tools\apache-maven\apache-maven-3.3.9\conf\settings.xml compile
java_class_path (initial): E:\developer_tools\IntelliJ IDEA 2020.1.3\plugins\maven\lib\maven3\boot\plexus-classworlds-2.6.0.jar;E:\developer_tools\IntelliJ IDEA 2020.1.3\plugins\maven\lib\maven3\boot\plexus-classworlds.license
Launcher Type: SUN_STANDARD

Environment Variables:
JAVA_HOME=E:\developer_tools\Java\jdk1.8.0_131
PATH=E:\developer_tools\Java\jdk1.8.0_131\bin;C:\Windows\system32;C:\Windows;C:\Windows\System32\Wbem;C:\Windows\System32\WindowsPowerShell\v1.0\;C:\Program Files\IDM Computer Solutions\UltraEdit;E:\developer_tools\apache-tomcat\apache-tomcat-8.5.24\bin;E:\developer_tools\apache-maven\apache-maven-3.3.9\bin;E:\developer_tools\MySQL\MySQLServer5.5\bin;E:\developer_tools\gradle\gradle-6.5.1\bin;E:\developer_tools\VisualSVNServer\\bin;E:\developer_tools\UltraEdit;E:\developer_tools\TortoiseGit\bin;C:\Program Files\nodejs\;E:\developer_tools\Git\bin;E:\developer_tools\Git\mingw64\libexec\git-core;C:\Users\Administrator\AppData\Local\Microsoft\WindowsApps;;E:\developer_tools\IntelliJ IDEA 2020.1.3\bin;;E:\developer_tools\Microsoft VS Code\bin;C:\Users\Administrator\AppData\Roaming\npm
USERNAME=Administrator
OS=Windows_NT
PROCESSOR_IDENTIFIER=Intel64 Family 6 Model 45 Stepping 7, GenuineIntel



---------------  S Y S T E M  ---------------

OS: Windows 10.0 , 64 bit Build 17763 (10.0.17763.1)

CPU:total 16 (initial active 16) (8 cores per cpu, 2 threads per core) family 6 model 45 stepping 7, cmov, cx8, fxsr, mmx, sse, sse2, sse3, ssse3, sse4.1, sse4.2, popcnt, avx, aes, clmul, ht, tsc, tscinvbit, tscinv

Memory: 4k page, physical 16708572k(4206476k free), swap 29816024k(5996k free)

vm_info: Java HotSpot(TM) 64-Bit Server VM (25.131-b11) for windows-amd64 JRE (1.8.0_131-b11), built on Mar 15 2017 01:23:53 by "java_re" with MS VC++ 10.0 (VS2010)

time: Mon Nov 02 11:36:50 2020
elapsed time: 12 seconds (0d 0h 0m 12s)

