#
# There is insufficient memory for the Java Runtime Environment to continue.
# Native memory allocation (malloc) failed to allocate 32744 bytes for ChunkPool::allocate
# Possible reasons:
#   The system is out of physical RAM or swap space
#   In 32 bit mode, the process size limit was hit
# Possible solutions:
#   Reduce memory load on the system
#   Increase physical memory or swap space
#   Check if swap backing store is full
#   Use 64 bit Java on a 64 bit OS
#   Decrease Java heap size (-Xmx/-Xms)
#   Decrease number of Java threads
#   Decrease Java thread stack sizes (-Xss)
#   Set larger code cache with -XX:ReservedCodeCacheSize=
# This output file may be truncated or incomplete.
#
#  Out of Memory Error (allocation.cpp:273), pid=20968, tid=0x0000000000005174
#
# JRE version: Java(TM) SE Runtime Environment (8.0_131-b11) (build 1.8.0_131-b11)
# Java VM: Java HotSpot(TM) 64-Bit Server VM (25.131-b11 mixed mode windows-amd64 compressed oops)
# Failed to write core dump. Minidumps are not enabled by default on client versions of Windows
#

---------------  T H R E A D  ---------------

Current thread (0x000000001ee95800):  JavaThread "C2 CompilerThread1" daemon [_thread_in_native, id=20852, stack(0x0000000020a90000,0x0000000020b90000)]

Stack: [0x0000000020a90000,0x0000000020b90000]
[error occurred during error reporting (printing stack bounds), id 0xc0000005]

Native frames: (J=compiled Java code, j=interpreted, Vv=VM code, C=native code)


Current CompileTask:
C2:   3000   70       4       java.lang.String::indexOf (7 bytes)


---------------  P R O C E S S  ---------------

Java Threads: ( => current thread )
  0x000000001eeac000 JavaThread "Service Thread" daemon [_thread_blocked, id=17544, stack(0x0000000021690000,0x0000000021790000)]
  0x000000001eeab000 JavaThread "C1 CompilerThread11" daemon [_thread_in_native, id=17508, stack(0x0000000021590000,0x0000000021690000)]
  0x000000001eeaa800 JavaThread "C1 CompilerThread10" daemon [_thread_in_vm, id=18092, stack(0x0000000021490000,0x0000000021590000)]
  0x000000001eea7800 JavaThread "C1 CompilerThread9" daemon [_thread_in_native, id=17820, stack(0x0000000021390000,0x0000000021490000)]
  0x000000001eea2000 JavaThread "C1 CompilerThread8" daemon [_thread_in_native, id=17648, stack(0x0000000021190000,0x0000000021290000)]
  0x000000001ee9e000 JavaThread "C2 CompilerThread7" daemon [_thread_blocked, id=17632, stack(0x0000000021090000,0x0000000021190000)]
  0x000000001ee9c800 JavaThread "C2 CompilerThread6" daemon [_thread_blocked, id=17480, stack(0x0000000020f90000,0x0000000021090000)]
  0x000000001ee9b800 JavaThread "C2 CompilerThread5" daemon [_thread_blocked, id=18992, stack(0x0000000020e90000,0x0000000020f90000)]
  0x000000001ee9b000 JavaThread "C2 CompilerThread4" daemon [_thread_blocked, id=9644, stack(0x0000000020d90000,0x0000000020e90000)]
  0x000000001ee9a000 JavaThread "C2 CompilerThread3" daemon [_thread_blocked, id=19704, stack(0x0000000020c90000,0x0000000020d90000)]
  0x000000001ee97000 JavaThread "C2 CompilerThread2" daemon [_thread_in_vm, id=19688, stack(0x0000000020b90000,0x0000000020c90000)]
=>0x000000001ee95800 JavaThread "C2 CompilerThread1" daemon [_thread_in_native, id=20852, stack(0x0000000020a90000,0x0000000020b90000)]
  0x000000001edee000 JavaThread "C2 CompilerThread0" daemon [_thread_in_native, id=20780, stack(0x0000000020990000,0x0000000020a90000)]
  0x000000001eded800 JavaThread "Attach Listener" daemon [_thread_blocked, id=18272, stack(0x0000000020890000,0x0000000020990000)]
  0x000000001ee45800 JavaThread "Signal Dispatcher" daemon [_thread_blocked, id=13940, stack(0x0000000020790000,0x0000000020890000)]
  0x000000001d36f800 JavaThread "Finalizer" daemon [_thread_blocked, id=5704, stack(0x0000000020630000,0x0000000020730000)]
  0x000000001d36d800 JavaThread "Reference Handler" daemon [_thread_blocked, id=3116, stack(0x0000000020530000,0x0000000020630000)]
  0x000000000130e000 JavaThread "main" [_thread_in_vm, id=21424, stack(0x00000000031a0000,0x00000000032a0000)]

Other Threads:
  0x000000001eda4000 VMThread [stack: 0x0000000020430000,0x0000000020530000] [id=18308]
  0x000000001ef39000 WatcherThread [stack: 0x0000000021790000,0x0000000021890000] [id=13580]

VM state:not at safepoint (normal execution)

VM Mutex/Monitor currently owned by a thread: None

Heap:
 PSYoungGen      total 76288K, used 3932K [0x000000076b000000, 0x0000000770500000, 0x00000007c0000000)
  eden space 65536K, 6% used [0x000000076b000000,0x000000076b3d70c8,0x000000076f000000)
  from space 10752K, 0% used [0x000000076fa80000,0x000000076fa80000,0x0000000770500000)
  to   space 10752K, 0% used [0x000000076f000000,0x000000076f000000,0x000000076fa80000)
 ParOldGen       total 175104K, used 0K [0x00000006c1000000, 0x00000006cbb00000, 0x000000076b000000)
  object space 175104K, 0% used [0x00000006c1000000,0x00000006c1000000,0x00000006cbb00000)
 Metaspace       used 3261K, capacity 4600K, committed 4864K, reserved 1056768K
  class space    used 359K, capacity 424K, committed 512K, reserved 1048576K

Card table byte_map: [0x0000000012760000,0x0000000012f60000] byte_map_base: 0x000000000f158000

Marking Bits: (ParMarkBitMap*) 0x00000000684cc720
 Begin Bits: [0x00000000141b0000, 0x0000000018170000)
 End Bits:   [0x0000000018170000, 0x000000001c130000)

Polling page: 0x0000000001080000

CodeCache: size=245760Kb used=2854Kb max_used=2865Kb free=242905Kb
 bounds [0x00000000033a0000, 0x0000000003670000, 0x00000000123a0000]
 total_blobs=316 nmethods=68 adapters=158
 compilation: enabled

Compilation events (10 events):
Event: 2.996 Thread 0x000000001eea2000   65       1       java.io.File::getPath (5 bytes)
Event: 2.996 Thread 0x000000001eea2000 nmethod 65 0x0000000003668210 code [0x0000000003668360, 0x0000000003668470]
Event: 2.996 Thread 0x000000001eea7800 nmethod 64 0x00000000036684d0 code [0x0000000003668640, 0x00000000036689a8]
Event: 2.996 Thread 0x000000001eeaa800   66       3       java.lang.StringBuilder::<init> (7 bytes)
Event: 2.996 Thread 0x000000001eeaa800 nmethod 66 0x0000000003668ad0 code [0x0000000003668c40, 0x0000000003668ef0]
Event: 2.997 Thread 0x000000001eea7800   67       3       java.net.URL::equals (24 bytes)
Event: 2.997 Thread 0x000000001eeab000   68       3       java.net.URLStreamHandler::equals (45 bytes)
Event: 2.997 Thread 0x000000001eea2000   69       3       java.net.URLStreamHandler::sameFile (136 bytes)
Event: 2.997 Thread 0x000000001ee95800   70       4       java.lang.String::indexOf (7 bytes)
Event: 2.997 Thread 0x000000001eeaa800   71       1       java.net.URL::getQuery (5 bytes)

GC Heap History (0 events):
No events

Deoptimization events (0 events):
No events

Internal exceptions (2 events):
Event: 1.003 Thread 0x000000000130e000 Exception <a 'java/lang/NoSuchMethodError': Method sun.misc.Unsafe.defineClass(Ljava/lang/String;[BII)Ljava/lang/Class; name or signature does not match> (0x000000076b007ca8) thrown at [C:\re\workspace\8-2-build-windows-amd64-cygwin\jdk8u131\8869\hotspot\
Event: 1.003 Thread 0x000000000130e000 Exception <a 'java/lang/NoSuchMethodError': Method sun.misc.Unsafe.prefetchRead(Ljava/lang/Object;J)V name or signature does not match> (0x000000076b007f90) thrown at [C:\re\workspace\8-2-build-windows-amd64-cygwin\jdk8u131\8869\hotspot\src\share\vm\prims

Events (10 events):
Event: 2.984 loading class org/codehaus/plexus/classworlds/strategy/AbstractStrategy
Event: 2.984 loading class org/codehaus/plexus/classworlds/strategy/AbstractStrategy done
Event: 2.985 loading class java/util/ArrayList$Itr
Event: 2.985 loading class java/util/ArrayList$Itr done
Event: 2.985 loading class java/net/URI
Event: 2.986 loading class java/net/URI done
Event: 2.987 loading class java/net/URI$Parser
Event: 2.988 loading class java/net/URI$Parser done
Event: 2.989 loading class org/codehaus/plexus/classworlds/launcher/ConfigurationParser$1
Event: 2.989 loading class org/codehaus/plexus/classworlds/launcher/ConfigurationParser$1 done


Dynamic libraries:
0x00007ff7b82c0000 - 0x00007ff7b82f7000 	E:\developer_tools\Java\jdk1.8.0_131\bin\java.exe
0x00007ffcf3aa0000 - 0x00007ffcf3c8d000 	C:\Windows\SYSTEM32\ntdll.dll
0x00007ffcf0cd0000 - 0x00007ffcf0d83000 	C:\Windows\System32\KERNEL32.DLL
0x00007ffcf0890000 - 0x00007ffcf0b23000 	C:\Windows\System32\KERNELBASE.dll
0x00007ffcf1790000 - 0x00007ffcf1833000 	C:\Windows\System32\ADVAPI32.DLL
0x00007ffcf2d30000 - 0x00007ffcf2dce000 	C:\Windows\System32\msvcrt.dll
0x00007ffcf0d90000 - 0x00007ffcf0e2e000 	C:\Windows\System32\sechost.dll
0x00007ffcf15b0000 - 0x00007ffcf16d3000 	C:\Windows\System32\RPCRT4.dll
0x00007ffcf1410000 - 0x00007ffcf15a7000 	C:\Windows\System32\USER32.dll
0x00007ffcefb70000 - 0x00007ffcefb90000 	C:\Windows\System32\win32u.dll
0x00007ffcf3410000 - 0x00007ffcf3439000 	C:\Windows\System32\GDI32.dll
0x00007ffcf0b30000 - 0x00007ffcf0cca000 	C:\Windows\System32\gdi32full.dll
0x00007ffcefbf0000 - 0x00007ffcefc90000 	C:\Windows\System32\msvcp_win.dll
0x00007ffcf06c0000 - 0x00007ffcf07bc000 	C:\Windows\System32\ucrtbase.dll
0x00007ffce6150000 - 0x00007ffce63c9000 	C:\Windows\WinSxS\amd64_microsoft.windows.common-controls_6595b64144ccf1df_6.0.17763.107_none_05b63884071e656e\COMCTL32.dll
0x00007ffcf10d0000 - 0x00007ffcf13fe000 	C:\Windows\System32\combase.dll
0x00007ffcf07c0000 - 0x00007ffcf083e000 	C:\Windows\System32\bcryptPrimitives.dll
0x00007ffcf16e0000 - 0x00007ffcf170e000 	C:\Windows\System32\IMM32.DLL
0x0000000068550000 - 0x0000000068622000 	E:\developer_tools\Java\jdk1.8.0_131\jre\bin\msvcr100.dll
0x0000000067cb0000 - 0x000000006854c000 	E:\developer_tools\Java\jdk1.8.0_131\jre\bin\server\jvm.dll
0x00007ffcf37f0000 - 0x00007ffcf37f8000 	C:\Windows\System32\PSAPI.DLL
0x00007ffce5010000 - 0x00007ffce5019000 	C:\Windows\SYSTEM32\WSOCK32.dll
0x00007ffcf1060000 - 0x00007ffcf10cd000 	C:\Windows\System32\WS2_32.dll
0x00007ffcedc90000 - 0x00007ffcedcb4000 	C:\Windows\SYSTEM32\WINMM.dll
0x00007ffceafe0000 - 0x00007ffceafea000 	C:\Windows\SYSTEM32\VERSION.dll
0x00007ffcedb40000 - 0x00007ffcedb6d000 	C:\Windows\SYSTEM32\winmmbase.dll
0x00007ffcf0670000 - 0x00007ffcf06ba000 	C:\Windows\System32\cfgmgr32.dll
0x0000000067ca0000 - 0x0000000067caf000 	E:\developer_tools\Java\jdk1.8.0_131\jre\bin\verify.dll
0x0000000067c70000 - 0x0000000067c99000 	E:\developer_tools\Java\jdk1.8.0_131\jre\bin\java.dll
0x0000000067c50000 - 0x0000000067c66000 	E:\developer_tools\Java\jdk1.8.0_131\jre\bin\zip.dll
0x00007ffcf1840000 - 0x00007ffcf2d2f000 	C:\Windows\System32\SHELL32.dll
0x00007ffcf2ee0000 - 0x00007ffcf2f88000 	C:\Windows\System32\shcore.dll
0x00007ffcefc90000 - 0x00007ffcf03d8000 	C:\Windows\System32\windows.storage.dll
0x00007ffcefac0000 - 0x00007ffcefae4000 	C:\Windows\System32\profapi.dll
0x00007ffcefb10000 - 0x00007ffcefb6d000 	C:\Windows\System32\powrprof.dll
0x00007ffcf3440000 - 0x00007ffcf3492000 	C:\Windows\System32\shlwapi.dll
0x00007ffcefaf0000 - 0x00007ffcefb01000 	C:\Windows\System32\kernel.appcore.dll
0x00007ffcf0870000 - 0x00007ffcf0887000 	C:\Windows\System32\cryptsp.dll

VM Arguments:
jvm_args: -Dmaven.multiModuleProjectDirectory=F:\IdeaProjects\gmall20190311\gmall-item-web -Dmaven.home=E:\developer_tools\IntelliJ IDEA 2020.1.3\plugins\maven\lib\maven3 -Dclassworlds.conf=E:\developer_tools\IntelliJ IDEA 2020.1.3\plugins\maven\lib\maven3\bin\m2.conf -Dmaven.ext.class.path=E:\developer_tools\IntelliJ IDEA 2020.1.3\plugins\maven\lib\maven-event-listener.jar -Dfile.encoding=UTF-8 
java_command: org.codehaus.classworlds.Launcher -Didea.version=2020.2 -s E:\developer_tools\apache-maven\apache-maven-3.3.9\conf\settings.xml compile
java_class_path (initial): E:\developer_tools\IntelliJ IDEA 2020.1.3\plugins\maven\lib\maven3\boot\plexus-classworlds-2.6.0.jar;E:\developer_tools\IntelliJ IDEA 2020.1.3\plugins\maven\lib\maven3\boot\plexus-classworlds.license
Launcher Type: SUN_STANDARD

Environment Variables:
JAVA_HOME=E:\developer_tools\Java\jdk1.8.0_131
PATH=E:\developer_tools\Java\jdk1.8.0_131\bin;C:\Windows\system32;C:\Windows;C:\Windows\System32\Wbem;C:\Windows\System32\WindowsPowerShell\v1.0\;C:\Program Files\IDM Computer Solutions\UltraEdit;E:\developer_tools\apache-tomcat\apache-tomcat-8.5.24\bin;E:\developer_tools\apache-maven\apache-maven-3.3.9\bin;E:\developer_tools\MySQL\MySQLServer5.5\bin;E:\developer_tools\gradle\gradle-6.5.1\bin;E:\developer_tools\VisualSVNServer\\bin;E:\developer_tools\UltraEdit;E:\developer_tools\TortoiseGit\bin;C:\Program Files\nodejs\;E:\developer_tools\Git\bin;E:\developer_tools\Git\mingw64\libexec\git-core;C:\Users\Administrator\AppData\Local\Microsoft\WindowsApps;;E:\developer_tools\IntelliJ IDEA 2020.1.3\bin;;E:\developer_tools\Microsoft VS Code\bin;C:\Users\Administrator\AppData\Roaming\npm
USERNAME=Administrator
OS=Windows_NT
PROCESSOR_IDENTIFIER=Intel64 Family 6 Model 45 Stepping 7, GenuineIntel



---------------  S Y S T E M  ---------------

OS: Windows 10.0 , 64 bit Build 17763 (10.0.17763.1)

CPU:total 16 (initial active 16) (8 cores per cpu, 2 threads per core) family 6 model 45 stepping 7, cmov, cx8, fxsr, mmx, sse, sse2, sse3, ssse3, sse4.1, sse4.2, popcnt, avx, aes, clmul, ht, tsc, tscinvbit, tscinv

Memory: 4k page, physical 16708572k(4772036k free), swap 29816024k(0k free)

vm_info: Java HotSpot(TM) 64-Bit Server VM (25.131-b11) for windows-amd64 JRE (1.8.0_131-b11), built on Mar 15 2017 01:23:53 by "java_re" with MS VC++ 10.0 (VS2010)

time: Mon Nov 02 11:36:54 2020
elapsed time: 3 seconds (0d 0h 0m 3s)

